Log file open, 02/16/23 22:14:29
LogWindows: Failed to load 'aqProf.dll' (GetLastError=126)
LogWindows: File 'aqProf.dll' does not exist
LogWindows: Failed to load 'VtuneApi.dll' (GetLastError=126)
LogWindows: File 'VtuneApi.dll' does not exist
LogWindows: Failed to load 'VtuneApi32e.dll' (GetLastError=126)
LogWindows: File 'VtuneApi32e.dll' does not exist
LogConsoleResponse: Display: Failed to find resolution value strings in scalability ini. Falling back to default.
LogInit: Display: Running engine for game: ArenaBattle
LogPakFile: Registered encryption key '00000000000000000000000000000000': 0 pak files mounted, 0 remain pending
LogPlatformFile: Not using cached read wrapper
LogTaskGraph: Started task graph with 5 named threads and 20 total threads with 3 sets of task threads.
LogStats: Stats thread started at 0.309144
LogD3D11RHI: Loaded GFSDK_Aftermath_Lib.x64.dll
LogICUInternationalization: ICU TimeZone Detection - Raw Offset: +9:00, Platform Override: ''
LogPluginManager: Mounting plugin Paper2D
LogPluginManager: Mounting plugin AISupport
LogPluginManager: Mounting plugin LightPropagationVolume
LogPluginManager: Mounting plugin ActorLayerUtilities
LogPluginManager: Mounting plugin AnimationSharing
LogPluginManager: Mounting plugin CLionSourceCodeAccess
LogPluginManager: Mounting plugin CodeLiteSourceCodeAccess
LogPluginManager: Mounting plugin GitSourceControl
LogPluginManager: Mounting plugin KDevelopSourceCodeAccess
LogPluginManager: Mounting plugin NullSourceCodeAccess
LogPluginManager: Mounting plugin PerforceSourceControl
LogPluginManager: Mounting plugin SubversionSourceControl
LogPluginManager: Mounting plugin UObjectPlugin
LogPluginManager: Mounting plugin VisualStudioCodeSourceCodeAccess
LogPluginManager: Mounting plugin VisualStudioSourceCodeAccess
LogPluginManager: Mounting plugin XCodeSourceCodeAccess
LogPluginManager: Mounting plugin AssetManagerEditor
LogPluginManager: Mounting plugin CryptoKeys
LogPluginManager: Mounting plugin DataValidation
LogPluginManager: Mounting plugin FacialAnimation
LogPluginManager: Mounting plugin GameplayTagsEditor
LogPluginManager: Mounting plugin MacGraphicsSwitching
LogPluginManager: Mounting plugin MaterialAnalyzer
LogPluginManager: Mounting plugin MobileLauncherProfileWizard
LogPluginManager: Mounting plugin PluginBrowser
LogPluginManager: Mounting plugin SpeedTreeImporter
LogPluginManager: Mounting plugin DatasmithContent
LogPluginManager: Mounting plugin VariantManagerContent
LogPluginManager: Mounting plugin AlembicImporter
LogPluginManager: Mounting plugin AppleImageUtils
LogPluginManager: Mounting plugin AppleVision
LogPluginManager: Mounting plugin BackChannel
LogPluginManager: Mounting plugin CharacterAI
LogPluginManager: Mounting plugin GeometryCache
LogPluginManager: Mounting plugin HTML5Networking
LogPluginManager: Mounting plugin ProxyLODPlugin
LogPluginManager: Mounting plugin SkeletalReduction
LogPluginManager: Mounting plugin MagicLeap
LogPluginManager: Mounting plugin MagicLeapMedia
LogPluginManager: Mounting plugin AndroidMedia
LogPluginManager: Mounting plugin AvfMedia
LogPluginManager: Mounting plugin ImgMedia
LogPluginManager: Mounting plugin LinearTimecode
LogPluginManager: Mounting plugin MediaCompositing
LogPluginManager: Mounting plugin MediaPlayerEditor
LogPluginManager: Mounting plugin WebMMedia
LogPluginManager: Mounting plugin WmfMedia
LogPluginManager: Mounting plugin TcpMessaging
LogPluginManager: Mounting plugin UdpMessaging
LogPluginManager: Mounting plugin ActorSequence
LogPluginManager: Mounting plugin LevelSequenceEditor
LogPluginManager: Mounting plugin MatineeToLevelSequence
LogPluginManager: Mounting plugin NetcodeUnitTest
LogPluginManager: Mounting plugin NUTUnrealEngine4
LogPluginManager: Mounting plugin OnlineSubsystemGooglePlay
LogPluginManager: Mounting plugin OnlineSubsystemIOS
LogPluginManager: Mounting plugin OnlineSubsystem
LogPluginManager: Mounting plugin OnlineSubsystemNull
LogPluginManager: Mounting plugin OnlineSubsystemUtils
LogPluginManager: Mounting plugin LauncherChunkInstaller
LogPluginManager: Mounting plugin AndroidDeviceProfileSelector
LogPluginManager: Mounting plugin AndroidMoviePlayer
LogPluginManager: Mounting plugin AndroidPermission
LogPluginManager: Mounting plugin AppleMoviePlayer
LogPluginManager: Mounting plugin ArchVisCharacter
LogPluginManager: Mounting plugin AudioCapture
LogPluginManager: Mounting plugin CableComponent
LogPluginManager: Mounting plugin CustomMeshComponent
LogPluginManager: Mounting plugin EditableMesh
LogPluginManager: Mounting plugin ExampleDeviceProfileSelector
LogPluginManager: Mounting plugin Firebase
LogPluginManager: Mounting plugin GoogleCloudMessaging
LogPluginManager: Mounting plugin IOSDeviceProfileSelector
LogPluginManager: Mounting plugin LinuxDeviceProfileSelector
LogPluginManager: Mounting plugin LocationServicesBPLibrary
LogPluginManager: Mounting plugin MobilePatchingUtils
LogPluginManager: Mounting plugin OculusVR
LogPluginManager: Mounting plugin PhysXVehicles
LogPluginManager: Mounting plugin ProceduralMeshComponent
LogPluginManager: Mounting plugin RuntimePhysXCooking
LogPluginManager: Mounting plugin SignificanceManager
LogPluginManager: Mounting plugin SteamVR
LogPluginManager: Mounting plugin WebMMoviePlayer
LogPluginManager: Mounting plugin WindowsMoviePlayer
LogInit: Using libcurl 7.55.1-DEV
LogInit:  - built for x86_64-pc-win32
LogInit:  - supports SSL with OpenSSL/1.1.1
LogInit:  - supports HTTP deflate (compression) using libz 1.2.8
LogInit:  - other features:
LogInit:      CURL_VERSION_SSL
LogInit:      CURL_VERSION_LIBZ
LogInit:      CURL_VERSION_IPV6
LogInit:      CURL_VERSION_ASYNCHDNS
LogInit:      CURL_VERSION_LARGEFILE
LogInit:      CURL_VERSION_IDN
LogInit:  CurlRequestOptions (configurable via config and command line):
LogInit:  - bVerifyPeer = true  - Libcurl will verify peer certificate
LogInit:  - bUseHttpProxy = false  - Libcurl will NOT use HTTP proxy
LogInit:  - bDontReuseConnections = false  - Libcurl will reuse connections
LogInit:  - MaxHostConnections = 16  - Libcurl will limit the number of connections to a host
LogInit:  - LocalHostAddr = Default
LogInit:  - BufferSize = 65536
LogInit: WinSock: version 1.1 (2.2), MaxSocks=32767, MaxUdp=65467
LogInit: Build: ++UE4+Release-4.22-CL-7053642
LogInit: Engine Version: 4.22.3-7053642+++UE4+Release-4.22
LogInit: Compatible Engine Version: 4.22.0-5660361+++UE4+Release-4.22
LogInit: Net CL: 5660361
LogInit: OS: Windows 10 (Release 2009) (), CPU: AMD Ryzen 5 3500X 6-Core Processor             , GPU: NVIDIA GeForce GTX 1660 SUPER
LogInit: Compiled (64-bit): Jun 18 2019 03:09:11
LogInit: Compiled with Visual C++: 19.16.27025.01
LogInit: Build Configuration: Development
LogInit: Branch Name: ++UE4+Release-4.22
LogInit: Command Line:  -skipcompile
LogInit: Base Directory: C:/Program Files/Epic Games/UE_4.22/Engine/Binaries/Win64/
LogInit: Installed Engine Build: 1
LogDevObjectVersion: Number of dev versions registered: 23
LogDevObjectVersion:   Dev-Blueprints (B0D832E4-1F89-4F0D-ACCF-7EB736FD4AA2): 10
LogDevObjectVersion:   Dev-Build (E1C64328-A22C-4D53-A36C-8E866417BD8C): 0
LogDevObjectVersion:   Dev-Core (375EC13C-06E4-48FB-B500-84F0262A717E): 3
LogDevObjectVersion:   Dev-Editor (E4B068ED-F494-42E9-A231-DA0B2E46BB41): 30
LogDevObjectVersion:   Dev-Framework (CFFC743F-43B0-4480-9391-14DF171D2073): 35
LogDevObjectVersion:   Dev-Mobile (B02B49B5-BB20-44E9-A304-32B752E40360): 2
LogDevObjectVersion:   Dev-Networking (A4E4105C-59A1-49B5-A7C5-40C4547EDFEE): 0
LogDevObjectVersion:   Dev-Online (39C831C9-5AE6-47DC-9A44-9C173E1C8E7C): 0
LogDevObjectVersion:   Dev-Physics (78F01B33-EBEA-4F98-B9B4-84EACCB95AA2): 0
LogDevObjectVersion:   Dev-Platform (6631380F-2D4D-43E0-8009-CF276956A95A): 0
LogDevObjectVersion:   Dev-Rendering (12F88B9F-8875-4AFC-A67C-D90C383ABD29): 28
LogDevObjectVersion:   Dev-Sequencer (7B5AE74C-D270-4C10-A958-57980B212A5A): 11
LogDevObjectVersion:   Dev-VR (D7296918-1DD6-4BDD-9DE2-64A83CC13884): 2
LogDevObjectVersion:   Dev-LoadTimes (C2A15278-BFE7-4AFE-6C17-90FF531DF755): 1
LogDevObjectVersion:   Private-Geometry (6EACA3D4-40EC-4CC1-B786-8BED09428FC5): 3
LogDevObjectVersion:   Dev-AnimPhys (29E575DD-E0A3-4627-9D10-D276232CDCEA): 17
LogDevObjectVersion:   Dev-Anim (AF43A65D-7FD3-4947-9873-3E8ED9C1BB05): 2
LogDevObjectVersion:   Dev-ReflectionCapture (6B266CEC-1EC7-4B8F-A30B-E4D90942FC07): 1
LogDevObjectVersion:   Dev-Automation (0DF73D61-A23F-47EA-B727-89E90C41499A): 1
LogDevObjectVersion:   FortniteMain (601D1886-AC64-4F84-AA16-D3DE0DEAC7D6): 25
LogDevObjectVersion:   Dev-Enterprise (9DFFBCD6-494F-0158-E221-12823C92A888): 6
LogDevObjectVersion:   Dev-Niagara (F2AED0AC-9AFE-416F-8664-AA7FFA26D6FC): 1
LogDevObjectVersion:   Dev-Destruction (174F1F0B-B4C6-45A5-B13F-2EE8D0FB917D): 2
LogInit: Presizing for max 16777216 objects, including 0 objects not considered by GC, pre-allocating 0 bytes for permanent pool.
LogInit: Object subsystem initialized
LogConfig: Setting CVar [[con.DebugEarlyDefault:1]]
LogConfig: Setting CVar [[r.setres:1280x720]]
[2023.02.16-13.14.29:652][  0]LogConfig: Setting CVar [[r.VSync:0]]
[2023.02.16-13.14.29:652][  0]LogConfig: Setting CVar [[r.RHICmdBypass:0]]
[2023.02.16-13.14.29:652][  0]LogConfig: Applying CVar settings from Section [/Script/Engine.RendererSettings] File [D:/git/ArenaBattle/ArenaBattle/Saved/Config/Windows/Engine.ini]
[2023.02.16-13.14.29:652][  0]LogConfig: Setting CVar [[r.GPUCrashDebugging:0]]
[2023.02.16-13.14.29:652][  0]LogConfig: Applying CVar settings from Section [/Script/Engine.RendererOverrideSettings] File [D:/git/ArenaBattle/ArenaBattle/Saved/Config/Windows/Engine.ini]
[2023.02.16-13.14.29:652][  0]LogConfig: Applying CVar settings from Section [/Script/Engine.StreamingSettings] File [D:/git/ArenaBattle/ArenaBattle/Saved/Config/Windows/Engine.ini]
[2023.02.16-13.14.29:652][  0]LogConfig: Setting CVar [[s.MinBulkDataSizeForAsyncLoading:131072]]
[2023.02.16-13.14.29:652][  0]LogConfig: Setting CVar [[s.AsyncLoadingThreadEnabled:0]]
[2023.02.16-13.14.29:653][  0]LogConfig: Setting CVar [[s.EventDrivenLoaderEnabled:1]]
[2023.02.16-13.14.29:653][  0]LogConfig: Setting CVar [[s.WarnIfTimeLimitExceeded:0]]
[2023.02.16-13.14.29:653][  0]LogConfig: Setting CVar [[s.TimeLimitExceededMultiplier:1.5]]
[2023.02.16-13.14.29:653][  0]LogConfig: Setting CVar [[s.TimeLimitExceededMinTime:0.005]]
[2023.02.16-13.14.29:653][  0]LogConfig: Setting CVar [[s.UseBackgroundLevelStreaming:1]]
[2023.02.16-13.14.29:653][  0]LogConfig: Setting CVar [[s.PriorityAsyncLoadingExtraTime:15.0]]
[2023.02.16-13.14.29:653][  0]LogConfig: Setting CVar [[s.LevelStreamingActorsUpdateTimeLimit:5.0]]
[2023.02.16-13.14.29:653][  0]LogConfig: Setting CVar [[s.PriorityLevelStreamingActorsUpdateExtraTime:5.0]]
[2023.02.16-13.14.29:653][  0]LogConfig: Setting CVar [[s.LevelStreamingComponentsRegistrationGranularity:10]]
[2023.02.16-13.14.29:653][  0]LogConfig: Setting CVar [[s.UnregisterComponentsTimeLimit:1.0]]
[2023.02.16-13.14.29:653][  0]LogConfig: Setting CVar [[s.LevelStreamingComponentsUnregistrationGranularity:5]]
[2023.02.16-13.14.29:653][  0]LogConfig: Applying CVar settings from Section [/Script/Engine.GarbageCollectionSettings] File [D:/git/ArenaBattle/ArenaBattle/Saved/Config/Windows/Engine.ini]
[2023.02.16-13.14.29:653][  0]LogConfig: Setting CVar [[gc.MaxObjectsNotConsideredByGC:1]]
[2023.02.16-13.14.29:653][  0]LogConfig: Setting CVar [[gc.SizeOfPermanentObjectPool:0]]
[2023.02.16-13.14.29:653][  0]LogConfig: Setting CVar [[gc.FlushStreamingOnGC:0]]
[2023.02.16-13.14.29:653][  0]LogConfig: Setting CVar [[gc.NumRetriesBeforeForcingGC:10]]
[2023.02.16-13.14.29:653][  0]LogConfig: Setting CVar [[gc.AllowParallelGC:1]]
[2023.02.16-13.14.29:653][  0]LogConfig: Setting CVar [[gc.TimeBetweenPurgingPendingKillObjects:61.1]]
[2023.02.16-13.14.29:653][  0]LogConfig: Setting CVar [[gc.MaxObjectsInEditor:16777216]]
[2023.02.16-13.14.29:653][  0]LogConfig: Setting CVar [[gc.IncrementalBeginDestroyEnabled:1]]
[2023.02.16-13.14.29:653][  0]LogConfig: Setting CVar [[gc.CreateGCClusters:1]]
[2023.02.16-13.14.29:653][  0]LogConfig: Setting CVar [[gc.MinGCClusterSize:5]]
[2023.02.16-13.14.29:653][  0]LogConfig: Setting CVar [[gc.ActorClusteringEnabled:0]]
[2023.02.16-13.14.29:653][  0]LogConfig: Setting CVar [[gc.BlueprintClusteringEnabled:0]]
[2023.02.16-13.14.29:653][  0]LogConfig: Setting CVar [[gc.UseDisregardForGCOnDedicatedServers:0]]
[2023.02.16-13.14.29:653][  0]LogConfig: Applying CVar settings from Section [/Script/Engine.NetworkSettings] File [D:/git/ArenaBattle/ArenaBattle/Saved/Config/Windows/Engine.ini]
[2023.02.16-13.14.29:653][  0]LogConfig: Applying CVar settings from Section [/Script/UnrealEd.CookerSettings] File [D:/git/ArenaBattle/ArenaBattle/Saved/Config/Windows/Engine.ini]
[2023.02.16-13.14.29:657][  0]LogConfig: Applying CVar settings from Section [ViewDistanceQuality@3] File [D:/git/ArenaBattle/ArenaBattle/Saved/Config/Windows/Scalability.ini]
[2023.02.16-13.14.29:657][  0]LogConfig: Setting CVar [[r.SkeletalMeshLODBias:0]]
[2023.02.16-13.14.29:657][  0]LogConfig: Setting CVar [[r.ViewDistanceScale:1.0]]
[2023.02.16-13.14.29:657][  0]LogConfig: Applying CVar settings from Section [AntiAliasingQuality@3] File [D:/git/ArenaBattle/ArenaBattle/Saved/Config/Windows/Scalability.ini]
[2023.02.16-13.14.29:657][  0]LogConfig: Setting CVar [[r.PostProcessAAQuality:4]]
[2023.02.16-13.14.29:657][  0]LogConfig: Applying CVar settings from Section [ShadowQuality@3] File [D:/git/ArenaBattle/ArenaBattle/Saved/Config/Windows/Scalability.ini]
[2023.02.16-13.14.29:657][  0]LogConfig: Setting CVar [[r.LightFunctionQuality:1]]
[2023.02.16-13.14.29:657][  0]LogConfig: Setting CVar [[r.ShadowQuality:5]]
[2023.02.16-13.14.29:657][  0]LogConfig: Setting CVar [[r.Shadow.CSM.MaxCascades:10]]
[2023.02.16-13.14.29:657][  0]LogConfig: Setting CVar [[r.Shadow.MaxResolution:2048]]
[2023.02.16-13.14.29:657][  0]LogConfig: Setting CVar [[r.Shadow.MaxCSMResolution:2048]]
[2023.02.16-13.14.29:657][  0]LogConfig: Setting CVar [[r.Shadow.RadiusThreshold:0.01]]
[2023.02.16-13.14.29:657][  0]LogConfig: Setting CVar [[r.Shadow.DistanceScale:1.0]]
[2023.02.16-13.14.29:657][  0]LogConfig: Setting CVar [[r.Shadow.CSM.TransitionScale:1.0]]
[2023.02.16-13.14.29:657][  0]LogConfig: Setting CVar [[r.Shadow.PreShadowResolutionFactor:1.0]]
[2023.02.16-13.14.29:657][  0]LogConfig: Setting CVar [[r.DistanceFieldShadowing:1]]
[2023.02.16-13.14.29:657][  0]LogConfig: Setting CVar [[r.DistanceFieldAO:1]]
[2023.02.16-13.14.29:657][  0]LogConfig: Setting CVar [[r.AOQuality:2]]
[2023.02.16-13.14.29:657][  0]LogConfig: Setting CVar [[r.VolumetricFog:1]]
[2023.02.16-13.14.29:657][  0]LogConfig: Setting CVar [[r.VolumetricFog.GridPixelSize:8]]
[2023.02.16-13.14.29:657][  0]LogConfig: Setting CVar [[r.VolumetricFog.GridSizeZ:128]]
[2023.02.16-13.14.29:657][  0]LogConfig: Setting CVar [[r.VolumetricFog.HistoryMissSupersampleCount:4]]
[2023.02.16-13.14.29:657][  0]LogConfig: Setting CVar [[r.LightMaxDrawDistanceScale:1]]
[2023.02.16-13.14.29:657][  0]LogConfig: Setting CVar [[r.CapsuleShadows:1]]
[2023.02.16-13.14.29:657][  0]LogConfig: Applying CVar settings from Section [PostProcessQuality@3] File [D:/git/ArenaBattle/ArenaBattle/Saved/Config/Windows/Scalability.ini]
[2023.02.16-13.14.29:657][  0]LogConfig: Setting CVar [[r.MotionBlurQuality:4]]
[2023.02.16-13.14.29:657][  0]LogConfig: Setting CVar [[r.AmbientOcclusionMipLevelFactor:0.4]]
[2023.02.16-13.14.29:657][  0]LogConfig: Setting CVar [[r.AmbientOcclusionMaxQuality:100]]
[2023.02.16-13.14.29:657][  0]LogConfig: Setting CVar [[r.AmbientOcclusionLevels:-1]]
[2023.02.16-13.14.29:657][  0]LogConfig: Setting CVar [[r.AmbientOcclusionRadiusScale:1.0]]
[2023.02.16-13.14.29:657][  0]LogConfig: Setting CVar [[r.DepthOfFieldQuality:2]]
[2023.02.16-13.14.29:658][  0]LogConfig: Setting CVar [[r.RenderTargetPoolMin:400]]
[2023.02.16-13.14.29:658][  0]LogConfig: Setting CVar [[r.LensFlareQuality:2]]
[2023.02.16-13.14.29:658][  0]LogConfig: Setting CVar [[r.SceneColorFringeQuality:1]]
[2023.02.16-13.14.29:658][  0]LogConfig: Setting CVar [[r.EyeAdaptationQuality:2]]
[2023.02.16-13.14.29:658][  0]LogConfig: Setting CVar [[r.BloomQuality:5]]
[2023.02.16-13.14.29:658][  0]LogConfig: Setting CVar [[r.FastBlurThreshold:100]]
[2023.02.16-13.14.29:658][  0]LogConfig: Setting CVar [[r.Upscale.Quality:3]]
[2023.02.16-13.14.29:658][  0]LogConfig: Setting CVar [[r.Tonemapper.GrainQuantization:1]]
[2023.02.16-13.14.29:658][  0]LogConfig: Setting CVar [[r.LightShaftQuality:1]]
[2023.02.16-13.14.29:658][  0]LogConfig: Setting CVar [[r.Filter.SizeScale:1]]
[2023.02.16-13.14.29:658][  0]LogConfig: Setting CVar [[r.Tonemapper.Quality:5]]
[2023.02.16-13.14.29:658][  0]LogConfig: Setting CVar [[r.DOF.Gather.AccumulatorQuality:1        ; higher gathering accumulator quality]]
[2023.02.16-13.14.29:658][  0]LogConfig: Setting CVar [[r.DOF.Gather.PostfilterMethod:1          ; Median3x3 postfilering method]]
[2023.02.16-13.14.29:658][  0]LogConfig: Setting CVar [[r.DOF.Gather.EnableBokehSettings:0       ; no bokeh simulation when gathering]]
[2023.02.16-13.14.29:658][  0]LogConfig: Setting CVar [[r.DOF.Gather.RingCount:4                 ; medium number of samples when gathering]]
[2023.02.16-13.14.29:658][  0]LogConfig: Setting CVar [[r.DOF.Scatter.ForegroundCompositing:1    ; additive foreground scattering]]
[2023.02.16-13.14.29:658][  0]LogConfig: Setting CVar [[r.DOF.Scatter.BackgroundCompositing:2    ; additive background scattering]]
[2023.02.16-13.14.29:658][  0]LogConfig: Setting CVar [[r.DOF.Scatter.EnableBokehSettings:1      ; bokeh simulation when scattering]]
[2023.02.16-13.14.29:658][  0]LogConfig: Setting CVar [[r.DOF.Scatter.MaxSpriteRatio:0.1         ; only a maximum of 10% of scattered bokeh]]
[2023.02.16-13.14.29:658][  0]LogConfig: Setting CVar [[r.DOF.Recombine.Quality:1                ; cheap slight out of focus]]
[2023.02.16-13.14.29:658][  0]LogConfig: Setting CVar [[r.DOF.Recombine.EnableBokehSettings:0    ; no bokeh simulation on slight out of focus]]
[2023.02.16-13.14.29:658][  0]LogConfig: Setting CVar [[r.DOF.TemporalAAQuality:1                ; more stable temporal accumulation]]
[2023.02.16-13.14.29:658][  0]LogConfig: Setting CVar [[r.DOF.Kernel.MaxForegroundRadius:0.025]]
[2023.02.16-13.14.29:658][  0]LogConfig: Setting CVar [[r.DOF.Kernel.MaxBackgroundRadius:0.025]]
[2023.02.16-13.14.29:658][  0]LogConfig: Applying CVar settings from Section [TextureQuality@3] File [D:/git/ArenaBattle/ArenaBattle/Saved/Config/Windows/Scalability.ini]
[2023.02.16-13.14.29:658][  0]LogConfig: Setting CVar [[r.Streaming.MipBias:0]]
[2023.02.16-13.14.29:658][  0]LogConfig: Setting CVar [[r.Streaming.AmortizeCPUToGPUCopy:0]]
[2023.02.16-13.14.29:658][  0]LogConfig: Setting CVar [[r.Streaming.MaxNumTexturesToStreamPerFrame:0]]
[2023.02.16-13.14.29:658][  0]LogConfig: Setting CVar [[r.Streaming.Boost:1]]
[2023.02.16-13.14.29:658][  0]LogConfig: Setting CVar [[r.MaxAnisotropy:8]]
[2023.02.16-13.14.29:658][  0]LogConfig: Setting CVar [[r.Streaming.LimitPoolSizeToVRAM:0]]
[2023.02.16-13.14.29:658][  0]LogConfig: Setting CVar [[r.Streaming.PoolSize:1000]]
[2023.02.16-13.14.29:658][  0]LogConfig: Setting CVar [[r.Streaming.MaxEffectiveScreenSize:0]]
[2023.02.16-13.14.29:658][  0]LogConfig: Applying CVar settings from Section [EffectsQuality@3] File [D:/git/ArenaBattle/ArenaBattle/Saved/Config/Windows/Scalability.ini]
[2023.02.16-13.14.29:658][  0]LogConfig: Setting CVar [[r.TranslucencyLightingVolumeDim:64]]
[2023.02.16-13.14.29:658][  0]LogConfig: Setting CVar [[r.RefractionQuality:2]]
[2023.02.16-13.14.29:658][  0]LogConfig: Setting CVar [[r.SSR.Quality:3]]
[2023.02.16-13.14.29:658][  0]LogConfig: Setting CVar [[r.SceneColorFormat:4]]
[2023.02.16-13.14.29:658][  0]LogConfig: Setting CVar [[r.DetailMode:2]]
[2023.02.16-13.14.29:658][  0]LogConfig: Setting CVar [[r.TranslucencyVolumeBlur:1]]
[2023.02.16-13.14.29:658][  0]LogConfig: Setting CVar [[r.MaterialQualityLevel:1 ; High quality]]
[2023.02.16-13.14.29:658][  0]LogConfig: Setting CVar [[r.SSS.Scale:1]]
[2023.02.16-13.14.29:658][  0]LogConfig: Setting CVar [[r.SSS.SampleSet:2]]
[2023.02.16-13.14.29:658][  0]LogConfig: Setting CVar [[r.SSS.Quality:1]]
[2023.02.16-13.14.29:658][  0]LogConfig: Setting CVar [[r.SSS.HalfRes:1]]
[2023.02.16-13.14.29:658][  0]LogConfig: Setting CVar [[r.EmitterSpawnRateScale:1.0]]
[2023.02.16-13.14.29:658][  0]LogConfig: Setting CVar [[r.ParticleLightQuality:2]]
[2023.02.16-13.14.29:658][  0]LogConfig: Applying CVar settings from Section [FoliageQuality@3] File [D:/git/ArenaBattle/ArenaBattle/Saved/Config/Windows/Scalability.ini]
[2023.02.16-13.14.29:658][  0]LogConfig: Setting CVar [[foliage.DensityScale:1.0]]
[2023.02.16-13.14.29:658][  0]LogConfig: Setting CVar [[grass.DensityScale:1.0]]
[2023.02.16-13.14.29:658][  0]LogInit: Selected Device Profile: [Windows]
[2023.02.16-13.14.29:658][  0]LogInit: Applying CVar settings loaded from the selected device profile: [Windows]
[2023.02.16-13.14.29:666][  0]LogHAL: Display: Platform has ~ 16 GB [17126916096 / 17179869184 / 16], which maps to Larger [LargestMinGB=32, LargerMinGB=12, DefaultMinGB=8, SmallerMinGB=6, SmallestMinGB=0)
[2023.02.16-13.14.29:666][  0]LogConfig: Setting CVar [[r.Vulkan.UseRealUBs:0		; Required until we fix HLR fall-out]]
[2023.02.16-13.14.29:666][  0]LogInit: Going up to parent DeviceProfile []
[2023.02.16-13.14.29:666][  0]LogConfig: Applying CVar settings from Section [ViewDistanceQuality@3] File [D:/git/ArenaBattle/ArenaBattle/Saved/Config/Windows/Scalability.ini]
[2023.02.16-13.14.29:666][  0]LogConfig: Setting CVar [[r.SkeletalMeshLODBias:0]]
[2023.02.16-13.14.29:666][  0]LogConfig: Setting CVar [[r.ViewDistanceScale:1.0]]
[2023.02.16-13.14.29:666][  0]LogConfig: Applying CVar settings from Section [AntiAliasingQuality@3] File [D:/git/ArenaBattle/ArenaBattle/Saved/Config/Windows/Scalability.ini]
[2023.02.16-13.14.29:666][  0]LogConfig: Setting CVar [[r.PostProcessAAQuality:4]]
[2023.02.16-13.14.29:666][  0]LogConfig: Applying CVar settings from Section [ShadowQuality@3] File [D:/git/ArenaBattle/ArenaBattle/Saved/Config/Windows/Scalability.ini]
[2023.02.16-13.14.29:666][  0]LogConfig: Setting CVar [[r.LightFunctionQuality:1]]
[2023.02.16-13.14.29:666][  0]LogConfig: Setting CVar [[r.ShadowQuality:5]]
[2023.02.16-13.14.29:666][  0]LogConfig: Setting CVar [[r.Shadow.CSM.MaxCascades:10]]
[2023.02.16-13.14.29:666][  0]LogConfig: Setting CVar [[r.Shadow.MaxResolution:2048]]
[2023.02.16-13.14.29:666][  0]LogConfig: Setting CVar [[r.Shadow.MaxCSMResolution:2048]]
[2023.02.16-13.14.29:666][  0]LogConfig: Setting CVar [[r.Shadow.RadiusThreshold:0.01]]
[2023.02.16-13.14.29:666][  0]LogConfig: Setting CVar [[r.Shadow.DistanceScale:1.0]]
[2023.02.16-13.14.29:666][  0]LogConfig: Setting CVar [[r.Shadow.CSM.TransitionScale:1.0]]
[2023.02.16-13.14.29:666][  0]LogConfig: Setting CVar [[r.Shadow.PreShadowResolutionFactor:1.0]]
[2023.02.16-13.14.29:666][  0]LogConfig: Setting CVar [[r.DistanceFieldShadowing:1]]
[2023.02.16-13.14.29:666][  0]LogConfig: Setting CVar [[r.DistanceFieldAO:1]]
[2023.02.16-13.14.29:666][  0]LogConfig: Setting CVar [[r.AOQuality:2]]
[2023.02.16-13.14.29:666][  0]LogConfig: Setting CVar [[r.VolumetricFog:1]]
[2023.02.16-13.14.29:666][  0]LogConfig: Setting CVar [[r.VolumetricFog.GridPixelSize:8]]
[2023.02.16-13.14.29:666][  0]LogConfig: Setting CVar [[r.VolumetricFog.GridSizeZ:128]]
[2023.02.16-13.14.29:666][  0]LogConfig: Setting CVar [[r.VolumetricFog.HistoryMissSupersampleCount:4]]
[2023.02.16-13.14.29:666][  0]LogConfig: Setting CVar [[r.LightMaxDrawDistanceScale:1]]
[2023.02.16-13.14.29:666][  0]LogConfig: Setting CVar [[r.CapsuleShadows:1]]
[2023.02.16-13.14.29:666][  0]LogConfig: Applying CVar settings from Section [PostProcessQuality@3] File [D:/git/ArenaBattle/ArenaBattle/Saved/Config/Windows/Scalability.ini]
[2023.02.16-13.14.29:666][  0]LogConfig: Setting CVar [[r.MotionBlurQuality:4]]
[2023.02.16-13.14.29:666][  0]LogConfig: Setting CVar [[r.AmbientOcclusionMipLevelFactor:0.4]]
[2023.02.16-13.14.29:666][  0]LogConfig: Setting CVar [[r.AmbientOcclusionMaxQuality:100]]
[2023.02.16-13.14.29:666][  0]LogConfig: Setting CVar [[r.AmbientOcclusionLevels:-1]]
[2023.02.16-13.14.29:666][  0]LogConfig: Setting CVar [[r.AmbientOcclusionRadiusScale:1.0]]
[2023.02.16-13.14.29:666][  0]LogConfig: Setting CVar [[r.DepthOfFieldQuality:2]]
[2023.02.16-13.14.29:666][  0]LogConfig: Setting CVar [[r.RenderTargetPoolMin:400]]
[2023.02.16-13.14.29:666][  0]LogConfig: Setting CVar [[r.LensFlareQuality:2]]
[2023.02.16-13.14.29:666][  0]LogConfig: Setting CVar [[r.SceneColorFringeQuality:1]]
[2023.02.16-13.14.29:666][  0]LogConfig: Setting CVar [[r.EyeAdaptationQuality:2]]
[2023.02.16-13.14.29:666][  0]LogConfig: Setting CVar [[r.BloomQuality:5]]
[2023.02.16-13.14.29:666][  0]LogConfig: Setting CVar [[r.FastBlurThreshold:100]]
[2023.02.16-13.14.29:666][  0]LogConfig: Setting CVar [[r.Upscale.Quality:3]]
[2023.02.16-13.14.29:666][  0]LogConfig: Setting CVar [[r.Tonemapper.GrainQuantization:1]]
[2023.02.16-13.14.29:666][  0]LogConfig: Setting CVar [[r.LightShaftQuality:1]]
[2023.02.16-13.14.29:666][  0]LogConfig: Setting CVar [[r.Filter.SizeScale:1]]
[2023.02.16-13.14.29:666][  0]LogConfig: Setting CVar [[r.Tonemapper.Quality:5]]
[2023.02.16-13.14.29:666][  0]LogConfig: Setting CVar [[r.DOF.Gather.AccumulatorQuality:1        ; higher gathering accumulator quality]]
[2023.02.16-13.14.29:666][  0]LogConfig: Setting CVar [[r.DOF.Gather.PostfilterMethod:1          ; Median3x3 postfilering method]]
[2023.02.16-13.14.29:666][  0]LogConfig: Setting CVar [[r.DOF.Gather.EnableBokehSettings:0       ; no bokeh simulation when gathering]]
[2023.02.16-13.14.29:666][  0]LogConfig: Setting CVar [[r.DOF.Gather.RingCount:4                 ; medium number of samples when gathering]]
[2023.02.16-13.14.29:666][  0]LogConfig: Setting CVar [[r.DOF.Scatter.ForegroundCompositing:1    ; additive foreground scattering]]
[2023.02.16-13.14.29:666][  0]LogConfig: Setting CVar [[r.DOF.Scatter.BackgroundCompositing:2    ; additive background scattering]]
[2023.02.16-13.14.29:666][  0]LogConfig: Setting CVar [[r.DOF.Scatter.EnableBokehSettings:1      ; bokeh simulation when scattering]]
[2023.02.16-13.14.29:666][  0]LogConfig: Setting CVar [[r.DOF.Scatter.MaxSpriteRatio:0.1         ; only a maximum of 10% of scattered bokeh]]
[2023.02.16-13.14.29:666][  0]LogConfig: Setting CVar [[r.DOF.Recombine.Quality:1                ; cheap slight out of focus]]
[2023.02.16-13.14.29:666][  0]LogConfig: Setting CVar [[r.DOF.Recombine.EnableBokehSettings:0    ; no bokeh simulation on slight out of focus]]
[2023.02.16-13.14.29:666][  0]LogConfig: Setting CVar [[r.DOF.TemporalAAQuality:1                ; more stable temporal accumulation]]
[2023.02.16-13.14.29:666][  0]LogConfig: Setting CVar [[r.DOF.Kernel.MaxForegroundRadius:0.025]]
[2023.02.16-13.14.29:666][  0]LogConfig: Setting CVar [[r.DOF.Kernel.MaxBackgroundRadius:0.025]]
[2023.02.16-13.14.29:666][  0]LogConfig: Applying CVar settings from Section [TextureQuality@3] File [D:/git/ArenaBattle/ArenaBattle/Saved/Config/Windows/Scalability.ini]
[2023.02.16-13.14.29:666][  0]LogConfig: Setting CVar [[r.Streaming.MipBias:0]]
[2023.02.16-13.14.29:667][  0]LogConfig: Setting CVar [[r.Streaming.AmortizeCPUToGPUCopy:0]]
[2023.02.16-13.14.29:667][  0]LogConfig: Setting CVar [[r.Streaming.MaxNumTexturesToStreamPerFrame:0]]
[2023.02.16-13.14.29:667][  0]LogConfig: Setting CVar [[r.Streaming.Boost:1]]
[2023.02.16-13.14.29:667][  0]LogConfig: Setting CVar [[r.MaxAnisotropy:8]]
[2023.02.16-13.14.29:667][  0]LogConfig: Setting CVar [[r.Streaming.LimitPoolSizeToVRAM:0]]
[2023.02.16-13.14.29:667][  0]LogConfig: Setting CVar [[r.Streaming.PoolSize:1000]]
[2023.02.16-13.14.29:667][  0]LogConfig: Setting CVar [[r.Streaming.MaxEffectiveScreenSize:0]]
[2023.02.16-13.14.29:667][  0]LogConfig: Applying CVar settings from Section [EffectsQuality@3] File [D:/git/ArenaBattle/ArenaBattle/Saved/Config/Windows/Scalability.ini]
[2023.02.16-13.14.29:667][  0]LogConfig: Setting CVar [[r.TranslucencyLightingVolumeDim:64]]
[2023.02.16-13.14.29:667][  0]LogConfig: Setting CVar [[r.RefractionQuality:2]]
[2023.02.16-13.14.29:667][  0]LogConfig: Setting CVar [[r.SSR.Quality:3]]
[2023.02.16-13.14.29:667][  0]LogConfig: Setting CVar [[r.SceneColorFormat:4]]
[2023.02.16-13.14.29:667][  0]LogConfig: Setting CVar [[r.DetailMode:2]]
[2023.02.16-13.14.29:667][  0]LogConfig: Setting CVar [[r.TranslucencyVolumeBlur:1]]
[2023.02.16-13.14.29:667][  0]LogConfig: Setting CVar [[r.MaterialQualityLevel:1 ; High quality]]
[2023.02.16-13.14.29:667][  0]LogConfig: Setting CVar [[r.SSS.Scale:1]]
[2023.02.16-13.14.29:667][  0]LogConfig: Setting CVar [[r.SSS.SampleSet:2]]
[2023.02.16-13.14.29:667][  0]LogConfig: Setting CVar [[r.SSS.Quality:1]]
[2023.02.16-13.14.29:667][  0]LogConfig: Setting CVar [[r.SSS.HalfRes:1]]
[2023.02.16-13.14.29:667][  0]LogConfig: Setting CVar [[r.EmitterSpawnRateScale:1.0]]
[2023.02.16-13.14.29:667][  0]LogConfig: Setting CVar [[r.ParticleLightQuality:2]]
[2023.02.16-13.14.29:667][  0]LogConfig: Applying CVar settings from Section [FoliageQuality@3] File [D:/git/ArenaBattle/ArenaBattle/Saved/Config/Windows/Scalability.ini]
[2023.02.16-13.14.29:667][  0]LogConfig: Setting CVar [[foliage.DensityScale:1.0]]
[2023.02.16-13.14.29:667][  0]LogConfig: Setting CVar [[grass.DensityScale:1.0]]
[2023.02.16-13.14.29:667][  0]LogConfig: Applying CVar settings from Section [Startup] File [../../../Engine/Config/ConsoleVariables.ini]
[2023.02.16-13.14.29:667][  0]LogConfig: Setting CVar [[net.UseAdaptiveNetUpdateFrequency:0]]
[2023.02.16-13.14.29:667][  0]LogConfig: Setting CVar [[p.chaos.AllowCreatePhysxBodies:1]]
[2023.02.16-13.14.29:667][  0]LogConfig: Applying CVar settings from Section [ConsoleVariables] File [D:/git/ArenaBattle/ArenaBattle/Saved/Config/Windows/Engine.ini]
[2023.02.16-13.14.29:667][  0]LogInit: Computer: DESKTOP-MTCB6DM
[2023.02.16-13.14.29:667][  0]LogInit: User: seo
[2023.02.16-13.14.29:667][  0]LogInit: CPU Page size=4096, Cores=6
[2023.02.16-13.14.29:667][  0]LogInit: High frequency timer resolution =10.000000 MHz
[2023.02.16-13.14.29:668][  0]LogMemory: Memory total: Physical=16.0GB (16GB approx)
[2023.02.16-13.14.29:668][  0]LogMemory: Platform Memory Stats for Windows
[2023.02.16-13.14.29:668][  0]LogMemory: Process Physical Memory: 98.03 MB used, 98.03 MB peak
[2023.02.16-13.14.29:668][  0]LogMemory: Process Virtual Memory: 84.60 MB used, 84.60 MB peak
[2023.02.16-13.14.29:668][  0]LogMemory: Physical Memory: 8943.70 MB used,  7389.80 MB free, 16333.50 MB total
[2023.02.16-13.14.29:668][  0]LogMemory: Virtual Memory: 4634.20 MB used,  134213096.00 MB free, 134217728.00 MB total
[2023.02.16-13.14.29:753][  0]LogInit: Using OS detected language (ko-KR).
[2023.02.16-13.14.29:753][  0]LogInit: Using OS detected locale (ko-KR).
[2023.02.16-13.14.29:754][  0]LogTextLocalizationManager: No specific localization for 'ko-KR' exists, so the 'ko' localization will be used.
[2023.02.16-13.14.29:837][  0]LogInit: Setting process to per monitor DPI aware
[2023.02.16-13.14.29:885][  0]LogSlate: New Slate User Created.  User Index 0, Is Virtual User: 0
[2023.02.16-13.14.29:885][  0]LogSlate: Slate User Registered.  User Index 0, Is Virtual User: 0
[2023.02.16-13.14.30:136][  0]LogHMD: Failed to initialize OpenVR with code 110
[2023.02.16-13.14.30:136][  0]LogD3D11RHI: D3D11 adapters:
[2023.02.16-13.14.30:292][  0]LogD3D11RHI:    0. 'NVIDIA GeForce GTX 1660 SUPER' (Feature Level 11_0)
[2023.02.16-13.14.30:292][  0]LogD3D11RHI:       5991/0/8166 MB DedicatedVideo/DedicatedSystem/SharedSystem, Outputs:2, VendorId:0x10de
[2023.02.16-13.14.30:296][  0]LogD3D11RHI:    1. 'Microsoft Basic Render Driver' (Feature Level 11_0)
[2023.02.16-13.14.30:296][  0]LogD3D11RHI:       0/0/8166 MB DedicatedVideo/DedicatedSystem/SharedSystem, Outputs:0, VendorId:0x1414
[2023.02.16-13.14.30:296][  0]LogD3D11RHI: Chosen D3D11 Adapter: 0
[2023.02.16-13.14.30:310][  0]LogD3D11RHI: Creating new Direct3DDevice
[2023.02.16-13.14.30:310][  0]LogD3D11RHI:     GPU DeviceId: 0x21c4 (for the marketing name, search the web for "GPU Device Id")
[2023.02.16-13.14.30:310][  0]LogWindows: EnumDisplayDevices:
[2023.02.16-13.14.30:311][  0]LogWindows:    0. 'NVIDIA GeForce GTX 1660 SUPER' (P:1 D:1)
[2023.02.16-13.14.30:311][  0]LogWindows:    1. 'NVIDIA GeForce GTX 1660 SUPER' (P:0 D:1)
[2023.02.16-13.14.30:312][  0]LogWindows:    2. 'NVIDIA GeForce GTX 1660 SUPER' (P:0 D:0)
[2023.02.16-13.14.30:313][  0]LogWindows:    3. 'NVIDIA GeForce GTX 1660 SUPER' (P:0 D:0)
[2023.02.16-13.14.30:313][  0]LogWindows: DebugString: FoundDriverCount:4 
[2023.02.16-13.14.30:313][  0]LogD3D11RHI:     Adapter Name: NVIDIA GeForce GTX 1660 SUPER
[2023.02.16-13.14.30:313][  0]LogD3D11RHI:   Driver Version: 516.94 (internal:31.0.15.1694, unified:516.94)
[2023.02.16-13.14.30:313][  0]LogD3D11RHI:      Driver Date: 7-21-2022
[2023.02.16-13.14.30:313][  0]LogRHI: Texture pool is 4193 MB (70% of 5991 MB)
[2023.02.16-13.14.30:371][  0]LogD3D11RHI: Async texture creation enabled
[2023.02.16-13.14.30:383][  0]LogRendererCore: FGlobalReadBuffer::InitRHI
[2023.02.16-13.14.30:383][  0]LogRendererCore: FGlobalReadBuffer::InitRHI
[2023.02.16-13.14.30:383][  0]LogRendererCore: FGlobalReadBuffer::InitRHI
[2023.02.16-13.14.30:390][  0]LogD3D11RHI: GPU Timing Frequency: 1000.000000 (Debug: 2 1)
[2023.02.16-13.14.30:735][  0]LogTemp: Display: Module 'AllDesktopTargetPlatform' loaded TargetPlatform 'AllDesktop'
[2023.02.16-13.14.30:748][  0]LogTemp: Display: Module 'MacClientTargetPlatform' loaded TargetPlatform 'MacClient'
[2023.02.16-13.14.30:762][  0]LogTemp: Display: Module 'MacNoEditorTargetPlatform' loaded TargetPlatform 'MacNoEditor'
[2023.02.16-13.14.30:775][  0]LogTemp: Display: Module 'MacServerTargetPlatform' loaded TargetPlatform 'MacServer'
[2023.02.16-13.14.30:790][  0]LogTemp: Display: Module 'MacTargetPlatform' loaded TargetPlatform 'Mac'
[2023.02.16-13.14.30:803][  0]LogTemp: Display: Module 'WindowsClientTargetPlatform' loaded TargetPlatform 'WindowsClient'
[2023.02.16-13.14.30:817][  0]LogTemp: Display: Module 'WindowsNoEditorTargetPlatform' loaded TargetPlatform 'WindowsNoEditor'
[2023.02.16-13.14.30:831][  0]LogTemp: Display: Module 'WindowsServerTargetPlatform' loaded TargetPlatform 'WindowsServer'
[2023.02.16-13.14.30:837][  0]LogTemp: Display: Module 'WindowsTargetPlatform' loaded TargetPlatform 'Windows'
[2023.02.16-13.14.30:915][  0]LogTemp: Display: Module 'AndroidTargetPlatform' loaded TargetPlatform 'Android'
[2023.02.16-13.14.30:915][  0]LogTemp: Display: Module 'AndroidTargetPlatform' loaded TargetPlatform 'Android_ASTC'
[2023.02.16-13.14.30:915][  0]LogTemp: Display: Module 'AndroidTargetPlatform' loaded TargetPlatform 'Android_ATC'
[2023.02.16-13.14.30:915][  0]LogTemp: Display: Module 'AndroidTargetPlatform' loaded TargetPlatform 'Android_DXT'
[2023.02.16-13.14.30:915][  0]LogTemp: Display: Module 'AndroidTargetPlatform' loaded TargetPlatform 'Android_ETC1'
[2023.02.16-13.14.30:915][  0]LogTemp: Display: Module 'AndroidTargetPlatform' loaded TargetPlatform 'Android_ETC1a'
[2023.02.16-13.14.30:915][  0]LogTemp: Display: Module 'AndroidTargetPlatform' loaded TargetPlatform 'Android_ETC2'
[2023.02.16-13.14.30:915][  0]LogTemp: Display: Module 'AndroidTargetPlatform' loaded TargetPlatform 'Android_PVRTC'
[2023.02.16-13.14.30:915][  0]LogTemp: Display: Module 'AndroidTargetPlatform' loaded TargetPlatform 'AndroidClient'
[2023.02.16-13.14.30:915][  0]LogTemp: Display: Module 'AndroidTargetPlatform' loaded TargetPlatform 'Android_ASTCClient'
[2023.02.16-13.14.30:915][  0]LogTemp: Display: Module 'AndroidTargetPlatform' loaded TargetPlatform 'Android_ATCClient'
[2023.02.16-13.14.30:915][  0]LogTemp: Display: Module 'AndroidTargetPlatform' loaded TargetPlatform 'Android_DXTClient'
[2023.02.16-13.14.30:915][  0]LogTemp: Display: Module 'AndroidTargetPlatform' loaded TargetPlatform 'Android_ETC1Client'
[2023.02.16-13.14.30:915][  0]LogTemp: Display: Module 'AndroidTargetPlatform' loaded TargetPlatform 'Android_ETC1aClient'
[2023.02.16-13.14.30:915][  0]LogTemp: Display: Module 'AndroidTargetPlatform' loaded TargetPlatform 'Android_ETC2Client'
[2023.02.16-13.14.30:915][  0]LogTemp: Display: Module 'AndroidTargetPlatform' loaded TargetPlatform 'Android_PVRTCClient'
[2023.02.16-13.14.30:915][  0]LogTemp: Display: Module 'AndroidTargetPlatform' loaded TargetPlatform 'Android_Multi'
[2023.02.16-13.14.30:915][  0]LogTemp: Display: Module 'AndroidTargetPlatform' loaded TargetPlatform 'Android_MultiClient'
[2023.02.16-13.14.30:917][  0]LogTemp: Display: Module 'HTML5TargetPlatform' loaded TargetPlatform 'HTML5'
[2023.02.16-13.14.30:970][  0]LogTemp: Display: Module 'IOSTargetPlatform' loaded TargetPlatform 'IOSClient'
[2023.02.16-13.14.30:970][  0]LogTemp: Display: Module 'IOSTargetPlatform' loaded TargetPlatform 'IOS'
[2023.02.16-13.14.30:995][  0]LogTemp: Display: Module 'TVOSTargetPlatform' loaded TargetPlatform 'TVOSClient'
[2023.02.16-13.14.30:995][  0]LogTemp: Display: Module 'TVOSTargetPlatform' loaded TargetPlatform 'TVOS'
[2023.02.16-13.14.31:008][  0]LogTemp: Display: Module 'LinuxClientTargetPlatform' loaded TargetPlatform 'LinuxClient'
[2023.02.16-13.14.31:021][  0]LogTemp: Display: Module 'LinuxNoEditorTargetPlatform' loaded TargetPlatform 'LinuxNoEditor'
[2023.02.16-13.14.31:034][  0]LogTemp: Display: Module 'LinuxServerTargetPlatform' loaded TargetPlatform 'LinuxServer'
[2023.02.16-13.14.31:048][  0]LogTemp: Display: Module 'LinuxTargetPlatform' loaded TargetPlatform 'Linux'
[2023.02.16-13.14.31:095][  0]LogTemp: Display: Module 'LuminTargetPlatform' loaded TargetPlatform 'Lumin'
[2023.02.16-13.14.31:095][  0]LogTemp: Display: Module 'LuminTargetPlatform' loaded TargetPlatform 'LuminClient'
[2023.02.16-13.14.31:095][  0]LogTargetPlatformManager: Display: Building Assets For Windows
[2023.02.16-13.14.31:104][  0]LogAudioDebug: Display: Lib vorbis DLL was dynamically loaded.
[2023.02.16-13.14.31:149][  0]LogShaderCompilers: Guid format shader working directory is 12 characters bigger than the processId version (D:/git/ArenaBattle/ArenaBattle/Intermediate/Shaders/WorkingDirectory/110696/).
[2023.02.16-13.14.31:149][  0]LogShaderCompilers: Cleaned the shader compiler working directory 'C:/Users/seo/AppData/Local/Temp/UnrealShaderWorkingDir/273DC02F4A76AA237002ECA1BAC11978/'.
[2023.02.16-13.14.31:151][  0]LogXGEController: Cleaning working directory: C:/Users/seo/AppData/Local/Temp/UnrealXGEWorkingDir/
[2023.02.16-13.14.31:151][  0]LogXGEController: Cannot use XGE Controller as Incredibuild is not installed on this machine.
[2023.02.16-13.14.31:151][  0]LogShaderCompilers: Cannot use XGE Shader Compiler as Incredibuild is not installed on this machine.
[2023.02.16-13.14.31:151][  0]LogShaderCompilers: Display: Using Local Shader Compiler.
[2023.02.16-13.14.31:660][  0]LogDerivedDataCache: Display: Max Cache Size: 512 MB
[2023.02.16-13.14.31:732][  0]LogDerivedDataCache: Loaded boot cache 0.07s 82MB C:/Users/seo/AppData/Local/UnrealEngine/4.22/DerivedDataCache/Boot.ddc.
[2023.02.16-13.14.31:732][  0]LogDerivedDataCache: Display: Loaded Boot cache: C:/Users/seo/AppData/Local/UnrealEngine/4.22/DerivedDataCache/Boot.ddc
[2023.02.16-13.14.31:732][  0]LogDerivedDataCache: FDerivedDataBackendGraph:  Pak pak cache file D:/git/ArenaBattle/ArenaBattle/DerivedDataCache/DDC.ddp not found, will not use a pak cache.
[2023.02.16-13.14.31:732][  0]LogDerivedDataCache: Unable to find inner node Pak for hierarchical cache Hierarchy.
[2023.02.16-13.14.31:732][  0]LogDerivedDataCache: FDerivedDataBackendGraph:  CompressedPak pak cache file D:/git/ArenaBattle/ArenaBattle/DerivedDataCache/Compressed.ddp not found, will not use a pak cache.
[2023.02.16-13.14.31:732][  0]LogDerivedDataCache: Unable to find inner node CompressedPak for hierarchical cache Hierarchy.
[2023.02.16-13.14.31:744][  0]LogDerivedDataCache: Display: Pak cache opened for reading ../../../Engine/DerivedDataCache/Compressed.ddp.
[2023.02.16-13.14.31:744][  0]LogDerivedDataCache: FDerivedDataBackendGraph:  EnterprisePak pak cache file ../../../Enterprise/DerivedDataCache/Compressed.ddp not found, will not use a pak cache.
[2023.02.16-13.14.31:744][  0]LogDerivedDataCache: Unable to find inner node EnterprisePak for hierarchical cache Hierarchy.
[2023.02.16-13.14.31:757][  0]LogDerivedDataCache: Using Local data cache path C:/Users/seo/AppData/Local/UnrealEngine/Common/DerivedDataCache: Writable
[2023.02.16-13.14.31:757][  0]LogDerivedDataCache: Shared data cache path not found in *engine.ini, will not use an Shared cache.
[2023.02.16-13.14.31:757][  0]LogDerivedDataCache: Unable to find inner node Shared for hierarchical cache Hierarchy.
[2023.02.16-13.14.31:776][  0]LogMaterial: Verifying Global Shaders for PCD3D_SM5
[2023.02.16-13.14.31:777][  0]LogSlate: Using FreeType 2.6.0
[2023.02.16-13.14.31:777][  0]LogSlate: SlateFontServices - WITH_FREETYPE: 1, WITH_HARFBUZZ: 1
[2023.02.16-13.14.31:863][  0]LogAssetRegistry: FAssetRegistry took 0.0340 seconds to start up
[2023.02.16-13.14.32:180][  0]LogInit: Selected Device Profile: [Windows]
[2023.02.16-13.14.32:302][  0]LogMeshReduction: Using QuadricMeshReduction for automatic static mesh reduction
[2023.02.16-13.14.32:302][  0]LogMeshReduction: Using SimplygonMeshReduction for automatic skeletal mesh reduction
[2023.02.16-13.14.32:302][  0]LogMeshReduction: Using ProxyLODMeshReduction for automatic mesh merging
[2023.02.16-13.14.32:302][  0]LogMeshReduction: No distributed automatic mesh merging module available
[2023.02.16-13.14.32:302][  0]LogMeshMerging: No distributed automatic mesh merging module available
[2023.02.16-13.14.32:311][  0]LogNetVersion: ArenaBattle 1.0.0, NetCL: 5660361, EngineNetVer: 10, GameNetVer: 0 (Checksum: 815535894)
[2023.02.16-13.14.32:630][  0]LogPackageLocalizationCache: Processed 10 localized package path(s) for 1 prioritized culture(s) in 0.023822 seconds
[2023.02.16-13.14.32:636][  0]LogUObjectArray: 42205 objects as part of root set at end of initial load.
[2023.02.16-13.14.32:636][  0]LogUObjectAllocator: 7325032 out of 0 bytes used by permanent object pool.
[2023.02.16-13.14.32:636][  0]LogUObjectArray: CloseDisregardForGC: 0/0 objects in disregard for GC pool
[2023.02.16-13.14.33:821][  0]LogTcpMessaging: Initializing TcpMessaging bridge
[2023.02.16-13.14.33:836][  0]LogUdpMessaging: Initializing bridge on interface 0.0.0.0:0 to multicast group 230.0.0.1:6666.
[2023.02.16-13.14.34:093][  0]SourceControl: 소스 컨트롤이 꺼져 있습니다.
[2023.02.16-13.14.34:093][  0]SourceControl: 소스 컨트롤이 꺼져 있습니다.
[2023.02.16-13.14.34:094][  0]SourceControl: 소스 컨트롤이 꺼져 있습니다.
[2023.02.16-13.14.34:095][  0]SourceControl: 소스 컨트롤이 꺼져 있습니다.
[2023.02.16-13.14.34:192][  0]LogAndroidPermission: UAndroidPermissionCallbackProxy::GetInstance
[2023.02.16-13.14.34:310][  0]LogOcInput: OculusInput pre-init called
[2023.02.16-13.14.34:919][  0]LogEngine: Initializing Engine...
[2023.02.16-13.14.34:920][  0]LogHMD: Failed to initialize OpenVR with code 110
[2023.02.16-13.14.34:921][  0]LogStats: UGameplayTagsManager::InitializeManager -  0.000 s
[2023.02.16-13.14.35:075][  0]LogInit: Initializing FReadOnlyCVARCache
[2023.02.16-13.14.35:094][  0]LogAIModule: Creating AISystem for world Untitled
[2023.02.16-13.14.35:129][  0]LogInit: XAudio2 using 'Headphones(High Definition Audio Device)' : 2 channels at 48 kHz using 16 bits per sample (channel mask 0x3)
[2023.02.16-13.14.35:154][  0]LogInit: FAudioDevice initialized.
[2023.02.16-13.14.35:154][  0]LogNetVersion: Set ProjectVersion to 1.0.0.0. Version Checksum will be recalculated on next use.
[2023.02.16-13.14.35:206][  0]LogDerivedDataCache: Saved boot cache 0.05s 82MB C:/Users/seo/AppData/Local/UnrealEngine/4.22/DerivedDataCache/Boot.ddc.
[2023.02.16-13.14.35:211][  0]LogInit: Texture streaming: Enabled
[2023.02.16-13.14.35:231][  0]LogEngineSessionManager: EngineSessionManager initialized
[2023.02.16-13.14.35:236][  0]LogEngineSessionManager: EngineSessionManager sent abnormal shutdown report. Type=Crashed, SessionId={AB94441C-413A-6C08-2270-14B7774088F1}
[2023.02.16-13.14.35:260][  0]LogInit: Transaction tracking system initialized
[2023.02.16-13.14.35:280][  0]BlueprintLog: New page: 에디터 로드
[2023.02.16-13.14.35:356][  0]LocalizationService: 현지화 서비스가 비활성화되었습니다.
[2023.02.16-13.14.35:639][  0]LogFileCache: Scanning file cache for directory 'D:/git/ArenaBattle/ArenaBattle/Content/' took 0.03s
[2023.02.16-13.14.35:639][  0]LogCook: Display: Max memory allowance for cook 16384mb min free memory 0mb
[2023.02.16-13.14.35:639][  0]LogCook: Display: Mobile HDR setting 1
[2023.02.16-13.14.35:829][  0]SourceControl: 소스 컨트롤이 꺼져 있습니다.
[2023.02.16-13.14.35:922][  0]LogSlate: Took 0.003697 seconds to synchronously load lazily loaded font '../../../Engine/Content/Editor/Slate/Fonts/NanumGothic.ttf' (4243K)
[2023.02.16-13.14.35:922][  0]LogSlate: Took 0.000143 seconds to synchronously load lazily loaded font '../../../Engine/Content/Slate/Fonts/Roboto-Regular.ttf' (155K)
[2023.02.16-13.14.39:966][  0]LogSlate: Window '패키지 복원' being destroyed
[2023.02.16-13.14.43:409][  0]LogSlate: Window '소스 컨트롤에서 체크아웃할 수 없습니다!' being destroyed
[2023.02.16-13.14.43:464][  0]Cmd: MAP LOAD FILE="D:/git/ArenaBattle/ArenaBattle/Content/Book/Maps/GamePlay.umap" TEMPLATE=0 SHOWPROGRESS=1 FEATURELEVEL=3
[2023.02.16-13.14.43:464][  0]LightingResults: New page: 라이팅 빌드
[2023.02.16-13.14.43:467][  0]MapCheck: New page: 맵 체크
[2023.02.16-13.14.43:467][  0]LightingResults: New page: 라이팅 빌드
[2023.02.16-13.14.43:486][  0]LogUObjectHash: Compacting FUObjectHashTables data took   1.92ms
[2023.02.16-13.14.43:602][  0]LogAIModule: Creating AISystem for world GamePlay
[2023.02.16-13.14.43:606][  0]LogEditorServer: Finished looking for orphan Actors (0.000 secs)
[2023.02.16-13.14.43:627][  0]LogUObjectHash: Compacting FUObjectHashTables data took   1.93ms
[2023.02.16-13.14.43:628][  0]Cmd: MAP CHECKDEP NOCLEARLOG
[2023.02.16-13.14.43:628][  0]MapCheck: 맵 체크 완료: 오류 0 회, 경고 0 회, 소요 시간 0.115ms.
[2023.02.16-13.14.43:628][  0]LogFileHelpers: Loading map 'GamePlay' took 0.164
[2023.02.16-13.14.43:677][  0]LogSlate: Updating window title bar state: overlay mode, drag disabled, window buttons hidden, title bar hidden
[2023.02.16-13.14.43:684][  0]LogSlate: Updating window title bar state: overlay mode, drag disabled, window buttons hidden, title bar hidden
[2023.02.16-13.14.43:691][  0]LogSlate: Updating window title bar state: overlay mode, drag disabled, window buttons hidden, title bar hidden
[2023.02.16-13.14.43:697][  0]LogSlate: Updating window title bar state: overlay mode, drag disabled, window buttons hidden, title bar hidden
[2023.02.16-13.14.43:703][  0]LogCollectionManager: Loaded 0 collections in 0.001078 seconds
[2023.02.16-13.14.43:741][  0]LogFileCache: Scanning file cache for directory 'D:/git/ArenaBattle/ArenaBattle/Saved/Collections/' took 0.01s
[2023.02.16-13.14.43:741][  0]LogFileCache: Scanning file cache for directory 'D:/git/ArenaBattle/ArenaBattle/Content/Developers/seo/Collections/' took 0.01s
[2023.02.16-13.14.43:741][  0]LogFileCache: Scanning file cache for directory 'D:/git/ArenaBattle/ArenaBattle/Content/Collections/' took 0.01s
[2023.02.16-13.14.43:741][  0]LogCollectionManager: Rebuilt the GUID cache for 0 collections in 0.000000 seconds
[2023.02.16-13.14.43:749][  0]LogContentBrowser: Native class hierarchy populated in 0.0084 seconds. Added 2753 classes and 664 folders.
[2023.02.16-13.14.43:754][  0]LogContentBrowser: Native class hierarchy updated for 'WidgetCarousel' in 0.0003 seconds. Added 0 classes and 0 folders.
[2023.02.16-13.14.43:756][  0]LogPakFile: Registered encryption key '00000000000000000000000000000000': 0 pak files mounted, 0 remain pending
[2023.02.16-13.14.43:757][  0]LogPakFile: Registered encryption key '00000000000000000000000000000000': 0 pak files mounted, 0 remain pending
[2023.02.16-13.14.43:758][  0]LogPakFile: Registered encryption key '00000000000000000000000000000000': 0 pak files mounted, 0 remain pending
[2023.02.16-13.14.43:759][  0]LogPakFile: Registered encryption key '00000000000000000000000000000000': 0 pak files mounted, 0 remain pending
[2023.02.16-13.14.43:760][  0]LogPakFile: Registered encryption key '00000000000000000000000000000000': 0 pak files mounted, 0 remain pending
[2023.02.16-13.14.43:761][  0]LogPakFile: Registered encryption key '00000000000000000000000000000000': 0 pak files mounted, 0 remain pending
[2023.02.16-13.14.43:762][  0]LogPakFile: Registered encryption key '00000000000000000000000000000000': 0 pak files mounted, 0 remain pending
[2023.02.16-13.14.43:763][  0]LogPakFile: Registered encryption key '00000000000000000000000000000000': 0 pak files mounted, 0 remain pending
[2023.02.16-13.14.43:764][  0]LogPakFile: Registered encryption key '00000000000000000000000000000000': 0 pak files mounted, 0 remain pending
[2023.02.16-13.14.43:765][  0]LogPakFile: Registered encryption key '00000000000000000000000000000000': 0 pak files mounted, 0 remain pending
[2023.02.16-13.14.43:766][  0]LogPakFile: Registered encryption key '00000000000000000000000000000000': 0 pak files mounted, 0 remain pending
[2023.02.16-13.14.43:767][  0]LogPakFile: Registered encryption key '00000000000000000000000000000000': 0 pak files mounted, 0 remain pending
[2023.02.16-13.14.43:769][  0]LogPakFile: Registered encryption key '00000000000000000000000000000000': 0 pak files mounted, 0 remain pending
[2023.02.16-13.14.43:769][  0]LogPakFile: Registered encryption key '00000000000000000000000000000000': 0 pak files mounted, 0 remain pending
[2023.02.16-13.14.43:770][  0]LogPakFile: Registered encryption key '00000000000000000000000000000000': 0 pak files mounted, 0 remain pending
[2023.02.16-13.14.43:771][  0]LogPakFile: Registered encryption key '00000000000000000000000000000000': 0 pak files mounted, 0 remain pending
[2023.02.16-13.14.43:772][  0]LogPakFile: Registered encryption key '00000000000000000000000000000000': 0 pak files mounted, 0 remain pending
[2023.02.16-13.14.43:773][  0]LogPakFile: Registered encryption key '00000000000000000000000000000000': 0 pak files mounted, 0 remain pending
[2023.02.16-13.14.43:774][  0]LogPakFile: Registered encryption key '00000000000000000000000000000000': 0 pak files mounted, 0 remain pending
[2023.02.16-13.14.43:775][  0]LogPakFile: Registered encryption key '00000000000000000000000000000000': 0 pak files mounted, 0 remain pending
[2023.02.16-13.14.43:776][  0]LogPakFile: Registered encryption key '00000000000000000000000000000000': 0 pak files mounted, 0 remain pending
[2023.02.16-13.14.43:777][  0]LogPakFile: Registered encryption key '00000000000000000000000000000000': 0 pak files mounted, 0 remain pending
[2023.02.16-13.14.43:778][  0]LogPakFile: Registered encryption key '00000000000000000000000000000000': 0 pak files mounted, 0 remain pending
[2023.02.16-13.14.43:779][  0]LogPakFile: Registered encryption key '00000000000000000000000000000000': 0 pak files mounted, 0 remain pending
[2023.02.16-13.14.43:780][  0]LogPakFile: Registered encryption key '00000000000000000000000000000000': 0 pak files mounted, 0 remain pending
[2023.02.16-13.14.43:781][  0]LogPakFile: Registered encryption key '00000000000000000000000000000000': 0 pak files mounted, 0 remain pending
[2023.02.16-13.14.43:834][  0]LogContentBrowser: Native class hierarchy updated for 'AddContentDialog' in 0.0004 seconds. Added 0 classes and 0 folders.
[2023.02.16-13.14.43:840][  0]LogContentBrowser: Native class hierarchy updated for 'SceneOutliner' in 0.0004 seconds. Added 1 classes and 2 folders.
[2023.02.16-13.14.43:898][  0]LogSlate: Took 0.007017 seconds to synchronously load lazily loaded font '../../../Engine/Content/Editor/Slate/Fonts/NanumGothicBold.ttf' (4188K)
[2023.02.16-13.14.43:898][  0]LogSlate: Took 0.000149 seconds to synchronously load lazily loaded font '../../../Engine/Content/Slate/Fonts/Roboto-Bold.ttf' (160K)
[2023.02.16-13.14.43:902][  0]LogSlate: Took 0.000488 seconds to synchronously load lazily loaded font '../../../Engine/Content/Editor/Slate/Fonts/FontAwesome.ttf' (139K)
[2023.02.16-13.14.43:930][  0]LogRenderer: Reallocating scene render targets to support 1208x572 Format 10 NumSamples 1 (Frame:1).
[2023.02.16-13.14.44:018][  0]LogContentBrowser: Native class hierarchy updated for 'HierarchicalLODOutliner' in 0.0004 seconds. Added 0 classes and 0 folders.
[2023.02.16-13.14.44:018][  0]LogLoad: (Engine Initialization) Total time: 16.01 seconds
[2023.02.16-13.14.44:018][  0]LogLoad: (Engine Initialization) Total Blueprint compile time: 0.00 seconds
[2023.02.16-13.14.44:060][  0]LogAssetRegistry: Asset discovery search completed in 12.2189 seconds
[2023.02.16-13.14.44:061][  0]LogCollectionManager: Rebuilt the object cache for 0 collections in 0.000000 seconds (found 0 objects)
[2023.02.16-13.14.44:061][  0]LogCollectionManager: Fixed up redirectors for 0 collections in 0.000030 seconds (updated 0 objects)
[2023.02.16-13.14.44:068][  0]LogContentStreaming: Texture pool size now 1000 MB
[2023.02.16-13.14.44:102][  0]LogSlate: Took 0.000886 seconds to synchronously load lazily loaded font '../../../Engine/Content/Slate/Fonts/Roboto-Light.ttf' (167K)
[2023.02.16-13.14.44:178][  8]LogEditorViewport: Clicking on Actor (LMB): ABSection (ABSection1)
[2023.02.16-13.14.48:419][491]LogSlate: Took 0.000215 seconds to synchronously load lazily loaded font '../../../Engine/Content/Slate/Fonts/Roboto-Light.ttf' (167K)
[2023.02.16-13.14.48:422][491]LogSlate: FSceneViewport::OnFocusLost() reason 2
[2023.02.16-13.14.48:429][491]Cmd: OBJ SAVEPACKAGE PACKAGE="/Game/Book/Maps/GamePlay" FILE="D:/git/ArenaBattle/ArenaBattle/Content/Book/Maps/GamePlay.umap" SILENT=true AUTOSAVING=false KEEPDIRTY=false
[2023.02.16-13.14.48:451][491]LogUObjectHash: Compacting FUObjectHashTables data took   0.63ms
[2023.02.16-13.14.48:552][491]LogSavePackage: Moving 'D:/git/ArenaBattle/ArenaBattle/Saved/GamePlay89BE0189409F17C11303FABD5391C555.tmp' to 'D:/git/ArenaBattle/ArenaBattle/Content/Book/Maps/GamePlay.umap'
[2023.02.16-13.14.48:566][491]Cmd: OBJ SAVEPACKAGE PACKAGE="/Game/Book/Maps/GamePlay_BuiltData" FILE="D:/git/ArenaBattle/ArenaBattle/Content/Book/Maps/GamePlay_BuiltData.uasset" SILENT=true
[2023.02.16-13.14.48:578][491]LogSavePackage: Moving 'D:/git/ArenaBattle/ArenaBattle/Saved/GamePlay_BuiltDataB19D5793491D7972755A7CBEEBF7CE58.tmp' to 'D:/git/ArenaBattle/ArenaBattle/Content/Book/Maps/GamePlay_BuiltData.uasset'
[2023.02.16-13.14.50:029][647]LogSlate: FSceneViewport::OnFocusLost() reason 0
[2023.02.16-13.14.50:112][657]LogTemp: Repeating last play command: 선택된 뷰포트
[2023.02.16-13.14.50:117][657]LogBlueprintUserMessages: Early PlayInEditor Detection: Level '/Game/Book/Maps/GamePlay.GamePlay:PersistentLevel' has LevelScriptBlueprint '/Game/Book/Maps/GamePlay.GamePlay:PersistentLevel.GamePlay' with GeneratedClass '/Game/Book/Maps/GamePlay.GamePlay_C' with ClassGeneratedBy '/Game/Book/Maps/GamePlay.GamePlay:PersistentLevel.GamePlay'
[2023.02.16-13.14.50:118][657]LogPlayLevel: PlayLevel: No blueprints needed recompiling
[2023.02.16-13.14.50:118][657]PIE: New page: PIE 세션: GamePlay (2023. 2. 17. 오전 7:14:50)
[2023.02.16-13.14.50:130][657]LogPlayLevel: Creating play world package: /Game/Book/Maps/UEDPIE_0_GamePlay
[2023.02.16-13.14.50:134][657]LogPlayLevel: PIE: StaticDuplicateObject took: (0.003581s)
[2023.02.16-13.14.50:134][657]LogAIModule: Creating AISystem for world GamePlay
[2023.02.16-13.14.50:135][657]LogPlayLevel: PIE: World Init took: (0.000934s)
[2023.02.16-13.14.50:135][657]LogPlayLevel: PIE: Created PIE world by copying editor world from /Game/Book/Maps/GamePlay.GamePlay to /Game/Book/Maps/UEDPIE_0_GamePlay.GamePlay (0.004763s)
[2023.02.16-13.14.50:156][657]LogUObjectHash: Compacting FUObjectHashTables data took   1.62ms
[2023.02.16-13.14.50:188][657]LogInit: XAudio2 using 'Headphones(High Definition Audio Device)' : 2 channels at 48 kHz using 16 bits per sample (channel mask 0x3)
[2023.02.16-13.14.50:206][657]LogInit: FAudioDevice initialized.
[2023.02.16-13.14.50:249][657]LogLoad: Game class is 'ABGameMode'
[2023.02.16-13.14.50:251][657]LogWorld: Bringing World /Game/Book/Maps/UEDPIE_0_GamePlay.GamePlay up for play (max tick rate 0) at 2023.02.16-22.14.50
[2023.02.16-13.14.50:251][657]LogOutputDevice: Warning: 

Script Stack (0 frames):

[2023.02.16-13.14.50:251][657]LogWindows: Windows GetLastError: 작업을 완료했습니다. (0)
[2023.02.16-13.14.51:579][657]LogWindows: Error: === Critical error: ===
[2023.02.16-13.14.51:579][657]LogWindows: Error: 
[2023.02.16-13.14.51:579][657]LogWindows: Error: Fatal error: [File:D:\Build\++UE4\Sync\Engine\Source\Runtime\Engine\Private\Level.cpp] [Line: 1849] 
[2023.02.16-13.14.51:579][657]LogWindows: Error: ABGameMode /Game/Book/Maps/UEDPIE_0_GamePlay.GamePlay:PersistentLevel.ABGameMode_0 failed to route PostInitializeComponents.  Please call Super::PostInitializeComponents() in your <className>::PostInitializeComponents() function. 
[2023.02.16-13.14.51:579][657]LogWindows: Error: 
[2023.02.16-13.14.51:579][657]LogWindows: Error: 
[2023.02.16-13.14.51:579][657]LogWindows: Error: [Callstack] 0x00007ffb23c8cd29 KERNELBASE.dll!UnknownFunction []
[2023.02.16-13.14.51:579][657]LogWindows: Error: [Callstack] 0x00007ffaf0f51f37 UE4Editor-Core.dll!UnknownFunction []
[2023.02.16-13.14.51:579][657]LogWindows: Error: [Callstack] 0x00007ffaf0f546e7 UE4Editor-Core.dll!UnknownFunction []
[2023.02.16-13.14.51:579][657]LogWindows: Error: [Callstack] 0x00007ffaf0d67d1a UE4Editor-Core.dll!UnknownFunction []
[2023.02.16-13.14.51:579][657]LogWindows: Error: [Callstack] 0x00007ffaf0cefe33 UE4Editor-Core.dll!UnknownFunction []
[2023.02.16-13.14.51:579][657]LogWindows: Error: [Callstack] 0x00007ffaf0cefd18 UE4Editor-Core.dll!UnknownFunction []
[2023.02.16-13.14.51:579][657]LogWindows: Error: [Callstack] 0x00007ffaee57d869 UE4Editor-Engine.dll!UnknownFunction []
[2023.02.16-13.14.51:579][657]LogWindows: Error: [Callstack] 0x00007ffaeee2dccf UE4Editor-Engine.dll!UnknownFunction []
[2023.02.16-13.14.51:579][657]LogWindows: Error: [Callstack] 0x00007ffaee38981a UE4Editor-Engine.dll!UnknownFunction []
[2023.02.16-13.14.51:579][657]LogWindows: Error: [Callstack] 0x00007ffaecdbbe44 UE4Editor-UnrealEd.dll!UnknownFunction []
[2023.02.16-13.14.51:579][657]LogWindows: Error: [Callstack] 0x00007ffaecddb044 UE4Editor-UnrealEd.dll!UnknownFunction []
[2023.02.16-13.14.51:579][657]LogWindows: Error: [Callstack] 0x00007ffaecdf319f UE4Editor-UnrealEd.dll!UnknownFunction []
[2023.02.16-13.14.51:579][657]LogWindows: Error: [Callstack] 0x00007ffaec8cfc4a UE4Editor-UnrealEd.dll!UnknownFunction []
[2023.02.16-13.14.51:579][657]LogWindows: Error: [Callstack] 0x00007ffaed0ed396 UE4Editor-UnrealEd.dll!UnknownFunction []
[2023.02.16-13.14.51:579][657]LogWindows: Error: [Callstack] 0x00007ff6ed576bb1 UE4Editor.exe!UnknownFunction []
[2023.02.16-13.14.51:579][657]LogWindows: Error: [Callstack] 0x00007ff6ed58554c UE4Editor.exe!UnknownFunction []
[2023.02.16-13.14.51:579][657]LogWindows: Error: [Callstack] 0x00007ff6ed5855ca UE4Editor.exe!UnknownFunction []
[2023.02.16-13.14.51:579][657]LogWindows: Error: [Callstack] 0x00007ff6ed59316c UE4Editor.exe!UnknownFunction []
[2023.02.16-13.14.51:579][657]LogWindows: Error: [Callstack] 0x00007ff6ed595b8e UE4Editor.exe!UnknownFunction []
[2023.02.16-13.14.51:579][657]LogWindows: Error: [Callstack] 0x00007ffb25d67614 KERNEL32.DLL!UnknownFunction []
[2023.02.16-13.14.51:579][657]LogWindows: Error: [Callstack] 0x00007ffb265226a1 ntdll.dll!UnknownFunction []
[2023.02.16-13.14.51:580][657]LogWindows: Error: 
[2023.02.16-13.14.51:620][657]LogExit: Executing StaticShutdownAfterError
[2023.02.16-13.14.51:623][657]LogWindows: FPlatformMisc::RequestExit(1)
[2023.02.16-13.14.51:644][657]Log file closed, 02/16/23 22:14:51
