Log file open, 02/14/23 16:06:11
LogWindows: Failed to load 'aqProf.dll' (GetLastError=126)
LogWindows: File 'aqProf.dll' does not exist
LogWindows: Failed to load 'VtuneApi.dll' (GetLastError=126)
LogWindows: File 'VtuneApi.dll' does not exist
LogWindows: Failed to load 'VtuneApi32e.dll' (GetLastError=126)
LogWindows: File 'VtuneApi32e.dll' does not exist
LogConsoleResponse: Display: Failed to find resolution value strings in scalability ini. Falling back to default.
LogInit: Display: Running engine for game: ArenaBattle
LogPakFile: Registered encryption key '00000000000000000000000000000000': 0 pak files mounted, 0 remain pending
LogPlatformFile: Not using cached read wrapper
LogTaskGraph: Started task graph with 5 named threads and 20 total threads with 3 sets of task threads.
LogStats: Stats thread started at 0.297821
LogD3D11RHI: Loaded GFSDK_Aftermath_Lib.x64.dll
LogICUInternationalization: ICU TimeZone Detection - Raw Offset: +9:00, Platform Override: ''
LogPluginManager: Mounting plugin Paper2D
LogPluginManager: Mounting plugin AISupport
LogPluginManager: Mounting plugin LightPropagationVolume
LogPluginManager: Mounting plugin ActorLayerUtilities
LogPluginManager: Mounting plugin AnimationSharing
LogPluginManager: Mounting plugin CLionSourceCodeAccess
LogPluginManager: Mounting plugin CodeLiteSourceCodeAccess
LogPluginManager: Mounting plugin GitSourceControl
LogPluginManager: Mounting plugin KDevelopSourceCodeAccess
LogPluginManager: Mounting plugin NullSourceCodeAccess
LogPluginManager: Mounting plugin PerforceSourceControl
LogPluginManager: Mounting plugin SubversionSourceControl
LogPluginManager: Mounting plugin UObjectPlugin
LogPluginManager: Mounting plugin VisualStudioCodeSourceCodeAccess
LogPluginManager: Mounting plugin VisualStudioSourceCodeAccess
LogPluginManager: Mounting plugin XCodeSourceCodeAccess
LogPluginManager: Mounting plugin AssetManagerEditor
LogPluginManager: Mounting plugin CryptoKeys
LogPluginManager: Mounting plugin DataValidation
LogPluginManager: Mounting plugin FacialAnimation
LogPluginManager: Mounting plugin GameplayTagsEditor
LogPluginManager: Mounting plugin MacGraphicsSwitching
LogPluginManager: Mounting plugin MaterialAnalyzer
LogPluginManager: Mounting plugin MobileLauncherProfileWizard
LogPluginManager: Mounting plugin PluginBrowser
LogPluginManager: Mounting plugin SpeedTreeImporter
LogPluginManager: Mounting plugin DatasmithContent
LogPluginManager: Mounting plugin VariantManagerContent
LogPluginManager: Mounting plugin AlembicImporter
LogPluginManager: Mounting plugin AppleImageUtils
LogPluginManager: Mounting plugin AppleVision
LogPluginManager: Mounting plugin BackChannel
LogPluginManager: Mounting plugin CharacterAI
LogPluginManager: Mounting plugin GeometryCache
LogPluginManager: Mounting plugin HTML5Networking
LogPluginManager: Mounting plugin ProxyLODPlugin
LogPluginManager: Mounting plugin SkeletalReduction
LogPluginManager: Mounting plugin MagicLeap
LogPluginManager: Mounting plugin MagicLeapMedia
LogPluginManager: Mounting plugin AndroidMedia
LogPluginManager: Mounting plugin AvfMedia
LogPluginManager: Mounting plugin ImgMedia
LogPluginManager: Mounting plugin LinearTimecode
LogPluginManager: Mounting plugin MediaCompositing
LogPluginManager: Mounting plugin MediaPlayerEditor
LogPluginManager: Mounting plugin WebMMedia
LogPluginManager: Mounting plugin WmfMedia
LogPluginManager: Mounting plugin TcpMessaging
LogPluginManager: Mounting plugin UdpMessaging
LogPluginManager: Mounting plugin ActorSequence
LogPluginManager: Mounting plugin LevelSequenceEditor
LogPluginManager: Mounting plugin MatineeToLevelSequence
LogPluginManager: Mounting plugin NetcodeUnitTest
LogPluginManager: Mounting plugin NUTUnrealEngine4
LogPluginManager: Mounting plugin OnlineSubsystemGooglePlay
LogPluginManager: Mounting plugin OnlineSubsystemIOS
LogPluginManager: Mounting plugin OnlineSubsystem
LogPluginManager: Mounting plugin OnlineSubsystemNull
LogPluginManager: Mounting plugin OnlineSubsystemUtils
LogPluginManager: Mounting plugin LauncherChunkInstaller
LogPluginManager: Mounting plugin AndroidDeviceProfileSelector
LogPluginManager: Mounting plugin AndroidMoviePlayer
LogPluginManager: Mounting plugin AndroidPermission
LogPluginManager: Mounting plugin AppleMoviePlayer
LogPluginManager: Mounting plugin ArchVisCharacter
LogPluginManager: Mounting plugin AudioCapture
LogPluginManager: Mounting plugin CableComponent
LogPluginManager: Mounting plugin CustomMeshComponent
LogPluginManager: Mounting plugin EditableMesh
LogPluginManager: Mounting plugin ExampleDeviceProfileSelector
LogPluginManager: Mounting plugin Firebase
LogPluginManager: Mounting plugin GoogleCloudMessaging
LogPluginManager: Mounting plugin IOSDeviceProfileSelector
LogPluginManager: Mounting plugin LinuxDeviceProfileSelector
LogPluginManager: Mounting plugin LocationServicesBPLibrary
LogPluginManager: Mounting plugin MobilePatchingUtils
LogPluginManager: Mounting plugin OculusVR
LogPluginManager: Mounting plugin PhysXVehicles
LogPluginManager: Mounting plugin ProceduralMeshComponent
LogPluginManager: Mounting plugin RuntimePhysXCooking
LogPluginManager: Mounting plugin SignificanceManager
LogPluginManager: Mounting plugin SteamVR
LogPluginManager: Mounting plugin WebMMoviePlayer
LogPluginManager: Mounting plugin WindowsMoviePlayer
LogInit: Using libcurl 7.55.1-DEV
LogInit:  - built for x86_64-pc-win32
LogInit:  - supports SSL with OpenSSL/1.1.1
LogInit:  - supports HTTP deflate (compression) using libz 1.2.8
LogInit:  - other features:
LogInit:      CURL_VERSION_SSL
LogInit:      CURL_VERSION_LIBZ
LogInit:      CURL_VERSION_IPV6
LogInit:      CURL_VERSION_ASYNCHDNS
LogInit:      CURL_VERSION_LARGEFILE
LogInit:      CURL_VERSION_IDN
LogInit:  CurlRequestOptions (configurable via config and command line):
LogInit:  - bVerifyPeer = true  - Libcurl will verify peer certificate
LogInit:  - bUseHttpProxy = false  - Libcurl will NOT use HTTP proxy
LogInit:  - bDontReuseConnections = false  - Libcurl will reuse connections
LogInit:  - MaxHostConnections = 16  - Libcurl will limit the number of connections to a host
LogInit:  - LocalHostAddr = Default
LogInit:  - BufferSize = 65536
LogInit: WinSock: version 1.1 (2.2), MaxSocks=32767, MaxUdp=65467
LogInit: Build: ++UE4+Release-4.22-CL-7053642
LogInit: Engine Version: 4.22.3-7053642+++UE4+Release-4.22
LogInit: Compatible Engine Version: 4.22.0-5660361+++UE4+Release-4.22
LogInit: Net CL: 5660361
LogInit: OS: Windows 10 (Release 2009) (), CPU: AMD Ryzen 5 3500X 6-Core Processor             , GPU: NVIDIA GeForce GTX 1660 SUPER
LogInit: Compiled (64-bit): Jun 18 2019 03:09:11
LogInit: Compiled with Visual C++: 19.16.27025.01
LogInit: Build Configuration: Development
LogInit: Branch Name: ++UE4+Release-4.22
LogInit: Command Line: 
LogInit: Base Directory: C:/Program Files/Epic Games/UE_4.22/Engine/Binaries/Win64/
LogInit: Installed Engine Build: 1
LogDevObjectVersion: Number of dev versions registered: 23
LogDevObjectVersion:   Dev-Blueprints (B0D832E4-1F89-4F0D-ACCF-7EB736FD4AA2): 10
LogDevObjectVersion:   Dev-Build (E1C64328-A22C-4D53-A36C-8E866417BD8C): 0
LogDevObjectVersion:   Dev-Core (375EC13C-06E4-48FB-B500-84F0262A717E): 3
LogDevObjectVersion:   Dev-Editor (E4B068ED-F494-42E9-A231-DA0B2E46BB41): 30
LogDevObjectVersion:   Dev-Framework (CFFC743F-43B0-4480-9391-14DF171D2073): 35
LogDevObjectVersion:   Dev-Mobile (B02B49B5-BB20-44E9-A304-32B752E40360): 2
LogDevObjectVersion:   Dev-Networking (A4E4105C-59A1-49B5-A7C5-40C4547EDFEE): 0
LogDevObjectVersion:   Dev-Online (39C831C9-5AE6-47DC-9A44-9C173E1C8E7C): 0
LogDevObjectVersion:   Dev-Physics (78F01B33-EBEA-4F98-B9B4-84EACCB95AA2): 0
LogDevObjectVersion:   Dev-Platform (6631380F-2D4D-43E0-8009-CF276956A95A): 0
LogDevObjectVersion:   Dev-Rendering (12F88B9F-8875-4AFC-A67C-D90C383ABD29): 28
LogDevObjectVersion:   Dev-Sequencer (7B5AE74C-D270-4C10-A958-57980B212A5A): 11
LogDevObjectVersion:   Dev-VR (D7296918-1DD6-4BDD-9DE2-64A83CC13884): 2
LogDevObjectVersion:   Dev-LoadTimes (C2A15278-BFE7-4AFE-6C17-90FF531DF755): 1
LogDevObjectVersion:   Private-Geometry (6EACA3D4-40EC-4CC1-B786-8BED09428FC5): 3
LogDevObjectVersion:   Dev-AnimPhys (29E575DD-E0A3-4627-9D10-D276232CDCEA): 17
LogDevObjectVersion:   Dev-Anim (AF43A65D-7FD3-4947-9873-3E8ED9C1BB05): 2
LogDevObjectVersion:   Dev-ReflectionCapture (6B266CEC-1EC7-4B8F-A30B-E4D90942FC07): 1
LogDevObjectVersion:   Dev-Automation (0DF73D61-A23F-47EA-B727-89E90C41499A): 1
LogDevObjectVersion:   FortniteMain (601D1886-AC64-4F84-AA16-D3DE0DEAC7D6): 25
LogDevObjectVersion:   Dev-Enterprise (9DFFBCD6-494F-0158-E221-12823C92A888): 6
LogDevObjectVersion:   Dev-Niagara (F2AED0AC-9AFE-416F-8664-AA7FFA26D6FC): 1
LogDevObjectVersion:   Dev-Destruction (174F1F0B-B4C6-45A5-B13F-2EE8D0FB917D): 2
LogInit: Presizing for max 16777216 objects, including 0 objects not considered by GC, pre-allocating 0 bytes for permanent pool.
LogInit: Object subsystem initialized
LogConfig: Setting CVar [[con.DebugEarlyDefault:1]]
LogConfig: Setting CVar [[r.setres:1280x720]]
[2023.02.14-07.06.11:838][  0]LogConfig: Setting CVar [[r.VSync:0]]
[2023.02.14-07.06.11:838][  0]LogConfig: Setting CVar [[r.RHICmdBypass:0]]
[2023.02.14-07.06.11:838][  0]LogConfig: Applying CVar settings from Section [/Script/Engine.RendererSettings] File [D:/git/ArenaBattle/ArenaBattle/Saved/Config/Windows/Engine.ini]
[2023.02.14-07.06.11:838][  0]LogConfig: Setting CVar [[r.GPUCrashDebugging:0]]
[2023.02.14-07.06.11:838][  0]LogConfig: Applying CVar settings from Section [/Script/Engine.RendererOverrideSettings] File [D:/git/ArenaBattle/ArenaBattle/Saved/Config/Windows/Engine.ini]
[2023.02.14-07.06.11:838][  0]LogConfig: Applying CVar settings from Section [/Script/Engine.StreamingSettings] File [D:/git/ArenaBattle/ArenaBattle/Saved/Config/Windows/Engine.ini]
[2023.02.14-07.06.11:838][  0]LogConfig: Setting CVar [[s.MinBulkDataSizeForAsyncLoading:131072]]
[2023.02.14-07.06.11:838][  0]LogConfig: Setting CVar [[s.AsyncLoadingThreadEnabled:0]]
[2023.02.14-07.06.11:839][  0]LogConfig: Setting CVar [[s.EventDrivenLoaderEnabled:1]]
[2023.02.14-07.06.11:839][  0]LogConfig: Setting CVar [[s.WarnIfTimeLimitExceeded:0]]
[2023.02.14-07.06.11:839][  0]LogConfig: Setting CVar [[s.TimeLimitExceededMultiplier:1.5]]
[2023.02.14-07.06.11:839][  0]LogConfig: Setting CVar [[s.TimeLimitExceededMinTime:0.005]]
[2023.02.14-07.06.11:839][  0]LogConfig: Setting CVar [[s.UseBackgroundLevelStreaming:1]]
[2023.02.14-07.06.11:839][  0]LogConfig: Setting CVar [[s.PriorityAsyncLoadingExtraTime:15.0]]
[2023.02.14-07.06.11:839][  0]LogConfig: Setting CVar [[s.LevelStreamingActorsUpdateTimeLimit:5.0]]
[2023.02.14-07.06.11:839][  0]LogConfig: Setting CVar [[s.PriorityLevelStreamingActorsUpdateExtraTime:5.0]]
[2023.02.14-07.06.11:839][  0]LogConfig: Setting CVar [[s.LevelStreamingComponentsRegistrationGranularity:10]]
[2023.02.14-07.06.11:839][  0]LogConfig: Setting CVar [[s.UnregisterComponentsTimeLimit:1.0]]
[2023.02.14-07.06.11:839][  0]LogConfig: Setting CVar [[s.LevelStreamingComponentsUnregistrationGranularity:5]]
[2023.02.14-07.06.11:839][  0]LogConfig: Applying CVar settings from Section [/Script/Engine.GarbageCollectionSettings] File [D:/git/ArenaBattle/ArenaBattle/Saved/Config/Windows/Engine.ini]
[2023.02.14-07.06.11:839][  0]LogConfig: Setting CVar [[gc.MaxObjectsNotConsideredByGC:1]]
[2023.02.14-07.06.11:839][  0]LogConfig: Setting CVar [[gc.SizeOfPermanentObjectPool:0]]
[2023.02.14-07.06.11:839][  0]LogConfig: Setting CVar [[gc.FlushStreamingOnGC:0]]
[2023.02.14-07.06.11:839][  0]LogConfig: Setting CVar [[gc.NumRetriesBeforeForcingGC:10]]
[2023.02.14-07.06.11:839][  0]LogConfig: Setting CVar [[gc.AllowParallelGC:1]]
[2023.02.14-07.06.11:839][  0]LogConfig: Setting CVar [[gc.TimeBetweenPurgingPendingKillObjects:61.1]]
[2023.02.14-07.06.11:839][  0]LogConfig: Setting CVar [[gc.MaxObjectsInEditor:16777216]]
[2023.02.14-07.06.11:839][  0]LogConfig: Setting CVar [[gc.IncrementalBeginDestroyEnabled:1]]
[2023.02.14-07.06.11:839][  0]LogConfig: Setting CVar [[gc.CreateGCClusters:1]]
[2023.02.14-07.06.11:839][  0]LogConfig: Setting CVar [[gc.MinGCClusterSize:5]]
[2023.02.14-07.06.11:839][  0]LogConfig: Setting CVar [[gc.ActorClusteringEnabled:0]]
[2023.02.14-07.06.11:839][  0]LogConfig: Setting CVar [[gc.BlueprintClusteringEnabled:0]]
[2023.02.14-07.06.11:839][  0]LogConfig: Setting CVar [[gc.UseDisregardForGCOnDedicatedServers:0]]
[2023.02.14-07.06.11:839][  0]LogConfig: Applying CVar settings from Section [/Script/Engine.NetworkSettings] File [D:/git/ArenaBattle/ArenaBattle/Saved/Config/Windows/Engine.ini]
[2023.02.14-07.06.11:839][  0]LogConfig: Applying CVar settings from Section [/Script/UnrealEd.CookerSettings] File [D:/git/ArenaBattle/ArenaBattle/Saved/Config/Windows/Engine.ini]
[2023.02.14-07.06.11:844][  0]LogConfig: Applying CVar settings from Section [ViewDistanceQuality@3] File [D:/git/ArenaBattle/ArenaBattle/Saved/Config/Windows/Scalability.ini]
[2023.02.14-07.06.11:844][  0]LogConfig: Setting CVar [[r.SkeletalMeshLODBias:0]]
[2023.02.14-07.06.11:844][  0]LogConfig: Setting CVar [[r.ViewDistanceScale:1.0]]
[2023.02.14-07.06.11:844][  0]LogConfig: Applying CVar settings from Section [AntiAliasingQuality@3] File [D:/git/ArenaBattle/ArenaBattle/Saved/Config/Windows/Scalability.ini]
[2023.02.14-07.06.11:844][  0]LogConfig: Setting CVar [[r.PostProcessAAQuality:4]]
[2023.02.14-07.06.11:844][  0]LogConfig: Applying CVar settings from Section [ShadowQuality@3] File [D:/git/ArenaBattle/ArenaBattle/Saved/Config/Windows/Scalability.ini]
[2023.02.14-07.06.11:844][  0]LogConfig: Setting CVar [[r.LightFunctionQuality:1]]
[2023.02.14-07.06.11:844][  0]LogConfig: Setting CVar [[r.ShadowQuality:5]]
[2023.02.14-07.06.11:844][  0]LogConfig: Setting CVar [[r.Shadow.CSM.MaxCascades:10]]
[2023.02.14-07.06.11:844][  0]LogConfig: Setting CVar [[r.Shadow.MaxResolution:2048]]
[2023.02.14-07.06.11:844][  0]LogConfig: Setting CVar [[r.Shadow.MaxCSMResolution:2048]]
[2023.02.14-07.06.11:844][  0]LogConfig: Setting CVar [[r.Shadow.RadiusThreshold:0.01]]
[2023.02.14-07.06.11:844][  0]LogConfig: Setting CVar [[r.Shadow.DistanceScale:1.0]]
[2023.02.14-07.06.11:844][  0]LogConfig: Setting CVar [[r.Shadow.CSM.TransitionScale:1.0]]
[2023.02.14-07.06.11:844][  0]LogConfig: Setting CVar [[r.Shadow.PreShadowResolutionFactor:1.0]]
[2023.02.14-07.06.11:844][  0]LogConfig: Setting CVar [[r.DistanceFieldShadowing:1]]
[2023.02.14-07.06.11:844][  0]LogConfig: Setting CVar [[r.DistanceFieldAO:1]]
[2023.02.14-07.06.11:844][  0]LogConfig: Setting CVar [[r.AOQuality:2]]
[2023.02.14-07.06.11:844][  0]LogConfig: Setting CVar [[r.VolumetricFog:1]]
[2023.02.14-07.06.11:844][  0]LogConfig: Setting CVar [[r.VolumetricFog.GridPixelSize:8]]
[2023.02.14-07.06.11:844][  0]LogConfig: Setting CVar [[r.VolumetricFog.GridSizeZ:128]]
[2023.02.14-07.06.11:844][  0]LogConfig: Setting CVar [[r.VolumetricFog.HistoryMissSupersampleCount:4]]
[2023.02.14-07.06.11:844][  0]LogConfig: Setting CVar [[r.LightMaxDrawDistanceScale:1]]
[2023.02.14-07.06.11:844][  0]LogConfig: Setting CVar [[r.CapsuleShadows:1]]
[2023.02.14-07.06.11:844][  0]LogConfig: Applying CVar settings from Section [PostProcessQuality@3] File [D:/git/ArenaBattle/ArenaBattle/Saved/Config/Windows/Scalability.ini]
[2023.02.14-07.06.11:844][  0]LogConfig: Setting CVar [[r.MotionBlurQuality:4]]
[2023.02.14-07.06.11:844][  0]LogConfig: Setting CVar [[r.AmbientOcclusionMipLevelFactor:0.4]]
[2023.02.14-07.06.11:844][  0]LogConfig: Setting CVar [[r.AmbientOcclusionMaxQuality:100]]
[2023.02.14-07.06.11:844][  0]LogConfig: Setting CVar [[r.AmbientOcclusionLevels:-1]]
[2023.02.14-07.06.11:844][  0]LogConfig: Setting CVar [[r.AmbientOcclusionRadiusScale:1.0]]
[2023.02.14-07.06.11:844][  0]LogConfig: Setting CVar [[r.DepthOfFieldQuality:2]]
[2023.02.14-07.06.11:844][  0]LogConfig: Setting CVar [[r.RenderTargetPoolMin:400]]
[2023.02.14-07.06.11:844][  0]LogConfig: Setting CVar [[r.LensFlareQuality:2]]
[2023.02.14-07.06.11:844][  0]LogConfig: Setting CVar [[r.SceneColorFringeQuality:1]]
[2023.02.14-07.06.11:844][  0]LogConfig: Setting CVar [[r.EyeAdaptationQuality:2]]
[2023.02.14-07.06.11:844][  0]LogConfig: Setting CVar [[r.BloomQuality:5]]
[2023.02.14-07.06.11:844][  0]LogConfig: Setting CVar [[r.FastBlurThreshold:100]]
[2023.02.14-07.06.11:844][  0]LogConfig: Setting CVar [[r.Upscale.Quality:3]]
[2023.02.14-07.06.11:844][  0]LogConfig: Setting CVar [[r.Tonemapper.GrainQuantization:1]]
[2023.02.14-07.06.11:845][  0]LogConfig: Setting CVar [[r.LightShaftQuality:1]]
[2023.02.14-07.06.11:845][  0]LogConfig: Setting CVar [[r.Filter.SizeScale:1]]
[2023.02.14-07.06.11:845][  0]LogConfig: Setting CVar [[r.Tonemapper.Quality:5]]
[2023.02.14-07.06.11:845][  0]LogConfig: Setting CVar [[r.DOF.Gather.AccumulatorQuality:1        ; higher gathering accumulator quality]]
[2023.02.14-07.06.11:845][  0]LogConfig: Setting CVar [[r.DOF.Gather.PostfilterMethod:1          ; Median3x3 postfilering method]]
[2023.02.14-07.06.11:845][  0]LogConfig: Setting CVar [[r.DOF.Gather.EnableBokehSettings:0       ; no bokeh simulation when gathering]]
[2023.02.14-07.06.11:845][  0]LogConfig: Setting CVar [[r.DOF.Gather.RingCount:4                 ; medium number of samples when gathering]]
[2023.02.14-07.06.11:845][  0]LogConfig: Setting CVar [[r.DOF.Scatter.ForegroundCompositing:1    ; additive foreground scattering]]
[2023.02.14-07.06.11:845][  0]LogConfig: Setting CVar [[r.DOF.Scatter.BackgroundCompositing:2    ; additive background scattering]]
[2023.02.14-07.06.11:845][  0]LogConfig: Setting CVar [[r.DOF.Scatter.EnableBokehSettings:1      ; bokeh simulation when scattering]]
[2023.02.14-07.06.11:845][  0]LogConfig: Setting CVar [[r.DOF.Scatter.MaxSpriteRatio:0.1         ; only a maximum of 10% of scattered bokeh]]
[2023.02.14-07.06.11:845][  0]LogConfig: Setting CVar [[r.DOF.Recombine.Quality:1                ; cheap slight out of focus]]
[2023.02.14-07.06.11:845][  0]LogConfig: Setting CVar [[r.DOF.Recombine.EnableBokehSettings:0    ; no bokeh simulation on slight out of focus]]
[2023.02.14-07.06.11:845][  0]LogConfig: Setting CVar [[r.DOF.TemporalAAQuality:1                ; more stable temporal accumulation]]
[2023.02.14-07.06.11:845][  0]LogConfig: Setting CVar [[r.DOF.Kernel.MaxForegroundRadius:0.025]]
[2023.02.14-07.06.11:845][  0]LogConfig: Setting CVar [[r.DOF.Kernel.MaxBackgroundRadius:0.025]]
[2023.02.14-07.06.11:845][  0]LogConfig: Applying CVar settings from Section [TextureQuality@3] File [D:/git/ArenaBattle/ArenaBattle/Saved/Config/Windows/Scalability.ini]
[2023.02.14-07.06.11:845][  0]LogConfig: Setting CVar [[r.Streaming.MipBias:0]]
[2023.02.14-07.06.11:845][  0]LogConfig: Setting CVar [[r.Streaming.AmortizeCPUToGPUCopy:0]]
[2023.02.14-07.06.11:845][  0]LogConfig: Setting CVar [[r.Streaming.MaxNumTexturesToStreamPerFrame:0]]
[2023.02.14-07.06.11:845][  0]LogConfig: Setting CVar [[r.Streaming.Boost:1]]
[2023.02.14-07.06.11:845][  0]LogConfig: Setting CVar [[r.MaxAnisotropy:8]]
[2023.02.14-07.06.11:845][  0]LogConfig: Setting CVar [[r.Streaming.LimitPoolSizeToVRAM:0]]
[2023.02.14-07.06.11:845][  0]LogConfig: Setting CVar [[r.Streaming.PoolSize:1000]]
[2023.02.14-07.06.11:845][  0]LogConfig: Setting CVar [[r.Streaming.MaxEffectiveScreenSize:0]]
[2023.02.14-07.06.11:845][  0]LogConfig: Applying CVar settings from Section [EffectsQuality@3] File [D:/git/ArenaBattle/ArenaBattle/Saved/Config/Windows/Scalability.ini]
[2023.02.14-07.06.11:845][  0]LogConfig: Setting CVar [[r.TranslucencyLightingVolumeDim:64]]
[2023.02.14-07.06.11:845][  0]LogConfig: Setting CVar [[r.RefractionQuality:2]]
[2023.02.14-07.06.11:845][  0]LogConfig: Setting CVar [[r.SSR.Quality:3]]
[2023.02.14-07.06.11:845][  0]LogConfig: Setting CVar [[r.SceneColorFormat:4]]
[2023.02.14-07.06.11:845][  0]LogConfig: Setting CVar [[r.DetailMode:2]]
[2023.02.14-07.06.11:845][  0]LogConfig: Setting CVar [[r.TranslucencyVolumeBlur:1]]
[2023.02.14-07.06.11:845][  0]LogConfig: Setting CVar [[r.MaterialQualityLevel:1 ; High quality]]
[2023.02.14-07.06.11:845][  0]LogConfig: Setting CVar [[r.SSS.Scale:1]]
[2023.02.14-07.06.11:845][  0]LogConfig: Setting CVar [[r.SSS.SampleSet:2]]
[2023.02.14-07.06.11:845][  0]LogConfig: Setting CVar [[r.SSS.Quality:1]]
[2023.02.14-07.06.11:845][  0]LogConfig: Setting CVar [[r.SSS.HalfRes:1]]
[2023.02.14-07.06.11:845][  0]LogConfig: Setting CVar [[r.EmitterSpawnRateScale:1.0]]
[2023.02.14-07.06.11:845][  0]LogConfig: Setting CVar [[r.ParticleLightQuality:2]]
[2023.02.14-07.06.11:845][  0]LogConfig: Applying CVar settings from Section [FoliageQuality@3] File [D:/git/ArenaBattle/ArenaBattle/Saved/Config/Windows/Scalability.ini]
[2023.02.14-07.06.11:845][  0]LogConfig: Setting CVar [[foliage.DensityScale:1.0]]
[2023.02.14-07.06.11:845][  0]LogConfig: Setting CVar [[grass.DensityScale:1.0]]
[2023.02.14-07.06.11:845][  0]LogInit: Selected Device Profile: [Windows]
[2023.02.14-07.06.11:845][  0]LogInit: Applying CVar settings loaded from the selected device profile: [Windows]
[2023.02.14-07.06.11:853][  0]LogHAL: Display: Platform has ~ 16 GB [17126916096 / 17179869184 / 16], which maps to Larger [LargestMinGB=32, LargerMinGB=12, DefaultMinGB=8, SmallerMinGB=6, SmallestMinGB=0)
[2023.02.14-07.06.11:853][  0]LogConfig: Setting CVar [[r.Vulkan.UseRealUBs:0		; Required until we fix HLR fall-out]]
[2023.02.14-07.06.11:853][  0]LogInit: Going up to parent DeviceProfile []
[2023.02.14-07.06.11:853][  0]LogConfig: Applying CVar settings from Section [ViewDistanceQuality@3] File [D:/git/ArenaBattle/ArenaBattle/Saved/Config/Windows/Scalability.ini]
[2023.02.14-07.06.11:853][  0]LogConfig: Setting CVar [[r.SkeletalMeshLODBias:0]]
[2023.02.14-07.06.11:853][  0]LogConfig: Setting CVar [[r.ViewDistanceScale:1.0]]
[2023.02.14-07.06.11:853][  0]LogConfig: Applying CVar settings from Section [AntiAliasingQuality@3] File [D:/git/ArenaBattle/ArenaBattle/Saved/Config/Windows/Scalability.ini]
[2023.02.14-07.06.11:853][  0]LogConfig: Setting CVar [[r.PostProcessAAQuality:4]]
[2023.02.14-07.06.11:853][  0]LogConfig: Applying CVar settings from Section [ShadowQuality@3] File [D:/git/ArenaBattle/ArenaBattle/Saved/Config/Windows/Scalability.ini]
[2023.02.14-07.06.11:853][  0]LogConfig: Setting CVar [[r.LightFunctionQuality:1]]
[2023.02.14-07.06.11:853][  0]LogConfig: Setting CVar [[r.ShadowQuality:5]]
[2023.02.14-07.06.11:853][  0]LogConfig: Setting CVar [[r.Shadow.CSM.MaxCascades:10]]
[2023.02.14-07.06.11:853][  0]LogConfig: Setting CVar [[r.Shadow.MaxResolution:2048]]
[2023.02.14-07.06.11:853][  0]LogConfig: Setting CVar [[r.Shadow.MaxCSMResolution:2048]]
[2023.02.14-07.06.11:853][  0]LogConfig: Setting CVar [[r.Shadow.RadiusThreshold:0.01]]
[2023.02.14-07.06.11:853][  0]LogConfig: Setting CVar [[r.Shadow.DistanceScale:1.0]]
[2023.02.14-07.06.11:853][  0]LogConfig: Setting CVar [[r.Shadow.CSM.TransitionScale:1.0]]
[2023.02.14-07.06.11:853][  0]LogConfig: Setting CVar [[r.Shadow.PreShadowResolutionFactor:1.0]]
[2023.02.14-07.06.11:853][  0]LogConfig: Setting CVar [[r.DistanceFieldShadowing:1]]
[2023.02.14-07.06.11:853][  0]LogConfig: Setting CVar [[r.DistanceFieldAO:1]]
[2023.02.14-07.06.11:853][  0]LogConfig: Setting CVar [[r.AOQuality:2]]
[2023.02.14-07.06.11:853][  0]LogConfig: Setting CVar [[r.VolumetricFog:1]]
[2023.02.14-07.06.11:853][  0]LogConfig: Setting CVar [[r.VolumetricFog.GridPixelSize:8]]
[2023.02.14-07.06.11:853][  0]LogConfig: Setting CVar [[r.VolumetricFog.GridSizeZ:128]]
[2023.02.14-07.06.11:853][  0]LogConfig: Setting CVar [[r.VolumetricFog.HistoryMissSupersampleCount:4]]
[2023.02.14-07.06.11:853][  0]LogConfig: Setting CVar [[r.LightMaxDrawDistanceScale:1]]
[2023.02.14-07.06.11:853][  0]LogConfig: Setting CVar [[r.CapsuleShadows:1]]
[2023.02.14-07.06.11:853][  0]LogConfig: Applying CVar settings from Section [PostProcessQuality@3] File [D:/git/ArenaBattle/ArenaBattle/Saved/Config/Windows/Scalability.ini]
[2023.02.14-07.06.11:853][  0]LogConfig: Setting CVar [[r.MotionBlurQuality:4]]
[2023.02.14-07.06.11:853][  0]LogConfig: Setting CVar [[r.AmbientOcclusionMipLevelFactor:0.4]]
[2023.02.14-07.06.11:853][  0]LogConfig: Setting CVar [[r.AmbientOcclusionMaxQuality:100]]
[2023.02.14-07.06.11:853][  0]LogConfig: Setting CVar [[r.AmbientOcclusionLevels:-1]]
[2023.02.14-07.06.11:853][  0]LogConfig: Setting CVar [[r.AmbientOcclusionRadiusScale:1.0]]
[2023.02.14-07.06.11:853][  0]LogConfig: Setting CVar [[r.DepthOfFieldQuality:2]]
[2023.02.14-07.06.11:853][  0]LogConfig: Setting CVar [[r.RenderTargetPoolMin:400]]
[2023.02.14-07.06.11:853][  0]LogConfig: Setting CVar [[r.LensFlareQuality:2]]
[2023.02.14-07.06.11:853][  0]LogConfig: Setting CVar [[r.SceneColorFringeQuality:1]]
[2023.02.14-07.06.11:853][  0]LogConfig: Setting CVar [[r.EyeAdaptationQuality:2]]
[2023.02.14-07.06.11:853][  0]LogConfig: Setting CVar [[r.BloomQuality:5]]
[2023.02.14-07.06.11:853][  0]LogConfig: Setting CVar [[r.FastBlurThreshold:100]]
[2023.02.14-07.06.11:853][  0]LogConfig: Setting CVar [[r.Upscale.Quality:3]]
[2023.02.14-07.06.11:853][  0]LogConfig: Setting CVar [[r.Tonemapper.GrainQuantization:1]]
[2023.02.14-07.06.11:853][  0]LogConfig: Setting CVar [[r.LightShaftQuality:1]]
[2023.02.14-07.06.11:853][  0]LogConfig: Setting CVar [[r.Filter.SizeScale:1]]
[2023.02.14-07.06.11:853][  0]LogConfig: Setting CVar [[r.Tonemapper.Quality:5]]
[2023.02.14-07.06.11:853][  0]LogConfig: Setting CVar [[r.DOF.Gather.AccumulatorQuality:1        ; higher gathering accumulator quality]]
[2023.02.14-07.06.11:853][  0]LogConfig: Setting CVar [[r.DOF.Gather.PostfilterMethod:1          ; Median3x3 postfilering method]]
[2023.02.14-07.06.11:853][  0]LogConfig: Setting CVar [[r.DOF.Gather.EnableBokehSettings:0       ; no bokeh simulation when gathering]]
[2023.02.14-07.06.11:853][  0]LogConfig: Setting CVar [[r.DOF.Gather.RingCount:4                 ; medium number of samples when gathering]]
[2023.02.14-07.06.11:853][  0]LogConfig: Setting CVar [[r.DOF.Scatter.ForegroundCompositing:1    ; additive foreground scattering]]
[2023.02.14-07.06.11:853][  0]LogConfig: Setting CVar [[r.DOF.Scatter.BackgroundCompositing:2    ; additive background scattering]]
[2023.02.14-07.06.11:853][  0]LogConfig: Setting CVar [[r.DOF.Scatter.EnableBokehSettings:1      ; bokeh simulation when scattering]]
[2023.02.14-07.06.11:853][  0]LogConfig: Setting CVar [[r.DOF.Scatter.MaxSpriteRatio:0.1         ; only a maximum of 10% of scattered bokeh]]
[2023.02.14-07.06.11:853][  0]LogConfig: Setting CVar [[r.DOF.Recombine.Quality:1                ; cheap slight out of focus]]
[2023.02.14-07.06.11:853][  0]LogConfig: Setting CVar [[r.DOF.Recombine.EnableBokehSettings:0    ; no bokeh simulation on slight out of focus]]
[2023.02.14-07.06.11:853][  0]LogConfig: Setting CVar [[r.DOF.TemporalAAQuality:1                ; more stable temporal accumulation]]
[2023.02.14-07.06.11:853][  0]LogConfig: Setting CVar [[r.DOF.Kernel.MaxForegroundRadius:0.025]]
[2023.02.14-07.06.11:853][  0]LogConfig: Setting CVar [[r.DOF.Kernel.MaxBackgroundRadius:0.025]]
[2023.02.14-07.06.11:853][  0]LogConfig: Applying CVar settings from Section [TextureQuality@3] File [D:/git/ArenaBattle/ArenaBattle/Saved/Config/Windows/Scalability.ini]
[2023.02.14-07.06.11:854][  0]LogConfig: Setting CVar [[r.Streaming.MipBias:0]]
[2023.02.14-07.06.11:854][  0]LogConfig: Setting CVar [[r.Streaming.AmortizeCPUToGPUCopy:0]]
[2023.02.14-07.06.11:854][  0]LogConfig: Setting CVar [[r.Streaming.MaxNumTexturesToStreamPerFrame:0]]
[2023.02.14-07.06.11:854][  0]LogConfig: Setting CVar [[r.Streaming.Boost:1]]
[2023.02.14-07.06.11:854][  0]LogConfig: Setting CVar [[r.MaxAnisotropy:8]]
[2023.02.14-07.06.11:854][  0]LogConfig: Setting CVar [[r.Streaming.LimitPoolSizeToVRAM:0]]
[2023.02.14-07.06.11:854][  0]LogConfig: Setting CVar [[r.Streaming.PoolSize:1000]]
[2023.02.14-07.06.11:854][  0]LogConfig: Setting CVar [[r.Streaming.MaxEffectiveScreenSize:0]]
[2023.02.14-07.06.11:854][  0]LogConfig: Applying CVar settings from Section [EffectsQuality@3] File [D:/git/ArenaBattle/ArenaBattle/Saved/Config/Windows/Scalability.ini]
[2023.02.14-07.06.11:854][  0]LogConfig: Setting CVar [[r.TranslucencyLightingVolumeDim:64]]
[2023.02.14-07.06.11:854][  0]LogConfig: Setting CVar [[r.RefractionQuality:2]]
[2023.02.14-07.06.11:854][  0]LogConfig: Setting CVar [[r.SSR.Quality:3]]
[2023.02.14-07.06.11:854][  0]LogConfig: Setting CVar [[r.SceneColorFormat:4]]
[2023.02.14-07.06.11:854][  0]LogConfig: Setting CVar [[r.DetailMode:2]]
[2023.02.14-07.06.11:854][  0]LogConfig: Setting CVar [[r.TranslucencyVolumeBlur:1]]
[2023.02.14-07.06.11:854][  0]LogConfig: Setting CVar [[r.MaterialQualityLevel:1 ; High quality]]
[2023.02.14-07.06.11:854][  0]LogConfig: Setting CVar [[r.SSS.Scale:1]]
[2023.02.14-07.06.11:854][  0]LogConfig: Setting CVar [[r.SSS.SampleSet:2]]
[2023.02.14-07.06.11:854][  0]LogConfig: Setting CVar [[r.SSS.Quality:1]]
[2023.02.14-07.06.11:854][  0]LogConfig: Setting CVar [[r.SSS.HalfRes:1]]
[2023.02.14-07.06.11:854][  0]LogConfig: Setting CVar [[r.EmitterSpawnRateScale:1.0]]
[2023.02.14-07.06.11:854][  0]LogConfig: Setting CVar [[r.ParticleLightQuality:2]]
[2023.02.14-07.06.11:854][  0]LogConfig: Applying CVar settings from Section [FoliageQuality@3] File [D:/git/ArenaBattle/ArenaBattle/Saved/Config/Windows/Scalability.ini]
[2023.02.14-07.06.11:854][  0]LogConfig: Setting CVar [[foliage.DensityScale:1.0]]
[2023.02.14-07.06.11:854][  0]LogConfig: Setting CVar [[grass.DensityScale:1.0]]
[2023.02.14-07.06.11:854][  0]LogConfig: Applying CVar settings from Section [Startup] File [../../../Engine/Config/ConsoleVariables.ini]
[2023.02.14-07.06.11:854][  0]LogConfig: Setting CVar [[net.UseAdaptiveNetUpdateFrequency:0]]
[2023.02.14-07.06.11:854][  0]LogConfig: Setting CVar [[p.chaos.AllowCreatePhysxBodies:1]]
[2023.02.14-07.06.11:854][  0]LogConfig: Applying CVar settings from Section [ConsoleVariables] File [D:/git/ArenaBattle/ArenaBattle/Saved/Config/Windows/Engine.ini]
[2023.02.14-07.06.11:854][  0]LogInit: Computer: DESKTOP-MTCB6DM
[2023.02.14-07.06.11:854][  0]LogInit: User: seo
[2023.02.14-07.06.11:854][  0]LogInit: CPU Page size=4096, Cores=6
[2023.02.14-07.06.11:854][  0]LogInit: High frequency timer resolution =10.000000 MHz
[2023.02.14-07.06.11:855][  0]LogMemory: Memory total: Physical=16.0GB (16GB approx)
[2023.02.14-07.06.11:855][  0]LogMemory: Platform Memory Stats for Windows
[2023.02.14-07.06.11:855][  0]LogMemory: Process Physical Memory: 97.91 MB used, 97.91 MB peak
[2023.02.14-07.06.11:855][  0]LogMemory: Process Virtual Memory: 84.19 MB used, 84.19 MB peak
[2023.02.14-07.06.11:855][  0]LogMemory: Physical Memory: 7182.07 MB used,  9151.43 MB free, 16333.50 MB total
[2023.02.14-07.06.11:855][  0]LogMemory: Virtual Memory: 4634.20 MB used,  134213096.00 MB free, 134217728.00 MB total
[2023.02.14-07.06.11:944][  0]LogInit: Using OS detected language (ko-KR).
[2023.02.14-07.06.11:944][  0]LogInit: Using OS detected locale (ko-KR).
[2023.02.14-07.06.11:945][  0]LogTextLocalizationManager: No specific localization for 'ko-KR' exists, so the 'ko' localization will be used.
[2023.02.14-07.06.12:008][  0]LogInit: Setting process to per monitor DPI aware
[2023.02.14-07.06.12:065][  0]LogSlate: New Slate User Created.  User Index 0, Is Virtual User: 0
[2023.02.14-07.06.12:065][  0]LogSlate: Slate User Registered.  User Index 0, Is Virtual User: 0
[2023.02.14-07.06.12:239][  0]LogHMD: Failed to initialize OpenVR with code 110
[2023.02.14-07.06.12:239][  0]LogD3D11RHI: D3D11 adapters:
[2023.02.14-07.06.12:402][  0]LogD3D11RHI:    0. 'NVIDIA GeForce GTX 1660 SUPER' (Feature Level 11_0)
[2023.02.14-07.06.12:402][  0]LogD3D11RHI:       5991/0/8166 MB DedicatedVideo/DedicatedSystem/SharedSystem, Outputs:2, VendorId:0x10de
[2023.02.14-07.06.12:405][  0]LogD3D11RHI:    1. 'Microsoft Basic Render Driver' (Feature Level 11_0)
[2023.02.14-07.06.12:405][  0]LogD3D11RHI:       0/0/8166 MB DedicatedVideo/DedicatedSystem/SharedSystem, Outputs:0, VendorId:0x1414
[2023.02.14-07.06.12:405][  0]LogD3D11RHI: Chosen D3D11 Adapter: 0
[2023.02.14-07.06.12:413][  0]LogD3D11RHI: Creating new Direct3DDevice
[2023.02.14-07.06.12:413][  0]LogD3D11RHI:     GPU DeviceId: 0x21c4 (for the marketing name, search the web for "GPU Device Id")
[2023.02.14-07.06.12:413][  0]LogWindows: EnumDisplayDevices:
[2023.02.14-07.06.12:413][  0]LogWindows:    0. 'NVIDIA GeForce GTX 1660 SUPER' (P:1 D:1)
[2023.02.14-07.06.12:414][  0]LogWindows:    1. 'NVIDIA GeForce GTX 1660 SUPER' (P:0 D:1)
[2023.02.14-07.06.12:415][  0]LogWindows:    2. 'NVIDIA GeForce GTX 1660 SUPER' (P:0 D:0)
[2023.02.14-07.06.12:415][  0]LogWindows:    3. 'NVIDIA GeForce GTX 1660 SUPER' (P:0 D:0)
[2023.02.14-07.06.12:416][  0]LogWindows: DebugString: FoundDriverCount:4 
[2023.02.14-07.06.12:416][  0]LogD3D11RHI:     Adapter Name: NVIDIA GeForce GTX 1660 SUPER
[2023.02.14-07.06.12:416][  0]LogD3D11RHI:   Driver Version: 516.94 (internal:31.0.15.1694, unified:516.94)
[2023.02.14-07.06.12:416][  0]LogD3D11RHI:      Driver Date: 7-21-2022
[2023.02.14-07.06.12:416][  0]LogRHI: Texture pool is 4193 MB (70% of 5991 MB)
[2023.02.14-07.06.12:482][  0]LogD3D11RHI: Async texture creation enabled
[2023.02.14-07.06.12:493][  0]LogRendererCore: FGlobalReadBuffer::InitRHI
[2023.02.14-07.06.12:494][  0]LogRendererCore: FGlobalReadBuffer::InitRHI
[2023.02.14-07.06.12:494][  0]LogRendererCore: FGlobalReadBuffer::InitRHI
[2023.02.14-07.06.12:501][  0]LogD3D11RHI: GPU Timing Frequency: 1000.000000 (Debug: 2 1)
[2023.02.14-07.06.12:855][  0]LogTemp: Display: Module 'AllDesktopTargetPlatform' loaded TargetPlatform 'AllDesktop'
[2023.02.14-07.06.12:868][  0]LogTemp: Display: Module 'MacClientTargetPlatform' loaded TargetPlatform 'MacClient'
[2023.02.14-07.06.12:881][  0]LogTemp: Display: Module 'MacNoEditorTargetPlatform' loaded TargetPlatform 'MacNoEditor'
[2023.02.14-07.06.12:895][  0]LogTemp: Display: Module 'MacServerTargetPlatform' loaded TargetPlatform 'MacServer'
[2023.02.14-07.06.12:909][  0]LogTemp: Display: Module 'MacTargetPlatform' loaded TargetPlatform 'Mac'
[2023.02.14-07.06.12:922][  0]LogTemp: Display: Module 'WindowsClientTargetPlatform' loaded TargetPlatform 'WindowsClient'
[2023.02.14-07.06.12:936][  0]LogTemp: Display: Module 'WindowsNoEditorTargetPlatform' loaded TargetPlatform 'WindowsNoEditor'
[2023.02.14-07.06.12:949][  0]LogTemp: Display: Module 'WindowsServerTargetPlatform' loaded TargetPlatform 'WindowsServer'
[2023.02.14-07.06.12:955][  0]LogTemp: Display: Module 'WindowsTargetPlatform' loaded TargetPlatform 'Windows'
[2023.02.14-07.06.13:034][  0]LogTemp: Display: Module 'AndroidTargetPlatform' loaded TargetPlatform 'Android'
[2023.02.14-07.06.13:034][  0]LogTemp: Display: Module 'AndroidTargetPlatform' loaded TargetPlatform 'Android_ASTC'
[2023.02.14-07.06.13:034][  0]LogTemp: Display: Module 'AndroidTargetPlatform' loaded TargetPlatform 'Android_ATC'
[2023.02.14-07.06.13:034][  0]LogTemp: Display: Module 'AndroidTargetPlatform' loaded TargetPlatform 'Android_DXT'
[2023.02.14-07.06.13:034][  0]LogTemp: Display: Module 'AndroidTargetPlatform' loaded TargetPlatform 'Android_ETC1'
[2023.02.14-07.06.13:034][  0]LogTemp: Display: Module 'AndroidTargetPlatform' loaded TargetPlatform 'Android_ETC1a'
[2023.02.14-07.06.13:034][  0]LogTemp: Display: Module 'AndroidTargetPlatform' loaded TargetPlatform 'Android_ETC2'
[2023.02.14-07.06.13:034][  0]LogTemp: Display: Module 'AndroidTargetPlatform' loaded TargetPlatform 'Android_PVRTC'
[2023.02.14-07.06.13:034][  0]LogTemp: Display: Module 'AndroidTargetPlatform' loaded TargetPlatform 'AndroidClient'
[2023.02.14-07.06.13:034][  0]LogTemp: Display: Module 'AndroidTargetPlatform' loaded TargetPlatform 'Android_ASTCClient'
[2023.02.14-07.06.13:034][  0]LogTemp: Display: Module 'AndroidTargetPlatform' loaded TargetPlatform 'Android_ATCClient'
[2023.02.14-07.06.13:034][  0]LogTemp: Display: Module 'AndroidTargetPlatform' loaded TargetPlatform 'Android_DXTClient'
[2023.02.14-07.06.13:034][  0]LogTemp: Display: Module 'AndroidTargetPlatform' loaded TargetPlatform 'Android_ETC1Client'
[2023.02.14-07.06.13:034][  0]LogTemp: Display: Module 'AndroidTargetPlatform' loaded TargetPlatform 'Android_ETC1aClient'
[2023.02.14-07.06.13:034][  0]LogTemp: Display: Module 'AndroidTargetPlatform' loaded TargetPlatform 'Android_ETC2Client'
[2023.02.14-07.06.13:034][  0]LogTemp: Display: Module 'AndroidTargetPlatform' loaded TargetPlatform 'Android_PVRTCClient'
[2023.02.14-07.06.13:034][  0]LogTemp: Display: Module 'AndroidTargetPlatform' loaded TargetPlatform 'Android_Multi'
[2023.02.14-07.06.13:034][  0]LogTemp: Display: Module 'AndroidTargetPlatform' loaded TargetPlatform 'Android_MultiClient'
[2023.02.14-07.06.13:037][  0]LogTemp: Display: Module 'HTML5TargetPlatform' loaded TargetPlatform 'HTML5'
[2023.02.14-07.06.13:086][  0]LogTemp: Display: Module 'IOSTargetPlatform' loaded TargetPlatform 'IOSClient'
[2023.02.14-07.06.13:086][  0]LogTemp: Display: Module 'IOSTargetPlatform' loaded TargetPlatform 'IOS'
[2023.02.14-07.06.13:110][  0]LogTemp: Display: Module 'TVOSTargetPlatform' loaded TargetPlatform 'TVOSClient'
[2023.02.14-07.06.13:110][  0]LogTemp: Display: Module 'TVOSTargetPlatform' loaded TargetPlatform 'TVOS'
[2023.02.14-07.06.13:124][  0]LogTemp: Display: Module 'LinuxClientTargetPlatform' loaded TargetPlatform 'LinuxClient'
[2023.02.14-07.06.13:137][  0]LogTemp: Display: Module 'LinuxNoEditorTargetPlatform' loaded TargetPlatform 'LinuxNoEditor'
[2023.02.14-07.06.13:150][  0]LogTemp: Display: Module 'LinuxServerTargetPlatform' loaded TargetPlatform 'LinuxServer'
[2023.02.14-07.06.13:164][  0]LogTemp: Display: Module 'LinuxTargetPlatform' loaded TargetPlatform 'Linux'
[2023.02.14-07.06.13:209][  0]LogTemp: Display: Module 'LuminTargetPlatform' loaded TargetPlatform 'Lumin'
[2023.02.14-07.06.13:209][  0]LogTemp: Display: Module 'LuminTargetPlatform' loaded TargetPlatform 'LuminClient'
[2023.02.14-07.06.13:209][  0]LogTargetPlatformManager: Display: Building Assets For Windows
[2023.02.14-07.06.13:218][  0]LogAudioDebug: Display: Lib vorbis DLL was dynamically loaded.
[2023.02.14-07.06.13:264][  0]LogShaderCompilers: Guid format shader working directory is 13 characters bigger than the processId version (D:/git/ArenaBattle/ArenaBattle/Intermediate/Shaders/WorkingDirectory/30140/).
[2023.02.14-07.06.13:264][  0]LogShaderCompilers: Cleaned the shader compiler working directory 'C:/Users/seo/AppData/Local/Temp/UnrealShaderWorkingDir/E27EC07A479969E510634EB4E8A653BE/'.
[2023.02.14-07.06.13:265][  0]LogXGEController: Cleaning working directory: C:/Users/seo/AppData/Local/Temp/UnrealXGEWorkingDir/
[2023.02.14-07.06.13:266][  0]LogXGEController: Cannot use XGE Controller as Incredibuild is not installed on this machine.
[2023.02.14-07.06.13:266][  0]LogShaderCompilers: Cannot use XGE Shader Compiler as Incredibuild is not installed on this machine.
[2023.02.14-07.06.13:266][  0]LogShaderCompilers: Display: Using Local Shader Compiler.
[2023.02.14-07.06.13:681][  0]LogDerivedDataCache: Display: Max Cache Size: 512 MB
[2023.02.14-07.06.13:730][  0]LogDerivedDataCache: Loaded boot cache 0.05s 72MB C:/Users/seo/AppData/Local/UnrealEngine/4.22/DerivedDataCache/Boot.ddc.
[2023.02.14-07.06.13:730][  0]LogDerivedDataCache: Display: Loaded Boot cache: C:/Users/seo/AppData/Local/UnrealEngine/4.22/DerivedDataCache/Boot.ddc
[2023.02.14-07.06.13:730][  0]LogDerivedDataCache: FDerivedDataBackendGraph:  Pak pak cache file D:/git/ArenaBattle/ArenaBattle/DerivedDataCache/DDC.ddp not found, will not use a pak cache.
[2023.02.14-07.06.13:730][  0]LogDerivedDataCache: Unable to find inner node Pak for hierarchical cache Hierarchy.
[2023.02.14-07.06.13:730][  0]LogDerivedDataCache: FDerivedDataBackendGraph:  CompressedPak pak cache file D:/git/ArenaBattle/ArenaBattle/DerivedDataCache/Compressed.ddp not found, will not use a pak cache.
[2023.02.14-07.06.13:730][  0]LogDerivedDataCache: Unable to find inner node CompressedPak for hierarchical cache Hierarchy.
[2023.02.14-07.06.13:742][  0]LogDerivedDataCache: Display: Pak cache opened for reading ../../../Engine/DerivedDataCache/Compressed.ddp.
[2023.02.14-07.06.13:742][  0]LogDerivedDataCache: FDerivedDataBackendGraph:  EnterprisePak pak cache file ../../../Enterprise/DerivedDataCache/Compressed.ddp not found, will not use a pak cache.
[2023.02.14-07.06.13:742][  0]LogDerivedDataCache: Unable to find inner node EnterprisePak for hierarchical cache Hierarchy.
[2023.02.14-07.06.13:754][  0]LogDerivedDataCache: Using Local data cache path C:/Users/seo/AppData/Local/UnrealEngine/Common/DerivedDataCache: Writable
[2023.02.14-07.06.13:754][  0]LogDerivedDataCache: Shared data cache path not found in *engine.ini, will not use an Shared cache.
[2023.02.14-07.06.13:754][  0]LogDerivedDataCache: Unable to find inner node Shared for hierarchical cache Hierarchy.
[2023.02.14-07.06.13:773][  0]LogMaterial: Verifying Global Shaders for PCD3D_SM5
[2023.02.14-07.06.13:774][  0]LogSlate: Using FreeType 2.6.0
[2023.02.14-07.06.13:774][  0]LogSlate: SlateFontServices - WITH_FREETYPE: 1, WITH_HARFBUZZ: 1
[2023.02.14-07.06.13:857][  0]LogAssetRegistry: FAssetRegistry took 0.0341 seconds to start up
[2023.02.14-07.06.14:150][  0]LogInit: Selected Device Profile: [Windows]
[2023.02.14-07.06.14:260][  0]LogMeshReduction: Using QuadricMeshReduction for automatic static mesh reduction
[2023.02.14-07.06.14:260][  0]LogMeshReduction: Using SimplygonMeshReduction for automatic skeletal mesh reduction
[2023.02.14-07.06.14:260][  0]LogMeshReduction: Using ProxyLODMeshReduction for automatic mesh merging
[2023.02.14-07.06.14:260][  0]LogMeshReduction: No distributed automatic mesh merging module available
[2023.02.14-07.06.14:260][  0]LogMeshMerging: No distributed automatic mesh merging module available
[2023.02.14-07.06.14:269][  0]LogNetVersion: ArenaBattle 1.0.0, NetCL: 5660361, EngineNetVer: 10, GameNetVer: 0 (Checksum: 815535894)
[2023.02.14-07.06.14:582][  0]LogPackageLocalizationCache: Processed 10 localized package path(s) for 1 prioritized culture(s) in 0.030356 seconds
[2023.02.14-07.06.14:587][  0]LogUObjectArray: 42205 objects as part of root set at end of initial load.
[2023.02.14-07.06.14:587][  0]LogUObjectAllocator: 7325032 out of 0 bytes used by permanent object pool.
[2023.02.14-07.06.14:587][  0]LogUObjectArray: CloseDisregardForGC: 0/0 objects in disregard for GC pool
[2023.02.14-07.06.15:295][  0]LogTcpMessaging: Initializing TcpMessaging bridge
[2023.02.14-07.06.15:308][  0]LogUdpMessaging: Initializing bridge on interface 0.0.0.0:0 to multicast group 230.0.0.1:6666.
[2023.02.14-07.06.15:503][  0]SourceControl: 소스 컨트롤이 꺼져 있습니다.
[2023.02.14-07.06.15:504][  0]SourceControl: 소스 컨트롤이 꺼져 있습니다.
[2023.02.14-07.06.15:505][  0]SourceControl: 소스 컨트롤이 꺼져 있습니다.
[2023.02.14-07.06.15:506][  0]SourceControl: 소스 컨트롤이 꺼져 있습니다.
[2023.02.14-07.06.15:593][  0]LogAndroidPermission: UAndroidPermissionCallbackProxy::GetInstance
[2023.02.14-07.06.15:716][  0]LogOcInput: OculusInput pre-init called
[2023.02.14-07.06.16:328][  0]LogEngine: Initializing Engine...
[2023.02.14-07.06.16:329][  0]LogHMD: Failed to initialize OpenVR with code 110
[2023.02.14-07.06.16:330][  0]LogStats: UGameplayTagsManager::InitializeManager -  0.000 s
[2023.02.14-07.06.16:514][  0]LogInit: Initializing FReadOnlyCVARCache
[2023.02.14-07.06.16:526][  0]LogAIModule: Creating AISystem for world Untitled
[2023.02.14-07.06.16:580][  0]LogInit: XAudio2 using 'Headphones(High Definition Audio Device)' : 2 channels at 48 kHz using 16 bits per sample (channel mask 0x3)
[2023.02.14-07.06.16:616][  0]LogInit: FAudioDevice initialized.
[2023.02.14-07.06.16:616][  0]LogNetVersion: Set ProjectVersion to 1.0.0.0. Version Checksum will be recalculated on next use.
[2023.02.14-07.06.16:675][  0]LogDerivedDataCache: Saved boot cache 0.06s 72MB C:/Users/seo/AppData/Local/UnrealEngine/4.22/DerivedDataCache/Boot.ddc.
[2023.02.14-07.06.16:682][  0]LogInit: Texture streaming: Enabled
[2023.02.14-07.06.16:706][  0]LogEngineSessionManager: EngineSessionManager initialized
[2023.02.14-07.06.16:731][  0]LogInit: Transaction tracking system initialized
[2023.02.14-07.06.16:753][  0]BlueprintLog: New page: 에디터 로드
[2023.02.14-07.06.16:834][  0]LocalizationService: 현지화 서비스가 비활성화되었습니다.
[2023.02.14-07.06.17:142][  0]LogFileCache: Scanning file cache for directory 'D:/git/ArenaBattle/ArenaBattle/Content/' took 0.03s
[2023.02.14-07.06.17:142][  0]LogCook: Display: Max memory allowance for cook 16384mb min free memory 0mb
[2023.02.14-07.06.17:142][  0]LogCook: Display: Mobile HDR setting 1
[2023.02.14-07.06.17:325][  0]SourceControl: 소스 컨트롤이 꺼져 있습니다.
[2023.02.14-07.06.17:325][  0]Cmd: MAP LOAD FILE="D:/git/ArenaBattle/ArenaBattle/Content/Book/Maps/Step2.umap" TEMPLATE=0 SHOWPROGRESS=1 FEATURELEVEL=3
[2023.02.14-07.06.17:325][  0]LightingResults: New page: 라이팅 빌드
[2023.02.14-07.06.17:327][  0]MapCheck: New page: 맵 체크
[2023.02.14-07.06.17:327][  0]LightingResults: New page: 라이팅 빌드
[2023.02.14-07.06.17:354][  0]LogUObjectHash: Compacting FUObjectHashTables data took   2.25ms
[2023.02.14-07.06.17:481][  0]LogAIModule: Creating AISystem for world Step2
[2023.02.14-07.06.17:496][  0]LogEditorServer: Finished looking for orphan Actors (0.000 secs)
[2023.02.14-07.06.17:518][  0]LogUObjectHash: Compacting FUObjectHashTables data took   1.83ms
[2023.02.14-07.06.17:518][  0]Cmd: MAP CHECKDEP NOCLEARLOG
[2023.02.14-07.06.17:518][  0]MapCheck: 맵 체크 완료: 오류 0 회, 경고 0 회, 소요 시간 0.1ms.
[2023.02.14-07.06.17:518][  0]LogFileHelpers: Loading map 'Step2' took 0.194
[2023.02.14-07.06.17:645][  0]LogSlate: Updating window title bar state: overlay mode, drag disabled, window buttons hidden, title bar hidden
[2023.02.14-07.06.17:652][  0]LogSlate: Updating window title bar state: overlay mode, drag disabled, window buttons hidden, title bar hidden
[2023.02.14-07.06.17:658][  0]LogSlate: Updating window title bar state: overlay mode, drag disabled, window buttons hidden, title bar hidden
[2023.02.14-07.06.17:664][  0]LogSlate: Updating window title bar state: overlay mode, drag disabled, window buttons hidden, title bar hidden
[2023.02.14-07.06.17:669][  0]LogCollectionManager: Loaded 0 collections in 0.000813 seconds
[2023.02.14-07.06.17:684][  0]LogFileCache: Scanning file cache for directory 'D:/git/ArenaBattle/ArenaBattle/Saved/Collections/' took 0.01s
[2023.02.14-07.06.17:684][  0]LogFileCache: Scanning file cache for directory 'D:/git/ArenaBattle/ArenaBattle/Content/Developers/seo/Collections/' took 0.00s
[2023.02.14-07.06.17:684][  0]LogFileCache: Scanning file cache for directory 'D:/git/ArenaBattle/ArenaBattle/Content/Collections/' took 0.00s
[2023.02.14-07.06.17:684][  0]LogCollectionManager: Rebuilt the GUID cache for 0 collections in 0.000000 seconds
[2023.02.14-07.06.17:693][  0]LogContentBrowser: Native class hierarchy populated in 0.0087 seconds. Added 2742 classes and 661 folders.
[2023.02.14-07.06.17:697][  0]LogContentBrowser: Native class hierarchy updated for 'WidgetCarousel' in 0.0003 seconds. Added 0 classes and 0 folders.
[2023.02.14-07.06.17:698][  0]LogPakFile: Registered encryption key '00000000000000000000000000000000': 0 pak files mounted, 0 remain pending
[2023.02.14-07.06.17:699][  0]LogPakFile: Registered encryption key '00000000000000000000000000000000': 0 pak files mounted, 0 remain pending
[2023.02.14-07.06.17:699][  0]LogPakFile: Registered encryption key '00000000000000000000000000000000': 0 pak files mounted, 0 remain pending
[2023.02.14-07.06.17:700][  0]LogPakFile: Registered encryption key '00000000000000000000000000000000': 0 pak files mounted, 0 remain pending
[2023.02.14-07.06.17:700][  0]LogPakFile: Registered encryption key '00000000000000000000000000000000': 0 pak files mounted, 0 remain pending
[2023.02.14-07.06.17:701][  0]LogPakFile: Registered encryption key '00000000000000000000000000000000': 0 pak files mounted, 0 remain pending
[2023.02.14-07.06.17:701][  0]LogPakFile: Registered encryption key '00000000000000000000000000000000': 0 pak files mounted, 0 remain pending
[2023.02.14-07.06.17:701][  0]LogPakFile: Registered encryption key '00000000000000000000000000000000': 0 pak files mounted, 0 remain pending
[2023.02.14-07.06.17:702][  0]LogPakFile: Registered encryption key '00000000000000000000000000000000': 0 pak files mounted, 0 remain pending
[2023.02.14-07.06.17:702][  0]LogPakFile: Registered encryption key '00000000000000000000000000000000': 0 pak files mounted, 0 remain pending
[2023.02.14-07.06.17:703][  0]LogPakFile: Registered encryption key '00000000000000000000000000000000': 0 pak files mounted, 0 remain pending
[2023.02.14-07.06.17:703][  0]LogPakFile: Registered encryption key '00000000000000000000000000000000': 0 pak files mounted, 0 remain pending
[2023.02.14-07.06.17:704][  0]LogPakFile: Registered encryption key '00000000000000000000000000000000': 0 pak files mounted, 0 remain pending
[2023.02.14-07.06.17:704][  0]LogPakFile: Registered encryption key '00000000000000000000000000000000': 0 pak files mounted, 0 remain pending
[2023.02.14-07.06.17:704][  0]LogPakFile: Registered encryption key '00000000000000000000000000000000': 0 pak files mounted, 0 remain pending
[2023.02.14-07.06.17:705][  0]LogPakFile: Registered encryption key '00000000000000000000000000000000': 0 pak files mounted, 0 remain pending
[2023.02.14-07.06.17:705][  0]LogPakFile: Registered encryption key '00000000000000000000000000000000': 0 pak files mounted, 0 remain pending
[2023.02.14-07.06.17:706][  0]LogPakFile: Registered encryption key '00000000000000000000000000000000': 0 pak files mounted, 0 remain pending
[2023.02.14-07.06.17:706][  0]LogPakFile: Registered encryption key '00000000000000000000000000000000': 0 pak files mounted, 0 remain pending
[2023.02.14-07.06.17:707][  0]LogPakFile: Registered encryption key '00000000000000000000000000000000': 0 pak files mounted, 0 remain pending
[2023.02.14-07.06.17:707][  0]LogPakFile: Registered encryption key '00000000000000000000000000000000': 0 pak files mounted, 0 remain pending
[2023.02.14-07.06.17:707][  0]LogPakFile: Registered encryption key '00000000000000000000000000000000': 0 pak files mounted, 0 remain pending
[2023.02.14-07.06.17:708][  0]LogPakFile: Registered encryption key '00000000000000000000000000000000': 0 pak files mounted, 0 remain pending
[2023.02.14-07.06.17:708][  0]LogPakFile: Registered encryption key '00000000000000000000000000000000': 0 pak files mounted, 0 remain pending
[2023.02.14-07.06.17:709][  0]LogPakFile: Registered encryption key '00000000000000000000000000000000': 0 pak files mounted, 0 remain pending
[2023.02.14-07.06.17:709][  0]LogPakFile: Registered encryption key '00000000000000000000000000000000': 0 pak files mounted, 0 remain pending
[2023.02.14-07.06.17:740][  0]LogContentBrowser: Native class hierarchy updated for 'AddContentDialog' in 0.0003 seconds. Added 0 classes and 0 folders.
[2023.02.14-07.06.17:746][  0]LogContentBrowser: Native class hierarchy updated for 'SceneOutliner' in 0.0004 seconds. Added 1 classes and 2 folders.
[2023.02.14-07.06.17:802][  0]LogSlate: Took 0.000203 seconds to synchronously load lazily loaded font '../../../Engine/Content/Slate/Fonts/Roboto-Regular.ttf' (155K)
[2023.02.14-07.06.17:805][  0]LogSlate: Took 0.001773 seconds to synchronously load lazily loaded font '../../../Engine/Content/Editor/Slate/Fonts/NanumGothic.ttf' (4243K)
[2023.02.14-07.06.17:807][  0]LogSlate: Took 0.001845 seconds to synchronously load lazily loaded font '../../../Engine/Content/Editor/Slate/Fonts/NanumGothicBold.ttf' (4188K)
[2023.02.14-07.06.17:807][  0]LogSlate: Took 0.000169 seconds to synchronously load lazily loaded font '../../../Engine/Content/Slate/Fonts/Roboto-Bold.ttf' (160K)
[2023.02.14-07.06.17:811][  0]LogSlate: Took 0.000166 seconds to synchronously load lazily loaded font '../../../Engine/Content/Editor/Slate/Fonts/FontAwesome.ttf' (139K)
[2023.02.14-07.06.17:860][  0]LogRenderer: Reallocating scene render targets to support 1208x572 Format 10 NumSamples 1 (Frame:1).
[2023.02.14-07.06.17:990][  0]LogContentBrowser: Native class hierarchy updated for 'HierarchicalLODOutliner' in 0.0004 seconds. Added 0 classes and 0 folders.
[2023.02.14-07.06.17:990][  0]LogLoad: (Engine Initialization) Total time: 7.76 seconds
[2023.02.14-07.06.17:990][  0]LogLoad: (Engine Initialization) Total Blueprint compile time: 0.00 seconds
[2023.02.14-07.06.18:034][  0]LogAssetRegistry: Asset discovery search completed in 4.1993 seconds
[2023.02.14-07.06.18:036][  0]LogCollectionManager: Rebuilt the object cache for 0 collections in 0.000000 seconds (found 0 objects)
[2023.02.14-07.06.18:036][  0]LogCollectionManager: Fixed up redirectors for 0 collections in 0.000030 seconds (updated 0 objects)
[2023.02.14-07.06.18:037][  0]LogContentStreaming: Texture pool size now 1000 MB
[2023.02.14-07.06.18:066][  0]LogSlate: Took 0.000148 seconds to synchronously load lazily loaded font '../../../Engine/Content/Slate/Fonts/Roboto-Light.ttf' (167K)
[2023.02.14-07.06.52:592][126]LogSlate: FSceneViewport::OnFocusLost() reason 0
[2023.02.14-07.06.55:949][484]LogSlate: Took 0.000167 seconds to synchronously load lazily loaded font '../../../Engine/Content/Slate/Fonts/Roboto-Light.ttf' (167K)
[2023.02.14-07.06.56:016][484]LogSlate: Took 0.000244 seconds to synchronously load lazily loaded font '../../../Engine/Content/Slate/Fonts/Roboto-BoldCondensed.ttf' (158K)
[2023.02.14-07.07.19:838][260]Candidate modules for hot reload:
[2023.02.14-07.07.19:838][260]  ArenaBattle
[2023.02.14-07.07.19:838][260]Launching UnrealBuildTool... [C:/Program Files/Epic Games/UE_4.22/Engine/Binaries/DotNET/UnrealBuildTool.exe  -ModuleWithSuffix=ArenaBattle,7183 Win64 Development -TargetType=Editor -Project="D:/git/ArenaBattle/ArenaBattle/ArenaBattle.uproject" "D:/git/ArenaBattle/ArenaBattle/ArenaBattle.uproject"  -IgnoreJunk]
[2023.02.14-07.07.29:874][260]CompilerResultsLog: New page: 컴파일 - 2023. 2. 15. 오전 1:07:29
[2023.02.14-07.07.29:874][260]CompilerResultsLog: Using 'git status' to determine working set for adaptive non-unity build (D:\git\ArenaBattle).
[2023.02.14-07.07.29:874][260]CompilerResultsLog: Creating makefile for ArenaBattleEditor (.uproject file is newer)
[2023.02.14-07.07.29:874][260]CompilerResultsLog: Parsing headers for ArenaBattleEditor
[2023.02.14-07.07.29:874][260]CompilerResultsLog:   Running UnrealHeaderTool "D:\git\ArenaBattle\ArenaBattle\ArenaBattle.uproject" "D:\git\ArenaBattle\ArenaBattle\Intermediate\Build\Win64\ArenaBattleEditor\Development\ArenaBattleEditor.uhtmanifest" -LogCmds="loginit warning, logexit warning, logdatabase error" -Unattended -WarningsAsErrors -installed
[2023.02.14-07.07.29:874][260]CompilerResultsLog: Reflection code generated for ArenaBattleEditor in 5.1076367 seconds
[2023.02.14-07.07.29:874][260]CompilerResultsLog: Using Visual Studio 2017 14.16.27023 toolchain (C:\Program Files (x86)\Microsoft Visual Studio\2017\Community\VC\Tools\MSVC\14.16.27023) and Windows 10.0.17763.0 SDK (C:\Program Files (x86)\Windows Kits\10).
[2023.02.14-07.07.29:875][260]CompilerResultsLog: Building 6 actions with 6 processes...
[2023.02.14-07.07.29:875][260]CompilerResultsLog:   [1/6] ArenaBattle.init.gen.cpp
[2023.02.14-07.07.29:875][260]CompilerResultsLog:   [2/6] ABAIController.cpp
[2023.02.14-07.07.29:875][260]CompilerResultsLog:   [3/6] ABAIController.gen.cpp
[2023.02.14-07.07.29:875][260]CompilerResultsLog:   [4/6] UE4Editor-ArenaBattle-7183.lib
[2023.02.14-07.07.29:875][260]CompilerResultsLog:      D:\git\ArenaBattle\ArenaBattle\Intermediate\Build\Win64\UE4Editor\Development\ArenaBattle\UE4Editor-ArenaBattle-7183.lib ???̺귯?? ?? D:\git\ArenaBattle\ArenaBattle\Intermediate\Build\Win64\UE4Editor\Development\ArenaBattle\UE4Editor-ArenaBattle-7183.exp ??ü?? ?????ϰ? ?ֽ??ϴ?.
[2023.02.14-07.07.29:875][260]CompilerResultsLog:   [5/6] UE4Editor-ArenaBattle-7183.dll
[2023.02.14-07.07.29:875][260]CompilerResultsLog:      D:\git\ArenaBattle\ArenaBattle\Intermediate\Build\Win64\UE4Editor\Development\ArenaBattle\UE4Editor-ArenaBattle-7183.suppressed.lib ???̺귯?? ?? D:\git\ArenaBattle\ArenaBattle\Intermediate\Build\Win64\UE4Editor\Development\ArenaBattle\UE4Editor-ArenaBattle-7183.suppressed.exp ??ü?? ?????ϰ? ?ֽ??ϴ?.
[2023.02.14-07.07.29:875][260]CompilerResultsLog:   [6/6] ArenaBattleEditor.target
[2023.02.14-07.07.29:875][260]CompilerResultsLog: Total time in Parallel executor: 3.03 seconds
[2023.02.14-07.07.29:875][260]CompilerResultsLog: Total execution time: 9.94 seconds
[2023.02.14-07.07.29:875][260]LogMainFrame: MainFrame: Module compiling took 10.043 seconds
[2023.02.14-07.07.29:893][260]LogUObjectHash: Compacting FUObjectHashTables data took   1.28ms
[2023.02.14-07.07.29:916][260]LogClass: Could not find existing class ABAIController in package /Script/ArenaBattle for HotReload, assuming new class
[2023.02.14-07.07.29:923][260]LogClass: ABCharacterData HotReload.
[2023.02.14-07.07.29:927][260]LogHotReload: Re-instancing ABCharacter after hot-reload.
[2023.02.14-07.07.30:011][260]LogContentBrowser: Native class hierarchy updated for 'ArenaBattle' in 0.0003 seconds. Added 11 classes and 2 folders.
[2023.02.14-07.07.30:014][260]Display: HotReload successful (5 functions remapped  1 scriptstructs remapped)
[2023.02.14-07.07.30:120][260]LogUObjectHash: Compacting FUObjectHashTables data took   1.63ms
[2023.02.14-07.07.30:132][260]LogContentBrowser: Native class hierarchy populated in 0.0086 seconds. Added 2744 classes and 663 folders.
[2023.02.14-07.07.30:133][260]Display: HotReload took 10.3s.
[2023.02.14-07.07.30:134][260]Warning: HotReload operation took 10.3s.
[2023.02.14-07.07.30:658][260]LogSlate: Window 'C++ 클래스 추가' being destroyed
[2023.02.14-07.07.30:713][261]LogHotReload: New module detected: UE4Editor-ArenaBattle-7183.dll
[2023.02.14-07.07.30:731][262]LogHotReload: Starting Hot-Reload from IDE
[2023.02.14-07.07.30:765][262]LogUObjectHash: Compacting FUObjectHashTables data took   0.84ms
[2023.02.14-07.07.30:768][262]LogContentBrowser: Native class hierarchy updated for 'ArenaBattle' in 0.0004 seconds. Added 11 classes and 2 folders.
[2023.02.14-07.07.30:770][262]Display: HotReload successful (0 functions remapped  1 scriptstructs remapped)
[2023.02.14-07.07.30:791][262]LogUObjectHash: Compacting FUObjectHashTables data took   0.67ms
[2023.02.14-07.07.30:803][262]LogContentBrowser: Native class hierarchy populated in 0.0086 seconds. Added 2744 classes and 663 folders.
[2023.02.14-07.07.30:806][262]Display: HotReload took  0.1s.
[2023.02.14-07.07.31:732][264]ArenaBattle: Warning: AABPawn::PostInitializeComponents(63)
[2023.02.14-07.07.32:064][265]ArenaBattle: Error: UABCharacterStatComponent::SetNewLevel(34) ASSERTION : 'nullptr != ABGameInstance'
[2023.02.14-07.10.06:157][724]LogHotReload: New module detected: UE4Editor-ArenaBattle-0002.dll
[2023.02.14-07.10.07:856][730]LogHotReload: Starting Hot-Reload from IDE
[2023.02.14-07.10.07:892][730]LogUObjectHash: Compacting FUObjectHashTables data took   0.75ms
[2023.02.14-07.10.07:927][730]LogClass: ABCharacterData HotReload.
[2023.02.14-07.10.07:932][730]LogHotReload: Re-instancing ABCharacter after hot-reload.
[2023.02.14-07.10.08:011][730]LogContentBrowser: Native class hierarchy updated for 'ArenaBattle' in 0.0003 seconds. Added 11 classes and 2 folders.
[2023.02.14-07.10.08:014][730]Display: HotReload successful (5 functions remapped  1 scriptstructs remapped)
[2023.02.14-07.10.08:061][730]LogUObjectHash: Compacting FUObjectHashTables data took   1.79ms
[2023.02.14-07.10.08:074][730]LogContentBrowser: Native class hierarchy populated in 0.0093 seconds. Added 2744 classes and 663 folders.
[2023.02.14-07.10.08:077][730]Display: HotReload took  0.2s.
[2023.02.14-07.10.10:520][738]ArenaBattle: Error: UABCharacterStatComponent::SetNewLevel(34) ASSERTION : 'nullptr != ABGameInstance'
[2023.02.14-07.10.17:255][469]LogSlate: Took 0.000293 seconds to synchronously load lazily loaded font '../../../Engine/Content/Slate/Fonts/Roboto-Italic.ttf' (157K)
[2023.02.14-07.11.10:185][685]LogSlate: Prevented a slow task dialog from being summoned while a context menu was open
[2023.02.14-07.11.43:899][649]Cmd: OBJ SAVEPACKAGE PACKAGE="/Game/Book/Maps/Step2" FILE="D:/git/ArenaBattle/ArenaBattle/Content/Book/Maps/Step2.umap" SILENT=true AUTOSAVING=false KEEPDIRTY=false
[2023.02.14-07.11.43:924][649]LogUObjectHash: Compacting FUObjectHashTables data took   1.67ms
[2023.02.14-07.11.43:961][649]LogSavePackage: Moving 'D:/git/ArenaBattle/ArenaBattle/Saved/Step288DB5FAD4B08D6C15C11DA840C5CADBF.tmp' to 'D:/git/ArenaBattle/ArenaBattle/Content/Book/Maps/Step2.umap'
[2023.02.14-07.11.43:973][649]Cmd: OBJ SAVEPACKAGE PACKAGE="/Game/Book/Maps/Step2_BuiltData" FILE="D:/git/ArenaBattle/ArenaBattle/Content/Book/Maps/Step2_BuiltData.uasset" SILENT=true
[2023.02.14-07.11.43:985][649]LogSavePackage: Moving 'D:/git/ArenaBattle/ArenaBattle/Saved/Step2_BuiltData9EA35999411EBCB09E0F729609F691B6.tmp' to 'D:/git/ArenaBattle/ArenaBattle/Content/Book/Maps/Step2_BuiltData.uasset'
[2023.02.14-07.12.06:658][ 21]LogSlate: Window '레벨 다른 이름으로 저장' being destroyed
[2023.02.14-07.12.06:771][ 21]LogUObjectHash: Compacting FUObjectHashTables data took   1.66ms
[2023.02.14-07.12.06:846][ 21]LogAIModule: Creating AISystem for world Step3
[2023.02.14-07.12.06:852][ 21]Cmd: OBJ SAVEPACKAGE PACKAGE="/Game/Book/Maps/Step3" FILE="D:/git/ArenaBattle/ArenaBattle/Content/Book/Maps/Step3.umap" SILENT=true AUTOSAVING=false KEEPDIRTY=false
[2023.02.14-07.12.06:876][ 21]LogUObjectHash: Compacting FUObjectHashTables data took   2.16ms
[2023.02.14-07.12.06:978][ 21]LogSavePackage: Moving 'D:/git/ArenaBattle/ArenaBattle/Saved/Step319055A2C4255D97C5D0B55B6A8D3B682.tmp' to 'D:/git/ArenaBattle/ArenaBattle/Content/Book/Maps/Step3.umap'
[2023.02.14-07.12.06:983][ 21]Cmd: OBJ SAVEPACKAGE PACKAGE="/Game/Book/Maps/Step3_BuiltData" FILE="D:/git/ArenaBattle/ArenaBattle/Content/Book/Maps/Step3_BuiltData.uasset" SILENT=true
[2023.02.14-07.12.06:991][ 21]LogSavePackage: Moving 'D:/git/ArenaBattle/ArenaBattle/Saved/Step3_BuiltData7965B9534CF1AC7E118C629A2ED22AE2.tmp' to 'D:/git/ArenaBattle/ArenaBattle/Content/Book/Maps/Step3_BuiltData.uasset'
[2023.02.14-07.12.06:999][ 21]LogFileHelpers: Saving map 'Step3' took 0.333
[2023.02.14-07.12.07:000][ 21]Cmd: MAP LOAD FILE="D:/git/ArenaBattle/ArenaBattle/Content/Book/Maps/Step3.umap" TEMPLATE=0 SHOWPROGRESS=1 FEATURELEVEL=3
[2023.02.14-07.12.07:012][ 21]LightingResults: New page: 라이팅 빌드
[2023.02.14-07.12.07:013][ 21]LoadErrors: New page: 맵 로드중: Step3.umap
[2023.02.14-07.12.07:016][ 21]MapCheck: New page: 맵 체크
[2023.02.14-07.12.07:016][ 21]LightingResults: New page: 라이팅 빌드
[2023.02.14-07.12.07:041][ 21]LogUObjectHash: Compacting FUObjectHashTables data took   2.38ms
[2023.02.14-07.12.07:110][ 21]LogEditorServer: Finished looking for orphan Actors (0.000 secs)
[2023.02.14-07.12.07:132][ 21]LogUObjectHash: Compacting FUObjectHashTables data took   1.48ms
[2023.02.14-07.12.07:147][ 21]Cmd: MAP CHECKDEP NOCLEARLOG
[2023.02.14-07.12.07:147][ 21]MapCheck: 맵 체크 완료: 오류 0 회, 경고 0 회, 소요 시간 0.069ms.
[2023.02.14-07.12.07:147][ 21]LogFileHelpers: Loading map 'Step3' took 0.148
[2023.02.14-07.13.05:474][763]LogSlate: FSceneViewport::OnFocusLost() reason 0
[2023.02.14-07.13.23:192][867]LogSlate: FSceneViewport::OnFocusLost() reason 0
[2023.02.14-07.14.08:003][203]LogEditorViewport: Clicking on Actor (LMB): StaticMeshActor (SM_SQUARE)
[2023.02.14-07.21.47:777][841]LogUObjectHash: Compacting FUObjectHashTables data took   1.48ms
[2023.02.14-07.21.47:786][841]Cmd: OBJ SAVEPACKAGE PACKAGE="/Game/Book/Maps/Step3" FILE="D:/git/ArenaBattle/ArenaBattle/Saved/Autosaves/Game/Book/Maps/Step3_Auto1.umap" SILENT=true AUTOSAVING=true KEEPDIRTY=false
[2023.02.14-07.21.47:891][841]LogSavePackage: Moving 'D:/git/ArenaBattle/ArenaBattle/Saved/Step3_Auto1233DB77446FB62F465769CAD9C034A4A.tmp' to 'D:/git/ArenaBattle/ArenaBattle/Saved/Autosaves/Game/Book/Maps/Step3_Auto1.umap'
[2023.02.14-07.21.47:892][841]LogFileHelpers: Editor autosave (incl. sublevels) for '/Game/Book/Maps/Step3' took 0.134
[2023.02.14-07.21.47:892][841]LogFileHelpers: Editor autosave (incl. sublevels) for all levels took 0.134
[2023.02.14-07.38.10:310][774]LogSlate: FSceneViewport::OnFocusLost() reason 2
[2023.02.14-07.39.59:275][118]LogHotReload: New module detected: UE4Editor-ArenaBattle-0004.dll
[2023.02.14-07.40.01:304][125]LogHotReload: Starting Hot-Reload from IDE
[2023.02.14-07.40.01:334][125]LogUObjectHash: Compacting FUObjectHashTables data took   2.40ms
[2023.02.14-07.40.01:355][125]LogClass: Could not find existing class ABAIController in package /Script/ArenaBattle for HotReload, assuming new class
[2023.02.14-07.40.01:361][125]LogClass: ABCharacterData HotReload.
[2023.02.14-07.40.01:363][125]LogHotReload: Re-instancing ABAIController after hot-reload.
[2023.02.14-07.40.01:437][125]LogHotReload: Re-instancing ABCharacter after hot-reload.
[2023.02.14-07.40.01:517][125]LogContentBrowser: Native class hierarchy updated for 'ArenaBattle' in 0.0004 seconds. Added 11 classes and 2 folders.
[2023.02.14-07.40.01:519][125]Display: HotReload successful (5 functions remapped  1 scriptstructs remapped)
[2023.02.14-07.40.01:564][125]LogUObjectHash: Compacting FUObjectHashTables data took   1.47ms
[2023.02.14-07.40.01:575][125]LogContentBrowser: Native class hierarchy populated in 0.0080 seconds. Added 2744 classes and 663 folders.
[2023.02.14-07.40.01:579][125]Display: HotReload took  0.3s.
[2023.02.14-07.40.41:832][254]ArenaBattle: Error: UABCharacterStatComponent::SetNewLevel(34) ASSERTION : 'nullptr != ABGameInstance'
[2023.02.14-07.41.01:246][563]LogTemp: Repeating last play command: 선택된 뷰포트
[2023.02.14-07.41.01:254][563]LogBlueprintUserMessages: Early PlayInEditor Detection: Level '/Game/Book/Maps/Step3.Step3:PersistentLevel' has LevelScriptBlueprint '/Game/Book/Maps/Step3.Step3:PersistentLevel.Step3' with GeneratedClass '/Game/Book/Maps/Step3.Step3_C' with ClassGeneratedBy '/Game/Book/Maps/Step3.Step3:PersistentLevel.Step3'
[2023.02.14-07.41.01:254][563]LogPlayLevel: PlayLevel: No blueprints needed recompiling
[2023.02.14-07.41.01:254][563]PIE: New page: PIE 세션: Step3 (2023. 2. 15. 오전 1:41:01)
[2023.02.14-07.41.01:267][563]LogPlayLevel: Creating play world package: /Game/Book/Maps/UEDPIE_0_Step3
[2023.02.14-07.41.01:271][563]LogPlayLevel: PIE: StaticDuplicateObject took: (0.004338s)
[2023.02.14-07.41.01:272][563]LogAIModule: Creating AISystem for world Step3
[2023.02.14-07.41.01:272][563]LogPlayLevel: PIE: World Init took: (0.000752s)
[2023.02.14-07.41.01:272][563]LogPlayLevel: PIE: Created PIE world by copying editor world from /Game/Book/Maps/Step3.Step3 to /Game/Book/Maps/UEDPIE_0_Step3.Step3 (0.005408s)
[2023.02.14-07.41.01:293][563]LogUObjectHash: Compacting FUObjectHashTables data took   1.34ms
[2023.02.14-07.41.01:334][563]LogInit: XAudio2 using 'Headphones(High Definition Audio Device)' : 2 channels at 48 kHz using 16 bits per sample (channel mask 0x3)
[2023.02.14-07.41.01:354][563]LogInit: FAudioDevice initialized.
[2023.02.14-07.41.01:397][563]LogLoad: Game class is 'ABGameMode'
[2023.02.14-07.41.01:398][563]LogWorld: Bringing World /Game/Book/Maps/UEDPIE_0_Step3.Step3 up for play (max tick rate 0) at 2023.02.14-16.41.01
[2023.02.14-07.41.01:399][563]LogWorld: Bringing up level for play took: 0.001275
[2023.02.14-07.41.01:419][563]ArenaBattle: Warning: AABPlayerController::PostInitializeComponents(8)
[2023.02.14-07.41.01:420][563]ArenaBattle: Warning: AABGameMode::PostLogin(15) PostLogin Begin
[2023.02.14-07.41.01:443][563]LogContentBrowser: Native class hierarchy updated for 'MovieSceneCapture' in 0.0003 seconds. Added 20 classes and 0 folders.
[2023.02.14-07.41.01:444][563]ArenaBattle: Warning: AABPlayerController::OnPossess(13)
[2023.02.14-07.41.02:613][563]LogWindows: Error: === Critical error: ===
[2023.02.14-07.41.02:613][563]LogWindows: Error: 
[2023.02.14-07.41.02:613][563]LogWindows: Error: Fatal error!
[2023.02.14-07.41.02:613][563]LogWindows: Error: 
[2023.02.14-07.41.02:613][563]LogWindows: Error: Unhandled Exception: EXCEPTION_STACK_OVERFLOW
[2023.02.14-07.41.02:613][563]LogWindows: Error: 
[2023.02.14-07.41.02:613][563]LogWindows: Error: [Callstack] 0x00007ffa84a3abe7 UE4Editor-Engine.dll!UnknownFunction []
[2023.02.14-07.41.02:613][563]LogWindows: Error: [Callstack] 0x00007ffb063c47c3 UE4Editor-ArenaBattle-0004.dll!AABAIController::OnUnPossess() [d:\git\arenabattle\arenabattle\source\arenabattle\abaicontroller.cpp:22]
[2023.02.14-07.41.02:613][563]LogWindows: Error: [Callstack] 0x00007ffa84a3abed UE4Editor-Engine.dll!UnknownFunction []
[2023.02.14-07.41.02:613][563]LogWindows: Error: [Callstack] 0x00007ffb063c47c3 UE4Editor-ArenaBattle-0004.dll!AABAIController::OnUnPossess() [d:\git\arenabattle\arenabattle\source\arenabattle\abaicontroller.cpp:22]
[2023.02.14-07.41.02:613][563]LogWindows: Error: [Callstack] 0x00007ffa84a3abed UE4Editor-Engine.dll!UnknownFunction []
[2023.02.14-07.41.02:613][563]LogWindows: Error: [Callstack] 0x00007ffb063c47c3 UE4Editor-ArenaBattle-0004.dll!AABAIController::OnUnPossess() [d:\git\arenabattle\arenabattle\source\arenabattle\abaicontroller.cpp:22]
[2023.02.14-07.41.02:613][563]LogWindows: Error: [Callstack] 0x00007ffa84a3abed UE4Editor-Engine.dll!UnknownFunction []
[2023.02.14-07.41.02:614][563]LogWindows: Error: [Callstack] 0x00007ffb063c47c3 UE4Editor-ArenaBattle-0004.dll!AABAIController::OnUnPossess() [d:\git\arenabattle\arenabattle\source\arenabattle\abaicontroller.cpp:22]
[2023.02.14-07.41.02:614][563]LogWindows: Error: [Callstack] 0x00007ffa84a3abed UE4Editor-Engine.dll!UnknownFunction []
[2023.02.14-07.41.02:614][563]LogWindows: Error: [Callstack] 0x00007ffb063c47c3 UE4Editor-ArenaBattle-0004.dll!AABAIController::OnUnPossess() [d:\git\arenabattle\arenabattle\source\arenabattle\abaicontroller.cpp:22]
[2023.02.14-07.41.02:614][563]LogWindows: Error: [Callstack] 0x00007ffa84a3abed UE4Editor-Engine.dll!UnknownFunction []
[2023.02.14-07.41.02:614][563]LogWindows: Error: [Callstack] 0x00007ffb063c47c3 UE4Editor-ArenaBattle-0004.dll!AABAIController::OnUnPossess() [d:\git\arenabattle\arenabattle\source\arenabattle\abaicontroller.cpp:22]
[2023.02.14-07.41.02:614][563]LogWindows: Error: [Callstack] 0x00007ffa84a3abed UE4Editor-Engine.dll!UnknownFunction []
[2023.02.14-07.41.02:614][563]LogWindows: Error: [Callstack] 0x00007ffb063c47c3 UE4Editor-ArenaBattle-0004.dll!AABAIController::OnUnPossess() [d:\git\arenabattle\arenabattle\source\arenabattle\abaicontroller.cpp:22]
[2023.02.14-07.41.02:614][563]LogWindows: Error: [Callstack] 0x00007ffa84a3abed UE4Editor-Engine.dll!UnknownFunction []
[2023.02.14-07.41.02:614][563]LogWindows: Error: [Callstack] 0x00007ffb063c47c3 UE4Editor-ArenaBattle-0004.dll!AABAIController::OnUnPossess() [d:\git\arenabattle\arenabattle\source\arenabattle\abaicontroller.cpp:22]
[2023.02.14-07.41.02:614][563]LogWindows: Error: [Callstack] 0x00007ffa84a3abed UE4Editor-Engine.dll!UnknownFunction []
[2023.02.14-07.41.02:614][563]LogWindows: Error: [Callstack] 0x00007ffb063c47c3 UE4Editor-ArenaBattle-0004.dll!AABAIController::OnUnPossess() [d:\git\arenabattle\arenabattle\source\arenabattle\abaicontroller.cpp:22]
[2023.02.14-07.41.02:614][563]LogWindows: Error: [Callstack] 0x00007ffa84a3abed UE4Editor-Engine.dll!UnknownFunction []
[2023.02.14-07.41.02:614][563]LogWindows: Error: [Callstack] 0x00007ffb063c47c3 UE4Editor-ArenaBattle-0004.dll!AABAIController::OnUnPossess() [d:\git\arenabattle\arenabattle\source\arenabattle\abaicontroller.cpp:22]
[2023.02.14-07.41.02:614][563]LogWindows: Error: [Callstack] 0x00007ffa84a3abed UE4Editor-Engine.dll!UnknownFunction []
[2023.02.14-07.41.02:614][563]LogWindows: Error: [Callstack] 0x00007ffb063c47c3 UE4Editor-ArenaBattle-0004.dll!AABAIController::OnUnPossess() [d:\git\arenabattle\arenabattle\source\arenabattle\abaicontroller.cpp:22]
[2023.02.14-07.41.02:614][563]LogWindows: Error: [Callstack] 0x00007ffa84a3abed UE4Editor-Engine.dll!UnknownFunction []
[2023.02.14-07.41.02:614][563]LogWindows: Error: [Callstack] 0x00007ffb063c47c3 UE4Editor-ArenaBattle-0004.dll!AABAIController::OnUnPossess() [d:\git\arenabattle\arenabattle\source\arenabattle\abaicontroller.cpp:22]
[2023.02.14-07.41.02:614][563]LogWindows: Error: [Callstack] 0x00007ffa84a3abed UE4Editor-Engine.dll!UnknownFunction []
[2023.02.14-07.41.02:614][563]LogWindows: Error: [Callstack] 0x00007ffb063c47c3 UE4Editor-ArenaBattle-0004.dll!AABAIController::OnUnPossess() [d:\git\arenabattle\arenabattle\source\arenabattle\abaicontroller.cpp:22]
[2023.02.14-07.41.02:614][563]LogWindows: Error: [Callstack] 0x00007ffa84a3abed UE4Editor-Engine.dll!UnknownFunction []
[2023.02.14-07.41.02:614][563]LogWindows: Error: [Callstack] 0x00007ffb063c47c3 UE4Editor-ArenaBattle-0004.dll!AABAIController::OnUnPossess() [d:\git\arenabattle\arenabattle\source\arenabattle\abaicontroller.cpp:22]
[2023.02.14-07.41.02:614][563]LogWindows: Error: [Callstack] 0x00007ffa84a3abed UE4Editor-Engine.dll!UnknownFunction []
[2023.02.14-07.41.02:614][563]LogWindows: Error: [Callstack] 0x00007ffb063c47c3 UE4Editor-ArenaBattle-0004.dll!AABAIController::OnUnPossess() [d:\git\arenabattle\arenabattle\source\arenabattle\abaicontroller.cpp:22]
[2023.02.14-07.41.02:614][563]LogWindows: Error: [Callstack] 0x00007ffa84a3abed UE4Editor-Engine.dll!UnknownFunction []
[2023.02.14-07.41.02:614][563]LogWindows: Error: [Callstack] 0x00007ffb063c47c3 UE4Editor-ArenaBattle-0004.dll!AABAIController::OnUnPossess() [d:\git\arenabattle\arenabattle\source\arenabattle\abaicontroller.cpp:22]
[2023.02.14-07.41.02:614][563]LogWindows: Error: [Callstack] 0x00007ffa84a3abed UE4Editor-Engine.dll!UnknownFunction []
[2023.02.14-07.41.02:614][563]LogWindows: Error: [Callstack] 0x00007ffb063c47c3 UE4Editor-ArenaBattle-0004.dll!AABAIController::OnUnPossess() [d:\git\arenabattle\arenabattle\source\arenabattle\abaicontroller.cpp:22]
[2023.02.14-07.41.02:614][563]LogWindows: Error: [Callstack] 0x00007ffa84a3abed UE4Editor-Engine.dll!UnknownFunction []
[2023.02.14-07.41.02:614][563]LogWindows: Error: [Callstack] 0x00007ffb063c47c3 UE4Editor-ArenaBattle-0004.dll!AABAIController::OnUnPossess() [d:\git\arenabattle\arenabattle\source\arenabattle\abaicontroller.cpp:22]
[2023.02.14-07.41.02:614][563]LogWindows: Error: [Callstack] 0x00007ffa84a3abed UE4Editor-Engine.dll!UnknownFunction []
[2023.02.14-07.41.02:614][563]LogWindows: Error: [Callstack] 0x00007ffb063c47c3 UE4Editor-ArenaBattle-0004.dll!AABAIController::OnUnPossess() [d:\git\arenabattle\arenabattle\source\arenabattle\abaicontroller.cpp:22]
[2023.02.14-07.41.02:614][563]LogWindows: Error: [Callstack] 0x00007ffa84a3abed UE4Editor-Engine.dll!UnknownFunction []
[2023.02.14-07.41.02:614][563]LogWindows: Error: [Callstack] 0x00007ffb063c47c3 UE4Editor-ArenaBattle-0004.dll!AABAIController::OnUnPossess() [d:\git\arenabattle\arenabattle\source\arenabattle\abaicontroller.cpp:22]
[2023.02.14-07.41.02:614][563]LogWindows: Error: [Callstack] 0x00007ffa84a3abed UE4Editor-Engine.dll!UnknownFunction []
[2023.02.14-07.41.02:614][563]LogWindows: Error: [Callstack] 0x00007ffb063c47c3 UE4Editor-ArenaBattle-0004.dll!AABAIController::OnUnPossess() [d:\git\arenabattle\arenabattle\source\arenabattle\abaicontroller.cpp:22]
[2023.02.14-07.41.02:614][563]LogWindows: Error: [Callstack] 0x00007ffa84a3abed UE4Editor-Engine.dll!UnknownFunction []
[2023.02.14-07.41.02:614][563]LogWindows: Error: [Callstack] 0x00007ffb063c47c3 UE4Editor-ArenaBattle-0004.dll!AABAIController::OnUnPossess() [d:\git\arenabattle\arenabattle\source\arenabattle\abaicontroller.cpp:22]
[2023.02.14-07.41.02:614][563]LogWindows: Error: [Callstack] 0x00007ffa84a3abed UE4Editor-Engine.dll!UnknownFunction []
[2023.02.14-07.41.02:614][563]LogWindows: Error: [Callstack] 0x00007ffb063c47c3 UE4Editor-ArenaBattle-0004.dll!AABAIController::OnUnPossess() [d:\git\arenabattle\arenabattle\source\arenabattle\abaicontroller.cpp:22]
[2023.02.14-07.41.02:614][563]LogWindows: Error: [Callstack] 0x00007ffa84a3abed UE4Editor-Engine.dll!UnknownFunction []
[2023.02.14-07.41.02:614][563]LogWindows: Error: [Callstack] 0x00007ffb063c47c3 UE4Editor-ArenaBattle-0004.dll!AABAIController::OnUnPossess() [d:\git\arenabattle\arenabattle\source\arenabattle\abaicontroller.cpp:22]
[2023.02.14-07.41.02:614][563]LogWindows: Error: [Callstack] 0x00007ffa84a3abed UE4Editor-Engine.dll!UnknownFunction []
[2023.02.14-07.41.02:614][563]LogWindows: Error: [Callstack] 0x00007ffb063c47c3 UE4Editor-ArenaBattle-0004.dll!AABAIController::OnUnPossess() [d:\git\arenabattle\arenabattle\source\arenabattle\abaicontroller.cpp:22]
[2023.02.14-07.41.02:614][563]LogWindows: Error: [Callstack] 0x00007ffa84a3abed UE4Editor-Engine.dll!UnknownFunction []
[2023.02.14-07.41.02:614][563]LogWindows: Error: [Callstack] 0x00007ffb063c47c3 UE4Editor-ArenaBattle-0004.dll!AABAIController::OnUnPossess() [d:\git\arenabattle\arenabattle\source\arenabattle\abaicontroller.cpp:22]
[2023.02.14-07.41.02:614][563]LogWindows: Error: [Callstack] 0x00007ffa84a3abed UE4Editor-Engine.dll!UnknownFunction []
[2023.02.14-07.41.02:614][563]LogWindows: Error: [Callstack] 0x00007ffb063c47c3 UE4Editor-ArenaBattle-0004.dll!AABAIController::OnUnPossess() [d:\git\arenabattle\arenabattle\source\arenabattle\abaicontroller.cpp:22]
[2023.02.14-07.41.02:614][563]LogWindows: Error: [Callstack] 0x00007ffa84a3abed UE4Editor-Engine.dll!UnknownFunction []
[2023.02.14-07.41.02:614][563]LogWindows: Error: [Callstack] 0x00007ffb063c47c3 UE4Editor-ArenaBattle-0004.dll!AABAIController::OnUnPossess() [d:\git\arenabattle\arenabattle\source\arenabattle\abaicontroller.cpp:22]
[2023.02.14-07.41.02:614][563]LogWindows: Error: [Callstack] 0x00007ffa84a3abed UE4Editor-Engine.dll!UnknownFunction []
[2023.02.14-07.41.02:614][563]LogWindows: Error: [Callstack] 0x00007ffb063c47c3 UE4Editor-ArenaBattle-0004.dll!AABAIController::OnUnPossess() [d:\git\arenabattle\arenabattle\source\arenabattle\abaicontroller.cpp:22]
[2023.02.14-07.41.02:614][563]LogWindows: Error: [Callstack] 0x00007ffa84a3abed UE4Editor-Engine.dll!UnknownFunction []
[2023.02.14-07.41.02:614][563]LogWindows: Error: [Callstack] 0x00007ffb063c47c3 UE4Editor-ArenaBattle-0004.dll!AABAIController::OnUnPossess() [d:\git\arenabattle\arenabattle\source\arenabattle\abaicontroller.cpp:22]
[2023.02.14-07.41.02:614][563]LogWindows: Error: [Callstack] 0x00007ffa84a3abed UE4Editor-Engine.dll!UnknownFunction []
[2023.02.14-07.41.02:614][563]LogWindows: Error: [Callstack] 0x00007ffb063c47c3 UE4Editor-ArenaBattle-0004.dll!AABAIController::OnUnPossess() [d:\git\arenabattle\arenabattle\source\arenabattle\abaicontroller.cpp:22]
[2023.02.14-07.41.02:614][563]LogWindows: Error: [Callstack] 0x00007ffa84a3abed UE4Editor-Engine.dll!UnknownFunction []
[2023.02.14-07.41.02:614][563]LogWindows: Error: [Callstack] 0x00007ffb063c47c3 UE4Editor-ArenaBattle-0004.dll!AABAIController::OnUnPossess() [d:\git\arenabattle\arenabattle\source\arenabattle\abaicontroller.cpp:22]
[2023.02.14-07.41.02:614][563]LogWindows: Error: [Callstack] 0x00007ffa84a3abed UE4Editor-Engine.dll!UnknownFunction []
[2023.02.14-07.41.02:614][563]LogWindows: Error: [Callstack] 0x00007ffb063c47c3 UE4Editor-ArenaBattle-0004.dll!AABAIController::OnUnPossess() [d:\git\arenabattle\arenabattle\source\arenabattle\abaicontroller.cpp:22]
[2023.02.14-07.41.02:614][563]LogWindows: Error: [Callstack] 0x00007ffa84a3abed UE4Editor-Engine.dll!UnknownFunction []
[2023.02.14-07.41.02:614][563]LogWindows: Error: [Callstack] 0x00007ffb063c47c3 UE4Editor-ArenaBattle-0004.dll!AABAIController::OnUnPossess() [d:\git\arenabattle\arenabattle\source\arenabattle\abaicontroller.cpp:22]
[2023.02.14-07.41.02:614][563]LogWindows: Error: [Callstack] 0x00007ffa84a3abed UE4Editor-Engine.dll!UnknownFunction []
[2023.02.14-07.41.02:614][563]LogWindows: Error: [Callstack] 0x00007ffb063c47c3 UE4Editor-ArenaBattle-0004.dll!AABAIController::OnUnPossess() [d:\git\arenabattle\arenabattle\source\arenabattle\abaicontroller.cpp:22]
[2023.02.14-07.41.02:614][563]LogWindows: Error: [Callstack] 0x00007ffa84a3abed UE4Editor-Engine.dll!UnknownFunction []
[2023.02.14-07.41.02:614][563]LogWindows: Error: [Callstack] 0x00007ffb063c47c3 UE4Editor-ArenaBattle-0004.dll!AABAIController::OnUnPossess() [d:\git\arenabattle\arenabattle\source\arenabattle\abaicontroller.cpp:22]
[2023.02.14-07.41.02:614][563]LogWindows: Error: [Callstack] 0x00007ffa84a3abed UE4Editor-Engine.dll!UnknownFunction []
[2023.02.14-07.41.02:614][563]LogWindows: Error: [Callstack] 0x00007ffb063c47c3 UE4Editor-ArenaBattle-0004.dll!AABAIController::OnUnPossess() [d:\git\arenabattle\arenabattle\source\arenabattle\abaicontroller.cpp:22]
[2023.02.14-07.41.02:614][563]LogWindows: Error: [Callstack] 0x00007ffa84a3abed UE4Editor-Engine.dll!UnknownFunction []
[2023.02.14-07.41.02:614][563]LogWindows: Error: [Callstack] 0x00007ffb063c47c3 UE4Editor-ArenaBattle-0004.dll!AABAIController::OnUnPossess() [d:\git\arenabattle\arenabattle\source\arenabattle\abaicontroller.cpp:22]
[2023.02.14-07.41.02:614][563]LogWindows: Error: [Callstack] 0x00007ffa84a3abed UE4Editor-Engine.dll!UnknownFunction []
[2023.02.14-07.41.02:614][563]LogWindows: Error: [Callstack] 0x00007ffb063c47c3 UE4Editor-ArenaBattle-0004.dll!AABAIController::OnUnPossess() [d:\git\arenabattle\arenabattle\source\arenabattle\abaicontroller.cpp:22]
[2023.02.14-07.41.02:614][563]LogWindows: Error: [Callstack] 0x00007ffa84a3abed UE4Editor-Engine.dll!UnknownFunction []
[2023.02.14-07.41.02:614][563]LogWindows: Error: [Callstack] 0x00007ffb063c47c3 UE4Editor-ArenaBattle-0004.dll!AABAIController::OnUnPossess() [d:\git\arenabattle\arenabattle\source\arenabattle\abaicontroller.cpp:22]
[2023.02.14-07.41.02:614][563]LogWindows: Error: [Callstack] 0x00007ffa84a3abed UE4Editor-Engine.dll!UnknownFunction []
[2023.02.14-07.41.02:614][563]LogWindows: Error: [Callstack] 0x00007ffb063c47c3 UE4Editor-ArenaBattle-0004.dll!AABAIController::OnUnPossess() [d:\git\arenabattle\arenabattle\source\arenabattle\abaicontroller.cpp:22]
[2023.02.14-07.41.02:614][563]LogWindows: Error: [Callstack] 0x00007ffa84a3abed UE4Editor-Engine.dll!UnknownFunction []
[2023.02.14-07.41.02:614][563]LogWindows: Error: [Callstack] 0x00007ffb063c47c3 UE4Editor-ArenaBattle-0004.dll!AABAIController::OnUnPossess() [d:\git\arenabattle\arenabattle\source\arenabattle\abaicontroller.cpp:22]
[2023.02.14-07.41.02:614][563]LogWindows: Error: [Callstack] 0x00007ffa84a3abed UE4Editor-Engine.dll!UnknownFunction []
[2023.02.14-07.41.02:614][563]LogWindows: Error: [Callstack] 0x00007ffb063c47c3 UE4Editor-ArenaBattle-0004.dll!AABAIController::OnUnPossess() [d:\git\arenabattle\arenabattle\source\arenabattle\abaicontroller.cpp:22]
[2023.02.14-07.41.02:614][563]LogWindows: Error: [Callstack] 0x00007ffa84a3abed UE4Editor-Engine.dll!UnknownFunction []
[2023.02.14-07.41.02:614][563]LogWindows: Error: [Callstack] 0x00007ffb063c47c3 UE4Editor-ArenaBattle-0004.dll!AABAIController::OnUnPossess() [d:\git\arenabattle\arenabattle\source\arenabattle\abaicontroller.cpp:22]
[2023.02.14-07.41.02:614][563]LogWindows: Error: [Callstack] 0x00007ffa84a3abed UE4Editor-Engine.dll!UnknownFunction []
[2023.02.14-07.41.02:614][563]LogWindows: Error: [Callstack] 0x00007ffb063c47c3 UE4Editor-ArenaBattle-0004.dll!AABAIController::OnUnPossess() [d:\git\arenabattle\arenabattle\source\arenabattle\abaicontroller.cpp:22]
[2023.02.14-07.41.02:614][563]LogWindows: Error: [Callstack] 0x00007ffa84a3abed UE4Editor-Engine.dll!UnknownFunction []
[2023.02.14-07.41.02:614][563]LogWindows: Error: [Callstack] 0x00007ffb063c47c3 UE4Editor-ArenaBattle-0004.dll!AABAIController::OnUnPossess() [d:\git\arenabattle\arenabattle\source\arenabattle\abaicontroller.cpp:22]
[2023.02.14-07.41.02:614][563]LogWindows: Error: [Callstack] 0x00007ffa84a3abed UE4Editor-Engine.dll!UnknownFunction []
[2023.02.14-07.41.02:614][563]LogWindows: Error: [Callstack] 0x00007ffb063c47c3 UE4Editor-ArenaBattle-0004.dll!AABAIController::OnUnPossess() [d:\git\arenabattle\arenabattle\source\arenabattle\abaicontroller.cpp:22]
[2023.02.14-07.41.02:615][563]LogWindows: Error: [Callstack] 0x00007ffa84a3abed UE4Editor-Engine.dll!UnknownFunction []
[2023.02.14-07.41.02:615][563]LogWindows: Error: [Callstack] 0x00007ffb063c47c3 UE4Editor-ArenaBattle-0004.dll!AABAIController::OnUnPossess() [d:\git\arenabattle\arenabattle\source\arenabattle\abaicontroller.cpp:22]
[2023.02.14-07.41.02:615][563]LogWindows: Error: [Callstack] 0x00007ffa84a3abed UE4Editor-Engine.dll!UnknownFunction []
[2023.02.14-07.41.02:615][563]LogWindows: Error: [Callstack] 0x00007ffb063c47c3 UE4Editor-ArenaBattle-0004.dll!AABAIController::OnUnPossess() [d:\git\arenabattle\arenabattle\source\arenabattle\abaicontroller.cpp:22]
[2023.02.14-07.41.02:615][563]LogWindows: Error: [Callstack] 0x00007ffa84a3abed UE4Editor-Engine.dll!UnknownFunction []
[2023.02.14-07.41.02:615][563]LogWindows: Error: [Callstack] 0x00007ffb063c47c3 UE4Editor-ArenaBattle-0004.dll!AABAIController::OnUnPossess() [d:\git\arenabattle\arenabattle\source\arenabattle\abaicontroller.cpp:22]
[2023.02.14-07.41.02:615][563]LogWindows: Error: 
[2023.02.14-07.41.02:627][563]LogExit: Executing StaticShutdownAfterError
[2023.02.14-07.41.02:631][563]LogWindows: FPlatformMisc::RequestExit(1)
[2023.02.14-07.41.02:652][563]Log file closed, 02/14/23 16:41:02
