Log file open, 02/14/23 21:14:38
LogWindows: Failed to load 'aqProf.dll' (GetLastError=126)
LogWindows: File 'aqProf.dll' does not exist
LogWindows: Failed to load 'VtuneApi.dll' (GetLastError=126)
LogWindows: File 'VtuneApi.dll' does not exist
LogWindows: Failed to load 'VtuneApi32e.dll' (GetLastError=126)
LogWindows: File 'VtuneApi32e.dll' does not exist
LogConsoleResponse: Display: Failed to find resolution value strings in scalability ini. Falling back to default.
LogInit: Display: Running engine for game: ArenaBattle
LogPakFile: Registered encryption key '00000000000000000000000000000000': 0 pak files mounted, 0 remain pending
LogPlatformFile: Not using cached read wrapper
LogTaskGraph: Started task graph with 5 named threads and 20 total threads with 3 sets of task threads.
LogStats: Stats thread started at 0.314835
LogD3D11RHI: Loaded GFSDK_Aftermath_Lib.x64.dll
LogICUInternationalization: ICU TimeZone Detection - Raw Offset: +9:00, Platform Override: ''
LogPluginManager: Mounting plugin Paper2D
LogPluginManager: Mounting plugin AISupport
LogPluginManager: Mounting plugin LightPropagationVolume
LogPluginManager: Mounting plugin ActorLayerUtilities
LogPluginManager: Mounting plugin AnimationSharing
LogPluginManager: Mounting plugin CLionSourceCodeAccess
LogPluginManager: Mounting plugin CodeLiteSourceCodeAccess
LogPluginManager: Mounting plugin GitSourceControl
LogPluginManager: Mounting plugin KDevelopSourceCodeAccess
LogPluginManager: Mounting plugin NullSourceCodeAccess
LogPluginManager: Mounting plugin PerforceSourceControl
LogPluginManager: Mounting plugin SubversionSourceControl
LogPluginManager: Mounting plugin UObjectPlugin
LogPluginManager: Mounting plugin VisualStudioCodeSourceCodeAccess
LogPluginManager: Mounting plugin VisualStudioSourceCodeAccess
LogPluginManager: Mounting plugin XCodeSourceCodeAccess
LogPluginManager: Mounting plugin AssetManagerEditor
LogPluginManager: Mounting plugin CryptoKeys
LogPluginManager: Mounting plugin DataValidation
LogPluginManager: Mounting plugin FacialAnimation
LogPluginManager: Mounting plugin GameplayTagsEditor
LogPluginManager: Mounting plugin MacGraphicsSwitching
LogPluginManager: Mounting plugin MaterialAnalyzer
LogPluginManager: Mounting plugin MobileLauncherProfileWizard
LogPluginManager: Mounting plugin PluginBrowser
LogPluginManager: Mounting plugin SpeedTreeImporter
LogPluginManager: Mounting plugin DatasmithContent
LogPluginManager: Mounting plugin VariantManagerContent
LogPluginManager: Mounting plugin AlembicImporter
LogPluginManager: Mounting plugin AppleImageUtils
LogPluginManager: Mounting plugin AppleVision
LogPluginManager: Mounting plugin BackChannel
LogPluginManager: Mounting plugin CharacterAI
LogPluginManager: Mounting plugin GeometryCache
LogPluginManager: Mounting plugin HTML5Networking
LogPluginManager: Mounting plugin ProxyLODPlugin
LogPluginManager: Mounting plugin SkeletalReduction
LogPluginManager: Mounting plugin MagicLeap
LogPluginManager: Mounting plugin MagicLeapMedia
LogPluginManager: Mounting plugin AndroidMedia
LogPluginManager: Mounting plugin AvfMedia
LogPluginManager: Mounting plugin ImgMedia
LogPluginManager: Mounting plugin LinearTimecode
LogPluginManager: Mounting plugin MediaCompositing
LogPluginManager: Mounting plugin MediaPlayerEditor
LogPluginManager: Mounting plugin WebMMedia
LogPluginManager: Mounting plugin WmfMedia
LogPluginManager: Mounting plugin TcpMessaging
LogPluginManager: Mounting plugin UdpMessaging
LogPluginManager: Mounting plugin ActorSequence
LogPluginManager: Mounting plugin LevelSequenceEditor
LogPluginManager: Mounting plugin MatineeToLevelSequence
LogPluginManager: Mounting plugin NetcodeUnitTest
LogPluginManager: Mounting plugin NUTUnrealEngine4
LogPluginManager: Mounting plugin OnlineSubsystemGooglePlay
LogPluginManager: Mounting plugin OnlineSubsystemIOS
LogPluginManager: Mounting plugin OnlineSubsystem
LogPluginManager: Mounting plugin OnlineSubsystemNull
LogPluginManager: Mounting plugin OnlineSubsystemUtils
LogPluginManager: Mounting plugin LauncherChunkInstaller
LogPluginManager: Mounting plugin AndroidDeviceProfileSelector
LogPluginManager: Mounting plugin AndroidMoviePlayer
LogPluginManager: Mounting plugin AndroidPermission
LogPluginManager: Mounting plugin AppleMoviePlayer
LogPluginManager: Mounting plugin ArchVisCharacter
LogPluginManager: Mounting plugin AudioCapture
LogPluginManager: Mounting plugin CableComponent
LogPluginManager: Mounting plugin CustomMeshComponent
LogPluginManager: Mounting plugin EditableMesh
LogPluginManager: Mounting plugin ExampleDeviceProfileSelector
LogPluginManager: Mounting plugin Firebase
LogPluginManager: Mounting plugin GoogleCloudMessaging
LogPluginManager: Mounting plugin IOSDeviceProfileSelector
LogPluginManager: Mounting plugin LinuxDeviceProfileSelector
LogPluginManager: Mounting plugin LocationServicesBPLibrary
LogPluginManager: Mounting plugin MobilePatchingUtils
LogPluginManager: Mounting plugin OculusVR
LogPluginManager: Mounting plugin PhysXVehicles
LogPluginManager: Mounting plugin ProceduralMeshComponent
LogPluginManager: Mounting plugin RuntimePhysXCooking
LogPluginManager: Mounting plugin SignificanceManager
LogPluginManager: Mounting plugin SteamVR
LogPluginManager: Mounting plugin WebMMoviePlayer
LogPluginManager: Mounting plugin WindowsMoviePlayer
LogInit: Using libcurl 7.55.1-DEV
LogInit:  - built for x86_64-pc-win32
LogInit:  - supports SSL with OpenSSL/1.1.1
LogInit:  - supports HTTP deflate (compression) using libz 1.2.8
LogInit:  - other features:
LogInit:      CURL_VERSION_SSL
LogInit:      CURL_VERSION_LIBZ
LogInit:      CURL_VERSION_IPV6
LogInit:      CURL_VERSION_ASYNCHDNS
LogInit:      CURL_VERSION_LARGEFILE
LogInit:      CURL_VERSION_IDN
LogInit:  CurlRequestOptions (configurable via config and command line):
LogInit:  - bVerifyPeer = true  - Libcurl will verify peer certificate
LogInit:  - bUseHttpProxy = false  - Libcurl will NOT use HTTP proxy
LogInit:  - bDontReuseConnections = false  - Libcurl will reuse connections
LogInit:  - MaxHostConnections = 16  - Libcurl will limit the number of connections to a host
LogInit:  - LocalHostAddr = Default
LogInit:  - BufferSize = 65536
LogInit: WinSock: version 1.1 (2.2), MaxSocks=32767, MaxUdp=65467
LogInit: Build: ++UE4+Release-4.22-CL-7053642
LogInit: Engine Version: 4.22.3-7053642+++UE4+Release-4.22
LogInit: Compatible Engine Version: 4.22.0-5660361+++UE4+Release-4.22
LogInit: Net CL: 5660361
LogInit: OS: Windows 10 (Release 2009) (), CPU: AMD Ryzen 5 3500X 6-Core Processor             , GPU: NVIDIA GeForce GTX 1660 SUPER
LogInit: Compiled (64-bit): Jun 18 2019 03:09:11
LogInit: Compiled with Visual C++: 19.16.27025.01
LogInit: Build Configuration: Development
LogInit: Branch Name: ++UE4+Release-4.22
LogInit: Command Line: 
LogInit: Base Directory: C:/Program Files/Epic Games/UE_4.22/Engine/Binaries/Win64/
LogInit: Installed Engine Build: 1
LogDevObjectVersion: Number of dev versions registered: 23
LogDevObjectVersion:   Dev-Blueprints (B0D832E4-1F89-4F0D-ACCF-7EB736FD4AA2): 10
LogDevObjectVersion:   Dev-Build (E1C64328-A22C-4D53-A36C-8E866417BD8C): 0
LogDevObjectVersion:   Dev-Core (375EC13C-06E4-48FB-B500-84F0262A717E): 3
LogDevObjectVersion:   Dev-Editor (E4B068ED-F494-42E9-A231-DA0B2E46BB41): 30
LogDevObjectVersion:   Dev-Framework (CFFC743F-43B0-4480-9391-14DF171D2073): 35
LogDevObjectVersion:   Dev-Mobile (B02B49B5-BB20-44E9-A304-32B752E40360): 2
LogDevObjectVersion:   Dev-Networking (A4E4105C-59A1-49B5-A7C5-40C4547EDFEE): 0
LogDevObjectVersion:   Dev-Online (39C831C9-5AE6-47DC-9A44-9C173E1C8E7C): 0
LogDevObjectVersion:   Dev-Physics (78F01B33-EBEA-4F98-B9B4-84EACCB95AA2): 0
LogDevObjectVersion:   Dev-Platform (6631380F-2D4D-43E0-8009-CF276956A95A): 0
LogDevObjectVersion:   Dev-Rendering (12F88B9F-8875-4AFC-A67C-D90C383ABD29): 28
LogDevObjectVersion:   Dev-Sequencer (7B5AE74C-D270-4C10-A958-57980B212A5A): 11
LogDevObjectVersion:   Dev-VR (D7296918-1DD6-4BDD-9DE2-64A83CC13884): 2
LogDevObjectVersion:   Dev-LoadTimes (C2A15278-BFE7-4AFE-6C17-90FF531DF755): 1
LogDevObjectVersion:   Private-Geometry (6EACA3D4-40EC-4CC1-B786-8BED09428FC5): 3
LogDevObjectVersion:   Dev-AnimPhys (29E575DD-E0A3-4627-9D10-D276232CDCEA): 17
LogDevObjectVersion:   Dev-Anim (AF43A65D-7FD3-4947-9873-3E8ED9C1BB05): 2
LogDevObjectVersion:   Dev-ReflectionCapture (6B266CEC-1EC7-4B8F-A30B-E4D90942FC07): 1
LogDevObjectVersion:   Dev-Automation (0DF73D61-A23F-47EA-B727-89E90C41499A): 1
LogDevObjectVersion:   FortniteMain (601D1886-AC64-4F84-AA16-D3DE0DEAC7D6): 25
LogDevObjectVersion:   Dev-Enterprise (9DFFBCD6-494F-0158-E221-12823C92A888): 6
LogDevObjectVersion:   Dev-Niagara (F2AED0AC-9AFE-416F-8664-AA7FFA26D6FC): 1
LogDevObjectVersion:   Dev-Destruction (174F1F0B-B4C6-45A5-B13F-2EE8D0FB917D): 2
LogInit: Presizing for max 16777216 objects, including 0 objects not considered by GC, pre-allocating 0 bytes for permanent pool.
LogInit: Object subsystem initialized
LogConfig: Setting CVar [[con.DebugEarlyDefault:1]]
LogConfig: Setting CVar [[r.setres:1280x720]]
[2023.02.14-12.14.38:442][  0]LogConfig: Setting CVar [[r.VSync:0]]
[2023.02.14-12.14.38:442][  0]LogConfig: Setting CVar [[r.RHICmdBypass:0]]
[2023.02.14-12.14.38:442][  0]LogConfig: Applying CVar settings from Section [/Script/Engine.RendererSettings] File [D:/git/ArenaBattle/ArenaBattle/Saved/Config/Windows/Engine.ini]
[2023.02.14-12.14.38:442][  0]LogConfig: Setting CVar [[r.GPUCrashDebugging:0]]
[2023.02.14-12.14.38:442][  0]LogConfig: Applying CVar settings from Section [/Script/Engine.RendererOverrideSettings] File [D:/git/ArenaBattle/ArenaBattle/Saved/Config/Windows/Engine.ini]
[2023.02.14-12.14.38:442][  0]LogConfig: Applying CVar settings from Section [/Script/Engine.StreamingSettings] File [D:/git/ArenaBattle/ArenaBattle/Saved/Config/Windows/Engine.ini]
[2023.02.14-12.14.38:442][  0]LogConfig: Setting CVar [[s.MinBulkDataSizeForAsyncLoading:131072]]
[2023.02.14-12.14.38:442][  0]LogConfig: Setting CVar [[s.AsyncLoadingThreadEnabled:0]]
[2023.02.14-12.14.38:443][  0]LogConfig: Setting CVar [[s.EventDrivenLoaderEnabled:1]]
[2023.02.14-12.14.38:443][  0]LogConfig: Setting CVar [[s.WarnIfTimeLimitExceeded:0]]
[2023.02.14-12.14.38:443][  0]LogConfig: Setting CVar [[s.TimeLimitExceededMultiplier:1.5]]
[2023.02.14-12.14.38:443][  0]LogConfig: Setting CVar [[s.TimeLimitExceededMinTime:0.005]]
[2023.02.14-12.14.38:443][  0]LogConfig: Setting CVar [[s.UseBackgroundLevelStreaming:1]]
[2023.02.14-12.14.38:443][  0]LogConfig: Setting CVar [[s.PriorityAsyncLoadingExtraTime:15.0]]
[2023.02.14-12.14.38:443][  0]LogConfig: Setting CVar [[s.LevelStreamingActorsUpdateTimeLimit:5.0]]
[2023.02.14-12.14.38:443][  0]LogConfig: Setting CVar [[s.PriorityLevelStreamingActorsUpdateExtraTime:5.0]]
[2023.02.14-12.14.38:443][  0]LogConfig: Setting CVar [[s.LevelStreamingComponentsRegistrationGranularity:10]]
[2023.02.14-12.14.38:443][  0]LogConfig: Setting CVar [[s.UnregisterComponentsTimeLimit:1.0]]
[2023.02.14-12.14.38:443][  0]LogConfig: Setting CVar [[s.LevelStreamingComponentsUnregistrationGranularity:5]]
[2023.02.14-12.14.38:443][  0]LogConfig: Applying CVar settings from Section [/Script/Engine.GarbageCollectionSettings] File [D:/git/ArenaBattle/ArenaBattle/Saved/Config/Windows/Engine.ini]
[2023.02.14-12.14.38:443][  0]LogConfig: Setting CVar [[gc.MaxObjectsNotConsideredByGC:1]]
[2023.02.14-12.14.38:443][  0]LogConfig: Setting CVar [[gc.SizeOfPermanentObjectPool:0]]
[2023.02.14-12.14.38:443][  0]LogConfig: Setting CVar [[gc.FlushStreamingOnGC:0]]
[2023.02.14-12.14.38:443][  0]LogConfig: Setting CVar [[gc.NumRetriesBeforeForcingGC:10]]
[2023.02.14-12.14.38:443][  0]LogConfig: Setting CVar [[gc.AllowParallelGC:1]]
[2023.02.14-12.14.38:443][  0]LogConfig: Setting CVar [[gc.TimeBetweenPurgingPendingKillObjects:61.1]]
[2023.02.14-12.14.38:443][  0]LogConfig: Setting CVar [[gc.MaxObjectsInEditor:16777216]]
[2023.02.14-12.14.38:443][  0]LogConfig: Setting CVar [[gc.IncrementalBeginDestroyEnabled:1]]
[2023.02.14-12.14.38:443][  0]LogConfig: Setting CVar [[gc.CreateGCClusters:1]]
[2023.02.14-12.14.38:443][  0]LogConfig: Setting CVar [[gc.MinGCClusterSize:5]]
[2023.02.14-12.14.38:443][  0]LogConfig: Setting CVar [[gc.ActorClusteringEnabled:0]]
[2023.02.14-12.14.38:443][  0]LogConfig: Setting CVar [[gc.BlueprintClusteringEnabled:0]]
[2023.02.14-12.14.38:443][  0]LogConfig: Setting CVar [[gc.UseDisregardForGCOnDedicatedServers:0]]
[2023.02.14-12.14.38:443][  0]LogConfig: Applying CVar settings from Section [/Script/Engine.NetworkSettings] File [D:/git/ArenaBattle/ArenaBattle/Saved/Config/Windows/Engine.ini]
[2023.02.14-12.14.38:443][  0]LogConfig: Applying CVar settings from Section [/Script/UnrealEd.CookerSettings] File [D:/git/ArenaBattle/ArenaBattle/Saved/Config/Windows/Engine.ini]
[2023.02.14-12.14.38:447][  0]LogConfig: Applying CVar settings from Section [ViewDistanceQuality@3] File [D:/git/ArenaBattle/ArenaBattle/Saved/Config/Windows/Scalability.ini]
[2023.02.14-12.14.38:447][  0]LogConfig: Setting CVar [[r.SkeletalMeshLODBias:0]]
[2023.02.14-12.14.38:447][  0]LogConfig: Setting CVar [[r.ViewDistanceScale:1.0]]
[2023.02.14-12.14.38:447][  0]LogConfig: Applying CVar settings from Section [AntiAliasingQuality@3] File [D:/git/ArenaBattle/ArenaBattle/Saved/Config/Windows/Scalability.ini]
[2023.02.14-12.14.38:447][  0]LogConfig: Setting CVar [[r.PostProcessAAQuality:4]]
[2023.02.14-12.14.38:447][  0]LogConfig: Applying CVar settings from Section [ShadowQuality@3] File [D:/git/ArenaBattle/ArenaBattle/Saved/Config/Windows/Scalability.ini]
[2023.02.14-12.14.38:447][  0]LogConfig: Setting CVar [[r.LightFunctionQuality:1]]
[2023.02.14-12.14.38:447][  0]LogConfig: Setting CVar [[r.ShadowQuality:5]]
[2023.02.14-12.14.38:447][  0]LogConfig: Setting CVar [[r.Shadow.CSM.MaxCascades:10]]
[2023.02.14-12.14.38:447][  0]LogConfig: Setting CVar [[r.Shadow.MaxResolution:2048]]
[2023.02.14-12.14.38:447][  0]LogConfig: Setting CVar [[r.Shadow.MaxCSMResolution:2048]]
[2023.02.14-12.14.38:447][  0]LogConfig: Setting CVar [[r.Shadow.RadiusThreshold:0.01]]
[2023.02.14-12.14.38:447][  0]LogConfig: Setting CVar [[r.Shadow.DistanceScale:1.0]]
[2023.02.14-12.14.38:447][  0]LogConfig: Setting CVar [[r.Shadow.CSM.TransitionScale:1.0]]
[2023.02.14-12.14.38:447][  0]LogConfig: Setting CVar [[r.Shadow.PreShadowResolutionFactor:1.0]]
[2023.02.14-12.14.38:447][  0]LogConfig: Setting CVar [[r.DistanceFieldShadowing:1]]
[2023.02.14-12.14.38:447][  0]LogConfig: Setting CVar [[r.DistanceFieldAO:1]]
[2023.02.14-12.14.38:447][  0]LogConfig: Setting CVar [[r.AOQuality:2]]
[2023.02.14-12.14.38:447][  0]LogConfig: Setting CVar [[r.VolumetricFog:1]]
[2023.02.14-12.14.38:448][  0]LogConfig: Setting CVar [[r.VolumetricFog.GridPixelSize:8]]
[2023.02.14-12.14.38:448][  0]LogConfig: Setting CVar [[r.VolumetricFog.GridSizeZ:128]]
[2023.02.14-12.14.38:448][  0]LogConfig: Setting CVar [[r.VolumetricFog.HistoryMissSupersampleCount:4]]
[2023.02.14-12.14.38:448][  0]LogConfig: Setting CVar [[r.LightMaxDrawDistanceScale:1]]
[2023.02.14-12.14.38:448][  0]LogConfig: Setting CVar [[r.CapsuleShadows:1]]
[2023.02.14-12.14.38:448][  0]LogConfig: Applying CVar settings from Section [PostProcessQuality@3] File [D:/git/ArenaBattle/ArenaBattle/Saved/Config/Windows/Scalability.ini]
[2023.02.14-12.14.38:448][  0]LogConfig: Setting CVar [[r.MotionBlurQuality:4]]
[2023.02.14-12.14.38:448][  0]LogConfig: Setting CVar [[r.AmbientOcclusionMipLevelFactor:0.4]]
[2023.02.14-12.14.38:448][  0]LogConfig: Setting CVar [[r.AmbientOcclusionMaxQuality:100]]
[2023.02.14-12.14.38:448][  0]LogConfig: Setting CVar [[r.AmbientOcclusionLevels:-1]]
[2023.02.14-12.14.38:448][  0]LogConfig: Setting CVar [[r.AmbientOcclusionRadiusScale:1.0]]
[2023.02.14-12.14.38:448][  0]LogConfig: Setting CVar [[r.DepthOfFieldQuality:2]]
[2023.02.14-12.14.38:448][  0]LogConfig: Setting CVar [[r.RenderTargetPoolMin:400]]
[2023.02.14-12.14.38:448][  0]LogConfig: Setting CVar [[r.LensFlareQuality:2]]
[2023.02.14-12.14.38:448][  0]LogConfig: Setting CVar [[r.SceneColorFringeQuality:1]]
[2023.02.14-12.14.38:448][  0]LogConfig: Setting CVar [[r.EyeAdaptationQuality:2]]
[2023.02.14-12.14.38:448][  0]LogConfig: Setting CVar [[r.BloomQuality:5]]
[2023.02.14-12.14.38:448][  0]LogConfig: Setting CVar [[r.FastBlurThreshold:100]]
[2023.02.14-12.14.38:448][  0]LogConfig: Setting CVar [[r.Upscale.Quality:3]]
[2023.02.14-12.14.38:448][  0]LogConfig: Setting CVar [[r.Tonemapper.GrainQuantization:1]]
[2023.02.14-12.14.38:448][  0]LogConfig: Setting CVar [[r.LightShaftQuality:1]]
[2023.02.14-12.14.38:448][  0]LogConfig: Setting CVar [[r.Filter.SizeScale:1]]
[2023.02.14-12.14.38:448][  0]LogConfig: Setting CVar [[r.Tonemapper.Quality:5]]
[2023.02.14-12.14.38:448][  0]LogConfig: Setting CVar [[r.DOF.Gather.AccumulatorQuality:1        ; higher gathering accumulator quality]]
[2023.02.14-12.14.38:448][  0]LogConfig: Setting CVar [[r.DOF.Gather.PostfilterMethod:1          ; Median3x3 postfilering method]]
[2023.02.14-12.14.38:448][  0]LogConfig: Setting CVar [[r.DOF.Gather.EnableBokehSettings:0       ; no bokeh simulation when gathering]]
[2023.02.14-12.14.38:448][  0]LogConfig: Setting CVar [[r.DOF.Gather.RingCount:4                 ; medium number of samples when gathering]]
[2023.02.14-12.14.38:448][  0]LogConfig: Setting CVar [[r.DOF.Scatter.ForegroundCompositing:1    ; additive foreground scattering]]
[2023.02.14-12.14.38:448][  0]LogConfig: Setting CVar [[r.DOF.Scatter.BackgroundCompositing:2    ; additive background scattering]]
[2023.02.14-12.14.38:448][  0]LogConfig: Setting CVar [[r.DOF.Scatter.EnableBokehSettings:1      ; bokeh simulation when scattering]]
[2023.02.14-12.14.38:448][  0]LogConfig: Setting CVar [[r.DOF.Scatter.MaxSpriteRatio:0.1         ; only a maximum of 10% of scattered bokeh]]
[2023.02.14-12.14.38:448][  0]LogConfig: Setting CVar [[r.DOF.Recombine.Quality:1                ; cheap slight out of focus]]
[2023.02.14-12.14.38:448][  0]LogConfig: Setting CVar [[r.DOF.Recombine.EnableBokehSettings:0    ; no bokeh simulation on slight out of focus]]
[2023.02.14-12.14.38:448][  0]LogConfig: Setting CVar [[r.DOF.TemporalAAQuality:1                ; more stable temporal accumulation]]
[2023.02.14-12.14.38:448][  0]LogConfig: Setting CVar [[r.DOF.Kernel.MaxForegroundRadius:0.025]]
[2023.02.14-12.14.38:448][  0]LogConfig: Setting CVar [[r.DOF.Kernel.MaxBackgroundRadius:0.025]]
[2023.02.14-12.14.38:448][  0]LogConfig: Applying CVar settings from Section [TextureQuality@3] File [D:/git/ArenaBattle/ArenaBattle/Saved/Config/Windows/Scalability.ini]
[2023.02.14-12.14.38:448][  0]LogConfig: Setting CVar [[r.Streaming.MipBias:0]]
[2023.02.14-12.14.38:448][  0]LogConfig: Setting CVar [[r.Streaming.AmortizeCPUToGPUCopy:0]]
[2023.02.14-12.14.38:448][  0]LogConfig: Setting CVar [[r.Streaming.MaxNumTexturesToStreamPerFrame:0]]
[2023.02.14-12.14.38:448][  0]LogConfig: Setting CVar [[r.Streaming.Boost:1]]
[2023.02.14-12.14.38:448][  0]LogConfig: Setting CVar [[r.MaxAnisotropy:8]]
[2023.02.14-12.14.38:448][  0]LogConfig: Setting CVar [[r.Streaming.LimitPoolSizeToVRAM:0]]
[2023.02.14-12.14.38:448][  0]LogConfig: Setting CVar [[r.Streaming.PoolSize:1000]]
[2023.02.14-12.14.38:448][  0]LogConfig: Setting CVar [[r.Streaming.MaxEffectiveScreenSize:0]]
[2023.02.14-12.14.38:448][  0]LogConfig: Applying CVar settings from Section [EffectsQuality@3] File [D:/git/ArenaBattle/ArenaBattle/Saved/Config/Windows/Scalability.ini]
[2023.02.14-12.14.38:448][  0]LogConfig: Setting CVar [[r.TranslucencyLightingVolumeDim:64]]
[2023.02.14-12.14.38:448][  0]LogConfig: Setting CVar [[r.RefractionQuality:2]]
[2023.02.14-12.14.38:448][  0]LogConfig: Setting CVar [[r.SSR.Quality:3]]
[2023.02.14-12.14.38:448][  0]LogConfig: Setting CVar [[r.SceneColorFormat:4]]
[2023.02.14-12.14.38:448][  0]LogConfig: Setting CVar [[r.DetailMode:2]]
[2023.02.14-12.14.38:448][  0]LogConfig: Setting CVar [[r.TranslucencyVolumeBlur:1]]
[2023.02.14-12.14.38:448][  0]LogConfig: Setting CVar [[r.MaterialQualityLevel:1 ; High quality]]
[2023.02.14-12.14.38:448][  0]LogConfig: Setting CVar [[r.SSS.Scale:1]]
[2023.02.14-12.14.38:448][  0]LogConfig: Setting CVar [[r.SSS.SampleSet:2]]
[2023.02.14-12.14.38:448][  0]LogConfig: Setting CVar [[r.SSS.Quality:1]]
[2023.02.14-12.14.38:448][  0]LogConfig: Setting CVar [[r.SSS.HalfRes:1]]
[2023.02.14-12.14.38:448][  0]LogConfig: Setting CVar [[r.EmitterSpawnRateScale:1.0]]
[2023.02.14-12.14.38:448][  0]LogConfig: Setting CVar [[r.ParticleLightQuality:2]]
[2023.02.14-12.14.38:448][  0]LogConfig: Applying CVar settings from Section [FoliageQuality@3] File [D:/git/ArenaBattle/ArenaBattle/Saved/Config/Windows/Scalability.ini]
[2023.02.14-12.14.38:448][  0]LogConfig: Setting CVar [[foliage.DensityScale:1.0]]
[2023.02.14-12.14.38:448][  0]LogConfig: Setting CVar [[grass.DensityScale:1.0]]
[2023.02.14-12.14.38:448][  0]LogInit: Selected Device Profile: [Windows]
[2023.02.14-12.14.38:448][  0]LogInit: Applying CVar settings loaded from the selected device profile: [Windows]
[2023.02.14-12.14.38:456][  0]LogHAL: Display: Platform has ~ 16 GB [17126916096 / 17179869184 / 16], which maps to Larger [LargestMinGB=32, LargerMinGB=12, DefaultMinGB=8, SmallerMinGB=6, SmallestMinGB=0)
[2023.02.14-12.14.38:456][  0]LogConfig: Setting CVar [[r.Vulkan.UseRealUBs:0		; Required until we fix HLR fall-out]]
[2023.02.14-12.14.38:456][  0]LogInit: Going up to parent DeviceProfile []
[2023.02.14-12.14.38:456][  0]LogConfig: Applying CVar settings from Section [ViewDistanceQuality@3] File [D:/git/ArenaBattle/ArenaBattle/Saved/Config/Windows/Scalability.ini]
[2023.02.14-12.14.38:456][  0]LogConfig: Setting CVar [[r.SkeletalMeshLODBias:0]]
[2023.02.14-12.14.38:456][  0]LogConfig: Setting CVar [[r.ViewDistanceScale:1.0]]
[2023.02.14-12.14.38:456][  0]LogConfig: Applying CVar settings from Section [AntiAliasingQuality@3] File [D:/git/ArenaBattle/ArenaBattle/Saved/Config/Windows/Scalability.ini]
[2023.02.14-12.14.38:456][  0]LogConfig: Setting CVar [[r.PostProcessAAQuality:4]]
[2023.02.14-12.14.38:456][  0]LogConfig: Applying CVar settings from Section [ShadowQuality@3] File [D:/git/ArenaBattle/ArenaBattle/Saved/Config/Windows/Scalability.ini]
[2023.02.14-12.14.38:456][  0]LogConfig: Setting CVar [[r.LightFunctionQuality:1]]
[2023.02.14-12.14.38:456][  0]LogConfig: Setting CVar [[r.ShadowQuality:5]]
[2023.02.14-12.14.38:456][  0]LogConfig: Setting CVar [[r.Shadow.CSM.MaxCascades:10]]
[2023.02.14-12.14.38:456][  0]LogConfig: Setting CVar [[r.Shadow.MaxResolution:2048]]
[2023.02.14-12.14.38:456][  0]LogConfig: Setting CVar [[r.Shadow.MaxCSMResolution:2048]]
[2023.02.14-12.14.38:456][  0]LogConfig: Setting CVar [[r.Shadow.RadiusThreshold:0.01]]
[2023.02.14-12.14.38:456][  0]LogConfig: Setting CVar [[r.Shadow.DistanceScale:1.0]]
[2023.02.14-12.14.38:456][  0]LogConfig: Setting CVar [[r.Shadow.CSM.TransitionScale:1.0]]
[2023.02.14-12.14.38:456][  0]LogConfig: Setting CVar [[r.Shadow.PreShadowResolutionFactor:1.0]]
[2023.02.14-12.14.38:456][  0]LogConfig: Setting CVar [[r.DistanceFieldShadowing:1]]
[2023.02.14-12.14.38:456][  0]LogConfig: Setting CVar [[r.DistanceFieldAO:1]]
[2023.02.14-12.14.38:456][  0]LogConfig: Setting CVar [[r.AOQuality:2]]
[2023.02.14-12.14.38:456][  0]LogConfig: Setting CVar [[r.VolumetricFog:1]]
[2023.02.14-12.14.38:456][  0]LogConfig: Setting CVar [[r.VolumetricFog.GridPixelSize:8]]
[2023.02.14-12.14.38:456][  0]LogConfig: Setting CVar [[r.VolumetricFog.GridSizeZ:128]]
[2023.02.14-12.14.38:456][  0]LogConfig: Setting CVar [[r.VolumetricFog.HistoryMissSupersampleCount:4]]
[2023.02.14-12.14.38:456][  0]LogConfig: Setting CVar [[r.LightMaxDrawDistanceScale:1]]
[2023.02.14-12.14.38:456][  0]LogConfig: Setting CVar [[r.CapsuleShadows:1]]
[2023.02.14-12.14.38:456][  0]LogConfig: Applying CVar settings from Section [PostProcessQuality@3] File [D:/git/ArenaBattle/ArenaBattle/Saved/Config/Windows/Scalability.ini]
[2023.02.14-12.14.38:456][  0]LogConfig: Setting CVar [[r.MotionBlurQuality:4]]
[2023.02.14-12.14.38:456][  0]LogConfig: Setting CVar [[r.AmbientOcclusionMipLevelFactor:0.4]]
[2023.02.14-12.14.38:456][  0]LogConfig: Setting CVar [[r.AmbientOcclusionMaxQuality:100]]
[2023.02.14-12.14.38:456][  0]LogConfig: Setting CVar [[r.AmbientOcclusionLevels:-1]]
[2023.02.14-12.14.38:456][  0]LogConfig: Setting CVar [[r.AmbientOcclusionRadiusScale:1.0]]
[2023.02.14-12.14.38:456][  0]LogConfig: Setting CVar [[r.DepthOfFieldQuality:2]]
[2023.02.14-12.14.38:456][  0]LogConfig: Setting CVar [[r.RenderTargetPoolMin:400]]
[2023.02.14-12.14.38:456][  0]LogConfig: Setting CVar [[r.LensFlareQuality:2]]
[2023.02.14-12.14.38:456][  0]LogConfig: Setting CVar [[r.SceneColorFringeQuality:1]]
[2023.02.14-12.14.38:456][  0]LogConfig: Setting CVar [[r.EyeAdaptationQuality:2]]
[2023.02.14-12.14.38:456][  0]LogConfig: Setting CVar [[r.BloomQuality:5]]
[2023.02.14-12.14.38:456][  0]LogConfig: Setting CVar [[r.FastBlurThreshold:100]]
[2023.02.14-12.14.38:456][  0]LogConfig: Setting CVar [[r.Upscale.Quality:3]]
[2023.02.14-12.14.38:456][  0]LogConfig: Setting CVar [[r.Tonemapper.GrainQuantization:1]]
[2023.02.14-12.14.38:456][  0]LogConfig: Setting CVar [[r.LightShaftQuality:1]]
[2023.02.14-12.14.38:456][  0]LogConfig: Setting CVar [[r.Filter.SizeScale:1]]
[2023.02.14-12.14.38:456][  0]LogConfig: Setting CVar [[r.Tonemapper.Quality:5]]
[2023.02.14-12.14.38:456][  0]LogConfig: Setting CVar [[r.DOF.Gather.AccumulatorQuality:1        ; higher gathering accumulator quality]]
[2023.02.14-12.14.38:456][  0]LogConfig: Setting CVar [[r.DOF.Gather.PostfilterMethod:1          ; Median3x3 postfilering method]]
[2023.02.14-12.14.38:456][  0]LogConfig: Setting CVar [[r.DOF.Gather.EnableBokehSettings:0       ; no bokeh simulation when gathering]]
[2023.02.14-12.14.38:456][  0]LogConfig: Setting CVar [[r.DOF.Gather.RingCount:4                 ; medium number of samples when gathering]]
[2023.02.14-12.14.38:456][  0]LogConfig: Setting CVar [[r.DOF.Scatter.ForegroundCompositing:1    ; additive foreground scattering]]
[2023.02.14-12.14.38:456][  0]LogConfig: Setting CVar [[r.DOF.Scatter.BackgroundCompositing:2    ; additive background scattering]]
[2023.02.14-12.14.38:456][  0]LogConfig: Setting CVar [[r.DOF.Scatter.EnableBokehSettings:1      ; bokeh simulation when scattering]]
[2023.02.14-12.14.38:456][  0]LogConfig: Setting CVar [[r.DOF.Scatter.MaxSpriteRatio:0.1         ; only a maximum of 10% of scattered bokeh]]
[2023.02.14-12.14.38:456][  0]LogConfig: Setting CVar [[r.DOF.Recombine.Quality:1                ; cheap slight out of focus]]
[2023.02.14-12.14.38:456][  0]LogConfig: Setting CVar [[r.DOF.Recombine.EnableBokehSettings:0    ; no bokeh simulation on slight out of focus]]
[2023.02.14-12.14.38:456][  0]LogConfig: Setting CVar [[r.DOF.TemporalAAQuality:1                ; more stable temporal accumulation]]
[2023.02.14-12.14.38:456][  0]LogConfig: Setting CVar [[r.DOF.Kernel.MaxForegroundRadius:0.025]]
[2023.02.14-12.14.38:456][  0]LogConfig: Setting CVar [[r.DOF.Kernel.MaxBackgroundRadius:0.025]]
[2023.02.14-12.14.38:456][  0]LogConfig: Applying CVar settings from Section [TextureQuality@3] File [D:/git/ArenaBattle/ArenaBattle/Saved/Config/Windows/Scalability.ini]
[2023.02.14-12.14.38:456][  0]LogConfig: Setting CVar [[r.Streaming.MipBias:0]]
[2023.02.14-12.14.38:456][  0]LogConfig: Setting CVar [[r.Streaming.AmortizeCPUToGPUCopy:0]]
[2023.02.14-12.14.38:456][  0]LogConfig: Setting CVar [[r.Streaming.MaxNumTexturesToStreamPerFrame:0]]
[2023.02.14-12.14.38:456][  0]LogConfig: Setting CVar [[r.Streaming.Boost:1]]
[2023.02.14-12.14.38:456][  0]LogConfig: Setting CVar [[r.MaxAnisotropy:8]]
[2023.02.14-12.14.38:456][  0]LogConfig: Setting CVar [[r.Streaming.LimitPoolSizeToVRAM:0]]
[2023.02.14-12.14.38:456][  0]LogConfig: Setting CVar [[r.Streaming.PoolSize:1000]]
[2023.02.14-12.14.38:456][  0]LogConfig: Setting CVar [[r.Streaming.MaxEffectiveScreenSize:0]]
[2023.02.14-12.14.38:456][  0]LogConfig: Applying CVar settings from Section [EffectsQuality@3] File [D:/git/ArenaBattle/ArenaBattle/Saved/Config/Windows/Scalability.ini]
[2023.02.14-12.14.38:456][  0]LogConfig: Setting CVar [[r.TranslucencyLightingVolumeDim:64]]
[2023.02.14-12.14.38:456][  0]LogConfig: Setting CVar [[r.RefractionQuality:2]]
[2023.02.14-12.14.38:456][  0]LogConfig: Setting CVar [[r.SSR.Quality:3]]
[2023.02.14-12.14.38:456][  0]LogConfig: Setting CVar [[r.SceneColorFormat:4]]
[2023.02.14-12.14.38:456][  0]LogConfig: Setting CVar [[r.DetailMode:2]]
[2023.02.14-12.14.38:456][  0]LogConfig: Setting CVar [[r.TranslucencyVolumeBlur:1]]
[2023.02.14-12.14.38:456][  0]LogConfig: Setting CVar [[r.MaterialQualityLevel:1 ; High quality]]
[2023.02.14-12.14.38:456][  0]LogConfig: Setting CVar [[r.SSS.Scale:1]]
[2023.02.14-12.14.38:456][  0]LogConfig: Setting CVar [[r.SSS.SampleSet:2]]
[2023.02.14-12.14.38:456][  0]LogConfig: Setting CVar [[r.SSS.Quality:1]]
[2023.02.14-12.14.38:456][  0]LogConfig: Setting CVar [[r.SSS.HalfRes:1]]
[2023.02.14-12.14.38:456][  0]LogConfig: Setting CVar [[r.EmitterSpawnRateScale:1.0]]
[2023.02.14-12.14.38:456][  0]LogConfig: Setting CVar [[r.ParticleLightQuality:2]]
[2023.02.14-12.14.38:456][  0]LogConfig: Applying CVar settings from Section [FoliageQuality@3] File [D:/git/ArenaBattle/ArenaBattle/Saved/Config/Windows/Scalability.ini]
[2023.02.14-12.14.38:456][  0]LogConfig: Setting CVar [[foliage.DensityScale:1.0]]
[2023.02.14-12.14.38:456][  0]LogConfig: Setting CVar [[grass.DensityScale:1.0]]
[2023.02.14-12.14.38:456][  0]LogConfig: Applying CVar settings from Section [Startup] File [../../../Engine/Config/ConsoleVariables.ini]
[2023.02.14-12.14.38:457][  0]LogConfig: Setting CVar [[net.UseAdaptiveNetUpdateFrequency:0]]
[2023.02.14-12.14.38:457][  0]LogConfig: Setting CVar [[p.chaos.AllowCreatePhysxBodies:1]]
[2023.02.14-12.14.38:457][  0]LogConfig: Applying CVar settings from Section [ConsoleVariables] File [D:/git/ArenaBattle/ArenaBattle/Saved/Config/Windows/Engine.ini]
[2023.02.14-12.14.38:457][  0]LogInit: Computer: DESKTOP-MTCB6DM
[2023.02.14-12.14.38:457][  0]LogInit: User: seo
[2023.02.14-12.14.38:457][  0]LogInit: CPU Page size=4096, Cores=6
[2023.02.14-12.14.38:457][  0]LogInit: High frequency timer resolution =10.000000 MHz
[2023.02.14-12.14.38:457][  0]LogMemory: Memory total: Physical=16.0GB (16GB approx)
[2023.02.14-12.14.38:457][  0]LogMemory: Platform Memory Stats for Windows
[2023.02.14-12.14.38:457][  0]LogMemory: Process Physical Memory: 98.01 MB used, 98.01 MB peak
[2023.02.14-12.14.38:457][  0]LogMemory: Process Virtual Memory: 84.26 MB used, 84.26 MB peak
[2023.02.14-12.14.38:457][  0]LogMemory: Physical Memory: 8649.37 MB used,  7684.13 MB free, 16333.50 MB total
[2023.02.14-12.14.38:457][  0]LogMemory: Virtual Memory: 4634.20 MB used,  134213096.00 MB free, 134217728.00 MB total
[2023.02.14-12.14.38:550][  0]LogInit: Using OS detected language (ko-KR).
[2023.02.14-12.14.38:550][  0]LogInit: Using OS detected locale (ko-KR).
[2023.02.14-12.14.38:551][  0]LogTextLocalizationManager: No specific localization for 'ko-KR' exists, so the 'ko' localization will be used.
[2023.02.14-12.14.38:615][  0]LogInit: Setting process to per monitor DPI aware
[2023.02.14-12.14.38:670][  0]LogSlate: New Slate User Created.  User Index 0, Is Virtual User: 0
[2023.02.14-12.14.38:670][  0]LogSlate: Slate User Registered.  User Index 0, Is Virtual User: 0
[2023.02.14-12.14.38:852][  0]LogHMD: Failed to initialize OpenVR with code 110
[2023.02.14-12.14.38:852][  0]LogD3D11RHI: D3D11 adapters:
[2023.02.14-12.14.39:022][  0]LogD3D11RHI:    0. 'NVIDIA GeForce GTX 1660 SUPER' (Feature Level 11_0)
[2023.02.14-12.14.39:022][  0]LogD3D11RHI:       5991/0/8166 MB DedicatedVideo/DedicatedSystem/SharedSystem, Outputs:2, VendorId:0x10de
[2023.02.14-12.14.39:025][  0]LogD3D11RHI:    1. 'Microsoft Basic Render Driver' (Feature Level 11_0)
[2023.02.14-12.14.39:025][  0]LogD3D11RHI:       0/0/8166 MB DedicatedVideo/DedicatedSystem/SharedSystem, Outputs:0, VendorId:0x1414
[2023.02.14-12.14.39:025][  0]LogD3D11RHI: Chosen D3D11 Adapter: 0
[2023.02.14-12.14.39:037][  0]LogD3D11RHI: Creating new Direct3DDevice
[2023.02.14-12.14.39:037][  0]LogD3D11RHI:     GPU DeviceId: 0x21c4 (for the marketing name, search the web for "GPU Device Id")
[2023.02.14-12.14.39:037][  0]LogWindows: EnumDisplayDevices:
[2023.02.14-12.14.39:037][  0]LogWindows:    0. 'NVIDIA GeForce GTX 1660 SUPER' (P:1 D:1)
[2023.02.14-12.14.39:038][  0]LogWindows:    1. 'NVIDIA GeForce GTX 1660 SUPER' (P:0 D:1)
[2023.02.14-12.14.39:039][  0]LogWindows:    2. 'NVIDIA GeForce GTX 1660 SUPER' (P:0 D:0)
[2023.02.14-12.14.39:040][  0]LogWindows:    3. 'NVIDIA GeForce GTX 1660 SUPER' (P:0 D:0)
[2023.02.14-12.14.39:040][  0]LogWindows: DebugString: FoundDriverCount:4 
[2023.02.14-12.14.39:040][  0]LogD3D11RHI:     Adapter Name: NVIDIA GeForce GTX 1660 SUPER
[2023.02.14-12.14.39:040][  0]LogD3D11RHI:   Driver Version: 516.94 (internal:31.0.15.1694, unified:516.94)
[2023.02.14-12.14.39:040][  0]LogD3D11RHI:      Driver Date: 7-21-2022
[2023.02.14-12.14.39:040][  0]LogRHI: Texture pool is 4193 MB (70% of 5991 MB)
[2023.02.14-12.14.39:117][  0]LogD3D11RHI: Async texture creation enabled
[2023.02.14-12.14.39:138][  0]LogRendererCore: FGlobalReadBuffer::InitRHI
[2023.02.14-12.14.39:138][  0]LogRendererCore: FGlobalReadBuffer::InitRHI
[2023.02.14-12.14.39:138][  0]LogRendererCore: FGlobalReadBuffer::InitRHI
[2023.02.14-12.14.39:145][  0]LogD3D11RHI: GPU Timing Frequency: 1000.000000 (Debug: 2 1)
[2023.02.14-12.14.39:496][  0]LogTemp: Display: Module 'AllDesktopTargetPlatform' loaded TargetPlatform 'AllDesktop'
[2023.02.14-12.14.39:510][  0]LogTemp: Display: Module 'MacClientTargetPlatform' loaded TargetPlatform 'MacClient'
[2023.02.14-12.14.39:524][  0]LogTemp: Display: Module 'MacNoEditorTargetPlatform' loaded TargetPlatform 'MacNoEditor'
[2023.02.14-12.14.39:539][  0]LogTemp: Display: Module 'MacServerTargetPlatform' loaded TargetPlatform 'MacServer'
[2023.02.14-12.14.39:554][  0]LogTemp: Display: Module 'MacTargetPlatform' loaded TargetPlatform 'Mac'
[2023.02.14-12.14.39:569][  0]LogTemp: Display: Module 'WindowsClientTargetPlatform' loaded TargetPlatform 'WindowsClient'
[2023.02.14-12.14.39:583][  0]LogTemp: Display: Module 'WindowsNoEditorTargetPlatform' loaded TargetPlatform 'WindowsNoEditor'
[2023.02.14-12.14.39:597][  0]LogTemp: Display: Module 'WindowsServerTargetPlatform' loaded TargetPlatform 'WindowsServer'
[2023.02.14-12.14.39:604][  0]LogTemp: Display: Module 'WindowsTargetPlatform' loaded TargetPlatform 'Windows'
[2023.02.14-12.14.39:686][  0]LogTemp: Display: Module 'AndroidTargetPlatform' loaded TargetPlatform 'Android'
[2023.02.14-12.14.39:687][  0]LogTemp: Display: Module 'AndroidTargetPlatform' loaded TargetPlatform 'Android_ASTC'
[2023.02.14-12.14.39:687][  0]LogTemp: Display: Module 'AndroidTargetPlatform' loaded TargetPlatform 'Android_ATC'
[2023.02.14-12.14.39:687][  0]LogTemp: Display: Module 'AndroidTargetPlatform' loaded TargetPlatform 'Android_DXT'
[2023.02.14-12.14.39:687][  0]LogTemp: Display: Module 'AndroidTargetPlatform' loaded TargetPlatform 'Android_ETC1'
[2023.02.14-12.14.39:687][  0]LogTemp: Display: Module 'AndroidTargetPlatform' loaded TargetPlatform 'Android_ETC1a'
[2023.02.14-12.14.39:687][  0]LogTemp: Display: Module 'AndroidTargetPlatform' loaded TargetPlatform 'Android_ETC2'
[2023.02.14-12.14.39:687][  0]LogTemp: Display: Module 'AndroidTargetPlatform' loaded TargetPlatform 'Android_PVRTC'
[2023.02.14-12.14.39:687][  0]LogTemp: Display: Module 'AndroidTargetPlatform' loaded TargetPlatform 'AndroidClient'
[2023.02.14-12.14.39:687][  0]LogTemp: Display: Module 'AndroidTargetPlatform' loaded TargetPlatform 'Android_ASTCClient'
[2023.02.14-12.14.39:687][  0]LogTemp: Display: Module 'AndroidTargetPlatform' loaded TargetPlatform 'Android_ATCClient'
[2023.02.14-12.14.39:687][  0]LogTemp: Display: Module 'AndroidTargetPlatform' loaded TargetPlatform 'Android_DXTClient'
[2023.02.14-12.14.39:687][  0]LogTemp: Display: Module 'AndroidTargetPlatform' loaded TargetPlatform 'Android_ETC1Client'
[2023.02.14-12.14.39:687][  0]LogTemp: Display: Module 'AndroidTargetPlatform' loaded TargetPlatform 'Android_ETC1aClient'
[2023.02.14-12.14.39:687][  0]LogTemp: Display: Module 'AndroidTargetPlatform' loaded TargetPlatform 'Android_ETC2Client'
[2023.02.14-12.14.39:687][  0]LogTemp: Display: Module 'AndroidTargetPlatform' loaded TargetPlatform 'Android_PVRTCClient'
[2023.02.14-12.14.39:687][  0]LogTemp: Display: Module 'AndroidTargetPlatform' loaded TargetPlatform 'Android_Multi'
[2023.02.14-12.14.39:687][  0]LogTemp: Display: Module 'AndroidTargetPlatform' loaded TargetPlatform 'Android_MultiClient'
[2023.02.14-12.14.39:689][  0]LogTemp: Display: Module 'HTML5TargetPlatform' loaded TargetPlatform 'HTML5'
[2023.02.14-12.14.39:742][  0]LogTemp: Display: Module 'IOSTargetPlatform' loaded TargetPlatform 'IOSClient'
[2023.02.14-12.14.39:742][  0]LogTemp: Display: Module 'IOSTargetPlatform' loaded TargetPlatform 'IOS'
[2023.02.14-12.14.39:769][  0]LogTemp: Display: Module 'TVOSTargetPlatform' loaded TargetPlatform 'TVOSClient'
[2023.02.14-12.14.39:769][  0]LogTemp: Display: Module 'TVOSTargetPlatform' loaded TargetPlatform 'TVOS'
[2023.02.14-12.14.39:783][  0]LogTemp: Display: Module 'LinuxClientTargetPlatform' loaded TargetPlatform 'LinuxClient'
[2023.02.14-12.14.39:798][  0]LogTemp: Display: Module 'LinuxNoEditorTargetPlatform' loaded TargetPlatform 'LinuxNoEditor'
[2023.02.14-12.14.39:811][  0]LogTemp: Display: Module 'LinuxServerTargetPlatform' loaded TargetPlatform 'LinuxServer'
[2023.02.14-12.14.39:825][  0]LogTemp: Display: Module 'LinuxTargetPlatform' loaded TargetPlatform 'Linux'
[2023.02.14-12.14.39:872][  0]LogTemp: Display: Module 'LuminTargetPlatform' loaded TargetPlatform 'Lumin'
[2023.02.14-12.14.39:872][  0]LogTemp: Display: Module 'LuminTargetPlatform' loaded TargetPlatform 'LuminClient'
[2023.02.14-12.14.39:872][  0]LogTargetPlatformManager: Display: Building Assets For Windows
[2023.02.14-12.14.39:881][  0]LogAudioDebug: Display: Lib vorbis DLL was dynamically loaded.
[2023.02.14-12.14.39:923][  0]LogShaderCompilers: Guid format shader working directory is 13 characters bigger than the processId version (D:/git/ArenaBattle/ArenaBattle/Intermediate/Shaders/WorkingDirectory/43960/).
[2023.02.14-12.14.39:923][  0]LogShaderCompilers: Cleaned the shader compiler working directory 'C:/Users/seo/AppData/Local/Temp/UnrealShaderWorkingDir/1D30E1FF4FDED75B0825AA8B9E405C52/'.
[2023.02.14-12.14.39:925][  0]LogXGEController: Cannot use XGE Controller as Incredibuild is not installed on this machine.
[2023.02.14-12.14.39:925][  0]LogShaderCompilers: Cannot use XGE Shader Compiler as Incredibuild is not installed on this machine.
[2023.02.14-12.14.39:925][  0]LogShaderCompilers: Display: Using Local Shader Compiler.
[2023.02.14-12.14.40:361][  0]LogDerivedDataCache: Display: Max Cache Size: 512 MB
[2023.02.14-12.14.40:402][  0]LogDerivedDataCache: Loaded boot cache 0.04s 72MB C:/Users/seo/AppData/Local/UnrealEngine/4.22/DerivedDataCache/Boot.ddc.
[2023.02.14-12.14.40:403][  0]LogDerivedDataCache: Display: Loaded Boot cache: C:/Users/seo/AppData/Local/UnrealEngine/4.22/DerivedDataCache/Boot.ddc
[2023.02.14-12.14.40:403][  0]LogDerivedDataCache: FDerivedDataBackendGraph:  Pak pak cache file D:/git/ArenaBattle/ArenaBattle/DerivedDataCache/DDC.ddp not found, will not use a pak cache.
[2023.02.14-12.14.40:403][  0]LogDerivedDataCache: Unable to find inner node Pak for hierarchical cache Hierarchy.
[2023.02.14-12.14.40:403][  0]LogDerivedDataCache: FDerivedDataBackendGraph:  CompressedPak pak cache file D:/git/ArenaBattle/ArenaBattle/DerivedDataCache/Compressed.ddp not found, will not use a pak cache.
[2023.02.14-12.14.40:403][  0]LogDerivedDataCache: Unable to find inner node CompressedPak for hierarchical cache Hierarchy.
[2023.02.14-12.14.40:416][  0]LogDerivedDataCache: Display: Pak cache opened for reading ../../../Engine/DerivedDataCache/Compressed.ddp.
[2023.02.14-12.14.40:416][  0]LogDerivedDataCache: FDerivedDataBackendGraph:  EnterprisePak pak cache file ../../../Enterprise/DerivedDataCache/Compressed.ddp not found, will not use a pak cache.
[2023.02.14-12.14.40:416][  0]LogDerivedDataCache: Unable to find inner node EnterprisePak for hierarchical cache Hierarchy.
[2023.02.14-12.14.40:429][  0]LogDerivedDataCache: Using Local data cache path C:/Users/seo/AppData/Local/UnrealEngine/Common/DerivedDataCache: Writable
[2023.02.14-12.14.40:429][  0]LogDerivedDataCache: Shared data cache path not found in *engine.ini, will not use an Shared cache.
[2023.02.14-12.14.40:429][  0]LogDerivedDataCache: Unable to find inner node Shared for hierarchical cache Hierarchy.
[2023.02.14-12.14.40:451][  0]LogMaterial: Verifying Global Shaders for PCD3D_SM5
[2023.02.14-12.14.40:453][  0]LogSlate: Using FreeType 2.6.0
[2023.02.14-12.14.40:453][  0]LogSlate: SlateFontServices - WITH_FREETYPE: 1, WITH_HARFBUZZ: 1
[2023.02.14-12.14.40:544][  0]LogAssetRegistry: FAssetRegistry took 0.0369 seconds to start up
[2023.02.14-12.14.40:855][  0]LogInit: Selected Device Profile: [Windows]
[2023.02.14-12.14.40:968][  0]LogMeshReduction: Using QuadricMeshReduction for automatic static mesh reduction
[2023.02.14-12.14.40:968][  0]LogMeshReduction: Using SimplygonMeshReduction for automatic skeletal mesh reduction
[2023.02.14-12.14.40:968][  0]LogMeshReduction: Using ProxyLODMeshReduction for automatic mesh merging
[2023.02.14-12.14.40:968][  0]LogMeshReduction: No distributed automatic mesh merging module available
[2023.02.14-12.14.40:968][  0]LogMeshMerging: No distributed automatic mesh merging module available
[2023.02.14-12.14.40:976][  0]LogNetVersion: ArenaBattle 1.0.0, NetCL: 5660361, EngineNetVer: 10, GameNetVer: 0 (Checksum: 815535894)
[2023.02.14-12.14.41:314][  0]LogPackageLocalizationCache: Processed 10 localized package path(s) for 1 prioritized culture(s) in 0.027766 seconds
[2023.02.14-12.14.41:321][  0]LogUObjectArray: 42205 objects as part of root set at end of initial load.
[2023.02.14-12.14.41:321][  0]LogUObjectAllocator: 7325032 out of 0 bytes used by permanent object pool.
[2023.02.14-12.14.41:321][  0]LogUObjectArray: CloseDisregardForGC: 0/0 objects in disregard for GC pool
[2023.02.14-12.14.42:101][  0]LogTcpMessaging: Initializing TcpMessaging bridge
[2023.02.14-12.14.42:114][  0]LogUdpMessaging: Initializing bridge on interface 0.0.0.0:0 to multicast group 230.0.0.1:6666.
[2023.02.14-12.14.42:320][  0]SourceControl: 소스 컨트롤이 꺼져 있습니다.
[2023.02.14-12.14.42:320][  0]SourceControl: 소스 컨트롤이 꺼져 있습니다.
[2023.02.14-12.14.42:321][  0]SourceControl: 소스 컨트롤이 꺼져 있습니다.
[2023.02.14-12.14.42:322][  0]SourceControl: 소스 컨트롤이 꺼져 있습니다.
[2023.02.14-12.14.42:410][  0]LogAndroidPermission: UAndroidPermissionCallbackProxy::GetInstance
[2023.02.14-12.14.42:539][  0]LogOcInput: OculusInput pre-init called
[2023.02.14-12.14.43:195][  0]LogEngine: Initializing Engine...
[2023.02.14-12.14.43:195][  0]LogHMD: Failed to initialize OpenVR with code 110
[2023.02.14-12.14.43:196][  0]LogStats: UGameplayTagsManager::InitializeManager -  0.000 s
[2023.02.14-12.14.43:359][  0]LogInit: Initializing FReadOnlyCVARCache
[2023.02.14-12.14.43:369][  0]LogAIModule: Creating AISystem for world Untitled
[2023.02.14-12.14.43:406][  0]LogInit: XAudio2 using 'Headphones(High Definition Audio Device)' : 2 channels at 48 kHz using 16 bits per sample (channel mask 0x3)
[2023.02.14-12.14.43:435][  0]LogInit: FAudioDevice initialized.
[2023.02.14-12.14.43:436][  0]LogNetVersion: Set ProjectVersion to 1.0.0.0. Version Checksum will be recalculated on next use.
[2023.02.14-12.14.43:484][  0]LogDerivedDataCache: Saved boot cache 0.05s 72MB C:/Users/seo/AppData/Local/UnrealEngine/4.22/DerivedDataCache/Boot.ddc.
[2023.02.14-12.14.43:490][  0]LogInit: Texture streaming: Enabled
[2023.02.14-12.14.43:510][  0]LogEngineSessionManager: EngineSessionManager initialized
[2023.02.14-12.14.43:534][  0]LogInit: Transaction tracking system initialized
[2023.02.14-12.14.43:554][  0]BlueprintLog: New page: 에디터 로드
[2023.02.14-12.14.43:621][  0]LocalizationService: 현지화 서비스가 비활성화되었습니다.
[2023.02.14-12.14.43:896][  0]LogFileCache: Scanning file cache for directory 'D:/git/ArenaBattle/ArenaBattle/Content/' took 0.03s
[2023.02.14-12.14.43:896][  0]LogCook: Display: Max memory allowance for cook 16384mb min free memory 0mb
[2023.02.14-12.14.43:896][  0]LogCook: Display: Mobile HDR setting 1
[2023.02.14-12.14.44:053][  0]SourceControl: 소스 컨트롤이 꺼져 있습니다.
[2023.02.14-12.14.44:053][  0]Cmd: MAP LOAD FILE="D:/git/ArenaBattle/ArenaBattle/Content/Book/Maps/Step2.umap" TEMPLATE=0 SHOWPROGRESS=1 FEATURELEVEL=3
[2023.02.14-12.14.44:053][  0]LightingResults: New page: 라이팅 빌드
[2023.02.14-12.14.44:055][  0]MapCheck: New page: 맵 체크
[2023.02.14-12.14.44:055][  0]LightingResults: New page: 라이팅 빌드
[2023.02.14-12.14.44:080][  0]LogUObjectHash: Compacting FUObjectHashTables data took   1.76ms
[2023.02.14-12.14.44:201][  0]LogAIModule: Creating AISystem for world Step2
[2023.02.14-12.14.44:208][  0]LogEditorServer: Finished looking for orphan Actors (0.000 secs)
[2023.02.14-12.14.44:233][  0]LogUObjectHash: Compacting FUObjectHashTables data took   1.85ms
[2023.02.14-12.14.44:233][  0]Cmd: MAP CHECKDEP NOCLEARLOG
[2023.02.14-12.14.44:233][  0]MapCheck: 맵 체크 완료: 오류 0 회, 경고 0 회, 소요 시간 0.097ms.
[2023.02.14-12.14.44:233][  0]LogFileHelpers: Loading map 'Step2' took 0.180
[2023.02.14-12.14.44:342][  0]LogSlate: Updating window title bar state: overlay mode, drag disabled, window buttons hidden, title bar hidden
[2023.02.14-12.14.44:348][  0]LogSlate: Updating window title bar state: overlay mode, drag disabled, window buttons hidden, title bar hidden
[2023.02.14-12.14.44:354][  0]LogSlate: Updating window title bar state: overlay mode, drag disabled, window buttons hidden, title bar hidden
[2023.02.14-12.14.44:360][  0]LogSlate: Updating window title bar state: overlay mode, drag disabled, window buttons hidden, title bar hidden
[2023.02.14-12.14.44:364][  0]LogCollectionManager: Loaded 0 collections in 0.000814 seconds
[2023.02.14-12.14.44:402][  0]LogFileCache: Scanning file cache for directory 'D:/git/ArenaBattle/ArenaBattle/Saved/Collections/' took 0.01s
[2023.02.14-12.14.44:402][  0]LogFileCache: Scanning file cache for directory 'D:/git/ArenaBattle/ArenaBattle/Content/Developers/seo/Collections/' took 0.01s
[2023.02.14-12.14.44:402][  0]LogFileCache: Scanning file cache for directory 'D:/git/ArenaBattle/ArenaBattle/Content/Collections/' took 0.01s
[2023.02.14-12.14.44:402][  0]LogCollectionManager: Rebuilt the GUID cache for 0 collections in 0.000000 seconds
[2023.02.14-12.14.44:412][  0]LogContentBrowser: Native class hierarchy populated in 0.0098 seconds. Added 2748 classes and 661 folders.
[2023.02.14-12.14.44:417][  0]LogContentBrowser: Native class hierarchy updated for 'WidgetCarousel' in 0.0003 seconds. Added 0 classes and 0 folders.
[2023.02.14-12.14.44:418][  0]LogPakFile: Registered encryption key '00000000000000000000000000000000': 0 pak files mounted, 0 remain pending
[2023.02.14-12.14.44:419][  0]LogPakFile: Registered encryption key '00000000000000000000000000000000': 0 pak files mounted, 0 remain pending
[2023.02.14-12.14.44:420][  0]LogPakFile: Registered encryption key '00000000000000000000000000000000': 0 pak files mounted, 0 remain pending
[2023.02.14-12.14.44:420][  0]LogPakFile: Registered encryption key '00000000000000000000000000000000': 0 pak files mounted, 0 remain pending
[2023.02.14-12.14.44:420][  0]LogPakFile: Registered encryption key '00000000000000000000000000000000': 0 pak files mounted, 0 remain pending
[2023.02.14-12.14.44:421][  0]LogPakFile: Registered encryption key '00000000000000000000000000000000': 0 pak files mounted, 0 remain pending
[2023.02.14-12.14.44:421][  0]LogPakFile: Registered encryption key '00000000000000000000000000000000': 0 pak files mounted, 0 remain pending
[2023.02.14-12.14.44:422][  0]LogPakFile: Registered encryption key '00000000000000000000000000000000': 0 pak files mounted, 0 remain pending
[2023.02.14-12.14.44:422][  0]LogPakFile: Registered encryption key '00000000000000000000000000000000': 0 pak files mounted, 0 remain pending
[2023.02.14-12.14.44:423][  0]LogPakFile: Registered encryption key '00000000000000000000000000000000': 0 pak files mounted, 0 remain pending
[2023.02.14-12.14.44:423][  0]LogPakFile: Registered encryption key '00000000000000000000000000000000': 0 pak files mounted, 0 remain pending
[2023.02.14-12.14.44:424][  0]LogPakFile: Registered encryption key '00000000000000000000000000000000': 0 pak files mounted, 0 remain pending
[2023.02.14-12.14.44:424][  0]LogPakFile: Registered encryption key '00000000000000000000000000000000': 0 pak files mounted, 0 remain pending
[2023.02.14-12.14.44:425][  0]LogPakFile: Registered encryption key '00000000000000000000000000000000': 0 pak files mounted, 0 remain pending
[2023.02.14-12.14.44:425][  0]LogPakFile: Registered encryption key '00000000000000000000000000000000': 0 pak files mounted, 0 remain pending
[2023.02.14-12.14.44:426][  0]LogPakFile: Registered encryption key '00000000000000000000000000000000': 0 pak files mounted, 0 remain pending
[2023.02.14-12.14.44:426][  0]LogPakFile: Registered encryption key '00000000000000000000000000000000': 0 pak files mounted, 0 remain pending
[2023.02.14-12.14.44:426][  0]LogPakFile: Registered encryption key '00000000000000000000000000000000': 0 pak files mounted, 0 remain pending
[2023.02.14-12.14.44:427][  0]LogPakFile: Registered encryption key '00000000000000000000000000000000': 0 pak files mounted, 0 remain pending
[2023.02.14-12.14.44:427][  0]LogPakFile: Registered encryption key '00000000000000000000000000000000': 0 pak files mounted, 0 remain pending
[2023.02.14-12.14.44:428][  0]LogPakFile: Registered encryption key '00000000000000000000000000000000': 0 pak files mounted, 0 remain pending
[2023.02.14-12.14.44:428][  0]LogPakFile: Registered encryption key '00000000000000000000000000000000': 0 pak files mounted, 0 remain pending
[2023.02.14-12.14.44:429][  0]LogPakFile: Registered encryption key '00000000000000000000000000000000': 0 pak files mounted, 0 remain pending
[2023.02.14-12.14.44:429][  0]LogPakFile: Registered encryption key '00000000000000000000000000000000': 0 pak files mounted, 0 remain pending
[2023.02.14-12.14.44:430][  0]LogPakFile: Registered encryption key '00000000000000000000000000000000': 0 pak files mounted, 0 remain pending
[2023.02.14-12.14.44:430][  0]LogPakFile: Registered encryption key '00000000000000000000000000000000': 0 pak files mounted, 0 remain pending
[2023.02.14-12.14.44:467][  0]LogContentBrowser: Native class hierarchy updated for 'AddContentDialog' in 0.0004 seconds. Added 0 classes and 0 folders.
[2023.02.14-12.14.44:474][  0]LogContentBrowser: Native class hierarchy updated for 'SceneOutliner' in 0.0005 seconds. Added 1 classes and 2 folders.
[2023.02.14-12.14.44:540][  0]LogSlate: Took 0.000162 seconds to synchronously load lazily loaded font '../../../Engine/Content/Slate/Fonts/Roboto-Regular.ttf' (155K)
[2023.02.14-12.14.44:542][  0]LogSlate: Took 0.001376 seconds to synchronously load lazily loaded font '../../../Engine/Content/Editor/Slate/Fonts/NanumGothic.ttf' (4243K)
[2023.02.14-12.14.44:544][  0]LogSlate: Took 0.001463 seconds to synchronously load lazily loaded font '../../../Engine/Content/Editor/Slate/Fonts/NanumGothicBold.ttf' (4188K)
[2023.02.14-12.14.44:544][  0]LogSlate: Took 0.000139 seconds to synchronously load lazily loaded font '../../../Engine/Content/Slate/Fonts/Roboto-Bold.ttf' (160K)
[2023.02.14-12.14.44:548][  0]LogSlate: Took 0.000195 seconds to synchronously load lazily loaded font '../../../Engine/Content/Editor/Slate/Fonts/FontAwesome.ttf' (139K)
[2023.02.14-12.14.44:600][  0]LogRenderer: Reallocating scene render targets to support 1208x572 Format 10 NumSamples 1 (Frame:1).
[2023.02.14-12.14.44:798][  0]LogContentBrowser: Native class hierarchy updated for 'HierarchicalLODOutliner' in 0.0006 seconds. Added 0 classes and 0 folders.
[2023.02.14-12.14.44:799][  0]LogLoad: (Engine Initialization) Total time: 8.07 seconds
[2023.02.14-12.14.44:799][  0]LogLoad: (Engine Initialization) Total Blueprint compile time: 0.00 seconds
[2023.02.14-12.14.44:847][  0]LogAssetRegistry: Asset discovery search completed in 4.3259 seconds
[2023.02.14-12.14.44:849][  0]LogCollectionManager: Rebuilt the object cache for 0 collections in 0.000000 seconds (found 0 objects)
[2023.02.14-12.14.44:850][  0]LogCollectionManager: Fixed up redirectors for 0 collections in 0.000042 seconds (updated 0 objects)
[2023.02.14-12.14.44:851][  0]LogContentStreaming: Texture pool size now 1000 MB
[2023.02.14-12.14.44:882][  0]LogSlate: Took 0.000282 seconds to synchronously load lazily loaded font '../../../Engine/Content/Slate/Fonts/Roboto-Light.ttf' (167K)
[2023.02.14-12.14.47:637][218]LogSlate: FSceneViewport::OnFocusLost() reason 0
[2023.02.14-12.14.47:782][235]LogSlate: Took 0.000164 seconds to synchronously load lazily loaded font '../../../Engine/Content/Slate/Fonts/Roboto-Light.ttf' (167K)
[2023.02.14-12.14.47:790][235]LogAssetEditorManager: Opening Asset editor for BehaviorTree /Game/Book/AI/BT_ABCharacter.BT_ABCharacter
[2023.02.14-12.14.47:852][235]LogSlate: Took 0.000258 seconds to synchronously load lazily loaded font '../../../Engine/Content/Slate/Fonts/Roboto-BoldCondensed.ttf' (158K)
[2023.02.14-12.15.15:969][822]LogSlate: Window 'BT_ABCharacter' being destroyed
[2023.02.14-12.15.15:977][822]LogSlate: Window 'BT_ABCharacter' being destroyed
[2023.02.14-12.15.45:137][347]LogAssetEditorManager: Opening Asset editor for BehaviorTree /Game/Book/AI/BT_ABCharacter.BT_ABCharacter
[2023.02.14-12.16.53:059][ 30]Cmd: OBJ SAVEPACKAGE PACKAGE="/Game/Book/AI/BT_ABCharacter" FILE="D:/git/ArenaBattle/ArenaBattle/Content/Book/AI/BT_ABCharacter.uasset" SILENT=true
[2023.02.14-12.16.53:070][ 30]LogSavePackage: Moving 'D:/git/ArenaBattle/ArenaBattle/Saved/BT_ABCharacterAA4F47C1468E3AE7C554D08A9D50A5B5.tmp' to 'D:/git/ArenaBattle/ArenaBattle/Content/Book/AI/BT_ABCharacter.uasset'
[2023.02.14-12.16.53:908][123]LogSlate: Window 'BT_ABCharacter' being destroyed
[2023.02.14-12.16.53:915][123]LogSlate: Window 'BT_ABCharacter' being destroyed
[2023.02.14-12.16.54:832][229]LogTemp: Repeating last play command: 선택된 뷰포트
[2023.02.14-12.16.54:838][229]LogBlueprintUserMessages: Early PlayInEditor Detection: Level '/Game/Book/Maps/Step2.Step2:PersistentLevel' has LevelScriptBlueprint '/Game/Book/Maps/Step2.Step2:PersistentLevel.Step2' with GeneratedClass '/Game/Book/Maps/Step2.Step2_C' with ClassGeneratedBy '/Game/Book/Maps/Step2.Step2:PersistentLevel.Step2'
[2023.02.14-12.16.54:838][229]LogPlayLevel: PlayLevel: No blueprints needed recompiling
[2023.02.14-12.16.54:838][229]PIE: New page: PIE 세션: Step2 (2023. 2. 15. 오전 6:16:54)
[2023.02.14-12.16.54:850][229]LogPlayLevel: Creating play world package: /Game/Book/Maps/UEDPIE_0_Step2
[2023.02.14-12.16.54:854][229]LogPlayLevel: PIE: StaticDuplicateObject took: (0.003680s)
[2023.02.14-12.16.54:855][229]LogAIModule: Creating AISystem for world Step2
[2023.02.14-12.16.54:855][229]LogPlayLevel: PIE: World Init took: (0.001254s)
[2023.02.14-12.16.54:855][229]LogPlayLevel: PIE: Created PIE world by copying editor world from /Game/Book/Maps/Step2.Step2 to /Game/Book/Maps/UEDPIE_0_Step2.Step2 (0.005185s)
[2023.02.14-12.16.54:877][229]LogUObjectHash: Compacting FUObjectHashTables data took   1.46ms
[2023.02.14-12.16.54:907][229]LogInit: XAudio2 using 'Headphones(High Definition Audio Device)' : 2 channels at 48 kHz using 16 bits per sample (channel mask 0x3)
[2023.02.14-12.16.54:924][229]LogInit: FAudioDevice initialized.
[2023.02.14-12.16.54:966][229]LogLoad: Game class is 'ABGameMode'
[2023.02.14-12.16.54:967][229]LogWorld: Bringing World /Game/Book/Maps/UEDPIE_0_Step2.Step2 up for play (max tick rate 0) at 2023.02.14-21.16.54
[2023.02.14-12.16.54:968][229]LogWorld: Bringing up level for play took: 0.001784
[2023.02.14-12.16.54:980][229]ArenaBattle: Warning: AABPlayerController::PostInitializeComponents(8)
[2023.02.14-12.16.54:981][229]ArenaBattle: Warning: AABGameMode::PostLogin(15) PostLogin Begin
[2023.02.14-12.16.54:984][229]LogContentBrowser: Native class hierarchy updated for 'MovieSceneCapture' in 0.0004 seconds. Added 20 classes and 0 folders.
[2023.02.14-12.16.54:985][229]ArenaBattle: Warning: AABPlayerController::OnPossess(13)
[2023.02.14-12.16.54:985][229]ArenaBattle: Warning: AABGameMode::PostLogin(17) PostLogin End
[2023.02.14-12.16.54:985][229]PIE: /Game/Book/Maps/UEDPIE_0_Step2 에 대한 에디터에서 플레이 시작 시간: 0.843
[2023.02.14-12.16.54:986][229]LogBlueprintUserMessages: Late PlayInEditor Detection: Level '/Game/Book/Maps/Step2.Step2:PersistentLevel' has LevelScriptBlueprint '/Game/Book/Maps/Step2.Step2:PersistentLevel.Step2' with GeneratedClass '/Game/Book/Maps/Step2.Step2_C' with ClassGeneratedBy '/Game/Book/Maps/Step2.Step2:PersistentLevel.Step2'
[2023.02.14-12.16.56:348][389]ArenaBattle: Warning: AABItemBox::OnCharacterOverlap(61)
[2023.02.14-12.16.59:658][782]ArenaBattle: Warning: AABCharacter::AttackCheck(386) Hit Actor Name : ABCharacter_0
[2023.02.14-12.16.59:658][782]ArenaBattle: Warning: AABCharacter::TakeDamage(190) Actor : ABCharacter_0 took Damage : 10.000000
[2023.02.14-12.17.00:025][826]ArenaBattle: Warning: AABCharacter::PostInitializeComponents::<lambda_e59e70300e714162ba77e884edd34051>::operator ()(167) OnNextAttackCheck
[2023.02.14-12.17.00:234][851]ArenaBattle: Warning: AABCharacter::AttackCheck(386) Hit Actor Name : ABCharacter_0
[2023.02.14-12.17.00:234][851]ArenaBattle: Warning: AABCharacter::TakeDamage(190) Actor : ABCharacter_0 took Damage : 10.000000
[2023.02.14-12.17.00:592][894]ArenaBattle: Warning: AABCharacter::PostInitializeComponents::<lambda_e59e70300e714162ba77e884edd34051>::operator ()(167) OnNextAttackCheck
[2023.02.14-12.17.02:993][182]ArenaBattle: Warning: AABCharacter::AttackCheck(386) Hit Actor Name : ABCharacter_0
[2023.02.14-12.17.02:993][182]ArenaBattle: Warning: AABCharacter::TakeDamage(190) Actor : ABCharacter_0 took Damage : 10.000000
[2023.02.14-12.17.03:359][226]ArenaBattle: Warning: AABCharacter::PostInitializeComponents::<lambda_e59e70300e714162ba77e884edd34051>::operator ()(167) OnNextAttackCheck
[2023.02.14-12.17.04:492][361]ArenaBattle: Warning: AABCharacter::AttackCheck(386) Hit Actor Name : ABCharacter_0
[2023.02.14-12.17.04:492][361]ArenaBattle: Warning: AABCharacter::TakeDamage(190) Actor : ABCharacter_0 took Damage : 10.000000
[2023.02.14-12.17.04:858][405]ArenaBattle: Warning: AABCharacter::PostInitializeComponents::<lambda_e59e70300e714162ba77e884edd34051>::operator ()(167) OnNextAttackCheck
[2023.02.14-12.17.05:985][540]ArenaBattle: Warning: AABCharacter::AttackCheck(386) Hit Actor Name : ABCharacter_0
[2023.02.14-12.17.05:985][540]ArenaBattle: Warning: AABCharacter::TakeDamage(190) Actor : ABCharacter_0 took Damage : 10.000000
[2023.02.14-12.17.06:352][584]ArenaBattle: Warning: AABCharacter::PostInitializeComponents::<lambda_e59e70300e714162ba77e884edd34051>::operator ()(167) OnNextAttackCheck
[2023.02.14-12.17.06:918][652]ArenaBattle: Warning: AABCharacter::PostInitializeComponents::<lambda_e59e70300e714162ba77e884edd34051>::operator ()(167) OnNextAttackCheck
[2023.02.14-12.17.08:653][860]ArenaBattle: Warning: AABCharacter::AttackCheck(386) Hit Actor Name : ABCharacter_0
[2023.02.14-12.17.08:654][860]ArenaBattle: Warning: AABCharacter::TakeDamage(190) Actor : ABCharacter_0 took Damage : 10.000000
[2023.02.14-12.17.09:021][904]ArenaBattle: Warning: AABCharacter::PostInitializeComponents::<lambda_e59e70300e714162ba77e884edd34051>::operator ()(167) OnNextAttackCheck
[2023.02.14-12.17.09:587][972]ArenaBattle: Warning: AABCharacter::PostInitializeComponents::<lambda_e59e70300e714162ba77e884edd34051>::operator ()(167) OnNextAttackCheck
[2023.02.14-12.17.16:955][854]LogBlueprintUserMessages: Early EndPlayMap Detection: Level '/Game/Book/Maps/Step2.Step2:PersistentLevel' has LevelScriptBlueprint '/Game/Book/Maps/Step2.Step2:PersistentLevel.Step2' with GeneratedClass '/Game/Book/Maps/Step2.Step2_C' with ClassGeneratedBy '/Game/Book/Maps/Step2.Step2:PersistentLevel.Step2'
[2023.02.14-12.17.16:956][854]LogSlate: Updating window title bar state: overlay mode, drag disabled, window buttons hidden, title bar hidden
[2023.02.14-12.17.16:985][854]LogPlayLevel: Display: Shutting down PIE online subsystems
[2023.02.14-12.17.16:985][854]LogBlueprintUserMessages: Late EndPlayMap Detection: Level '/Game/Book/Maps/Step2.Step2:PersistentLevel' has LevelScriptBlueprint '/Game/Book/Maps/Step2.Step2:PersistentLevel.Step2' with GeneratedClass '/Game/Book/Maps/Step2.Step2_C' with ClassGeneratedBy '/Game/Book/Maps/Step2.Step2:PersistentLevel.Step2'
[2023.02.14-12.17.17:011][854]LogSlate: Updating window title bar state: overlay mode, drag disabled, window buttons hidden, title bar hidden
[2023.02.14-12.17.17:014][854]LogUObjectHash: Compacting FUObjectHashTables data took   1.39ms
[2023.02.14-12.17.17:059][857]LogPlayLevel: Display: Destroying online subsystem :Context_1
[2023.02.14-12.17.17:134][866]Cmd: SELECT NONE
[2023.02.14-12.17.17:288][884]Cmd: SELECT NONE
[2023.02.14-12.17.17:842][946]LogSlate: FSceneViewport::OnFocusLost() reason 0
[2023.02.14-12.17.17:937][955]LogUObjectHash: Compacting FUObjectHashTables data took   0.60ms
[2023.02.14-12.17.17:961][955]LogSlate: Window 'ArenaBattle - 언리얼 에디터' being destroyed
[2023.02.14-12.17.18:129][956]Cmd: QUIT_EDITOR
[2023.02.14-12.17.18:156][956]LogWindowsTextInputMethodSystem: Display: IME system now activated using TSF (Microsoft 입력기).
[2023.02.14-12.17.18:168][956]LogExit: Preparing to exit.
[2023.02.14-12.17.19:231][956]LogExit: Editor shut down
[2023.02.14-12.17.19:232][956]LogExit: Transaction tracking system shut down
[2023.02.14-12.17.19:367][956]LogExit: Object subsystem successfully closed.
[2023.02.14-12.17.19:389][956]LogShaderCompilers: Display: Shaders left to compile 0
[2023.02.14-12.17.19:392][956]LogD3D11RHI: Shutdown
[2023.02.14-12.17.19:392][956]LogD3D11RHI: CleanupD3DDevice
[2023.02.14-12.17.19:393][956]LogRendererCore: FGlobalReadBuffer::ReleaseRHI
[2023.02.14-12.17.19:393][956]LogRendererCore: FGlobalDynamicReadBuffer::Cleanup()
[2023.02.14-12.17.19:393][956]LogRendererCore: FGlobalReadBuffer::ReleaseRHI
[2023.02.14-12.17.19:393][956]LogRendererCore: FGlobalDynamicReadBuffer::Cleanup()
[2023.02.14-12.17.19:393][956]LogRendererCore: FGlobalReadBuffer::ReleaseRHI
[2023.02.14-12.17.19:393][956]LogRendererCore: FGlobalDynamicReadBuffer::Cleanup()
[2023.02.14-12.17.19:442][956]LogD3D11RHI: ~FD3D11DynamicRHI
[2023.02.14-12.17.19:467][956]LogModuleManager: Shutting down and abandoning module MovieSceneCapture (648)
[2023.02.14-12.17.19:467][956]LogModuleManager: Shutting down and abandoning module Voice (646)
[2023.02.14-12.17.19:467][956]LogModuleManager: Shutting down and abandoning module HierarchicalLODOutliner (644)
[2023.02.14-12.17.19:467][956]LogModuleManager: Shutting down and abandoning module SceneOutliner (642)
[2023.02.14-12.17.19:467][956]LogModuleManager: Shutting down and abandoning module AddContentDialog (640)
[2023.02.14-12.17.19:467][956]LogModuleManager: Shutting down and abandoning module WidgetCarousel (639)
[2023.02.14-12.17.19:467][956]LogModuleManager: Shutting down and abandoning module EditorWidgets (636)
[2023.02.14-12.17.19:467][956]LogModuleManager: Shutting down and abandoning module CollectionManager (634)
[2023.02.14-12.17.19:467][956]LogModuleManager: Shutting down and abandoning module StatsViewer (632)
[2023.02.14-12.17.19:467][956]LogModuleManager: Shutting down and abandoning module FoliageEdit (630)
[2023.02.14-12.17.19:467][956]LogModuleManager: Shutting down and abandoning module LandscapeEditor (628)
[2023.02.14-12.17.19:467][956]LogModuleManager: Shutting down and abandoning module MeshPaintMode (626)
[2023.02.14-12.17.19:467][956]LogModuleManager: Shutting down and abandoning module SceneDepthPickerMode (624)
[2023.02.14-12.17.19:467][956]LogModuleManager: Shutting down and abandoning module ActorPickerMode (622)
[2023.02.14-12.17.19:467][956]LogModuleManager: Shutting down and abandoning module GeometryMode (620)
[2023.02.14-12.17.19:467][956]LogModuleManager: Shutting down and abandoning module TextureAlignMode (618)
[2023.02.14-12.17.19:467][956]LogModuleManager: Shutting down and abandoning module BspMode (616)
[2023.02.14-12.17.19:467][956]LogModuleManager: Shutting down and abandoning module PIEPreviewDeviceProfileSelector (614)
[2023.02.14-12.17.19:468][956]LogModuleManager: Shutting down and abandoning module SequenceRecorderSections (612)
[2023.02.14-12.17.19:468][956]LogModuleManager: Shutting down and abandoning module AutomationWorker (610)
[2023.02.14-12.17.19:468][956]LogModuleManager: Shutting down and abandoning module OculusMR (608)
[2023.02.14-12.17.19:468][956]LogModuleManager: Shutting down and abandoning module AudioCaptureEditor (606)
[2023.02.14-12.17.19:468][956]LogModuleManager: Shutting down and abandoning module MatineeToLevelSequence (604)
[2023.02.14-12.17.19:468][956]LogModuleManager: Shutting down and abandoning module LevelSequenceEditor (602)
[2023.02.14-12.17.19:468][956]LogModuleManager: Shutting down and abandoning module PlacementMode (601)
[2023.02.14-12.17.19:468][956]LogModuleManager: Shutting down and abandoning module MaterialEditor (600)
[2023.02.14-12.17.19:468][956]LogModuleManager: Shutting down and abandoning module ActorSequenceEditor (596)
[2023.02.14-12.17.19:468][956]LogModuleManager: Shutting down and abandoning module WmfMediaFactory (594)
[2023.02.14-12.17.19:468][956]LogModuleManager: Shutting down and abandoning module WmfMediaEditor (592)
[2023.02.14-12.17.19:468][956]LogModuleManager: Shutting down and abandoning module WebMMediaFactory (590)
[2023.02.14-12.17.19:468][956]LogModuleManager: Shutting down and abandoning module WebMMediaEditor (588)
[2023.02.14-12.17.19:468][956]LogModuleManager: Shutting down and abandoning module WebMMedia (586)
[2023.02.14-12.17.19:468][956]LogModuleManager: Shutting down and abandoning module MediaPlayerEditor (584)
[2023.02.14-12.17.19:468][956]LogModuleManager: Shutting down and abandoning module MediaCompositingEditor (582)
[2023.02.14-12.17.19:468][956]LogModuleManager: Shutting down and abandoning module SequenceRecorder (581)
[2023.02.14-12.17.19:468][956]LogModuleManager: Shutting down and abandoning module OpenExrWrapper (578)
[2023.02.14-12.17.19:468][956]LogModuleManager: Shutting down and abandoning module ImgMediaFactory (576)
[2023.02.14-12.17.19:468][956]LogModuleManager: Shutting down and abandoning module ImgMediaEditor (574)
[2023.02.14-12.17.19:468][956]LogModuleManager: Shutting down and abandoning module AvfMediaFactory (572)
[2023.02.14-12.17.19:468][956]LogModuleManager: Shutting down and abandoning module AvfMediaEditor (570)
[2023.02.14-12.17.19:468][956]LogModuleManager: Shutting down and abandoning module AndroidMediaFactory (568)
[2023.02.14-12.17.19:468][956]LogModuleManager: Shutting down and abandoning module AndroidMediaEditor (566)
[2023.02.14-12.17.19:468][956]LogModuleManager: Shutting down and abandoning module MagicLeapCameraPreviewFactory (564)
[2023.02.14-12.17.19:468][956]LogModuleManager: Shutting down and abandoning module MagicLeapMediaCodecFactory (562)
[2023.02.14-12.17.19:468][956]LogModuleManager: Shutting down and abandoning module MagicLeapMediaFactory (560)
[2023.02.14-12.17.19:468][956]LogModuleManager: Shutting down and abandoning module MagicLeapMediaEditor (558)
[2023.02.14-12.17.19:468][956]LogModuleManager: Shutting down and abandoning module CharacterAI (556)
[2023.02.14-12.17.19:468][956]LogModuleManager: Shutting down and abandoning module SmartSnapping (554)
[2023.02.14-12.17.19:468][956]LogModuleManager: Shutting down and abandoning module SessionServices (552)
[2023.02.14-12.17.19:468][956]LogModuleManager: Shutting down and abandoning module MeshPaint (550)
[2023.02.14-12.17.19:468][956]LogModuleManager: Shutting down and abandoning module ViewportSnapping (548)
[2023.02.14-12.17.19:468][956]LogModuleManager: Shutting down and abandoning module ViewportInteraction (546)
[2023.02.14-12.17.19:468][956]LogModuleManager: Shutting down and abandoning module ClothPainter (544)
[2023.02.14-12.17.19:468][956]LogModuleManager: Shutting down and abandoning module SkeletalMeshEditor (543)
[2023.02.14-12.17.19:468][956]LogModuleManager: Shutting down and abandoning module LogVisualizer (540)
[2023.02.14-12.17.19:468][956]LogModuleManager: Shutting down and abandoning module IntroTutorials (538)
[2023.02.14-12.17.19:468][956]LogModuleManager: Shutting down and abandoning module GameProjectGeneration (537)
[2023.02.14-12.17.19:468][956]LogModuleManager: Shutting down and abandoning module LuminPlatformEditor (534)
[2023.02.14-12.17.19:468][956]LogModuleManager: Shutting down and abandoning module IOSPlatformEditor (532)
[2023.02.14-12.17.19:468][956]LogModuleManager: Shutting down and abandoning module HTML5PlatformEditor (530)
[2023.02.14-12.17.19:468][956]LogModuleManager: Shutting down and abandoning module AndroidPlatformEditor (528)
[2023.02.14-12.17.19:468][956]LogModuleManager: Shutting down and abandoning module AndroidDeviceDetection (527)
[2023.02.14-12.17.19:783][956]LogModuleManager: Shutting down and abandoning module WindowsPlatformEditor (524)
[2023.02.14-12.17.19:783][956]LogModuleManager: Shutting down and abandoning module LuminRuntimeSettings (522)
[2023.02.14-12.17.19:783][956]LogModuleManager: Shutting down and abandoning module IOSRuntimeSettings (520)
[2023.02.14-12.17.19:783][956]LogModuleManager: Shutting down and abandoning module AndroidRuntimeSettings (518)
[2023.02.14-12.17.19:783][956]LogModuleManager: Shutting down and abandoning module TimeManagementEditor (516)
[2023.02.14-12.17.19:783][956]LogModuleManager: Shutting down and abandoning module InputBindingEditor (514)
[2023.02.14-12.17.19:783][956]LogModuleManager: Shutting down and abandoning module MergeActors (512)
[2023.02.14-12.17.19:783][956]LogModuleManager: Shutting down and abandoning module LocalizationDashboard (510)
[2023.02.14-12.17.19:783][956]LogModuleManager: Shutting down and abandoning module LocalizationService (509)
[2023.02.14-12.17.19:783][956]LogModuleManager: Shutting down and abandoning module HardwareTargeting (506)
[2023.02.14-12.17.19:783][956]LogModuleManager: Shutting down and abandoning module DeviceProfileEditor (504)
[2023.02.14-12.17.19:783][956]LogModuleManager: Shutting down and abandoning module UndoHistory (502)
[2023.02.14-12.17.19:783][956]LogModuleManager: Shutting down and abandoning module XmlParser (500)
[2023.02.14-12.17.19:783][956]LogModuleManager: Shutting down and abandoning module Blutility (498)
[2023.02.14-12.17.19:783][956]LogModuleManager: Shutting down and abandoning module ProjectSettingsViewer (496)
[2023.02.14-12.17.19:784][956]LogModuleManager: Shutting down and abandoning module ProjectTargetPlatformEditor (495)
[2023.02.14-12.17.19:784][956]LogModuleManager: Shutting down and abandoning module EditorSettingsViewer (492)
[2023.02.14-12.17.19:784][956]LogModuleManager: Shutting down and abandoning module SettingsEditor (490)
[2023.02.14-12.17.19:784][956]LogModuleManager: Shutting down and abandoning module ProjectLauncher (488)
[2023.02.14-12.17.19:784][956]LogModuleManager: Shutting down and abandoning module SessionFrontend (486)
[2023.02.14-12.17.19:784][956]LogModuleManager: Shutting down and abandoning module ProfilerClient (484)
[2023.02.14-12.17.19:784][956]LogModuleManager: Shutting down and abandoning module DeviceManager (482)
[2023.02.14-12.17.19:784][956]LogModuleManager: Shutting down and abandoning module TargetDeviceServices (481)
[2023.02.14-12.17.19:827][956]LogModuleManager: Shutting down and abandoning module AutomationController (478)
[2023.02.14-12.17.19:827][956]LogModuleManager: Shutting down and abandoning module AutomationWindow (476)
[2023.02.14-12.17.19:827][956]LogModuleManager: Shutting down and abandoning module Layers (474)
[2023.02.14-12.17.19:827][956]LogModuleManager: Shutting down and abandoning module ComponentVisualizers (472)
[2023.02.14-12.17.19:827][956]LogModuleManager: Shutting down and abandoning module DetailCustomizations (470)
[2023.02.14-12.17.19:827][956]LogModuleManager: Shutting down and abandoning module PackagesDialog (468)
[2023.02.14-12.17.19:827][956]LogModuleManager: Shutting down and abandoning module AnimationBlueprintEditor (466)
[2023.02.14-12.17.19:827][956]LogModuleManager: Shutting down and abandoning module Persona (464)
[2023.02.14-12.17.19:827][956]LogModuleManager: Shutting down and abandoning module AdvancedPreviewScene (463)
[2023.02.14-12.17.19:827][956]LogModuleManager: Shutting down and abandoning module AnimGraph (461)
[2023.02.14-12.17.19:827][956]LogModuleManager: Shutting down and abandoning module Kismet (458)
[2023.02.14-12.17.19:827][956]LogModuleManager: Shutting down and abandoning module GraphEditor (456)
[2023.02.14-12.17.19:827][956]LogModuleManager: Shutting down and abandoning module ClassViewer (454)
[2023.02.14-12.17.19:827][956]LogModuleManager: Shutting down and abandoning module Toolbox (452)
[2023.02.14-12.17.19:827][956]LogModuleManager: Shutting down and abandoning module DesktopPlatform (451)
[2023.02.14-12.17.19:827][956]LogModuleManager: Shutting down and abandoning module ModuleUI (448)
[2023.02.14-12.17.19:827][956]LogModuleManager: Shutting down and abandoning module MovieSceneTools (446)
[2023.02.14-12.17.19:827][956]LogModuleManager: Shutting down and abandoning module OutputLog (444)
[2023.02.14-12.17.19:827][956]LogModuleManager: Shutting down and abandoning module GammaUI (442)
[2023.02.14-12.17.19:827][956]LogModuleManager: Shutting down and abandoning module Documentation (440)
[2023.02.14-12.17.19:827][956]LogModuleManager: Shutting down and abandoning module LiveCoding (438)
[2023.02.14-12.17.19:828][956]LogModuleManager: Shutting down and abandoning module LevelSequence (436)
[2023.02.14-12.17.19:828][956]LogModuleManager: Shutting down and abandoning module MovieSceneTracks (434)
[2023.02.14-12.17.19:828][956]LogModuleManager: Shutting down and abandoning module MovieScene (432)
[2023.02.14-12.17.19:828][956]LogModuleManager: Shutting down and abandoning module StreamingPauseRendering (430)
[2023.02.14-12.17.19:828][956]LogModuleManager: Shutting down and abandoning module LauncherPlatform (428)
[2023.02.14-12.17.19:828][956]LogModuleManager: Shutting down and abandoning module AnalyticsET (426)
[2023.02.14-12.17.19:828][956]LogModuleManager: Shutting down and abandoning module PortalServices (424)
[2023.02.14-12.17.19:828][956]LogModuleManager: Shutting down and abandoning module PortalRpc (422)
[2023.02.14-12.17.19:828][956]LogModuleManager: Shutting down and abandoning module MessagingRpc (420)
[2023.02.14-12.17.19:828][956]LogModuleManager: Shutting down and abandoning module AIModule (418)
[2023.02.14-12.17.19:828][956]LogModuleManager: Shutting down and abandoning module GameplayDebugger (417)
[2023.02.14-12.17.19:828][956]LogModuleManager: Shutting down and abandoning module AITestSuite (415)
[2023.02.14-12.17.19:828][956]LogModuleManager: Shutting down and abandoning module NavigationSystem (413)
[2023.02.14-12.17.19:828][956]LogModuleManager: Shutting down and abandoning module ImageWriteQueue (410)
[2023.02.14-12.17.19:830][956]LogModuleManager: Shutting down and abandoning module ProfilerService (408)
[2023.02.14-12.17.20:040][956]LogModuleManager: Shutting down and abandoning module TaskGraph (406)
[2023.02.14-12.17.20:040][956]LogModuleManager: Shutting down and abandoning module SteamVRController (404)
[2023.02.14-12.17.20:040][956]LogModuleManager: Shutting down and abandoning module ProceduralMeshComponentEditor (402)
[2023.02.14-12.17.20:040][956]LogModuleManager: Shutting down and abandoning module ProceduralMeshComponent (400)
[2023.02.14-12.17.20:041][956]LogModuleManager: Shutting down and abandoning module OculusEditor (398)
[2023.02.14-12.17.20:041][956]LogModuleManager: Shutting down and abandoning module OculusInput (396)
[2023.02.14-12.17.20:041][956]LogModuleManager: Shutting down and abandoning module MobilePatchingUtils (394)
[2023.02.14-12.17.20:041][956]LogModuleManager: Shutting down and abandoning module EditableMesh (392)
[2023.02.14-12.17.20:041][956]LogModuleManager: Shutting down and abandoning module CustomMeshComponent (390)
[2023.02.14-12.17.20:041][956]LogModuleManager: Shutting down and abandoning module CableComponent (388)
[2023.02.14-12.17.20:041][956]LogModuleManager: Shutting down and abandoning module AudioCapture (386)
[2023.02.14-12.17.20:041][956]LogModuleManager: Shutting down and abandoning module ArchVisCharacter (384)
[2023.02.14-12.17.20:041][956]LogModuleManager: Shutting down and abandoning module AndroidPermission (382)
[2023.02.14-12.17.20:041][956]LogModuleManager: Shutting down and abandoning module NUTUnrealEngine4 (380)
[2023.02.14-12.17.20:041][956]LogModuleManager: Shutting down and abandoning module NetcodeUnitTest (378)
[2023.02.14-12.17.20:041][956]LogModuleManager: Shutting down and abandoning module MediaCompositing (376)
[2023.02.14-12.17.20:041][956]LogModuleManager: Shutting down and abandoning module LinearTimecode (374)
[2023.02.14-12.17.20:041][956]LogModuleManager: Shutting down and abandoning module ImgMedia (372)
[2023.02.14-12.17.20:041][956]LogModuleManager: Shutting down and abandoning module MagicLeapHelperVulkan (370)
[2023.02.14-12.17.20:041][956]LogModuleManager: Shutting down and abandoning module MagicLeapHelperOpenGL (368)
[2023.02.14-12.17.20:041][956]LogModuleManager: Shutting down and abandoning module MagicLeapAudio (366)
[2023.02.14-12.17.20:041][956]LogModuleManager: Shutting down and abandoning module HTML5Networking (364)
[2023.02.14-12.17.20:041][956]LogModuleManager: Shutting down and abandoning module GeometryCacheTracks (362)
[2023.02.14-12.17.20:041][956]LogModuleManager: Shutting down and abandoning module GeometryCacheSequencer (360)
[2023.02.14-12.17.20:041][956]LogModuleManager: Shutting down and abandoning module BackChannel (358)
[2023.02.14-12.17.20:041][956]LogModuleManager: Shutting down and abandoning module AppleVision (356)
[2023.02.14-12.17.20:041][956]LogModuleManager: Shutting down and abandoning module AppleImageUtilsBlueprintSupport (354)
[2023.02.14-12.17.20:041][956]LogModuleManager: Shutting down and abandoning module AppleImageUtils (352)
[2023.02.14-12.17.20:041][956]LogModuleManager: Shutting down and abandoning module AlembicImporter (350)
[2023.02.14-12.17.20:041][956]LogModuleManager: Shutting down and abandoning module AlembicLibrary (349)
[2023.02.14-12.17.20:041][956]LogModuleManager: Shutting down and abandoning module GeometryCache (348)
[2023.02.14-12.17.20:041][956]LogModuleManager: Shutting down and abandoning module GeometryCacheEd (347)
[2023.02.14-12.17.20:041][956]LogModuleManager: Shutting down and abandoning module VariantManagerContent (342)
[2023.02.14-12.17.20:041][956]LogModuleManager: Shutting down and abandoning module DatasmithContentEditor (340)
[2023.02.14-12.17.20:041][956]LogModuleManager: Shutting down and abandoning module SpeedTreeImporter (338)
[2023.02.14-12.17.20:041][956]LogModuleManager: Shutting down and abandoning module PluginBrowser (336)
[2023.02.14-12.17.20:041][956]LogModuleManager: Shutting down and abandoning module MobileLauncherProfileWizard (334)
[2023.02.14-12.17.20:041][956]LogModuleManager: Shutting down and abandoning module MaterialAnalyzer (332)
[2023.02.14-12.17.20:041][956]LogModuleManager: Shutting down and abandoning module CryptoKeysOpenSSL (330)
[2023.02.14-12.17.20:041][956]LogModuleManager: Shutting down and abandoning module CryptoKeys (328)
[2023.02.14-12.17.20:041][956]LogModuleManager: Shutting down and abandoning module VisualStudioSourceCodeAccess (326)
[2023.02.14-12.17.20:041][956]LogModuleManager: Shutting down and abandoning module VisualStudioCodeSourceCodeAccess (324)
[2023.02.14-12.17.20:041][956]LogModuleManager: Shutting down and abandoning module UObjectPlugin (322)
[2023.02.14-12.17.20:041][956]LogModuleManager: Shutting down and abandoning module SubversionSourceControl (320)
[2023.02.14-12.17.20:041][956]LogModuleManager: Shutting down and abandoning module PerforceSourceControl (318)
[2023.02.14-12.17.20:041][956]LogModuleManager: Shutting down and abandoning module GitSourceControl (316)
[2023.02.14-12.17.20:041][956]LogModuleManager: Shutting down and abandoning module SourceControl (315)
[2023.02.14-12.17.20:041][956]LogModuleManager: Shutting down and abandoning module CLionSourceCodeAccess (312)
[2023.02.14-12.17.20:041][956]LogModuleManager: Shutting down and abandoning module AnimationSharingEd (310)
[2023.02.14-12.17.20:041][956]LogModuleManager: Shutting down and abandoning module ActorLayerUtilitiesEditor (308)
[2023.02.14-12.17.20:041][956]LogModuleManager: Shutting down and abandoning module ActorLayerUtilities (306)
[2023.02.14-12.17.20:041][956]LogModuleManager: Shutting down and abandoning module LightPropagationVolumeEditor (304)
[2023.02.14-12.17.20:041][956]LogModuleManager: Shutting down and abandoning module PaperTiledImporter (302)
[2023.02.14-12.17.20:041][956]LogModuleManager: Shutting down and abandoning module PaperSpriteSheetImporter (300)
[2023.02.14-12.17.20:041][956]LogModuleManager: Shutting down and abandoning module Paper2DEditor (298)
[2023.02.14-12.17.20:041][956]LogModuleManager: Shutting down and abandoning module ArenaBattle (296)
[2023.02.14-12.17.20:041][956]LogModuleManager: Shutting down and abandoning module SignificanceManager (294)
[2023.02.14-12.17.20:041][956]LogModuleManager: Shutting down and abandoning module RuntimePhysXCooking (292)
[2023.02.14-12.17.20:041][956]LogModuleManager: Shutting down and abandoning module PhysXVehiclesEditor (290)
[2023.02.14-12.17.20:041][956]LogModuleManager: Shutting down and abandoning module PhysXVehicles (288)
[2023.02.14-12.17.20:041][956]LogModuleManager: Shutting down and abandoning module LocationServicesBPLibrary (286)
[2023.02.14-12.17.20:041][956]LogModuleManager: Shutting down and abandoning module ActorSequence (284)
[2023.02.14-12.17.20:041][956]LogModuleManager: Shutting down and abandoning module UdpMessaging (282)
[2023.02.14-12.17.20:142][956]LogModuleManager: Shutting down and abandoning module TcpMessaging (280)
[2023.02.14-12.17.20:243][956]LogModuleManager: Shutting down and abandoning module MagicLeapIdentity (278)
[2023.02.14-12.17.20:243][956]LogModuleManager: Shutting down and abandoning module MagicLeapSecureStorage (276)
[2023.02.14-12.17.20:243][956]LogModuleManager: Shutting down and abandoning module MagicLeapHandTracking (274)
[2023.02.14-12.17.20:243][956]LogModuleManager: Shutting down and abandoning module MagicLeapEyeTracker (272)
[2023.02.14-12.17.20:243][956]LogModuleManager: Shutting down and abandoning module MagicLeapController (270)
[2023.02.14-12.17.20:243][956]LogSlate: Slate User Destroyed.  User Index 0, Is Virtual User: 0
[2023.02.14-12.17.20:243][956]LogModuleManager: Shutting down and abandoning module MagicLeapAR (268)
[2023.02.14-12.17.20:243][956]LogModuleManager: Shutting down and abandoning module AugmentedReality (267)
[2023.02.14-12.17.20:243][956]LogModuleManager: Shutting down and abandoning module GameplayTagsEditor (264)
[2023.02.14-12.17.20:243][956]LogModuleManager: Shutting down and abandoning module FacialAnimationEditor (262)
[2023.02.14-12.17.20:243][956]LogModuleManager: Shutting down and abandoning module FacialAnimation (260)
[2023.02.14-12.17.20:243][956]LogModuleManager: Shutting down and abandoning module DataValidation (258)
[2023.02.14-12.17.20:243][956]LogModuleManager: Shutting down and abandoning module AssetManagerEditor (256)
[2023.02.14-12.17.20:243][956]LogModuleManager: Shutting down and abandoning module LevelEditor (255)
[2023.02.14-12.17.20:243][956]LogModuleManager: Shutting down and abandoning module PixelInspectorModule (254)
[2023.02.14-12.17.20:243][956]LogModuleManager: Shutting down and abandoning module CommonMenuExtensions (252)
[2023.02.14-12.17.20:244][956]LogModuleManager: Shutting down and abandoning module MainFrame (250)
[2023.02.14-12.17.20:244][956]LogModuleManager: Shutting down and abandoning module HotReload (249)
[2023.02.14-12.17.20:244][956]LogModuleManager: Shutting down and abandoning module ContentBrowser (245)
[2023.02.14-12.17.20:245][956]LogModuleManager: Shutting down and abandoning module TreeMap (243)
[2023.02.14-12.17.20:245][956]LogModuleManager: Shutting down and abandoning module AnimationSharing (240)
[2023.02.14-12.17.20:245][956]LogModuleManager: Shutting down and abandoning module LightPropagationVolumeRuntime (238)
[2023.02.14-12.17.20:245][956]LogModuleManager: Shutting down and abandoning module AISupportModule (236)
[2023.02.14-12.17.20:245][956]LogModuleManager: Shutting down and abandoning module Paper2D (234)
[2023.02.14-12.17.20:245][956]LogModuleManager: Shutting down and abandoning module WindowsMoviePlayer (232)
[2023.02.14-12.17.20:245][956]LogModuleManager: Shutting down and abandoning module WebMMoviePlayer (230)
[2023.02.14-12.17.20:245][956]LogModuleManager: Shutting down and abandoning module PacketHandler (228)
[2023.02.14-12.17.20:245][956]LogModuleManager: Shutting down and abandoning module ClothingSystemEditor (226)
[2023.02.14-12.17.20:245][956]LogModuleManager: Shutting down and abandoning module ClothingSystemRuntime (224)
[2023.02.14-12.17.20:245][956]LogModuleManager: Shutting down and abandoning module MediaAssets (222)
[2023.02.14-12.17.20:245][956]LogModuleManager: Shutting down and abandoning module Overlay (220)
[2023.02.14-12.17.20:245][956]LogModuleManager: Shutting down and abandoning module OverlayEditor (219)
[2023.02.14-12.17.20:245][956]LogModuleManager: Shutting down and abandoning module VREditor (216)
[2023.02.14-12.17.20:245][956]LogModuleManager: Shutting down and abandoning module StringTableEditor (214)
[2023.02.14-12.17.20:245][956]LogModuleManager: Shutting down and abandoning module GameplayTasksEditor (212)
[2023.02.14-12.17.20:245][956]LogModuleManager: Shutting down and abandoning module BehaviorTreeEditor (210)
[2023.02.14-12.17.20:245][956]LogModuleManager: Shutting down and abandoning module FunctionalTesting (208)
[2023.02.14-12.17.20:245][956]LogModuleManager: Shutting down and abandoning module CollisionAnalyzer (206)
[2023.02.14-12.17.20:245][956]LogModuleManager: Shutting down and abandoning module WorkspaceMenuStructure (205)
[2023.02.14-12.17.20:245][956]LogModuleManager: Shutting down and abandoning module UMG (202)
[2023.02.14-12.17.20:245][956]LogModuleManager: Shutting down and abandoning module UMGEditor (201)
[2023.02.14-12.17.20:245][956]LogModuleManager: Shutting down and abandoning module Sequencer (200)
[2023.02.14-12.17.20:245][956]LogModuleManager: Shutting down and abandoning module MessageLog (197)
[2023.02.14-12.17.20:245][956]LogModuleManager: Shutting down and abandoning module SlateReflector (192)
[2023.02.14-12.17.20:245][956]LogModuleManager: Shutting down and abandoning module Slate (190)
[2023.02.14-12.17.20:245][956]LogModuleManager: Shutting down and abandoning module EditorStyle (188)
[2023.02.14-12.17.20:247][956]LogModuleManager: Shutting down and abandoning module UnrealEd (186)
[2023.02.14-12.17.20:247][956]LogModuleManager: Shutting down and abandoning module MRMesh (184)
[2023.02.14-12.17.20:247][956]LogModuleManager: Shutting down and abandoning module SourceCodeAccess (182)
[2023.02.14-12.17.20:247][956]LogModuleManager: Shutting down and abandoning module HeadMountedDisplay (180)
[2023.02.14-12.17.20:247][956]LogModuleManager: Shutting down and abandoning module XAudio2 (178)
[2023.02.14-12.17.20:247][956]LogModuleManager: Shutting down and abandoning module Networking (176)
[2023.02.14-12.17.20:247][956]LogModuleManager: Shutting down and abandoning module Core (174)
[2023.02.14-12.17.20:247][956]LogModuleManager: Shutting down and abandoning module KismetCompiler (172)
[2023.02.14-12.17.20:247][956]LogModuleManager: Shutting down and abandoning module MeshUtilities (170)
[2023.02.14-12.17.20:247][956]LogModuleManager: Shutting down and abandoning module MeshMergeUtilities (169)
[2023.02.14-12.17.20:247][956]LogModuleManager: Shutting down and abandoning module MeshReductionInterface (168)
[2023.02.14-12.17.20:247][956]LogModuleManager: Shutting down and abandoning module SkeletalMeshReduction (167)
[2023.02.14-12.17.20:247][956]LogModuleManager: Shutting down and abandoning module ProxyLODMeshReduction (165)
[2023.02.14-12.17.20:247][956]LogModuleManager: Shutting down and abandoning module QuadricMeshReduction (163)
[2023.02.14-12.17.20:247][956]LogModuleManager: Shutting down and abandoning module MaterialBaking (159)
[2023.02.14-12.17.20:247][956]LogModuleManager: Shutting down and abandoning module DerivedDataCache (154)
[2023.02.14-12.17.20:251][956]LogDerivedDataCache: Shutdown
[2023.02.14-12.17.20:251][956]LogModuleManager: Shutting down and abandoning module XGEController (152)
[2023.02.14-12.17.20:251][956]LogModuleManager: Shutting down and abandoning module TargetPlatform (150)
[2023.02.14-12.17.20:251][956]LogModuleManager: Shutting down and abandoning module VulkanShaderFormat (149)
[2023.02.14-12.17.20:251][956]LogModuleManager: Shutting down and abandoning module ShaderFormatVectorVM (147)
[2023.02.14-12.17.20:251][956]LogModuleManager: Shutting down and abandoning module ShaderFormatOpenGL (145)
[2023.02.14-12.17.20:251][956]LogModuleManager: Shutting down and abandoning module ShaderFormatD3D (143)
[2023.02.14-12.17.20:251][956]LogModuleManager: Shutting down and abandoning module MetalShaderFormat (141)
[2023.02.14-12.17.20:251][956]LogModuleManager: Shutting down and abandoning module TextureFormatUncompressed (139)
[2023.02.14-12.17.20:251][956]LogModuleManager: Shutting down and abandoning module TextureFormatPVR (137)
[2023.02.14-12.17.20:251][956]LogModuleManager: Shutting down and abandoning module TextureFormatDXT (135)
[2023.02.14-12.17.20:251][956]LogModuleManager: Shutting down and abandoning module TextureFormatIntelISPCTexComp (133)
[2023.02.14-12.17.20:252][956]LogModuleManager: Shutting down and abandoning module TextureFormatASTC (131)
[2023.02.14-12.17.20:252][956]LogModuleManager: Shutting down and abandoning module ImageWrapper (130)
[2023.02.14-12.17.20:252][956]LogModuleManager: Shutting down and abandoning module TextureFormatAndroid (127)
[2023.02.14-12.17.20:252][956]LogModuleManager: Shutting down and abandoning module AudioFormatOpus (125)
[2023.02.14-12.17.20:252][956]LogModuleManager: Shutting down and abandoning module AudioFormatOgg (123)
[2023.02.14-12.17.20:252][956]LogModuleManager: Shutting down and abandoning module AudioFormatADPCM (121)
[2023.02.14-12.17.20:252][956]LogModuleManager: Shutting down and abandoning module LuminTargetPlatform (119)
[2023.02.14-12.17.20:252][956]LogModuleManager: Shutting down and abandoning module LinuxTargetPlatform (117)
[2023.02.14-12.17.20:252][956]LogModuleManager: Shutting down and abandoning module LinuxServerTargetPlatform (115)
[2023.02.14-12.17.20:252][956]LogModuleManager: Shutting down and abandoning module LinuxNoEditorTargetPlatform (113)
[2023.02.14-12.17.20:252][956]LogModuleManager: Shutting down and abandoning module LinuxClientTargetPlatform (111)
[2023.02.14-12.17.20:252][956]LogModuleManager: Shutting down and abandoning module TVOSTargetPlatform (109)
[2023.02.14-12.17.20:253][956]LogModuleManager: Shutting down and abandoning module Messaging (107)
[2023.02.14-12.17.20:253][956]LogModuleManager: Shutting down and abandoning module IOSTargetPlatform (105)
[2023.02.14-12.17.20:253][956]LogModuleManager: Shutting down and abandoning module HTML5TargetPlatform (103)
[2023.02.14-12.17.20:253][956]LogModuleManager: Shutting down and abandoning module AndroidTargetPlatform (101)
[2023.02.14-12.17.20:257][956]LogModuleManager: Shutting down and abandoning module WindowsTargetPlatform (99)
[2023.02.14-12.17.20:257][956]LogModuleManager: Shutting down and abandoning module WindowsServerTargetPlatform (97)
[2023.02.14-12.17.20:257][956]LogModuleManager: Shutting down and abandoning module WindowsNoEditorTargetPlatform (95)
[2023.02.14-12.17.20:257][956]LogModuleManager: Shutting down and abandoning module WindowsClientTargetPlatform (93)
[2023.02.14-12.17.20:257][956]LogModuleManager: Shutting down and abandoning module MacTargetPlatform (91)
[2023.02.14-12.17.20:257][956]LogModuleManager: Shutting down and abandoning module MacServerTargetPlatform (89)
[2023.02.14-12.17.20:257][956]LogModuleManager: Shutting down and abandoning module MacNoEditorTargetPlatform (87)
[2023.02.14-12.17.20:257][956]LogModuleManager: Shutting down and abandoning module MacClientTargetPlatform (85)
[2023.02.14-12.17.20:257][956]LogModuleManager: Shutting down and abandoning module AllDesktopTargetPlatform (83)
[2023.02.14-12.17.20:257][956]LogModuleManager: Shutting down and abandoning module InputCore (80)
[2023.02.14-12.17.20:257][956]LogModuleManager: Shutting down and abandoning module Settings (78)
[2023.02.14-12.17.20:257][956]LogModuleManager: Shutting down and abandoning module DirectoryWatcher (76)
[2023.02.14-12.17.20:259][956]LogModuleManager: Shutting down and abandoning module PhysXCooking (74)
[2023.02.14-12.17.20:259][956]LogModuleManager: Shutting down and abandoning module SteamVR (72)
[2023.02.14-12.17.20:259][956]LogHMD: Freeing OpenVRDLLHandle.
[2023.02.14-12.17.20:259][956]LogModuleManager: Shutting down and abandoning module OculusHMD (70)
[2023.02.14-12.17.20:259][956]LogModuleManager: Shutting down and abandoning module ExampleDeviceProfileSelector (68)
[2023.02.14-12.17.20:259][956]LogModuleManager: Shutting down and abandoning module LauncherChunkInstaller (66)
[2023.02.14-12.17.20:259][956]LogModuleManager: Shutting down and abandoning module OnlineBlueprintSupport (64)
[2023.02.14-12.17.20:259][956]LogModuleManager: Shutting down and abandoning module OnlineSubsystem (60)
[2023.02.14-12.17.20:260][956]LogModuleManager: Shutting down and abandoning module XMPP (55)
[2023.02.14-12.17.20:260][956]LogModuleManager: Shutting down and abandoning module WebSockets (54)
[2023.02.14-12.17.20:265][956]LogModuleManager: Shutting down and abandoning module HTTP (51)
[2023.02.14-12.17.20:265][956]LogHttp: Display: Http module shutting down, but needs to wait on 1 outstanding Http requests:
[2023.02.14-12.17.20:265][956]LogHttp: Display: 	verb=[POST] url=[https://datarouter.ol.epicgames.com/datarouter/api/v1/public/data?SessionID=%7B40448992-4E0E-8DF4-C5FB-CFAABECF8252%7D&AppID=UEEditor.Rocket.Release&AppVersion=4.22.3-7053642%2B%2B%2BUE4%2BRelease-4.22&UserID=94700438448f24ebef1d7f9d02b516a7%7C87bcb8c7946249bab4947cd7f1e2f8eb%7C60ae7a8c-bf08-42ea-9edd-9ce8e60b95c3&AppEnvironment=datacollector-binary&UploadType=eteventstream] status=Processing
[2023.02.14-12.17.20:285][956]LogModuleManager: Shutting down and abandoning module SSL (50)
[2023.02.14-12.17.20:287][956]LogModuleManager: Shutting down and abandoning module WmfMedia (46)
[2023.02.14-12.17.20:287][956]LogModuleManager: Shutting down and abandoning module Media (45)
[2023.02.14-12.17.20:294][956]LogModuleManager: Shutting down and abandoning module MagicLeap (42)
[2023.02.14-12.17.20:294][956]LogModuleManager: Shutting down and abandoning module DatasmithContent (40)
[2023.02.14-12.17.20:294][956]LogModuleManager: Shutting down and abandoning module AnimationModifiers (38)
[2023.02.14-12.17.20:294][956]LogModuleManager: Shutting down and abandoning module PropertyEditor (37)
[2023.02.14-12.17.20:294][956]LogModuleManager: Shutting down and abandoning module AudioEditor (34)
[2023.02.14-12.17.20:294][956]LogModuleManager: Shutting down and abandoning module TextureCompressor (32)
[2023.02.14-12.17.20:294][956]LogModuleManager: Shutting down and abandoning module RenderCore (30)
[2023.02.14-12.17.20:294][956]LogModuleManager: Shutting down and abandoning module Landscape (28)
[2023.02.14-12.17.20:294][956]LogModuleManager: Shutting down and abandoning module SlateRHIRenderer (26)
[2023.02.14-12.17.20:295][956]LogModuleManager: Shutting down and abandoning module OpenGLDrv (24)
[2023.02.14-12.17.20:295][956]LogModuleManager: Shutting down and abandoning module D3D11RHI (22)
[2023.02.14-12.17.20:295][956]LogModuleManager: Shutting down and abandoning module AnimGraphRuntime (20)
[2023.02.14-12.17.20:295][956]LogModuleManager: Shutting down and abandoning module Renderer (18)
[2023.02.14-12.17.20:295][956]LogModuleManager: Shutting down and abandoning module Engine (16)
[2023.02.14-12.17.20:295][956]LogModuleManager: Shutting down and abandoning module CoreUObject (14)
[2023.02.14-12.17.20:295][956]LogModuleManager: Shutting down and abandoning module NetworkFile (12)
[2023.02.14-12.17.20:295][956]LogModuleManager: Shutting down and abandoning module CookedIterativeFile (10)
[2023.02.14-12.17.20:296][956]LogModuleManager: Shutting down and abandoning module StreamingFile (8)
[2023.02.14-12.17.20:296][956]LogModuleManager: Shutting down and abandoning module SandboxFile (6)
[2023.02.14-12.17.20:296][956]LogModuleManager: Shutting down and abandoning module PakFile (4)
[2023.02.14-12.17.20:296][956]LogModuleManager: Shutting down and abandoning module RSA (3)
[2023.02.14-12.17.20:301][956]LogExit: Exiting.
[2023.02.14-12.17.20:337][956]Log file closed, 02/14/23 21:17:20
