Log file open, 02/10/23 21:19:27
LogWindows: Failed to load 'aqProf.dll' (GetLastError=126)
LogWindows: File 'aqProf.dll' does not exist
LogWindows: Failed to load 'VtuneApi.dll' (GetLastError=126)
LogWindows: File 'VtuneApi.dll' does not exist
LogWindows: Failed to load 'VtuneApi32e.dll' (GetLastError=126)
LogWindows: File 'VtuneApi32e.dll' does not exist
LogConsoleResponse: Display: Failed to find resolution value strings in scalability ini. Falling back to default.
LogInit: Display: Running engine for game: ArenaBattle
LogPakFile: Registered encryption key '00000000000000000000000000000000': 0 pak files mounted, 0 remain pending
LogPlatformFile: Not using cached read wrapper
LogTaskGraph: Started task graph with 5 named threads and 20 total threads with 3 sets of task threads.
LogStats: Stats thread started at 0.306846
LogD3D11RHI: Loaded GFSDK_Aftermath_Lib.x64.dll
LogICUInternationalization: ICU TimeZone Detection - Raw Offset: +9:00, Platform Override: ''
LogPluginManager: Mounting plugin Paper2D
LogPluginManager: Mounting plugin AISupport
LogPluginManager: Mounting plugin LightPropagationVolume
LogPluginManager: Mounting plugin ActorLayerUtilities
LogPluginManager: Mounting plugin AnimationSharing
LogPluginManager: Mounting plugin CLionSourceCodeAccess
LogPluginManager: Mounting plugin CodeLiteSourceCodeAccess
LogPluginManager: Mounting plugin GitSourceControl
LogPluginManager: Mounting plugin KDevelopSourceCodeAccess
LogPluginManager: Mounting plugin NullSourceCodeAccess
LogPluginManager: Mounting plugin PerforceSourceControl
LogPluginManager: Mounting plugin SubversionSourceControl
LogPluginManager: Mounting plugin UObjectPlugin
LogPluginManager: Mounting plugin VisualStudioCodeSourceCodeAccess
LogPluginManager: Mounting plugin VisualStudioSourceCodeAccess
LogPluginManager: Mounting plugin XCodeSourceCodeAccess
LogPluginManager: Mounting plugin AssetManagerEditor
LogPluginManager: Mounting plugin CryptoKeys
LogPluginManager: Mounting plugin DataValidation
LogPluginManager: Mounting plugin FacialAnimation
LogPluginManager: Mounting plugin GameplayTagsEditor
LogPluginManager: Mounting plugin MacGraphicsSwitching
LogPluginManager: Mounting plugin MaterialAnalyzer
LogPluginManager: Mounting plugin MobileLauncherProfileWizard
LogPluginManager: Mounting plugin PluginBrowser
LogPluginManager: Mounting plugin SpeedTreeImporter
LogPluginManager: Mounting plugin DatasmithContent
LogPluginManager: Mounting plugin VariantManagerContent
LogPluginManager: Mounting plugin AlembicImporter
LogPluginManager: Mounting plugin AppleImageUtils
LogPluginManager: Mounting plugin AppleVision
LogPluginManager: Mounting plugin BackChannel
LogPluginManager: Mounting plugin CharacterAI
LogPluginManager: Mounting plugin GeometryCache
LogPluginManager: Mounting plugin HTML5Networking
LogPluginManager: Mounting plugin ProxyLODPlugin
LogPluginManager: Mounting plugin SkeletalReduction
LogPluginManager: Mounting plugin MagicLeap
LogPluginManager: Mounting plugin MagicLeapMedia
LogPluginManager: Mounting plugin AndroidMedia
LogPluginManager: Mounting plugin AvfMedia
LogPluginManager: Mounting plugin ImgMedia
LogPluginManager: Mounting plugin LinearTimecode
LogPluginManager: Mounting plugin MediaCompositing
LogPluginManager: Mounting plugin MediaPlayerEditor
LogPluginManager: Mounting plugin WebMMedia
LogPluginManager: Mounting plugin WmfMedia
LogPluginManager: Mounting plugin TcpMessaging
LogPluginManager: Mounting plugin UdpMessaging
LogPluginManager: Mounting plugin ActorSequence
LogPluginManager: Mounting plugin LevelSequenceEditor
LogPluginManager: Mounting plugin MatineeToLevelSequence
LogPluginManager: Mounting plugin NetcodeUnitTest
LogPluginManager: Mounting plugin NUTUnrealEngine4
LogPluginManager: Mounting plugin OnlineSubsystemGooglePlay
LogPluginManager: Mounting plugin OnlineSubsystemIOS
LogPluginManager: Mounting plugin OnlineSubsystem
LogPluginManager: Mounting plugin OnlineSubsystemNull
LogPluginManager: Mounting plugin OnlineSubsystemUtils
LogPluginManager: Mounting plugin LauncherChunkInstaller
LogPluginManager: Mounting plugin AndroidDeviceProfileSelector
LogPluginManager: Mounting plugin AndroidMoviePlayer
LogPluginManager: Mounting plugin AndroidPermission
LogPluginManager: Mounting plugin AppleMoviePlayer
LogPluginManager: Mounting plugin ArchVisCharacter
LogPluginManager: Mounting plugin AudioCapture
LogPluginManager: Mounting plugin CableComponent
LogPluginManager: Mounting plugin CustomMeshComponent
LogPluginManager: Mounting plugin EditableMesh
LogPluginManager: Mounting plugin ExampleDeviceProfileSelector
LogPluginManager: Mounting plugin Firebase
LogPluginManager: Mounting plugin GoogleCloudMessaging
LogPluginManager: Mounting plugin IOSDeviceProfileSelector
LogPluginManager: Mounting plugin LinuxDeviceProfileSelector
LogPluginManager: Mounting plugin LocationServicesBPLibrary
LogPluginManager: Mounting plugin MobilePatchingUtils
LogPluginManager: Mounting plugin OculusVR
LogPluginManager: Mounting plugin PhysXVehicles
LogPluginManager: Mounting plugin ProceduralMeshComponent
LogPluginManager: Mounting plugin RuntimePhysXCooking
LogPluginManager: Mounting plugin SignificanceManager
LogPluginManager: Mounting plugin SteamVR
LogPluginManager: Mounting plugin WebMMoviePlayer
LogPluginManager: Mounting plugin WindowsMoviePlayer
LogInit: Using libcurl 7.55.1-DEV
LogInit:  - built for x86_64-pc-win32
LogInit:  - supports SSL with OpenSSL/1.1.1
LogInit:  - supports HTTP deflate (compression) using libz 1.2.8
LogInit:  - other features:
LogInit:      CURL_VERSION_SSL
LogInit:      CURL_VERSION_LIBZ
LogInit:      CURL_VERSION_IPV6
LogInit:      CURL_VERSION_ASYNCHDNS
LogInit:      CURL_VERSION_LARGEFILE
LogInit:      CURL_VERSION_IDN
LogInit:  CurlRequestOptions (configurable via config and command line):
LogInit:  - bVerifyPeer = true  - Libcurl will verify peer certificate
LogInit:  - bUseHttpProxy = false  - Libcurl will NOT use HTTP proxy
LogInit:  - bDontReuseConnections = false  - Libcurl will reuse connections
LogInit:  - MaxHostConnections = 16  - Libcurl will limit the number of connections to a host
LogInit:  - LocalHostAddr = Default
LogInit:  - BufferSize = 65536
LogInit: WinSock: version 1.1 (2.2), MaxSocks=32767, MaxUdp=65467
LogInit: Build: ++UE4+Release-4.22-CL-7053642
LogInit: Engine Version: 4.22.3-7053642+++UE4+Release-4.22
LogInit: Compatible Engine Version: 4.22.0-5660361+++UE4+Release-4.22
LogInit: Net CL: 5660361
LogInit: OS: Windows 10 (Release 2009) (), CPU: AMD Ryzen 5 3500X 6-Core Processor             , GPU: NVIDIA GeForce GTX 1660 SUPER
LogInit: Compiled (64-bit): Jun 18 2019 03:09:11
LogInit: Compiled with Visual C++: 19.16.27025.01
LogInit: Build Configuration: Development
LogInit: Branch Name: ++UE4+Release-4.22
LogInit: Command Line:  -skipcompile
LogInit: Base Directory: C:/Program Files/Epic Games/UE_4.22/Engine/Binaries/Win64/
LogInit: Installed Engine Build: 1
LogDevObjectVersion: Number of dev versions registered: 23
LogDevObjectVersion:   Dev-Blueprints (B0D832E4-1F89-4F0D-ACCF-7EB736FD4AA2): 10
LogDevObjectVersion:   Dev-Build (E1C64328-A22C-4D53-A36C-8E866417BD8C): 0
LogDevObjectVersion:   Dev-Core (375EC13C-06E4-48FB-B500-84F0262A717E): 3
LogDevObjectVersion:   Dev-Editor (E4B068ED-F494-42E9-A231-DA0B2E46BB41): 30
LogDevObjectVersion:   Dev-Framework (CFFC743F-43B0-4480-9391-14DF171D2073): 35
LogDevObjectVersion:   Dev-Mobile (B02B49B5-BB20-44E9-A304-32B752E40360): 2
LogDevObjectVersion:   Dev-Networking (A4E4105C-59A1-49B5-A7C5-40C4547EDFEE): 0
LogDevObjectVersion:   Dev-Online (39C831C9-5AE6-47DC-9A44-9C173E1C8E7C): 0
LogDevObjectVersion:   Dev-Physics (78F01B33-EBEA-4F98-B9B4-84EACCB95AA2): 0
LogDevObjectVersion:   Dev-Platform (6631380F-2D4D-43E0-8009-CF276956A95A): 0
LogDevObjectVersion:   Dev-Rendering (12F88B9F-8875-4AFC-A67C-D90C383ABD29): 28
LogDevObjectVersion:   Dev-Sequencer (7B5AE74C-D270-4C10-A958-57980B212A5A): 11
LogDevObjectVersion:   Dev-VR (D7296918-1DD6-4BDD-9DE2-64A83CC13884): 2
LogDevObjectVersion:   Dev-LoadTimes (C2A15278-BFE7-4AFE-6C17-90FF531DF755): 1
LogDevObjectVersion:   Private-Geometry (6EACA3D4-40EC-4CC1-B786-8BED09428FC5): 3
LogDevObjectVersion:   Dev-AnimPhys (29E575DD-E0A3-4627-9D10-D276232CDCEA): 17
LogDevObjectVersion:   Dev-Anim (AF43A65D-7FD3-4947-9873-3E8ED9C1BB05): 2
LogDevObjectVersion:   Dev-ReflectionCapture (6B266CEC-1EC7-4B8F-A30B-E4D90942FC07): 1
LogDevObjectVersion:   Dev-Automation (0DF73D61-A23F-47EA-B727-89E90C41499A): 1
LogDevObjectVersion:   FortniteMain (601D1886-AC64-4F84-AA16-D3DE0DEAC7D6): 25
LogDevObjectVersion:   Dev-Enterprise (9DFFBCD6-494F-0158-E221-12823C92A888): 6
LogDevObjectVersion:   Dev-Niagara (F2AED0AC-9AFE-416F-8664-AA7FFA26D6FC): 1
LogDevObjectVersion:   Dev-Destruction (174F1F0B-B4C6-45A5-B13F-2EE8D0FB917D): 2
LogInit: Presizing for max 16777216 objects, including 0 objects not considered by GC, pre-allocating 0 bytes for permanent pool.
LogInit: Object subsystem initialized
LogConfig: Setting CVar [[con.DebugEarlyDefault:1]]
LogConfig: Setting CVar [[r.setres:1280x720]]
[2023.02.10-12.19.27:930][  0]LogConfig: Setting CVar [[r.VSync:0]]
[2023.02.10-12.19.27:930][  0]LogConfig: Setting CVar [[r.RHICmdBypass:0]]
[2023.02.10-12.19.27:930][  0]LogConfig: Applying CVar settings from Section [/Script/Engine.RendererSettings] File [D:/git/ArenaBattle/ArenaBattle/Saved/Config/Windows/Engine.ini]
[2023.02.10-12.19.27:930][  0]LogConfig: Setting CVar [[r.GPUCrashDebugging:0]]
[2023.02.10-12.19.27:930][  0]LogConfig: Applying CVar settings from Section [/Script/Engine.RendererOverrideSettings] File [D:/git/ArenaBattle/ArenaBattle/Saved/Config/Windows/Engine.ini]
[2023.02.10-12.19.27:930][  0]LogConfig: Applying CVar settings from Section [/Script/Engine.StreamingSettings] File [D:/git/ArenaBattle/ArenaBattle/Saved/Config/Windows/Engine.ini]
[2023.02.10-12.19.27:930][  0]LogConfig: Setting CVar [[s.MinBulkDataSizeForAsyncLoading:131072]]
[2023.02.10-12.19.27:930][  0]LogConfig: Setting CVar [[s.AsyncLoadingThreadEnabled:0]]
[2023.02.10-12.19.27:930][  0]LogConfig: Setting CVar [[s.EventDrivenLoaderEnabled:1]]
[2023.02.10-12.19.27:930][  0]LogConfig: Setting CVar [[s.WarnIfTimeLimitExceeded:0]]
[2023.02.10-12.19.27:930][  0]LogConfig: Setting CVar [[s.TimeLimitExceededMultiplier:1.5]]
[2023.02.10-12.19.27:930][  0]LogConfig: Setting CVar [[s.TimeLimitExceededMinTime:0.005]]
[2023.02.10-12.19.27:930][  0]LogConfig: Setting CVar [[s.UseBackgroundLevelStreaming:1]]
[2023.02.10-12.19.27:930][  0]LogConfig: Setting CVar [[s.PriorityAsyncLoadingExtraTime:15.0]]
[2023.02.10-12.19.27:930][  0]LogConfig: Setting CVar [[s.LevelStreamingActorsUpdateTimeLimit:5.0]]
[2023.02.10-12.19.27:930][  0]LogConfig: Setting CVar [[s.PriorityLevelStreamingActorsUpdateExtraTime:5.0]]
[2023.02.10-12.19.27:930][  0]LogConfig: Setting CVar [[s.LevelStreamingComponentsRegistrationGranularity:10]]
[2023.02.10-12.19.27:930][  0]LogConfig: Setting CVar [[s.UnregisterComponentsTimeLimit:1.0]]
[2023.02.10-12.19.27:930][  0]LogConfig: Setting CVar [[s.LevelStreamingComponentsUnregistrationGranularity:5]]
[2023.02.10-12.19.27:930][  0]LogConfig: Applying CVar settings from Section [/Script/Engine.GarbageCollectionSettings] File [D:/git/ArenaBattle/ArenaBattle/Saved/Config/Windows/Engine.ini]
[2023.02.10-12.19.27:930][  0]LogConfig: Setting CVar [[gc.MaxObjectsNotConsideredByGC:1]]
[2023.02.10-12.19.27:930][  0]LogConfig: Setting CVar [[gc.SizeOfPermanentObjectPool:0]]
[2023.02.10-12.19.27:930][  0]LogConfig: Setting CVar [[gc.FlushStreamingOnGC:0]]
[2023.02.10-12.19.27:930][  0]LogConfig: Setting CVar [[gc.NumRetriesBeforeForcingGC:10]]
[2023.02.10-12.19.27:930][  0]LogConfig: Setting CVar [[gc.AllowParallelGC:1]]
[2023.02.10-12.19.27:930][  0]LogConfig: Setting CVar [[gc.TimeBetweenPurgingPendingKillObjects:61.1]]
[2023.02.10-12.19.27:930][  0]LogConfig: Setting CVar [[gc.MaxObjectsInEditor:16777216]]
[2023.02.10-12.19.27:930][  0]LogConfig: Setting CVar [[gc.IncrementalBeginDestroyEnabled:1]]
[2023.02.10-12.19.27:930][  0]LogConfig: Setting CVar [[gc.CreateGCClusters:1]]
[2023.02.10-12.19.27:930][  0]LogConfig: Setting CVar [[gc.MinGCClusterSize:5]]
[2023.02.10-12.19.27:930][  0]LogConfig: Setting CVar [[gc.ActorClusteringEnabled:0]]
[2023.02.10-12.19.27:930][  0]LogConfig: Setting CVar [[gc.BlueprintClusteringEnabled:0]]
[2023.02.10-12.19.27:930][  0]LogConfig: Setting CVar [[gc.UseDisregardForGCOnDedicatedServers:0]]
[2023.02.10-12.19.27:930][  0]LogConfig: Applying CVar settings from Section [/Script/Engine.NetworkSettings] File [D:/git/ArenaBattle/ArenaBattle/Saved/Config/Windows/Engine.ini]
[2023.02.10-12.19.27:930][  0]LogConfig: Applying CVar settings from Section [/Script/UnrealEd.CookerSettings] File [D:/git/ArenaBattle/ArenaBattle/Saved/Config/Windows/Engine.ini]
[2023.02.10-12.19.27:934][  0]LogConfig: Applying CVar settings from Section [ViewDistanceQuality@3] File [D:/git/ArenaBattle/ArenaBattle/Saved/Config/Windows/Scalability.ini]
[2023.02.10-12.19.27:935][  0]LogConfig: Setting CVar [[r.SkeletalMeshLODBias:0]]
[2023.02.10-12.19.27:935][  0]LogConfig: Setting CVar [[r.ViewDistanceScale:1.0]]
[2023.02.10-12.19.27:935][  0]LogConfig: Applying CVar settings from Section [AntiAliasingQuality@3] File [D:/git/ArenaBattle/ArenaBattle/Saved/Config/Windows/Scalability.ini]
[2023.02.10-12.19.27:935][  0]LogConfig: Setting CVar [[r.PostProcessAAQuality:4]]
[2023.02.10-12.19.27:935][  0]LogConfig: Applying CVar settings from Section [ShadowQuality@3] File [D:/git/ArenaBattle/ArenaBattle/Saved/Config/Windows/Scalability.ini]
[2023.02.10-12.19.27:935][  0]LogConfig: Setting CVar [[r.LightFunctionQuality:1]]
[2023.02.10-12.19.27:935][  0]LogConfig: Setting CVar [[r.ShadowQuality:5]]
[2023.02.10-12.19.27:935][  0]LogConfig: Setting CVar [[r.Shadow.CSM.MaxCascades:10]]
[2023.02.10-12.19.27:935][  0]LogConfig: Setting CVar [[r.Shadow.MaxResolution:2048]]
[2023.02.10-12.19.27:935][  0]LogConfig: Setting CVar [[r.Shadow.MaxCSMResolution:2048]]
[2023.02.10-12.19.27:935][  0]LogConfig: Setting CVar [[r.Shadow.RadiusThreshold:0.01]]
[2023.02.10-12.19.27:935][  0]LogConfig: Setting CVar [[r.Shadow.DistanceScale:1.0]]
[2023.02.10-12.19.27:935][  0]LogConfig: Setting CVar [[r.Shadow.CSM.TransitionScale:1.0]]
[2023.02.10-12.19.27:935][  0]LogConfig: Setting CVar [[r.Shadow.PreShadowResolutionFactor:1.0]]
[2023.02.10-12.19.27:935][  0]LogConfig: Setting CVar [[r.DistanceFieldShadowing:1]]
[2023.02.10-12.19.27:935][  0]LogConfig: Setting CVar [[r.DistanceFieldAO:1]]
[2023.02.10-12.19.27:935][  0]LogConfig: Setting CVar [[r.AOQuality:2]]
[2023.02.10-12.19.27:935][  0]LogConfig: Setting CVar [[r.VolumetricFog:1]]
[2023.02.10-12.19.27:935][  0]LogConfig: Setting CVar [[r.VolumetricFog.GridPixelSize:8]]
[2023.02.10-12.19.27:935][  0]LogConfig: Setting CVar [[r.VolumetricFog.GridSizeZ:128]]
[2023.02.10-12.19.27:935][  0]LogConfig: Setting CVar [[r.VolumetricFog.HistoryMissSupersampleCount:4]]
[2023.02.10-12.19.27:935][  0]LogConfig: Setting CVar [[r.LightMaxDrawDistanceScale:1]]
[2023.02.10-12.19.27:935][  0]LogConfig: Setting CVar [[r.CapsuleShadows:1]]
[2023.02.10-12.19.27:935][  0]LogConfig: Applying CVar settings from Section [PostProcessQuality@3] File [D:/git/ArenaBattle/ArenaBattle/Saved/Config/Windows/Scalability.ini]
[2023.02.10-12.19.27:935][  0]LogConfig: Setting CVar [[r.MotionBlurQuality:4]]
[2023.02.10-12.19.27:935][  0]LogConfig: Setting CVar [[r.AmbientOcclusionMipLevelFactor:0.4]]
[2023.02.10-12.19.27:935][  0]LogConfig: Setting CVar [[r.AmbientOcclusionMaxQuality:100]]
[2023.02.10-12.19.27:935][  0]LogConfig: Setting CVar [[r.AmbientOcclusionLevels:-1]]
[2023.02.10-12.19.27:935][  0]LogConfig: Setting CVar [[r.AmbientOcclusionRadiusScale:1.0]]
[2023.02.10-12.19.27:935][  0]LogConfig: Setting CVar [[r.DepthOfFieldQuality:2]]
[2023.02.10-12.19.27:935][  0]LogConfig: Setting CVar [[r.RenderTargetPoolMin:400]]
[2023.02.10-12.19.27:935][  0]LogConfig: Setting CVar [[r.LensFlareQuality:2]]
[2023.02.10-12.19.27:935][  0]LogConfig: Setting CVar [[r.SceneColorFringeQuality:1]]
[2023.02.10-12.19.27:935][  0]LogConfig: Setting CVar [[r.EyeAdaptationQuality:2]]
[2023.02.10-12.19.27:935][  0]LogConfig: Setting CVar [[r.BloomQuality:5]]
[2023.02.10-12.19.27:935][  0]LogConfig: Setting CVar [[r.FastBlurThreshold:100]]
[2023.02.10-12.19.27:935][  0]LogConfig: Setting CVar [[r.Upscale.Quality:3]]
[2023.02.10-12.19.27:935][  0]LogConfig: Setting CVar [[r.Tonemapper.GrainQuantization:1]]
[2023.02.10-12.19.27:935][  0]LogConfig: Setting CVar [[r.LightShaftQuality:1]]
[2023.02.10-12.19.27:935][  0]LogConfig: Setting CVar [[r.Filter.SizeScale:1]]
[2023.02.10-12.19.27:935][  0]LogConfig: Setting CVar [[r.Tonemapper.Quality:5]]
[2023.02.10-12.19.27:935][  0]LogConfig: Setting CVar [[r.DOF.Gather.AccumulatorQuality:1        ; higher gathering accumulator quality]]
[2023.02.10-12.19.27:935][  0]LogConfig: Setting CVar [[r.DOF.Gather.PostfilterMethod:1          ; Median3x3 postfilering method]]
[2023.02.10-12.19.27:935][  0]LogConfig: Setting CVar [[r.DOF.Gather.EnableBokehSettings:0       ; no bokeh simulation when gathering]]
[2023.02.10-12.19.27:935][  0]LogConfig: Setting CVar [[r.DOF.Gather.RingCount:4                 ; medium number of samples when gathering]]
[2023.02.10-12.19.27:935][  0]LogConfig: Setting CVar [[r.DOF.Scatter.ForegroundCompositing:1    ; additive foreground scattering]]
[2023.02.10-12.19.27:935][  0]LogConfig: Setting CVar [[r.DOF.Scatter.BackgroundCompositing:2    ; additive background scattering]]
[2023.02.10-12.19.27:935][  0]LogConfig: Setting CVar [[r.DOF.Scatter.EnableBokehSettings:1      ; bokeh simulation when scattering]]
[2023.02.10-12.19.27:935][  0]LogConfig: Setting CVar [[r.DOF.Scatter.MaxSpriteRatio:0.1         ; only a maximum of 10% of scattered bokeh]]
[2023.02.10-12.19.27:935][  0]LogConfig: Setting CVar [[r.DOF.Recombine.Quality:1                ; cheap slight out of focus]]
[2023.02.10-12.19.27:935][  0]LogConfig: Setting CVar [[r.DOF.Recombine.EnableBokehSettings:0    ; no bokeh simulation on slight out of focus]]
[2023.02.10-12.19.27:935][  0]LogConfig: Setting CVar [[r.DOF.TemporalAAQuality:1                ; more stable temporal accumulation]]
[2023.02.10-12.19.27:935][  0]LogConfig: Setting CVar [[r.DOF.Kernel.MaxForegroundRadius:0.025]]
[2023.02.10-12.19.27:935][  0]LogConfig: Setting CVar [[r.DOF.Kernel.MaxBackgroundRadius:0.025]]
[2023.02.10-12.19.27:935][  0]LogConfig: Applying CVar settings from Section [TextureQuality@3] File [D:/git/ArenaBattle/ArenaBattle/Saved/Config/Windows/Scalability.ini]
[2023.02.10-12.19.27:935][  0]LogConfig: Setting CVar [[r.Streaming.MipBias:0]]
[2023.02.10-12.19.27:935][  0]LogConfig: Setting CVar [[r.Streaming.AmortizeCPUToGPUCopy:0]]
[2023.02.10-12.19.27:935][  0]LogConfig: Setting CVar [[r.Streaming.MaxNumTexturesToStreamPerFrame:0]]
[2023.02.10-12.19.27:935][  0]LogConfig: Setting CVar [[r.Streaming.Boost:1]]
[2023.02.10-12.19.27:935][  0]LogConfig: Setting CVar [[r.MaxAnisotropy:8]]
[2023.02.10-12.19.27:935][  0]LogConfig: Setting CVar [[r.Streaming.LimitPoolSizeToVRAM:0]]
[2023.02.10-12.19.27:935][  0]LogConfig: Setting CVar [[r.Streaming.PoolSize:1000]]
[2023.02.10-12.19.27:935][  0]LogConfig: Setting CVar [[r.Streaming.MaxEffectiveScreenSize:0]]
[2023.02.10-12.19.27:935][  0]LogConfig: Applying CVar settings from Section [EffectsQuality@3] File [D:/git/ArenaBattle/ArenaBattle/Saved/Config/Windows/Scalability.ini]
[2023.02.10-12.19.27:935][  0]LogConfig: Setting CVar [[r.TranslucencyLightingVolumeDim:64]]
[2023.02.10-12.19.27:935][  0]LogConfig: Setting CVar [[r.RefractionQuality:2]]
[2023.02.10-12.19.27:935][  0]LogConfig: Setting CVar [[r.SSR.Quality:3]]
[2023.02.10-12.19.27:935][  0]LogConfig: Setting CVar [[r.SceneColorFormat:4]]
[2023.02.10-12.19.27:935][  0]LogConfig: Setting CVar [[r.DetailMode:2]]
[2023.02.10-12.19.27:935][  0]LogConfig: Setting CVar [[r.TranslucencyVolumeBlur:1]]
[2023.02.10-12.19.27:935][  0]LogConfig: Setting CVar [[r.MaterialQualityLevel:1 ; High quality]]
[2023.02.10-12.19.27:935][  0]LogConfig: Setting CVar [[r.SSS.Scale:1]]
[2023.02.10-12.19.27:935][  0]LogConfig: Setting CVar [[r.SSS.SampleSet:2]]
[2023.02.10-12.19.27:935][  0]LogConfig: Setting CVar [[r.SSS.Quality:1]]
[2023.02.10-12.19.27:935][  0]LogConfig: Setting CVar [[r.SSS.HalfRes:1]]
[2023.02.10-12.19.27:935][  0]LogConfig: Setting CVar [[r.EmitterSpawnRateScale:1.0]]
[2023.02.10-12.19.27:935][  0]LogConfig: Setting CVar [[r.ParticleLightQuality:2]]
[2023.02.10-12.19.27:935][  0]LogConfig: Applying CVar settings from Section [FoliageQuality@3] File [D:/git/ArenaBattle/ArenaBattle/Saved/Config/Windows/Scalability.ini]
[2023.02.10-12.19.27:935][  0]LogConfig: Setting CVar [[foliage.DensityScale:1.0]]
[2023.02.10-12.19.27:935][  0]LogConfig: Setting CVar [[grass.DensityScale:1.0]]
[2023.02.10-12.19.27:935][  0]LogInit: Selected Device Profile: [Windows]
[2023.02.10-12.19.27:935][  0]LogInit: Applying CVar settings loaded from the selected device profile: [Windows]
[2023.02.10-12.19.27:942][  0]LogHAL: Display: Platform has ~ 16 GB [17126916096 / 17179869184 / 16], which maps to Larger [LargestMinGB=32, LargerMinGB=12, DefaultMinGB=8, SmallerMinGB=6, SmallestMinGB=0)
[2023.02.10-12.19.27:942][  0]LogConfig: Setting CVar [[r.Vulkan.UseRealUBs:0		; Required until we fix HLR fall-out]]
[2023.02.10-12.19.27:942][  0]LogInit: Going up to parent DeviceProfile []
[2023.02.10-12.19.27:942][  0]LogConfig: Applying CVar settings from Section [ViewDistanceQuality@3] File [D:/git/ArenaBattle/ArenaBattle/Saved/Config/Windows/Scalability.ini]
[2023.02.10-12.19.27:943][  0]LogConfig: Setting CVar [[r.SkeletalMeshLODBias:0]]
[2023.02.10-12.19.27:943][  0]LogConfig: Setting CVar [[r.ViewDistanceScale:1.0]]
[2023.02.10-12.19.27:943][  0]LogConfig: Applying CVar settings from Section [AntiAliasingQuality@3] File [D:/git/ArenaBattle/ArenaBattle/Saved/Config/Windows/Scalability.ini]
[2023.02.10-12.19.27:943][  0]LogConfig: Setting CVar [[r.PostProcessAAQuality:4]]
[2023.02.10-12.19.27:943][  0]LogConfig: Applying CVar settings from Section [ShadowQuality@3] File [D:/git/ArenaBattle/ArenaBattle/Saved/Config/Windows/Scalability.ini]
[2023.02.10-12.19.27:943][  0]LogConfig: Setting CVar [[r.LightFunctionQuality:1]]
[2023.02.10-12.19.27:943][  0]LogConfig: Setting CVar [[r.ShadowQuality:5]]
[2023.02.10-12.19.27:943][  0]LogConfig: Setting CVar [[r.Shadow.CSM.MaxCascades:10]]
[2023.02.10-12.19.27:943][  0]LogConfig: Setting CVar [[r.Shadow.MaxResolution:2048]]
[2023.02.10-12.19.27:943][  0]LogConfig: Setting CVar [[r.Shadow.MaxCSMResolution:2048]]
[2023.02.10-12.19.27:943][  0]LogConfig: Setting CVar [[r.Shadow.RadiusThreshold:0.01]]
[2023.02.10-12.19.27:943][  0]LogConfig: Setting CVar [[r.Shadow.DistanceScale:1.0]]
[2023.02.10-12.19.27:943][  0]LogConfig: Setting CVar [[r.Shadow.CSM.TransitionScale:1.0]]
[2023.02.10-12.19.27:943][  0]LogConfig: Setting CVar [[r.Shadow.PreShadowResolutionFactor:1.0]]
[2023.02.10-12.19.27:943][  0]LogConfig: Setting CVar [[r.DistanceFieldShadowing:1]]
[2023.02.10-12.19.27:943][  0]LogConfig: Setting CVar [[r.DistanceFieldAO:1]]
[2023.02.10-12.19.27:943][  0]LogConfig: Setting CVar [[r.AOQuality:2]]
[2023.02.10-12.19.27:943][  0]LogConfig: Setting CVar [[r.VolumetricFog:1]]
[2023.02.10-12.19.27:943][  0]LogConfig: Setting CVar [[r.VolumetricFog.GridPixelSize:8]]
[2023.02.10-12.19.27:943][  0]LogConfig: Setting CVar [[r.VolumetricFog.GridSizeZ:128]]
[2023.02.10-12.19.27:943][  0]LogConfig: Setting CVar [[r.VolumetricFog.HistoryMissSupersampleCount:4]]
[2023.02.10-12.19.27:943][  0]LogConfig: Setting CVar [[r.LightMaxDrawDistanceScale:1]]
[2023.02.10-12.19.27:943][  0]LogConfig: Setting CVar [[r.CapsuleShadows:1]]
[2023.02.10-12.19.27:943][  0]LogConfig: Applying CVar settings from Section [PostProcessQuality@3] File [D:/git/ArenaBattle/ArenaBattle/Saved/Config/Windows/Scalability.ini]
[2023.02.10-12.19.27:943][  0]LogConfig: Setting CVar [[r.MotionBlurQuality:4]]
[2023.02.10-12.19.27:943][  0]LogConfig: Setting CVar [[r.AmbientOcclusionMipLevelFactor:0.4]]
[2023.02.10-12.19.27:943][  0]LogConfig: Setting CVar [[r.AmbientOcclusionMaxQuality:100]]
[2023.02.10-12.19.27:943][  0]LogConfig: Setting CVar [[r.AmbientOcclusionLevels:-1]]
[2023.02.10-12.19.27:943][  0]LogConfig: Setting CVar [[r.AmbientOcclusionRadiusScale:1.0]]
[2023.02.10-12.19.27:943][  0]LogConfig: Setting CVar [[r.DepthOfFieldQuality:2]]
[2023.02.10-12.19.27:943][  0]LogConfig: Setting CVar [[r.RenderTargetPoolMin:400]]
[2023.02.10-12.19.27:943][  0]LogConfig: Setting CVar [[r.LensFlareQuality:2]]
[2023.02.10-12.19.27:943][  0]LogConfig: Setting CVar [[r.SceneColorFringeQuality:1]]
[2023.02.10-12.19.27:943][  0]LogConfig: Setting CVar [[r.EyeAdaptationQuality:2]]
[2023.02.10-12.19.27:943][  0]LogConfig: Setting CVar [[r.BloomQuality:5]]
[2023.02.10-12.19.27:943][  0]LogConfig: Setting CVar [[r.FastBlurThreshold:100]]
[2023.02.10-12.19.27:943][  0]LogConfig: Setting CVar [[r.Upscale.Quality:3]]
[2023.02.10-12.19.27:943][  0]LogConfig: Setting CVar [[r.Tonemapper.GrainQuantization:1]]
[2023.02.10-12.19.27:943][  0]LogConfig: Setting CVar [[r.LightShaftQuality:1]]
[2023.02.10-12.19.27:943][  0]LogConfig: Setting CVar [[r.Filter.SizeScale:1]]
[2023.02.10-12.19.27:943][  0]LogConfig: Setting CVar [[r.Tonemapper.Quality:5]]
[2023.02.10-12.19.27:943][  0]LogConfig: Setting CVar [[r.DOF.Gather.AccumulatorQuality:1        ; higher gathering accumulator quality]]
[2023.02.10-12.19.27:943][  0]LogConfig: Setting CVar [[r.DOF.Gather.PostfilterMethod:1          ; Median3x3 postfilering method]]
[2023.02.10-12.19.27:943][  0]LogConfig: Setting CVar [[r.DOF.Gather.EnableBokehSettings:0       ; no bokeh simulation when gathering]]
[2023.02.10-12.19.27:943][  0]LogConfig: Setting CVar [[r.DOF.Gather.RingCount:4                 ; medium number of samples when gathering]]
[2023.02.10-12.19.27:943][  0]LogConfig: Setting CVar [[r.DOF.Scatter.ForegroundCompositing:1    ; additive foreground scattering]]
[2023.02.10-12.19.27:943][  0]LogConfig: Setting CVar [[r.DOF.Scatter.BackgroundCompositing:2    ; additive background scattering]]
[2023.02.10-12.19.27:943][  0]LogConfig: Setting CVar [[r.DOF.Scatter.EnableBokehSettings:1      ; bokeh simulation when scattering]]
[2023.02.10-12.19.27:943][  0]LogConfig: Setting CVar [[r.DOF.Scatter.MaxSpriteRatio:0.1         ; only a maximum of 10% of scattered bokeh]]
[2023.02.10-12.19.27:943][  0]LogConfig: Setting CVar [[r.DOF.Recombine.Quality:1                ; cheap slight out of focus]]
[2023.02.10-12.19.27:943][  0]LogConfig: Setting CVar [[r.DOF.Recombine.EnableBokehSettings:0    ; no bokeh simulation on slight out of focus]]
[2023.02.10-12.19.27:943][  0]LogConfig: Setting CVar [[r.DOF.TemporalAAQuality:1                ; more stable temporal accumulation]]
[2023.02.10-12.19.27:943][  0]LogConfig: Setting CVar [[r.DOF.Kernel.MaxForegroundRadius:0.025]]
[2023.02.10-12.19.27:943][  0]LogConfig: Setting CVar [[r.DOF.Kernel.MaxBackgroundRadius:0.025]]
[2023.02.10-12.19.27:943][  0]LogConfig: Applying CVar settings from Section [TextureQuality@3] File [D:/git/ArenaBattle/ArenaBattle/Saved/Config/Windows/Scalability.ini]
[2023.02.10-12.19.27:943][  0]LogConfig: Setting CVar [[r.Streaming.MipBias:0]]
[2023.02.10-12.19.27:943][  0]LogConfig: Setting CVar [[r.Streaming.AmortizeCPUToGPUCopy:0]]
[2023.02.10-12.19.27:943][  0]LogConfig: Setting CVar [[r.Streaming.MaxNumTexturesToStreamPerFrame:0]]
[2023.02.10-12.19.27:943][  0]LogConfig: Setting CVar [[r.Streaming.Boost:1]]
[2023.02.10-12.19.27:943][  0]LogConfig: Setting CVar [[r.MaxAnisotropy:8]]
[2023.02.10-12.19.27:943][  0]LogConfig: Setting CVar [[r.Streaming.LimitPoolSizeToVRAM:0]]
[2023.02.10-12.19.27:943][  0]LogConfig: Setting CVar [[r.Streaming.PoolSize:1000]]
[2023.02.10-12.19.27:943][  0]LogConfig: Setting CVar [[r.Streaming.MaxEffectiveScreenSize:0]]
[2023.02.10-12.19.27:943][  0]LogConfig: Applying CVar settings from Section [EffectsQuality@3] File [D:/git/ArenaBattle/ArenaBattle/Saved/Config/Windows/Scalability.ini]
[2023.02.10-12.19.27:943][  0]LogConfig: Setting CVar [[r.TranslucencyLightingVolumeDim:64]]
[2023.02.10-12.19.27:943][  0]LogConfig: Setting CVar [[r.RefractionQuality:2]]
[2023.02.10-12.19.27:943][  0]LogConfig: Setting CVar [[r.SSR.Quality:3]]
[2023.02.10-12.19.27:943][  0]LogConfig: Setting CVar [[r.SceneColorFormat:4]]
[2023.02.10-12.19.27:943][  0]LogConfig: Setting CVar [[r.DetailMode:2]]
[2023.02.10-12.19.27:943][  0]LogConfig: Setting CVar [[r.TranslucencyVolumeBlur:1]]
[2023.02.10-12.19.27:943][  0]LogConfig: Setting CVar [[r.MaterialQualityLevel:1 ; High quality]]
[2023.02.10-12.19.27:943][  0]LogConfig: Setting CVar [[r.SSS.Scale:1]]
[2023.02.10-12.19.27:943][  0]LogConfig: Setting CVar [[r.SSS.SampleSet:2]]
[2023.02.10-12.19.27:943][  0]LogConfig: Setting CVar [[r.SSS.Quality:1]]
[2023.02.10-12.19.27:943][  0]LogConfig: Setting CVar [[r.SSS.HalfRes:1]]
[2023.02.10-12.19.27:943][  0]LogConfig: Setting CVar [[r.EmitterSpawnRateScale:1.0]]
[2023.02.10-12.19.27:943][  0]LogConfig: Setting CVar [[r.ParticleLightQuality:2]]
[2023.02.10-12.19.27:943][  0]LogConfig: Applying CVar settings from Section [FoliageQuality@3] File [D:/git/ArenaBattle/ArenaBattle/Saved/Config/Windows/Scalability.ini]
[2023.02.10-12.19.27:943][  0]LogConfig: Setting CVar [[foliage.DensityScale:1.0]]
[2023.02.10-12.19.27:943][  0]LogConfig: Setting CVar [[grass.DensityScale:1.0]]
[2023.02.10-12.19.27:943][  0]LogConfig: Applying CVar settings from Section [Startup] File [../../../Engine/Config/ConsoleVariables.ini]
[2023.02.10-12.19.27:944][  0]LogConfig: Setting CVar [[net.UseAdaptiveNetUpdateFrequency:0]]
[2023.02.10-12.19.27:944][  0]LogConfig: Setting CVar [[p.chaos.AllowCreatePhysxBodies:1]]
[2023.02.10-12.19.27:944][  0]LogConfig: Applying CVar settings from Section [ConsoleVariables] File [D:/git/ArenaBattle/ArenaBattle/Saved/Config/Windows/Engine.ini]
[2023.02.10-12.19.27:944][  0]LogInit: Computer: DESKTOP-MTCB6DM
[2023.02.10-12.19.27:944][  0]LogInit: User: seo
[2023.02.10-12.19.27:944][  0]LogInit: CPU Page size=4096, Cores=6
[2023.02.10-12.19.27:944][  0]LogInit: High frequency timer resolution =10.000000 MHz
[2023.02.10-12.19.27:944][  0]LogMemory: Memory total: Physical=16.0GB (16GB approx)
[2023.02.10-12.19.27:944][  0]LogMemory: Platform Memory Stats for Windows
[2023.02.10-12.19.27:944][  0]LogMemory: Process Physical Memory: 97.90 MB used, 97.91 MB peak
[2023.02.10-12.19.27:944][  0]LogMemory: Process Virtual Memory: 84.45 MB used, 84.45 MB peak
[2023.02.10-12.19.27:944][  0]LogMemory: Physical Memory: 9266.23 MB used,  7067.27 MB free, 16333.50 MB total
[2023.02.10-12.19.27:944][  0]LogMemory: Virtual Memory: 4634.20 MB used,  134213096.00 MB free, 134217728.00 MB total
[2023.02.10-12.19.28:029][  0]LogInit: Using OS detected language (ko-KR).
[2023.02.10-12.19.28:029][  0]LogInit: Using OS detected locale (ko-KR).
[2023.02.10-12.19.28:030][  0]LogTextLocalizationManager: No specific localization for 'ko-KR' exists, so the 'ko' localization will be used.
[2023.02.10-12.19.28:090][  0]LogInit: Setting process to per monitor DPI aware
[2023.02.10-12.19.28:137][  0]LogSlate: New Slate User Created.  User Index 0, Is Virtual User: 0
[2023.02.10-12.19.28:137][  0]LogSlate: Slate User Registered.  User Index 0, Is Virtual User: 0
[2023.02.10-12.19.28:300][  0]LogHMD: Failed to initialize OpenVR with code 110
[2023.02.10-12.19.28:300][  0]LogD3D11RHI: D3D11 adapters:
[2023.02.10-12.19.28:463][  0]LogD3D11RHI:    0. 'NVIDIA GeForce GTX 1660 SUPER' (Feature Level 11_0)
[2023.02.10-12.19.28:463][  0]LogD3D11RHI:       5991/0/8166 MB DedicatedVideo/DedicatedSystem/SharedSystem, Outputs:2, VendorId:0x10de
[2023.02.10-12.19.28:466][  0]LogD3D11RHI:    1. 'Microsoft Basic Render Driver' (Feature Level 11_0)
[2023.02.10-12.19.28:466][  0]LogD3D11RHI:       0/0/8166 MB DedicatedVideo/DedicatedSystem/SharedSystem, Outputs:0, VendorId:0x1414
[2023.02.10-12.19.28:466][  0]LogD3D11RHI: Chosen D3D11 Adapter: 0
[2023.02.10-12.19.28:476][  0]LogD3D11RHI: Creating new Direct3DDevice
[2023.02.10-12.19.28:476][  0]LogD3D11RHI:     GPU DeviceId: 0x21c4 (for the marketing name, search the web for "GPU Device Id")
[2023.02.10-12.19.28:476][  0]LogWindows: EnumDisplayDevices:
[2023.02.10-12.19.28:476][  0]LogWindows:    0. 'NVIDIA GeForce GTX 1660 SUPER' (P:1 D:1)
[2023.02.10-12.19.28:477][  0]LogWindows:    1. 'NVIDIA GeForce GTX 1660 SUPER' (P:0 D:1)
[2023.02.10-12.19.28:478][  0]LogWindows:    2. 'NVIDIA GeForce GTX 1660 SUPER' (P:0 D:0)
[2023.02.10-12.19.28:479][  0]LogWindows:    3. 'NVIDIA GeForce GTX 1660 SUPER' (P:0 D:0)
[2023.02.10-12.19.28:479][  0]LogWindows: DebugString: FoundDriverCount:4 
[2023.02.10-12.19.28:479][  0]LogD3D11RHI:     Adapter Name: NVIDIA GeForce GTX 1660 SUPER
[2023.02.10-12.19.28:479][  0]LogD3D11RHI:   Driver Version: 516.94 (internal:31.0.15.1694, unified:516.94)
[2023.02.10-12.19.28:479][  0]LogD3D11RHI:      Driver Date: 7-21-2022
[2023.02.10-12.19.28:479][  0]LogRHI: Texture pool is 4193 MB (70% of 5991 MB)
[2023.02.10-12.19.28:549][  0]LogD3D11RHI: Async texture creation enabled
[2023.02.10-12.19.28:559][  0]LogRendererCore: FGlobalReadBuffer::InitRHI
[2023.02.10-12.19.28:559][  0]LogRendererCore: FGlobalReadBuffer::InitRHI
[2023.02.10-12.19.28:559][  0]LogRendererCore: FGlobalReadBuffer::InitRHI
[2023.02.10-12.19.28:567][  0]LogD3D11RHI: GPU Timing Frequency: 1000.000000 (Debug: 2 1)
[2023.02.10-12.19.28:884][  0]LogTemp: Display: Module 'AllDesktopTargetPlatform' loaded TargetPlatform 'AllDesktop'
[2023.02.10-12.19.28:898][  0]LogTemp: Display: Module 'MacClientTargetPlatform' loaded TargetPlatform 'MacClient'
[2023.02.10-12.19.28:912][  0]LogTemp: Display: Module 'MacNoEditorTargetPlatform' loaded TargetPlatform 'MacNoEditor'
[2023.02.10-12.19.28:926][  0]LogTemp: Display: Module 'MacServerTargetPlatform' loaded TargetPlatform 'MacServer'
[2023.02.10-12.19.28:941][  0]LogTemp: Display: Module 'MacTargetPlatform' loaded TargetPlatform 'Mac'
[2023.02.10-12.19.28:955][  0]LogTemp: Display: Module 'WindowsClientTargetPlatform' loaded TargetPlatform 'WindowsClient'
[2023.02.10-12.19.28:969][  0]LogTemp: Display: Module 'WindowsNoEditorTargetPlatform' loaded TargetPlatform 'WindowsNoEditor'
[2023.02.10-12.19.28:983][  0]LogTemp: Display: Module 'WindowsServerTargetPlatform' loaded TargetPlatform 'WindowsServer'
[2023.02.10-12.19.28:989][  0]LogTemp: Display: Module 'WindowsTargetPlatform' loaded TargetPlatform 'Windows'
[2023.02.10-12.19.29:068][  0]LogTemp: Display: Module 'AndroidTargetPlatform' loaded TargetPlatform 'Android'
[2023.02.10-12.19.29:068][  0]LogTemp: Display: Module 'AndroidTargetPlatform' loaded TargetPlatform 'Android_ASTC'
[2023.02.10-12.19.29:068][  0]LogTemp: Display: Module 'AndroidTargetPlatform' loaded TargetPlatform 'Android_ATC'
[2023.02.10-12.19.29:068][  0]LogTemp: Display: Module 'AndroidTargetPlatform' loaded TargetPlatform 'Android_DXT'
[2023.02.10-12.19.29:068][  0]LogTemp: Display: Module 'AndroidTargetPlatform' loaded TargetPlatform 'Android_ETC1'
[2023.02.10-12.19.29:068][  0]LogTemp: Display: Module 'AndroidTargetPlatform' loaded TargetPlatform 'Android_ETC1a'
[2023.02.10-12.19.29:068][  0]LogTemp: Display: Module 'AndroidTargetPlatform' loaded TargetPlatform 'Android_ETC2'
[2023.02.10-12.19.29:068][  0]LogTemp: Display: Module 'AndroidTargetPlatform' loaded TargetPlatform 'Android_PVRTC'
[2023.02.10-12.19.29:068][  0]LogTemp: Display: Module 'AndroidTargetPlatform' loaded TargetPlatform 'AndroidClient'
[2023.02.10-12.19.29:068][  0]LogTemp: Display: Module 'AndroidTargetPlatform' loaded TargetPlatform 'Android_ASTCClient'
[2023.02.10-12.19.29:068][  0]LogTemp: Display: Module 'AndroidTargetPlatform' loaded TargetPlatform 'Android_ATCClient'
[2023.02.10-12.19.29:068][  0]LogTemp: Display: Module 'AndroidTargetPlatform' loaded TargetPlatform 'Android_DXTClient'
[2023.02.10-12.19.29:068][  0]LogTemp: Display: Module 'AndroidTargetPlatform' loaded TargetPlatform 'Android_ETC1Client'
[2023.02.10-12.19.29:068][  0]LogTemp: Display: Module 'AndroidTargetPlatform' loaded TargetPlatform 'Android_ETC1aClient'
[2023.02.10-12.19.29:068][  0]LogTemp: Display: Module 'AndroidTargetPlatform' loaded TargetPlatform 'Android_ETC2Client'
[2023.02.10-12.19.29:068][  0]LogTemp: Display: Module 'AndroidTargetPlatform' loaded TargetPlatform 'Android_PVRTCClient'
[2023.02.10-12.19.29:068][  0]LogTemp: Display: Module 'AndroidTargetPlatform' loaded TargetPlatform 'Android_Multi'
[2023.02.10-12.19.29:068][  0]LogTemp: Display: Module 'AndroidTargetPlatform' loaded TargetPlatform 'Android_MultiClient'
[2023.02.10-12.19.29:070][  0]LogTemp: Display: Module 'HTML5TargetPlatform' loaded TargetPlatform 'HTML5'
[2023.02.10-12.19.29:120][  0]LogTemp: Display: Module 'IOSTargetPlatform' loaded TargetPlatform 'IOSClient'
[2023.02.10-12.19.29:120][  0]LogTemp: Display: Module 'IOSTargetPlatform' loaded TargetPlatform 'IOS'
[2023.02.10-12.19.29:145][  0]LogTemp: Display: Module 'TVOSTargetPlatform' loaded TargetPlatform 'TVOSClient'
[2023.02.10-12.19.29:145][  0]LogTemp: Display: Module 'TVOSTargetPlatform' loaded TargetPlatform 'TVOS'
[2023.02.10-12.19.29:158][  0]LogTemp: Display: Module 'LinuxClientTargetPlatform' loaded TargetPlatform 'LinuxClient'
[2023.02.10-12.19.29:171][  0]LogTemp: Display: Module 'LinuxNoEditorTargetPlatform' loaded TargetPlatform 'LinuxNoEditor'
[2023.02.10-12.19.29:184][  0]LogTemp: Display: Module 'LinuxServerTargetPlatform' loaded TargetPlatform 'LinuxServer'
[2023.02.10-12.19.29:202][  0]LogTemp: Display: Module 'LinuxTargetPlatform' loaded TargetPlatform 'Linux'
[2023.02.10-12.19.29:249][  0]LogTemp: Display: Module 'LuminTargetPlatform' loaded TargetPlatform 'Lumin'
[2023.02.10-12.19.29:249][  0]LogTemp: Display: Module 'LuminTargetPlatform' loaded TargetPlatform 'LuminClient'
[2023.02.10-12.19.29:249][  0]LogTargetPlatformManager: Display: Building Assets For Windows
[2023.02.10-12.19.29:257][  0]LogAudioDebug: Display: Lib vorbis DLL was dynamically loaded.
[2023.02.10-12.19.29:297][  0]LogShaderCompilers: Guid format shader working directory is 13 characters bigger than the processId version (D:/git/ArenaBattle/ArenaBattle/Intermediate/Shaders/WorkingDirectory/49420/).
[2023.02.10-12.19.29:297][  0]LogShaderCompilers: Cleaned the shader compiler working directory 'C:/Users/seo/AppData/Local/Temp/UnrealShaderWorkingDir/367893DC4143FEADFA2793B02039868C/'.
[2023.02.10-12.19.29:299][  0]LogXGEController: Cleaning working directory: C:/Users/seo/AppData/Local/Temp/UnrealXGEWorkingDir/
[2023.02.10-12.19.29:299][  0]LogXGEController: Cannot use XGE Controller as Incredibuild is not installed on this machine.
[2023.02.10-12.19.29:299][  0]LogShaderCompilers: Cannot use XGE Shader Compiler as Incredibuild is not installed on this machine.
[2023.02.10-12.19.29:299][  0]LogShaderCompilers: Display: Using Local Shader Compiler.
[2023.02.10-12.19.29:710][  0]LogDerivedDataCache: Display: Max Cache Size: 512 MB
[2023.02.10-12.19.29:749][  0]LogDerivedDataCache: Loaded boot cache 0.04s 72MB C:/Users/seo/AppData/Local/UnrealEngine/4.22/DerivedDataCache/Boot.ddc.
[2023.02.10-12.19.29:749][  0]LogDerivedDataCache: Display: Loaded Boot cache: C:/Users/seo/AppData/Local/UnrealEngine/4.22/DerivedDataCache/Boot.ddc
[2023.02.10-12.19.29:749][  0]LogDerivedDataCache: FDerivedDataBackendGraph:  Pak pak cache file D:/git/ArenaBattle/ArenaBattle/DerivedDataCache/DDC.ddp not found, will not use a pak cache.
[2023.02.10-12.19.29:749][  0]LogDerivedDataCache: Unable to find inner node Pak for hierarchical cache Hierarchy.
[2023.02.10-12.19.29:749][  0]LogDerivedDataCache: FDerivedDataBackendGraph:  CompressedPak pak cache file D:/git/ArenaBattle/ArenaBattle/DerivedDataCache/Compressed.ddp not found, will not use a pak cache.
[2023.02.10-12.19.29:749][  0]LogDerivedDataCache: Unable to find inner node CompressedPak for hierarchical cache Hierarchy.
[2023.02.10-12.19.29:761][  0]LogDerivedDataCache: Display: Pak cache opened for reading ../../../Engine/DerivedDataCache/Compressed.ddp.
[2023.02.10-12.19.29:762][  0]LogDerivedDataCache: FDerivedDataBackendGraph:  EnterprisePak pak cache file ../../../Enterprise/DerivedDataCache/Compressed.ddp not found, will not use a pak cache.
[2023.02.10-12.19.29:762][  0]LogDerivedDataCache: Unable to find inner node EnterprisePak for hierarchical cache Hierarchy.
[2023.02.10-12.19.29:774][  0]LogDerivedDataCache: Using Local data cache path C:/Users/seo/AppData/Local/UnrealEngine/Common/DerivedDataCache: Writable
[2023.02.10-12.19.29:774][  0]LogDerivedDataCache: Shared data cache path not found in *engine.ini, will not use an Shared cache.
[2023.02.10-12.19.29:774][  0]LogDerivedDataCache: Unable to find inner node Shared for hierarchical cache Hierarchy.
[2023.02.10-12.19.29:792][  0]LogMaterial: Verifying Global Shaders for PCD3D_SM5
[2023.02.10-12.19.29:793][  0]LogSlate: Using FreeType 2.6.0
[2023.02.10-12.19.29:793][  0]LogSlate: SlateFontServices - WITH_FREETYPE: 1, WITH_HARFBUZZ: 1
[2023.02.10-12.19.29:876][  0]LogAssetRegistry: FAssetRegistry took 0.0353 seconds to start up
[2023.02.10-12.19.30:040][  0]LogCollisionProfile: Warning: Cannot map multiple responses to the same collision channel (14); ignoring 'ABCharacter' 
[2023.02.10-12.19.30:040][  0]LogCollisionProfile: Warning: Cannot map multiple responses to the same collision channel (15); ignoring 'Attack' 
[2023.02.10-12.19.30:162][  0]LogInit: Selected Device Profile: [Windows]
[2023.02.10-12.19.30:271][  0]LogMeshReduction: Using QuadricMeshReduction for automatic static mesh reduction
[2023.02.10-12.19.30:271][  0]LogMeshReduction: Using SimplygonMeshReduction for automatic skeletal mesh reduction
[2023.02.10-12.19.30:271][  0]LogMeshReduction: Using ProxyLODMeshReduction for automatic mesh merging
[2023.02.10-12.19.30:271][  0]LogMeshReduction: No distributed automatic mesh merging module available
[2023.02.10-12.19.30:271][  0]LogMeshMerging: No distributed automatic mesh merging module available
[2023.02.10-12.19.30:280][  0]LogNetVersion: ArenaBattle 1.0.0, NetCL: 5660361, EngineNetVer: 10, GameNetVer: 0 (Checksum: 815535894)
[2023.02.10-12.19.30:587][  0]LogPackageLocalizationCache: Processed 10 localized package path(s) for 1 prioritized culture(s) in 0.028587 seconds
[2023.02.10-12.19.30:593][  0]LogUObjectArray: 42205 objects as part of root set at end of initial load.
[2023.02.10-12.19.30:593][  0]LogUObjectAllocator: 7325032 out of 0 bytes used by permanent object pool.
[2023.02.10-12.19.30:593][  0]LogUObjectArray: CloseDisregardForGC: 0/0 objects in disregard for GC pool
[2023.02.10-12.19.31:286][  0]LogTcpMessaging: Initializing TcpMessaging bridge
[2023.02.10-12.19.31:300][  0]LogUdpMessaging: Initializing bridge on interface 0.0.0.0:0 to multicast group 230.0.0.1:6666.
[2023.02.10-12.19.31:441][  0]SourceControl: 소스 컨트롤이 꺼져 있습니다.
[2023.02.10-12.19.31:441][  0]SourceControl: 소스 컨트롤이 꺼져 있습니다.
[2023.02.10-12.19.31:442][  0]SourceControl: 소스 컨트롤이 꺼져 있습니다.
[2023.02.10-12.19.31:443][  0]SourceControl: 소스 컨트롤이 꺼져 있습니다.
[2023.02.10-12.19.31:520][  0]LogAndroidPermission: UAndroidPermissionCallbackProxy::GetInstance
[2023.02.10-12.19.31:639][  0]LogOcInput: OculusInput pre-init called
[2023.02.10-12.19.32:233][  0]LogEngine: Initializing Engine...
[2023.02.10-12.19.32:233][  0]LogHMD: Failed to initialize OpenVR with code 110
[2023.02.10-12.19.32:234][  0]LogStats: UGameplayTagsManager::InitializeManager -  0.000 s
[2023.02.10-12.19.32:388][  0]LogInit: Initializing FReadOnlyCVARCache
[2023.02.10-12.19.32:397][  0]LogAIModule: Creating AISystem for world Untitled
[2023.02.10-12.19.32:433][  0]LogInit: XAudio2 using 'Headphones(High Definition Audio Device)' : 2 channels at 48 kHz using 16 bits per sample (channel mask 0x3)
[2023.02.10-12.19.32:459][  0]LogInit: FAudioDevice initialized.
[2023.02.10-12.19.32:459][  0]LogNetVersion: Set ProjectVersion to 1.0.0.0. Version Checksum will be recalculated on next use.
[2023.02.10-12.19.32:508][  0]LogDerivedDataCache: Saved boot cache 0.05s 72MB C:/Users/seo/AppData/Local/UnrealEngine/4.22/DerivedDataCache/Boot.ddc.
[2023.02.10-12.19.32:513][  0]LogInit: Texture streaming: Enabled
[2023.02.10-12.19.32:529][  0]LogEngineSessionManager: EngineSessionManager initialized
[2023.02.10-12.19.32:529][  0]LogEngineSessionManager: EngineSessionManager sent abnormal shutdown report. Type=Crashed, SessionId={1385414E-4102-4D85-C730-34869126CB4F}
[2023.02.10-12.19.32:548][  0]LogInit: Transaction tracking system initialized
[2023.02.10-12.19.32:565][  0]BlueprintLog: New page: 에디터 로드
[2023.02.10-12.19.32:622][  0]LocalizationService: 현지화 서비스가 비활성화되었습니다.
[2023.02.10-12.19.32:871][  0]LogFileCache: Scanning file cache for directory 'D:/git/ArenaBattle/ArenaBattle/Content/' took 0.02s
[2023.02.10-12.19.32:871][  0]LogCook: Display: Max memory allowance for cook 16384mb min free memory 0mb
[2023.02.10-12.19.32:871][  0]LogCook: Display: Mobile HDR setting 1
[2023.02.10-12.19.33:018][  0]SourceControl: 소스 컨트롤이 꺼져 있습니다.
[2023.02.10-12.19.33:018][  0]Cmd: MAP LOAD FILE="D:/git/ArenaBattle/ArenaBattle/Content/Book/Maps/Step2.umap" TEMPLATE=0 SHOWPROGRESS=1 FEATURELEVEL=3
[2023.02.10-12.19.33:018][  0]LightingResults: New page: 라이팅 빌드
[2023.02.10-12.19.33:021][  0]MapCheck: New page: 맵 체크
[2023.02.10-12.19.33:021][  0]LightingResults: New page: 라이팅 빌드
[2023.02.10-12.19.33:039][  0]LogUObjectHash: Compacting FUObjectHashTables data took   1.91ms
[2023.02.10-12.19.33:133][  0]LogAIModule: Creating AISystem for world Step2
[2023.02.10-12.19.33:143][  0]LogEditorServer: Finished looking for orphan Actors (0.000 secs)
[2023.02.10-12.19.33:166][  0]LogUObjectHash: Compacting FUObjectHashTables data took   1.81ms
[2023.02.10-12.19.33:166][  0]Cmd: MAP CHECKDEP NOCLEARLOG
[2023.02.10-12.19.33:167][  0]MapCheck: 맵 체크 완료: 오류 0 회, 경고 0 회, 소요 시간 0.095ms.
[2023.02.10-12.19.33:167][  0]LogFileHelpers: Loading map 'Step2' took 0.149
[2023.02.10-12.19.33:260][  0]LogSlate: Updating window title bar state: overlay mode, drag disabled, window buttons hidden, title bar hidden
[2023.02.10-12.19.33:266][  0]LogSlate: Updating window title bar state: overlay mode, drag disabled, window buttons hidden, title bar hidden
[2023.02.10-12.19.33:271][  0]LogSlate: Updating window title bar state: overlay mode, drag disabled, window buttons hidden, title bar hidden
[2023.02.10-12.19.33:276][  0]LogSlate: Updating window title bar state: overlay mode, drag disabled, window buttons hidden, title bar hidden
[2023.02.10-12.19.33:281][  0]LogCollectionManager: Loaded 0 collections in 0.000811 seconds
[2023.02.10-12.19.33:318][  0]LogFileCache: Scanning file cache for directory 'D:/git/ArenaBattle/ArenaBattle/Saved/Collections/' took 0.01s
[2023.02.10-12.19.33:319][  0]LogFileCache: Scanning file cache for directory 'D:/git/ArenaBattle/ArenaBattle/Content/Developers/seo/Collections/' took 0.01s
[2023.02.10-12.19.33:319][  0]LogFileCache: Scanning file cache for directory 'D:/git/ArenaBattle/ArenaBattle/Content/Collections/' took 0.01s
[2023.02.10-12.19.33:319][  0]LogCollectionManager: Rebuilt the GUID cache for 0 collections in 0.000000 seconds
[2023.02.10-12.19.33:327][  0]LogContentBrowser: Native class hierarchy populated in 0.0080 seconds. Added 2737 classes and 661 folders.
[2023.02.10-12.19.33:331][  0]LogContentBrowser: Native class hierarchy updated for 'WidgetCarousel' in 0.0003 seconds. Added 0 classes and 0 folders.
[2023.02.10-12.19.33:332][  0]LogPakFile: Registered encryption key '00000000000000000000000000000000': 0 pak files mounted, 0 remain pending
[2023.02.10-12.19.33:333][  0]LogPakFile: Registered encryption key '00000000000000000000000000000000': 0 pak files mounted, 0 remain pending
[2023.02.10-12.19.33:333][  0]LogPakFile: Registered encryption key '00000000000000000000000000000000': 0 pak files mounted, 0 remain pending
[2023.02.10-12.19.33:333][  0]LogPakFile: Registered encryption key '00000000000000000000000000000000': 0 pak files mounted, 0 remain pending
[2023.02.10-12.19.33:334][  0]LogPakFile: Registered encryption key '00000000000000000000000000000000': 0 pak files mounted, 0 remain pending
[2023.02.10-12.19.33:334][  0]LogPakFile: Registered encryption key '00000000000000000000000000000000': 0 pak files mounted, 0 remain pending
[2023.02.10-12.19.33:335][  0]LogPakFile: Registered encryption key '00000000000000000000000000000000': 0 pak files mounted, 0 remain pending
[2023.02.10-12.19.33:335][  0]LogPakFile: Registered encryption key '00000000000000000000000000000000': 0 pak files mounted, 0 remain pending
[2023.02.10-12.19.33:336][  0]LogPakFile: Registered encryption key '00000000000000000000000000000000': 0 pak files mounted, 0 remain pending
[2023.02.10-12.19.33:336][  0]LogPakFile: Registered encryption key '00000000000000000000000000000000': 0 pak files mounted, 0 remain pending
[2023.02.10-12.19.33:336][  0]LogPakFile: Registered encryption key '00000000000000000000000000000000': 0 pak files mounted, 0 remain pending
[2023.02.10-12.19.33:337][  0]LogPakFile: Registered encryption key '00000000000000000000000000000000': 0 pak files mounted, 0 remain pending
[2023.02.10-12.19.33:337][  0]LogPakFile: Registered encryption key '00000000000000000000000000000000': 0 pak files mounted, 0 remain pending
[2023.02.10-12.19.33:338][  0]LogPakFile: Registered encryption key '00000000000000000000000000000000': 0 pak files mounted, 0 remain pending
[2023.02.10-12.19.33:338][  0]LogPakFile: Registered encryption key '00000000000000000000000000000000': 0 pak files mounted, 0 remain pending
[2023.02.10-12.19.33:338][  0]LogPakFile: Registered encryption key '00000000000000000000000000000000': 0 pak files mounted, 0 remain pending
[2023.02.10-12.19.33:339][  0]LogPakFile: Registered encryption key '00000000000000000000000000000000': 0 pak files mounted, 0 remain pending
[2023.02.10-12.19.33:339][  0]LogPakFile: Registered encryption key '00000000000000000000000000000000': 0 pak files mounted, 0 remain pending
[2023.02.10-12.19.33:340][  0]LogPakFile: Registered encryption key '00000000000000000000000000000000': 0 pak files mounted, 0 remain pending
[2023.02.10-12.19.33:340][  0]LogPakFile: Registered encryption key '00000000000000000000000000000000': 0 pak files mounted, 0 remain pending
[2023.02.10-12.19.33:340][  0]LogPakFile: Registered encryption key '00000000000000000000000000000000': 0 pak files mounted, 0 remain pending
[2023.02.10-12.19.33:341][  0]LogPakFile: Registered encryption key '00000000000000000000000000000000': 0 pak files mounted, 0 remain pending
[2023.02.10-12.19.33:341][  0]LogPakFile: Registered encryption key '00000000000000000000000000000000': 0 pak files mounted, 0 remain pending
[2023.02.10-12.19.33:342][  0]LogPakFile: Registered encryption key '00000000000000000000000000000000': 0 pak files mounted, 0 remain pending
[2023.02.10-12.19.33:342][  0]LogPakFile: Registered encryption key '00000000000000000000000000000000': 0 pak files mounted, 0 remain pending
[2023.02.10-12.19.33:343][  0]LogPakFile: Registered encryption key '00000000000000000000000000000000': 0 pak files mounted, 0 remain pending
[2023.02.10-12.19.33:369][  0]LogContentBrowser: Native class hierarchy updated for 'AddContentDialog' in 0.0003 seconds. Added 0 classes and 0 folders.
[2023.02.10-12.19.33:375][  0]LogContentBrowser: Native class hierarchy updated for 'SceneOutliner' in 0.0004 seconds. Added 1 classes and 2 folders.
[2023.02.10-12.19.33:430][  0]LogSlate: Took 0.000223 seconds to synchronously load lazily loaded font '../../../Engine/Content/Slate/Fonts/Roboto-Regular.ttf' (155K)
[2023.02.10-12.19.33:432][  0]LogSlate: Took 0.001420 seconds to synchronously load lazily loaded font '../../../Engine/Content/Editor/Slate/Fonts/NanumGothic.ttf' (4243K)
[2023.02.10-12.19.33:434][  0]LogSlate: Took 0.001469 seconds to synchronously load lazily loaded font '../../../Engine/Content/Editor/Slate/Fonts/NanumGothicBold.ttf' (4188K)
[2023.02.10-12.19.33:434][  0]LogSlate: Took 0.000188 seconds to synchronously load lazily loaded font '../../../Engine/Content/Slate/Fonts/Roboto-Bold.ttf' (160K)
[2023.02.10-12.19.33:438][  0]LogSlate: Took 0.000213 seconds to synchronously load lazily loaded font '../../../Engine/Content/Editor/Slate/Fonts/FontAwesome.ttf' (139K)
[2023.02.10-12.19.33:438][  0]LogSlate: Took 0.000115 seconds to synchronously load lazily loaded font '../../../Engine/Content/Slate/Fonts/DroidSansMono.ttf' (77K)
[2023.02.10-12.19.33:470][  0]LogSlate: Took 0.001595 seconds to synchronously load lazily loaded font '../../../Engine/Content/Editor/Slate/Fonts/NanumGothicExtraBold.ttf' (4074K)
[2023.02.10-12.19.33:527][  0]LogRenderer: Reallocating scene render targets to support 1208x572 Format 10 NumSamples 1 (Frame:1).
[2023.02.10-12.19.33:631][  0]LogContentBrowser: Native class hierarchy updated for 'HierarchicalLODOutliner' in 0.0006 seconds. Added 0 classes and 0 folders.
[2023.02.10-12.19.33:632][  0]LogLoad: (Engine Initialization) Total time: 7.30 seconds
[2023.02.10-12.19.33:632][  0]LogLoad: (Engine Initialization) Total Blueprint compile time: 0.00 seconds
[2023.02.10-12.19.33:678][  0]LogAssetRegistry: Asset discovery search completed in 3.8247 seconds
[2023.02.10-12.19.33:680][  0]LogCollectionManager: Rebuilt the object cache for 0 collections in 0.000000 seconds (found 0 objects)
[2023.02.10-12.19.33:681][  0]LogCollectionManager: Fixed up redirectors for 0 collections in 0.000155 seconds (updated 0 objects)
[2023.02.10-12.19.33:685][  0]LogContentStreaming: Texture pool size now 1000 MB
[2023.02.10-12.19.40:709][ 21]LogSlate: FSceneViewport::OnFocusLost() reason 0
[2023.02.10-12.19.40:709][ 21]LogTemp: Repeating last play command: 선택된 뷰포트
[2023.02.10-12.19.40:716][ 21]LogBlueprintUserMessages: Early PlayInEditor Detection: Level '/Game/Book/Maps/Step2.Step2:PersistentLevel' has LevelScriptBlueprint '/Game/Book/Maps/Step2.Step2:PersistentLevel.Step2' with GeneratedClass '/Game/Book/Maps/Step2.Step2_C' with ClassGeneratedBy '/Game/Book/Maps/Step2.Step2:PersistentLevel.Step2'
[2023.02.10-12.19.40:716][ 21]LogPlayLevel: PlayLevel: No blueprints needed recompiling
[2023.02.10-12.19.40:717][ 21]PIE: New page: PIE 세션: Step2 (2023. 2. 11. 오전 6:19:40)
[2023.02.10-12.19.40:729][ 21]LogPlayLevel: Creating play world package: /Game/Book/Maps/UEDPIE_0_Step2
[2023.02.10-12.19.40:732][ 21]LogPlayLevel: PIE: StaticDuplicateObject took: (0.002394s)
[2023.02.10-12.19.40:732][ 21]LogAIModule: Creating AISystem for world Step2
[2023.02.10-12.19.40:733][ 21]LogPlayLevel: PIE: World Init took: (0.000844s)
[2023.02.10-12.19.40:733][ 21]LogPlayLevel: PIE: Created PIE world by copying editor world from /Game/Book/Maps/Step2.Step2 to /Game/Book/Maps/UEDPIE_0_Step2.Step2 (0.003755s)
[2023.02.10-12.19.40:755][ 21]LogUObjectHash: Compacting FUObjectHashTables data took   1.05ms
[2023.02.10-12.19.40:789][ 21]LogInit: XAudio2 using 'Headphones(High Definition Audio Device)' : 2 channels at 48 kHz using 16 bits per sample (channel mask 0x3)
[2023.02.10-12.19.40:808][ 21]LogInit: FAudioDevice initialized.
[2023.02.10-12.19.40:849][ 21]LogLoad: Game class is 'ABGameMode'
[2023.02.10-12.19.40:850][ 21]LogWorld: Bringing World /Game/Book/Maps/UEDPIE_0_Step2.Step2 up for play (max tick rate 0) at 2023.02.10-21.19.40
[2023.02.10-12.19.40:851][ 21]LogWorld: Bringing up level for play took: 0.001370
[2023.02.10-12.19.40:863][ 21]ArenaBattle: Warning: AABPlayerController::PostInitializeComponents(8)
[2023.02.10-12.19.40:863][ 21]ArenaBattle: Warning: AABGameMode::PostLogin(17) PostLogin Begin
[2023.02.10-12.19.40:867][ 21]LogContentBrowser: Native class hierarchy updated for 'MovieSceneCapture' in 0.0004 seconds. Added 20 classes and 0 folders.
[2023.02.10-12.19.40:867][ 21]ArenaBattle: Warning: AABPlayerController::OnPossess(13)
[2023.02.10-12.19.40:868][ 21]ArenaBattle: Warning: AABGameMode::PostLogin(19) PostLogin End
[2023.02.10-12.19.40:868][ 21]PIE: /Game/Book/Maps/UEDPIE_0_Step2 에 대한 에디터에서 플레이 시작 시간: 0.721
[2023.02.10-12.19.40:868][ 21]LogBlueprintUserMessages: Late PlayInEditor Detection: Level '/Game/Book/Maps/Step2.Step2:PersistentLevel' has LevelScriptBlueprint '/Game/Book/Maps/Step2.Step2:PersistentLevel.Step2' with GeneratedClass '/Game/Book/Maps/Step2.Step2_C' with ClassGeneratedBy '/Game/Book/Maps/Step2.Step2:PersistentLevel.Step2'
[2023.02.10-12.19.40:870][ 21]LogSlate: Warning: Legacy localized fallback font '../../../Engine/Content/Slate/Fonts/../../Editor/Slate/Fonts/NanumGothic.ttf' was requested. Font: '/Engine/EngineFonts/Faces/RobotoRegular.RobotoRegular', Character: '리 (U+b9ac)'
Legacy localized fallback fonts were deprecated in 4.22 and will be removed in a future version!
Please update your composite fonts to use localized sub-font families: https://docs.unrealengine.com/en-US/Engine/UMG/UserGuide/Fonts/Overview
[2023.02.10-12.19.40:872][ 21]LogSlate: Took 0.001710 seconds to synchronously load lazily loaded font '../../../Engine/Content/Slate/Fonts/../../Editor/Slate/Fonts/NanumGothic.ttf' (4243K)
[2023.02.10-12.19.43:712][219]LogWindows: Error: === Critical error: ===
[2023.02.10-12.19.43:712][219]LogWindows: Error: 
[2023.02.10-12.19.43:712][219]LogWindows: Error: Fatal error!
[2023.02.10-12.19.43:712][219]LogWindows: Error: 
[2023.02.10-12.19.43:712][219]LogWindows: Error: Unhandled Exception: EXCEPTION_ACCESS_VIOLATION reading address 0x00000000
[2023.02.10-12.19.43:712][219]LogWindows: Error: 
[2023.02.10-12.19.43:712][219]LogWindows: Error: [Callstack] 0x00007ff94a3879c8 UE4Editor-ArenaBattle.dll!AABCharacter::AttackCheck() [d:\git\arenabattle\arenabattle\source\arenabattle\abcharacter.cpp:316]
[2023.02.10-12.19.43:712][219]LogWindows: Error: [Callstack] 0x00007ff94a388104 UE4Editor-ArenaBattle.dll!TBaseUObjectMethodDelegateInstance<0,AABCharacter,void __cdecl(void)>::ExecuteIfSafe() [c:\program files\epic games\ue_4.22\engine\source\runtime\core\public\delegates\delegateinstancesimpl.h:679]
[2023.02.10-12.19.43:712][219]LogWindows: Error: [Callstack] 0x00007ff94a38335b UE4Editor-ArenaBattle.dll!TBaseMulticastDelegate<void>::Broadcast() [c:\program files\epic games\ue_4.22\engine\source\runtime\core\public\delegates\delegatesignatureimpl.inl:977]
[2023.02.10-12.19.43:712][219]LogWindows: Error: [Callstack] 0x00007ff96e6abac8 UE4Editor-CoreUObject.dll!UnknownFunction []
[2023.02.10-12.19.43:712][219]LogWindows: Error: [Callstack] 0x00007ff96e8bdf07 UE4Editor-CoreUObject.dll!UnknownFunction []
[2023.02.10-12.19.43:712][219]LogWindows: Error: [Callstack] 0x00007ff96743c331 UE4Editor-Engine.dll!UnknownFunction []
[2023.02.10-12.19.43:712][219]LogWindows: Error: [Callstack] 0x00007ff96745cf7d UE4Editor-Engine.dll!UnknownFunction []
[2023.02.10-12.19.43:712][219]LogWindows: Error: [Callstack] 0x00007ff967480831 UE4Editor-Engine.dll!UnknownFunction []
[2023.02.10-12.19.43:712][219]LogWindows: Error: [Callstack] 0x00007ff967456efa UE4Editor-Engine.dll!UnknownFunction []
[2023.02.10-12.19.43:712][219]LogWindows: Error: [Callstack] 0x00007ff967423ca6 UE4Editor-Engine.dll!UnknownFunction []
[2023.02.10-12.19.43:712][219]LogWindows: Error: [Callstack] 0x00007ff96743d649 UE4Editor-Engine.dll!UnknownFunction []
[2023.02.10-12.19.43:712][219]LogWindows: Error: [Callstack] 0x00007ff967760d12 UE4Editor-Engine.dll!UnknownFunction []
[2023.02.10-12.19.43:712][219]LogWindows: Error: [Callstack] 0x00007ff9677638b3 UE4Editor-Engine.dll!UnknownFunction []
[2023.02.10-12.19.43:712][219]LogWindows: Error: [Callstack] 0x00007ff967762fa6 UE4Editor-Engine.dll!UnknownFunction []
[2023.02.10-12.19.43:712][219]LogWindows: Error: [Callstack] 0x00007ff967762c35 UE4Editor-Engine.dll!UnknownFunction []
[2023.02.10-12.19.43:712][219]LogWindows: Error: [Callstack] 0x00007ff96764f3fa UE4Editor-Engine.dll!UnknownFunction []
[2023.02.10-12.19.43:712][219]LogWindows: Error: [Callstack] 0x00007ff967675464 UE4Editor-Engine.dll!UnknownFunction []
[2023.02.10-12.19.43:712][219]LogWindows: Error: [Callstack] 0x00007ff9682b72bc UE4Editor-Engine.dll!UnknownFunction []
[2023.02.10-12.19.43:712][219]LogWindows: Error: [Callstack] 0x00007ff96c9e22d8 UE4Editor-Core.dll!UnknownFunction []
[2023.02.10-12.19.43:712][219]LogWindows: Error: [Callstack] 0x00007ff96c9e2563 UE4Editor-Core.dll!UnknownFunction []
[2023.02.10-12.19.43:712][219]LogWindows: Error: [Callstack] 0x00007ff96c9f2309 UE4Editor-Core.dll!UnknownFunction []
[2023.02.10-12.19.43:712][219]LogWindows: Error: [Callstack] 0x00007ff9682ff9e3 UE4Editor-Engine.dll!UnknownFunction []
[2023.02.10-12.19.43:712][219]LogWindows: Error: [Callstack] 0x00007ff96830bd12 UE4Editor-Engine.dll!UnknownFunction []
[2023.02.10-12.19.43:712][219]LogWindows: Error: [Callstack] 0x00007ff967b2dc4f UE4Editor-Engine.dll!UnknownFunction []
[2023.02.10-12.19.43:712][219]LogWindows: Error: [Callstack] 0x00007ff967b37e28 UE4Editor-Engine.dll!UnknownFunction []
[2023.02.10-12.19.43:712][219]LogWindows: Error: [Callstack] 0x00007ff965e802f7 UE4Editor-UnrealEd.dll!UnknownFunction []
[2023.02.10-12.19.43:712][219]LogWindows: Error: [Callstack] 0x00007ff96669d396 UE4Editor-UnrealEd.dll!UnknownFunction []
[2023.02.10-12.19.43:712][219]LogWindows: Error: [Callstack] 0x00007ff7d9606bb1 UE4Editor.exe!UnknownFunction []
[2023.02.10-12.19.43:712][219]LogWindows: Error: [Callstack] 0x00007ff7d961554c UE4Editor.exe!UnknownFunction []
[2023.02.10-12.19.43:712][219]LogWindows: Error: [Callstack] 0x00007ff7d96155ca UE4Editor.exe!UnknownFunction []
[2023.02.10-12.19.43:712][219]LogWindows: Error: [Callstack] 0x00007ff7d962316c UE4Editor.exe!UnknownFunction []
[2023.02.10-12.19.43:712][219]LogWindows: Error: [Callstack] 0x00007ff7d9625b8e UE4Editor.exe!UnknownFunction []
[2023.02.10-12.19.43:712][219]LogWindows: Error: [Callstack] 0x00007ff9f3087614 KERNEL32.DLL!UnknownFunction []
[2023.02.10-12.19.43:712][219]LogWindows: Error: [Callstack] 0x00007ff9f3f226a1 ntdll.dll!UnknownFunction []
[2023.02.10-12.19.43:712][219]LogWindows: Error: 
[2023.02.10-12.19.43:721][219]LogExit: Executing StaticShutdownAfterError
[2023.02.10-12.19.43:724][219]LogWindows: FPlatformMisc::RequestExit(1)
[2023.02.10-12.19.43:743][219]Log file closed, 02/10/23 21:19:43
