Log file open, 02/09/23 15:39:31
LogWindows: Failed to load 'aqProf.dll' (GetLastError=126)
LogWindows: File 'aqProf.dll' does not exist
LogWindows: Failed to load 'VtuneApi.dll' (GetLastError=126)
LogWindows: File 'VtuneApi.dll' does not exist
LogWindows: Failed to load 'VtuneApi32e.dll' (GetLastError=126)
LogWindows: File 'VtuneApi32e.dll' does not exist
LogConsoleResponse: Display: Failed to find resolution value strings in scalability ini. Falling back to default.
LogInit: Display: Running engine for game: ArenaBattle
LogPakFile: Registered encryption key '00000000000000000000000000000000': 0 pak files mounted, 0 remain pending
LogPlatformFile: Not using cached read wrapper
LogTaskGraph: Started task graph with 5 named threads and 20 total threads with 3 sets of task threads.
LogStats: Stats thread started at 0.317195
LogD3D11RHI: Loaded GFSDK_Aftermath_Lib.x64.dll
LogICUInternationalization: ICU TimeZone Detection - Raw Offset: +9:00, Platform Override: ''
LogPluginManager: Mounting plugin Paper2D
LogPluginManager: Mounting plugin AISupport
LogPluginManager: Mounting plugin LightPropagationVolume
LogPluginManager: Mounting plugin ActorLayerUtilities
LogPluginManager: Mounting plugin AnimationSharing
LogPluginManager: Mounting plugin CLionSourceCodeAccess
LogPluginManager: Mounting plugin CodeLiteSourceCodeAccess
LogPluginManager: Mounting plugin GitSourceControl
LogPluginManager: Mounting plugin KDevelopSourceCodeAccess
LogPluginManager: Mounting plugin NullSourceCodeAccess
LogPluginManager: Mounting plugin PerforceSourceControl
LogPluginManager: Mounting plugin SubversionSourceControl
LogPluginManager: Mounting plugin UObjectPlugin
LogPluginManager: Mounting plugin VisualStudioCodeSourceCodeAccess
LogPluginManager: Mounting plugin VisualStudioSourceCodeAccess
LogPluginManager: Mounting plugin XCodeSourceCodeAccess
LogPluginManager: Mounting plugin AssetManagerEditor
LogPluginManager: Mounting plugin CryptoKeys
LogPluginManager: Mounting plugin DataValidation
LogPluginManager: Mounting plugin FacialAnimation
LogPluginManager: Mounting plugin GameplayTagsEditor
LogPluginManager: Mounting plugin MacGraphicsSwitching
LogPluginManager: Mounting plugin MaterialAnalyzer
LogPluginManager: Mounting plugin MobileLauncherProfileWizard
LogPluginManager: Mounting plugin PluginBrowser
LogPluginManager: Mounting plugin SpeedTreeImporter
LogPluginManager: Mounting plugin DatasmithContent
LogPluginManager: Mounting plugin VariantManagerContent
LogPluginManager: Mounting plugin AlembicImporter
LogPluginManager: Mounting plugin AppleImageUtils
LogPluginManager: Mounting plugin AppleVision
LogPluginManager: Mounting plugin BackChannel
LogPluginManager: Mounting plugin CharacterAI
LogPluginManager: Mounting plugin GeometryCache
LogPluginManager: Mounting plugin HTML5Networking
LogPluginManager: Mounting plugin ProxyLODPlugin
LogPluginManager: Mounting plugin SkeletalReduction
LogPluginManager: Mounting plugin MagicLeap
LogPluginManager: Mounting plugin MagicLeapMedia
LogPluginManager: Mounting plugin AndroidMedia
LogPluginManager: Mounting plugin AvfMedia
LogPluginManager: Mounting plugin ImgMedia
LogPluginManager: Mounting plugin LinearTimecode
LogPluginManager: Mounting plugin MediaCompositing
LogPluginManager: Mounting plugin MediaPlayerEditor
LogPluginManager: Mounting plugin WebMMedia
LogPluginManager: Mounting plugin WmfMedia
LogPluginManager: Mounting plugin TcpMessaging
LogPluginManager: Mounting plugin UdpMessaging
LogPluginManager: Mounting plugin ActorSequence
LogPluginManager: Mounting plugin LevelSequenceEditor
LogPluginManager: Mounting plugin MatineeToLevelSequence
LogPluginManager: Mounting plugin NetcodeUnitTest
LogPluginManager: Mounting plugin NUTUnrealEngine4
LogPluginManager: Mounting plugin OnlineSubsystemGooglePlay
LogPluginManager: Mounting plugin OnlineSubsystemIOS
LogPluginManager: Mounting plugin OnlineSubsystem
LogPluginManager: Mounting plugin OnlineSubsystemNull
LogPluginManager: Mounting plugin OnlineSubsystemUtils
LogPluginManager: Mounting plugin LauncherChunkInstaller
LogPluginManager: Mounting plugin AndroidDeviceProfileSelector
LogPluginManager: Mounting plugin AndroidMoviePlayer
LogPluginManager: Mounting plugin AndroidPermission
LogPluginManager: Mounting plugin AppleMoviePlayer
LogPluginManager: Mounting plugin ArchVisCharacter
LogPluginManager: Mounting plugin AudioCapture
LogPluginManager: Mounting plugin CableComponent
LogPluginManager: Mounting plugin CustomMeshComponent
LogPluginManager: Mounting plugin EditableMesh
LogPluginManager: Mounting plugin ExampleDeviceProfileSelector
LogPluginManager: Mounting plugin Firebase
LogPluginManager: Mounting plugin GoogleCloudMessaging
LogPluginManager: Mounting plugin IOSDeviceProfileSelector
LogPluginManager: Mounting plugin LinuxDeviceProfileSelector
LogPluginManager: Mounting plugin LocationServicesBPLibrary
LogPluginManager: Mounting plugin MobilePatchingUtils
LogPluginManager: Mounting plugin OculusVR
LogPluginManager: Mounting plugin PhysXVehicles
LogPluginManager: Mounting plugin ProceduralMeshComponent
LogPluginManager: Mounting plugin RuntimePhysXCooking
LogPluginManager: Mounting plugin SignificanceManager
LogPluginManager: Mounting plugin SteamVR
LogPluginManager: Mounting plugin WebMMoviePlayer
LogPluginManager: Mounting plugin WindowsMoviePlayer
LogInit: Using libcurl 7.55.1-DEV
LogInit:  - built for x86_64-pc-win32
LogInit:  - supports SSL with OpenSSL/1.1.1
LogInit:  - supports HTTP deflate (compression) using libz 1.2.8
LogInit:  - other features:
LogInit:      CURL_VERSION_SSL
LogInit:      CURL_VERSION_LIBZ
LogInit:      CURL_VERSION_IPV6
LogInit:      CURL_VERSION_ASYNCHDNS
LogInit:      CURL_VERSION_LARGEFILE
LogInit:      CURL_VERSION_IDN
LogInit:  CurlRequestOptions (configurable via config and command line):
LogInit:  - bVerifyPeer = true  - Libcurl will verify peer certificate
LogInit:  - bUseHttpProxy = false  - Libcurl will NOT use HTTP proxy
LogInit:  - bDontReuseConnections = false  - Libcurl will reuse connections
LogInit:  - MaxHostConnections = 16  - Libcurl will limit the number of connections to a host
LogInit:  - LocalHostAddr = Default
LogInit:  - BufferSize = 65536
LogInit: WinSock: version 1.1 (2.2), MaxSocks=32767, MaxUdp=65467
LogInit: Build: ++UE4+Release-4.22-CL-7053642
LogInit: Engine Version: 4.22.3-7053642+++UE4+Release-4.22
LogInit: Compatible Engine Version: 4.22.0-5660361+++UE4+Release-4.22
LogInit: Net CL: 5660361
LogInit: OS: Windows 10 (Release 2009) (), CPU: AMD Ryzen 5 3500X 6-Core Processor             , GPU: NVIDIA GeForce GTX 1660 SUPER
LogInit: Compiled (64-bit): Jun 18 2019 03:09:11
LogInit: Compiled with Visual C++: 19.16.27025.01
LogInit: Build Configuration: Development
LogInit: Branch Name: ++UE4+Release-4.22
LogInit: Command Line:  -skipcompile
LogInit: Base Directory: C:/Program Files/Epic Games/UE_4.22/Engine/Binaries/Win64/
LogInit: Installed Engine Build: 1
LogDevObjectVersion: Number of dev versions registered: 23
LogDevObjectVersion:   Dev-Blueprints (B0D832E4-1F89-4F0D-ACCF-7EB736FD4AA2): 10
LogDevObjectVersion:   Dev-Build (E1C64328-A22C-4D53-A36C-8E866417BD8C): 0
LogDevObjectVersion:   Dev-Core (375EC13C-06E4-48FB-B500-84F0262A717E): 3
LogDevObjectVersion:   Dev-Editor (E4B068ED-F494-42E9-A231-DA0B2E46BB41): 30
LogDevObjectVersion:   Dev-Framework (CFFC743F-43B0-4480-9391-14DF171D2073): 35
LogDevObjectVersion:   Dev-Mobile (B02B49B5-BB20-44E9-A304-32B752E40360): 2
LogDevObjectVersion:   Dev-Networking (A4E4105C-59A1-49B5-A7C5-40C4547EDFEE): 0
LogDevObjectVersion:   Dev-Online (39C831C9-5AE6-47DC-9A44-9C173E1C8E7C): 0
LogDevObjectVersion:   Dev-Physics (78F01B33-EBEA-4F98-B9B4-84EACCB95AA2): 0
LogDevObjectVersion:   Dev-Platform (6631380F-2D4D-43E0-8009-CF276956A95A): 0
LogDevObjectVersion:   Dev-Rendering (12F88B9F-8875-4AFC-A67C-D90C383ABD29): 28
LogDevObjectVersion:   Dev-Sequencer (7B5AE74C-D270-4C10-A958-57980B212A5A): 11
LogDevObjectVersion:   Dev-VR (D7296918-1DD6-4BDD-9DE2-64A83CC13884): 2
LogDevObjectVersion:   Dev-LoadTimes (C2A15278-BFE7-4AFE-6C17-90FF531DF755): 1
LogDevObjectVersion:   Private-Geometry (6EACA3D4-40EC-4CC1-B786-8BED09428FC5): 3
LogDevObjectVersion:   Dev-AnimPhys (29E575DD-E0A3-4627-9D10-D276232CDCEA): 17
LogDevObjectVersion:   Dev-Anim (AF43A65D-7FD3-4947-9873-3E8ED9C1BB05): 2
LogDevObjectVersion:   Dev-ReflectionCapture (6B266CEC-1EC7-4B8F-A30B-E4D90942FC07): 1
LogDevObjectVersion:   Dev-Automation (0DF73D61-A23F-47EA-B727-89E90C41499A): 1
LogDevObjectVersion:   FortniteMain (601D1886-AC64-4F84-AA16-D3DE0DEAC7D6): 25
LogDevObjectVersion:   Dev-Enterprise (9DFFBCD6-494F-0158-E221-12823C92A888): 6
LogDevObjectVersion:   Dev-Niagara (F2AED0AC-9AFE-416F-8664-AA7FFA26D6FC): 1
LogDevObjectVersion:   Dev-Destruction (174F1F0B-B4C6-45A5-B13F-2EE8D0FB917D): 2
LogInit: Presizing for max 16777216 objects, including 0 objects not considered by GC, pre-allocating 0 bytes for permanent pool.
LogInit: Object subsystem initialized
LogConfig: Setting CVar [[con.DebugEarlyDefault:1]]
LogConfig: Setting CVar [[r.setres:1280x720]]
[2023.02.09-06.39.31:925][  0]LogConfig: Setting CVar [[r.VSync:0]]
[2023.02.09-06.39.31:925][  0]LogConfig: Setting CVar [[r.RHICmdBypass:0]]
[2023.02.09-06.39.31:925][  0]LogConfig: Applying CVar settings from Section [/Script/Engine.RendererSettings] File [D:/git/ArenaBattle/ArenaBattle/Saved/Config/Windows/Engine.ini]
[2023.02.09-06.39.31:925][  0]LogConfig: Setting CVar [[r.GPUCrashDebugging:0]]
[2023.02.09-06.39.31:925][  0]LogConfig: Applying CVar settings from Section [/Script/Engine.RendererOverrideSettings] File [D:/git/ArenaBattle/ArenaBattle/Saved/Config/Windows/Engine.ini]
[2023.02.09-06.39.31:925][  0]LogConfig: Applying CVar settings from Section [/Script/Engine.StreamingSettings] File [D:/git/ArenaBattle/ArenaBattle/Saved/Config/Windows/Engine.ini]
[2023.02.09-06.39.31:925][  0]LogConfig: Setting CVar [[s.MinBulkDataSizeForAsyncLoading:131072]]
[2023.02.09-06.39.31:925][  0]LogConfig: Setting CVar [[s.AsyncLoadingThreadEnabled:0]]
[2023.02.09-06.39.31:925][  0]LogConfig: Setting CVar [[s.EventDrivenLoaderEnabled:1]]
[2023.02.09-06.39.31:925][  0]LogConfig: Setting CVar [[s.WarnIfTimeLimitExceeded:0]]
[2023.02.09-06.39.31:925][  0]LogConfig: Setting CVar [[s.TimeLimitExceededMultiplier:1.5]]
[2023.02.09-06.39.31:925][  0]LogConfig: Setting CVar [[s.TimeLimitExceededMinTime:0.005]]
[2023.02.09-06.39.31:925][  0]LogConfig: Setting CVar [[s.UseBackgroundLevelStreaming:1]]
[2023.02.09-06.39.31:925][  0]LogConfig: Setting CVar [[s.PriorityAsyncLoadingExtraTime:15.0]]
[2023.02.09-06.39.31:925][  0]LogConfig: Setting CVar [[s.LevelStreamingActorsUpdateTimeLimit:5.0]]
[2023.02.09-06.39.31:925][  0]LogConfig: Setting CVar [[s.PriorityLevelStreamingActorsUpdateExtraTime:5.0]]
[2023.02.09-06.39.31:925][  0]LogConfig: Setting CVar [[s.LevelStreamingComponentsRegistrationGranularity:10]]
[2023.02.09-06.39.31:925][  0]LogConfig: Setting CVar [[s.UnregisterComponentsTimeLimit:1.0]]
[2023.02.09-06.39.31:925][  0]LogConfig: Setting CVar [[s.LevelStreamingComponentsUnregistrationGranularity:5]]
[2023.02.09-06.39.31:925][  0]LogConfig: Applying CVar settings from Section [/Script/Engine.GarbageCollectionSettings] File [D:/git/ArenaBattle/ArenaBattle/Saved/Config/Windows/Engine.ini]
[2023.02.09-06.39.31:925][  0]LogConfig: Setting CVar [[gc.MaxObjectsNotConsideredByGC:1]]
[2023.02.09-06.39.31:925][  0]LogConfig: Setting CVar [[gc.SizeOfPermanentObjectPool:0]]
[2023.02.09-06.39.31:925][  0]LogConfig: Setting CVar [[gc.FlushStreamingOnGC:0]]
[2023.02.09-06.39.31:925][  0]LogConfig: Setting CVar [[gc.NumRetriesBeforeForcingGC:10]]
[2023.02.09-06.39.31:925][  0]LogConfig: Setting CVar [[gc.AllowParallelGC:1]]
[2023.02.09-06.39.31:925][  0]LogConfig: Setting CVar [[gc.TimeBetweenPurgingPendingKillObjects:61.1]]
[2023.02.09-06.39.31:925][  0]LogConfig: Setting CVar [[gc.MaxObjectsInEditor:16777216]]
[2023.02.09-06.39.31:925][  0]LogConfig: Setting CVar [[gc.IncrementalBeginDestroyEnabled:1]]
[2023.02.09-06.39.31:925][  0]LogConfig: Setting CVar [[gc.CreateGCClusters:1]]
[2023.02.09-06.39.31:925][  0]LogConfig: Setting CVar [[gc.MinGCClusterSize:5]]
[2023.02.09-06.39.31:925][  0]LogConfig: Setting CVar [[gc.ActorClusteringEnabled:0]]
[2023.02.09-06.39.31:925][  0]LogConfig: Setting CVar [[gc.BlueprintClusteringEnabled:0]]
[2023.02.09-06.39.31:925][  0]LogConfig: Setting CVar [[gc.UseDisregardForGCOnDedicatedServers:0]]
[2023.02.09-06.39.31:925][  0]LogConfig: Applying CVar settings from Section [/Script/Engine.NetworkSettings] File [D:/git/ArenaBattle/ArenaBattle/Saved/Config/Windows/Engine.ini]
[2023.02.09-06.39.31:925][  0]LogConfig: Applying CVar settings from Section [/Script/UnrealEd.CookerSettings] File [D:/git/ArenaBattle/ArenaBattle/Saved/Config/Windows/Engine.ini]
[2023.02.09-06.39.31:930][  0]LogConfig: Applying CVar settings from Section [ViewDistanceQuality@3] File [D:/git/ArenaBattle/ArenaBattle/Saved/Config/Windows/Scalability.ini]
[2023.02.09-06.39.31:930][  0]LogConfig: Setting CVar [[r.SkeletalMeshLODBias:0]]
[2023.02.09-06.39.31:930][  0]LogConfig: Setting CVar [[r.ViewDistanceScale:1.0]]
[2023.02.09-06.39.31:930][  0]LogConfig: Applying CVar settings from Section [AntiAliasingQuality@3] File [D:/git/ArenaBattle/ArenaBattle/Saved/Config/Windows/Scalability.ini]
[2023.02.09-06.39.31:930][  0]LogConfig: Setting CVar [[r.PostProcessAAQuality:4]]
[2023.02.09-06.39.31:930][  0]LogConfig: Applying CVar settings from Section [ShadowQuality@3] File [D:/git/ArenaBattle/ArenaBattle/Saved/Config/Windows/Scalability.ini]
[2023.02.09-06.39.31:930][  0]LogConfig: Setting CVar [[r.LightFunctionQuality:1]]
[2023.02.09-06.39.31:930][  0]LogConfig: Setting CVar [[r.ShadowQuality:5]]
[2023.02.09-06.39.31:930][  0]LogConfig: Setting CVar [[r.Shadow.CSM.MaxCascades:10]]
[2023.02.09-06.39.31:930][  0]LogConfig: Setting CVar [[r.Shadow.MaxResolution:2048]]
[2023.02.09-06.39.31:930][  0]LogConfig: Setting CVar [[r.Shadow.MaxCSMResolution:2048]]
[2023.02.09-06.39.31:930][  0]LogConfig: Setting CVar [[r.Shadow.RadiusThreshold:0.01]]
[2023.02.09-06.39.31:930][  0]LogConfig: Setting CVar [[r.Shadow.DistanceScale:1.0]]
[2023.02.09-06.39.31:930][  0]LogConfig: Setting CVar [[r.Shadow.CSM.TransitionScale:1.0]]
[2023.02.09-06.39.31:930][  0]LogConfig: Setting CVar [[r.Shadow.PreShadowResolutionFactor:1.0]]
[2023.02.09-06.39.31:930][  0]LogConfig: Setting CVar [[r.DistanceFieldShadowing:1]]
[2023.02.09-06.39.31:930][  0]LogConfig: Setting CVar [[r.DistanceFieldAO:1]]
[2023.02.09-06.39.31:930][  0]LogConfig: Setting CVar [[r.AOQuality:2]]
[2023.02.09-06.39.31:930][  0]LogConfig: Setting CVar [[r.VolumetricFog:1]]
[2023.02.09-06.39.31:930][  0]LogConfig: Setting CVar [[r.VolumetricFog.GridPixelSize:8]]
[2023.02.09-06.39.31:930][  0]LogConfig: Setting CVar [[r.VolumetricFog.GridSizeZ:128]]
[2023.02.09-06.39.31:930][  0]LogConfig: Setting CVar [[r.VolumetricFog.HistoryMissSupersampleCount:4]]
[2023.02.09-06.39.31:930][  0]LogConfig: Setting CVar [[r.LightMaxDrawDistanceScale:1]]
[2023.02.09-06.39.31:930][  0]LogConfig: Setting CVar [[r.CapsuleShadows:1]]
[2023.02.09-06.39.31:930][  0]LogConfig: Applying CVar settings from Section [PostProcessQuality@3] File [D:/git/ArenaBattle/ArenaBattle/Saved/Config/Windows/Scalability.ini]
[2023.02.09-06.39.31:930][  0]LogConfig: Setting CVar [[r.MotionBlurQuality:4]]
[2023.02.09-06.39.31:930][  0]LogConfig: Setting CVar [[r.AmbientOcclusionMipLevelFactor:0.4]]
[2023.02.09-06.39.31:930][  0]LogConfig: Setting CVar [[r.AmbientOcclusionMaxQuality:100]]
[2023.02.09-06.39.31:930][  0]LogConfig: Setting CVar [[r.AmbientOcclusionLevels:-1]]
[2023.02.09-06.39.31:930][  0]LogConfig: Setting CVar [[r.AmbientOcclusionRadiusScale:1.0]]
[2023.02.09-06.39.31:930][  0]LogConfig: Setting CVar [[r.DepthOfFieldQuality:2]]
[2023.02.09-06.39.31:930][  0]LogConfig: Setting CVar [[r.RenderTargetPoolMin:400]]
[2023.02.09-06.39.31:930][  0]LogConfig: Setting CVar [[r.LensFlareQuality:2]]
[2023.02.09-06.39.31:930][  0]LogConfig: Setting CVar [[r.SceneColorFringeQuality:1]]
[2023.02.09-06.39.31:930][  0]LogConfig: Setting CVar [[r.EyeAdaptationQuality:2]]
[2023.02.09-06.39.31:930][  0]LogConfig: Setting CVar [[r.BloomQuality:5]]
[2023.02.09-06.39.31:930][  0]LogConfig: Setting CVar [[r.FastBlurThreshold:100]]
[2023.02.09-06.39.31:930][  0]LogConfig: Setting CVar [[r.Upscale.Quality:3]]
[2023.02.09-06.39.31:930][  0]LogConfig: Setting CVar [[r.Tonemapper.GrainQuantization:1]]
[2023.02.09-06.39.31:930][  0]LogConfig: Setting CVar [[r.LightShaftQuality:1]]
[2023.02.09-06.39.31:930][  0]LogConfig: Setting CVar [[r.Filter.SizeScale:1]]
[2023.02.09-06.39.31:930][  0]LogConfig: Setting CVar [[r.Tonemapper.Quality:5]]
[2023.02.09-06.39.31:930][  0]LogConfig: Setting CVar [[r.DOF.Gather.AccumulatorQuality:1        ; higher gathering accumulator quality]]
[2023.02.09-06.39.31:930][  0]LogConfig: Setting CVar [[r.DOF.Gather.PostfilterMethod:1          ; Median3x3 postfilering method]]
[2023.02.09-06.39.31:930][  0]LogConfig: Setting CVar [[r.DOF.Gather.EnableBokehSettings:0       ; no bokeh simulation when gathering]]
[2023.02.09-06.39.31:930][  0]LogConfig: Setting CVar [[r.DOF.Gather.RingCount:4                 ; medium number of samples when gathering]]
[2023.02.09-06.39.31:930][  0]LogConfig: Setting CVar [[r.DOF.Scatter.ForegroundCompositing:1    ; additive foreground scattering]]
[2023.02.09-06.39.31:930][  0]LogConfig: Setting CVar [[r.DOF.Scatter.BackgroundCompositing:2    ; additive background scattering]]
[2023.02.09-06.39.31:930][  0]LogConfig: Setting CVar [[r.DOF.Scatter.EnableBokehSettings:1      ; bokeh simulation when scattering]]
[2023.02.09-06.39.31:930][  0]LogConfig: Setting CVar [[r.DOF.Scatter.MaxSpriteRatio:0.1         ; only a maximum of 10% of scattered bokeh]]
[2023.02.09-06.39.31:930][  0]LogConfig: Setting CVar [[r.DOF.Recombine.Quality:1                ; cheap slight out of focus]]
[2023.02.09-06.39.31:930][  0]LogConfig: Setting CVar [[r.DOF.Recombine.EnableBokehSettings:0    ; no bokeh simulation on slight out of focus]]
[2023.02.09-06.39.31:930][  0]LogConfig: Setting CVar [[r.DOF.TemporalAAQuality:1                ; more stable temporal accumulation]]
[2023.02.09-06.39.31:930][  0]LogConfig: Setting CVar [[r.DOF.Kernel.MaxForegroundRadius:0.025]]
[2023.02.09-06.39.31:930][  0]LogConfig: Setting CVar [[r.DOF.Kernel.MaxBackgroundRadius:0.025]]
[2023.02.09-06.39.31:930][  0]LogConfig: Applying CVar settings from Section [TextureQuality@3] File [D:/git/ArenaBattle/ArenaBattle/Saved/Config/Windows/Scalability.ini]
[2023.02.09-06.39.31:930][  0]LogConfig: Setting CVar [[r.Streaming.MipBias:0]]
[2023.02.09-06.39.31:930][  0]LogConfig: Setting CVar [[r.Streaming.AmortizeCPUToGPUCopy:0]]
[2023.02.09-06.39.31:930][  0]LogConfig: Setting CVar [[r.Streaming.MaxNumTexturesToStreamPerFrame:0]]
[2023.02.09-06.39.31:930][  0]LogConfig: Setting CVar [[r.Streaming.Boost:1]]
[2023.02.09-06.39.31:930][  0]LogConfig: Setting CVar [[r.MaxAnisotropy:8]]
[2023.02.09-06.39.31:930][  0]LogConfig: Setting CVar [[r.Streaming.LimitPoolSizeToVRAM:0]]
[2023.02.09-06.39.31:930][  0]LogConfig: Setting CVar [[r.Streaming.PoolSize:1000]]
[2023.02.09-06.39.31:930][  0]LogConfig: Setting CVar [[r.Streaming.MaxEffectiveScreenSize:0]]
[2023.02.09-06.39.31:930][  0]LogConfig: Applying CVar settings from Section [EffectsQuality@3] File [D:/git/ArenaBattle/ArenaBattle/Saved/Config/Windows/Scalability.ini]
[2023.02.09-06.39.31:930][  0]LogConfig: Setting CVar [[r.TranslucencyLightingVolumeDim:64]]
[2023.02.09-06.39.31:930][  0]LogConfig: Setting CVar [[r.RefractionQuality:2]]
[2023.02.09-06.39.31:930][  0]LogConfig: Setting CVar [[r.SSR.Quality:3]]
[2023.02.09-06.39.31:930][  0]LogConfig: Setting CVar [[r.SceneColorFormat:4]]
[2023.02.09-06.39.31:930][  0]LogConfig: Setting CVar [[r.DetailMode:2]]
[2023.02.09-06.39.31:930][  0]LogConfig: Setting CVar [[r.TranslucencyVolumeBlur:1]]
[2023.02.09-06.39.31:930][  0]LogConfig: Setting CVar [[r.MaterialQualityLevel:1 ; High quality]]
[2023.02.09-06.39.31:930][  0]LogConfig: Setting CVar [[r.SSS.Scale:1]]
[2023.02.09-06.39.31:930][  0]LogConfig: Setting CVar [[r.SSS.SampleSet:2]]
[2023.02.09-06.39.31:930][  0]LogConfig: Setting CVar [[r.SSS.Quality:1]]
[2023.02.09-06.39.31:930][  0]LogConfig: Setting CVar [[r.SSS.HalfRes:1]]
[2023.02.09-06.39.31:930][  0]LogConfig: Setting CVar [[r.EmitterSpawnRateScale:1.0]]
[2023.02.09-06.39.31:930][  0]LogConfig: Setting CVar [[r.ParticleLightQuality:2]]
[2023.02.09-06.39.31:931][  0]LogConfig: Applying CVar settings from Section [FoliageQuality@3] File [D:/git/ArenaBattle/ArenaBattle/Saved/Config/Windows/Scalability.ini]
[2023.02.09-06.39.31:931][  0]LogConfig: Setting CVar [[foliage.DensityScale:1.0]]
[2023.02.09-06.39.31:931][  0]LogConfig: Setting CVar [[grass.DensityScale:1.0]]
[2023.02.09-06.39.31:931][  0]LogInit: Selected Device Profile: [Windows]
[2023.02.09-06.39.31:931][  0]LogInit: Applying CVar settings loaded from the selected device profile: [Windows]
[2023.02.09-06.39.31:939][  0]LogHAL: Display: Platform has ~ 16 GB [17126916096 / 17179869184 / 16], which maps to Larger [LargestMinGB=32, LargerMinGB=12, DefaultMinGB=8, SmallerMinGB=6, SmallestMinGB=0)
[2023.02.09-06.39.31:939][  0]LogConfig: Setting CVar [[r.Vulkan.UseRealUBs:0		; Required until we fix HLR fall-out]]
[2023.02.09-06.39.31:939][  0]LogInit: Going up to parent DeviceProfile []
[2023.02.09-06.39.31:939][  0]LogConfig: Applying CVar settings from Section [ViewDistanceQuality@3] File [D:/git/ArenaBattle/ArenaBattle/Saved/Config/Windows/Scalability.ini]
[2023.02.09-06.39.31:939][  0]LogConfig: Setting CVar [[r.SkeletalMeshLODBias:0]]
[2023.02.09-06.39.31:939][  0]LogConfig: Setting CVar [[r.ViewDistanceScale:1.0]]
[2023.02.09-06.39.31:939][  0]LogConfig: Applying CVar settings from Section [AntiAliasingQuality@3] File [D:/git/ArenaBattle/ArenaBattle/Saved/Config/Windows/Scalability.ini]
[2023.02.09-06.39.31:939][  0]LogConfig: Setting CVar [[r.PostProcessAAQuality:4]]
[2023.02.09-06.39.31:939][  0]LogConfig: Applying CVar settings from Section [ShadowQuality@3] File [D:/git/ArenaBattle/ArenaBattle/Saved/Config/Windows/Scalability.ini]
[2023.02.09-06.39.31:939][  0]LogConfig: Setting CVar [[r.LightFunctionQuality:1]]
[2023.02.09-06.39.31:939][  0]LogConfig: Setting CVar [[r.ShadowQuality:5]]
[2023.02.09-06.39.31:939][  0]LogConfig: Setting CVar [[r.Shadow.CSM.MaxCascades:10]]
[2023.02.09-06.39.31:939][  0]LogConfig: Setting CVar [[r.Shadow.MaxResolution:2048]]
[2023.02.09-06.39.31:939][  0]LogConfig: Setting CVar [[r.Shadow.MaxCSMResolution:2048]]
[2023.02.09-06.39.31:939][  0]LogConfig: Setting CVar [[r.Shadow.RadiusThreshold:0.01]]
[2023.02.09-06.39.31:939][  0]LogConfig: Setting CVar [[r.Shadow.DistanceScale:1.0]]
[2023.02.09-06.39.31:939][  0]LogConfig: Setting CVar [[r.Shadow.CSM.TransitionScale:1.0]]
[2023.02.09-06.39.31:939][  0]LogConfig: Setting CVar [[r.Shadow.PreShadowResolutionFactor:1.0]]
[2023.02.09-06.39.31:939][  0]LogConfig: Setting CVar [[r.DistanceFieldShadowing:1]]
[2023.02.09-06.39.31:939][  0]LogConfig: Setting CVar [[r.DistanceFieldAO:1]]
[2023.02.09-06.39.31:939][  0]LogConfig: Setting CVar [[r.AOQuality:2]]
[2023.02.09-06.39.31:939][  0]LogConfig: Setting CVar [[r.VolumetricFog:1]]
[2023.02.09-06.39.31:939][  0]LogConfig: Setting CVar [[r.VolumetricFog.GridPixelSize:8]]
[2023.02.09-06.39.31:939][  0]LogConfig: Setting CVar [[r.VolumetricFog.GridSizeZ:128]]
[2023.02.09-06.39.31:939][  0]LogConfig: Setting CVar [[r.VolumetricFog.HistoryMissSupersampleCount:4]]
[2023.02.09-06.39.31:939][  0]LogConfig: Setting CVar [[r.LightMaxDrawDistanceScale:1]]
[2023.02.09-06.39.31:939][  0]LogConfig: Setting CVar [[r.CapsuleShadows:1]]
[2023.02.09-06.39.31:939][  0]LogConfig: Applying CVar settings from Section [PostProcessQuality@3] File [D:/git/ArenaBattle/ArenaBattle/Saved/Config/Windows/Scalability.ini]
[2023.02.09-06.39.31:939][  0]LogConfig: Setting CVar [[r.MotionBlurQuality:4]]
[2023.02.09-06.39.31:939][  0]LogConfig: Setting CVar [[r.AmbientOcclusionMipLevelFactor:0.4]]
[2023.02.09-06.39.31:939][  0]LogConfig: Setting CVar [[r.AmbientOcclusionMaxQuality:100]]
[2023.02.09-06.39.31:939][  0]LogConfig: Setting CVar [[r.AmbientOcclusionLevels:-1]]
[2023.02.09-06.39.31:939][  0]LogConfig: Setting CVar [[r.AmbientOcclusionRadiusScale:1.0]]
[2023.02.09-06.39.31:939][  0]LogConfig: Setting CVar [[r.DepthOfFieldQuality:2]]
[2023.02.09-06.39.31:939][  0]LogConfig: Setting CVar [[r.RenderTargetPoolMin:400]]
[2023.02.09-06.39.31:939][  0]LogConfig: Setting CVar [[r.LensFlareQuality:2]]
[2023.02.09-06.39.31:939][  0]LogConfig: Setting CVar [[r.SceneColorFringeQuality:1]]
[2023.02.09-06.39.31:939][  0]LogConfig: Setting CVar [[r.EyeAdaptationQuality:2]]
[2023.02.09-06.39.31:939][  0]LogConfig: Setting CVar [[r.BloomQuality:5]]
[2023.02.09-06.39.31:939][  0]LogConfig: Setting CVar [[r.FastBlurThreshold:100]]
[2023.02.09-06.39.31:939][  0]LogConfig: Setting CVar [[r.Upscale.Quality:3]]
[2023.02.09-06.39.31:939][  0]LogConfig: Setting CVar [[r.Tonemapper.GrainQuantization:1]]
[2023.02.09-06.39.31:939][  0]LogConfig: Setting CVar [[r.LightShaftQuality:1]]
[2023.02.09-06.39.31:939][  0]LogConfig: Setting CVar [[r.Filter.SizeScale:1]]
[2023.02.09-06.39.31:939][  0]LogConfig: Setting CVar [[r.Tonemapper.Quality:5]]
[2023.02.09-06.39.31:939][  0]LogConfig: Setting CVar [[r.DOF.Gather.AccumulatorQuality:1        ; higher gathering accumulator quality]]
[2023.02.09-06.39.31:939][  0]LogConfig: Setting CVar [[r.DOF.Gather.PostfilterMethod:1          ; Median3x3 postfilering method]]
[2023.02.09-06.39.31:939][  0]LogConfig: Setting CVar [[r.DOF.Gather.EnableBokehSettings:0       ; no bokeh simulation when gathering]]
[2023.02.09-06.39.31:939][  0]LogConfig: Setting CVar [[r.DOF.Gather.RingCount:4                 ; medium number of samples when gathering]]
[2023.02.09-06.39.31:939][  0]LogConfig: Setting CVar [[r.DOF.Scatter.ForegroundCompositing:1    ; additive foreground scattering]]
[2023.02.09-06.39.31:939][  0]LogConfig: Setting CVar [[r.DOF.Scatter.BackgroundCompositing:2    ; additive background scattering]]
[2023.02.09-06.39.31:939][  0]LogConfig: Setting CVar [[r.DOF.Scatter.EnableBokehSettings:1      ; bokeh simulation when scattering]]
[2023.02.09-06.39.31:939][  0]LogConfig: Setting CVar [[r.DOF.Scatter.MaxSpriteRatio:0.1         ; only a maximum of 10% of scattered bokeh]]
[2023.02.09-06.39.31:939][  0]LogConfig: Setting CVar [[r.DOF.Recombine.Quality:1                ; cheap slight out of focus]]
[2023.02.09-06.39.31:939][  0]LogConfig: Setting CVar [[r.DOF.Recombine.EnableBokehSettings:0    ; no bokeh simulation on slight out of focus]]
[2023.02.09-06.39.31:939][  0]LogConfig: Setting CVar [[r.DOF.TemporalAAQuality:1                ; more stable temporal accumulation]]
[2023.02.09-06.39.31:939][  0]LogConfig: Setting CVar [[r.DOF.Kernel.MaxForegroundRadius:0.025]]
[2023.02.09-06.39.31:939][  0]LogConfig: Setting CVar [[r.DOF.Kernel.MaxBackgroundRadius:0.025]]
[2023.02.09-06.39.31:939][  0]LogConfig: Applying CVar settings from Section [TextureQuality@3] File [D:/git/ArenaBattle/ArenaBattle/Saved/Config/Windows/Scalability.ini]
[2023.02.09-06.39.31:939][  0]LogConfig: Setting CVar [[r.Streaming.MipBias:0]]
[2023.02.09-06.39.31:940][  0]LogConfig: Setting CVar [[r.Streaming.AmortizeCPUToGPUCopy:0]]
[2023.02.09-06.39.31:940][  0]LogConfig: Setting CVar [[r.Streaming.MaxNumTexturesToStreamPerFrame:0]]
[2023.02.09-06.39.31:940][  0]LogConfig: Setting CVar [[r.Streaming.Boost:1]]
[2023.02.09-06.39.31:940][  0]LogConfig: Setting CVar [[r.MaxAnisotropy:8]]
[2023.02.09-06.39.31:940][  0]LogConfig: Setting CVar [[r.Streaming.LimitPoolSizeToVRAM:0]]
[2023.02.09-06.39.31:940][  0]LogConfig: Setting CVar [[r.Streaming.PoolSize:1000]]
[2023.02.09-06.39.31:940][  0]LogConfig: Setting CVar [[r.Streaming.MaxEffectiveScreenSize:0]]
[2023.02.09-06.39.31:940][  0]LogConfig: Applying CVar settings from Section [EffectsQuality@3] File [D:/git/ArenaBattle/ArenaBattle/Saved/Config/Windows/Scalability.ini]
[2023.02.09-06.39.31:940][  0]LogConfig: Setting CVar [[r.TranslucencyLightingVolumeDim:64]]
[2023.02.09-06.39.31:940][  0]LogConfig: Setting CVar [[r.RefractionQuality:2]]
[2023.02.09-06.39.31:940][  0]LogConfig: Setting CVar [[r.SSR.Quality:3]]
[2023.02.09-06.39.31:940][  0]LogConfig: Setting CVar [[r.SceneColorFormat:4]]
[2023.02.09-06.39.31:940][  0]LogConfig: Setting CVar [[r.DetailMode:2]]
[2023.02.09-06.39.31:940][  0]LogConfig: Setting CVar [[r.TranslucencyVolumeBlur:1]]
[2023.02.09-06.39.31:940][  0]LogConfig: Setting CVar [[r.MaterialQualityLevel:1 ; High quality]]
[2023.02.09-06.39.31:940][  0]LogConfig: Setting CVar [[r.SSS.Scale:1]]
[2023.02.09-06.39.31:940][  0]LogConfig: Setting CVar [[r.SSS.SampleSet:2]]
[2023.02.09-06.39.31:940][  0]LogConfig: Setting CVar [[r.SSS.Quality:1]]
[2023.02.09-06.39.31:940][  0]LogConfig: Setting CVar [[r.SSS.HalfRes:1]]
[2023.02.09-06.39.31:940][  0]LogConfig: Setting CVar [[r.EmitterSpawnRateScale:1.0]]
[2023.02.09-06.39.31:940][  0]LogConfig: Setting CVar [[r.ParticleLightQuality:2]]
[2023.02.09-06.39.31:940][  0]LogConfig: Applying CVar settings from Section [FoliageQuality@3] File [D:/git/ArenaBattle/ArenaBattle/Saved/Config/Windows/Scalability.ini]
[2023.02.09-06.39.31:940][  0]LogConfig: Setting CVar [[foliage.DensityScale:1.0]]
[2023.02.09-06.39.31:940][  0]LogConfig: Setting CVar [[grass.DensityScale:1.0]]
[2023.02.09-06.39.31:940][  0]LogConfig: Applying CVar settings from Section [Startup] File [../../../Engine/Config/ConsoleVariables.ini]
[2023.02.09-06.39.31:940][  0]LogConfig: Setting CVar [[net.UseAdaptiveNetUpdateFrequency:0]]
[2023.02.09-06.39.31:940][  0]LogConfig: Setting CVar [[p.chaos.AllowCreatePhysxBodies:1]]
[2023.02.09-06.39.31:940][  0]LogConfig: Applying CVar settings from Section [ConsoleVariables] File [D:/git/ArenaBattle/ArenaBattle/Saved/Config/Windows/Engine.ini]
[2023.02.09-06.39.31:940][  0]LogInit: Computer: DESKTOP-MTCB6DM
[2023.02.09-06.39.31:940][  0]LogInit: User: seo
[2023.02.09-06.39.31:940][  0]LogInit: CPU Page size=4096, Cores=6
[2023.02.09-06.39.31:940][  0]LogInit: High frequency timer resolution =10.000000 MHz
[2023.02.09-06.39.31:940][  0]LogMemory: Memory total: Physical=16.0GB (16GB approx)
[2023.02.09-06.39.31:940][  0]LogMemory: Platform Memory Stats for Windows
[2023.02.09-06.39.31:940][  0]LogMemory: Process Physical Memory: 98.00 MB used, 98.01 MB peak
[2023.02.09-06.39.31:940][  0]LogMemory: Process Virtual Memory: 84.36 MB used, 84.36 MB peak
[2023.02.09-06.39.31:940][  0]LogMemory: Physical Memory: 13472.45 MB used,  2861.05 MB free, 16333.50 MB total
[2023.02.09-06.39.31:940][  0]LogMemory: Virtual Memory: 4634.20 MB used,  134213096.00 MB free, 134217728.00 MB total
[2023.02.09-06.39.32:147][  0]LogInit: Using OS detected language (ko-KR).
[2023.02.09-06.39.32:147][  0]LogInit: Using OS detected locale (ko-KR).
[2023.02.09-06.39.32:149][  0]LogTextLocalizationManager: No specific localization for 'ko-KR' exists, so the 'ko' localization will be used.
[2023.02.09-06.39.32:292][  0]LogInit: Setting process to per monitor DPI aware
[2023.02.09-06.39.32:373][  0]LogSlate: New Slate User Created.  User Index 0, Is Virtual User: 0
[2023.02.09-06.39.32:373][  0]LogSlate: Slate User Registered.  User Index 0, Is Virtual User: 0
[2023.02.09-06.39.34:378][  0]LogHMD: Failed to initialize OpenVR with code 110
[2023.02.09-06.39.34:378][  0]LogD3D11RHI: D3D11 adapters:
[2023.02.09-06.39.34:556][  0]LogD3D11RHI:    0. 'NVIDIA GeForce GTX 1660 SUPER' (Feature Level 11_0)
[2023.02.09-06.39.34:556][  0]LogD3D11RHI:       5991/0/8166 MB DedicatedVideo/DedicatedSystem/SharedSystem, Outputs:2, VendorId:0x10de
[2023.02.09-06.39.34:559][  0]LogD3D11RHI:    1. 'Microsoft Basic Render Driver' (Feature Level 11_0)
[2023.02.09-06.39.34:559][  0]LogD3D11RHI:       0/0/8166 MB DedicatedVideo/DedicatedSystem/SharedSystem, Outputs:0, VendorId:0x1414
[2023.02.09-06.39.34:559][  0]LogD3D11RHI: Chosen D3D11 Adapter: 0
[2023.02.09-06.39.34:580][  0]LogD3D11RHI: Creating new Direct3DDevice
[2023.02.09-06.39.34:580][  0]LogD3D11RHI:     GPU DeviceId: 0x21c4 (for the marketing name, search the web for "GPU Device Id")
[2023.02.09-06.39.34:580][  0]LogWindows: EnumDisplayDevices:
[2023.02.09-06.39.34:581][  0]LogWindows:    0. 'NVIDIA GeForce GTX 1660 SUPER' (P:1 D:1)
[2023.02.09-06.39.34:582][  0]LogWindows:    1. 'NVIDIA GeForce GTX 1660 SUPER' (P:0 D:1)
[2023.02.09-06.39.34:583][  0]LogWindows:    2. 'NVIDIA GeForce GTX 1660 SUPER' (P:0 D:0)
[2023.02.09-06.39.34:583][  0]LogWindows:    3. 'NVIDIA GeForce GTX 1660 SUPER' (P:0 D:0)
[2023.02.09-06.39.34:584][  0]LogWindows: DebugString: FoundDriverCount:4 
[2023.02.09-06.39.34:584][  0]LogD3D11RHI:     Adapter Name: NVIDIA GeForce GTX 1660 SUPER
[2023.02.09-06.39.34:584][  0]LogD3D11RHI:   Driver Version: 516.94 (internal:31.0.15.1694, unified:516.94)
[2023.02.09-06.39.34:584][  0]LogD3D11RHI:      Driver Date: 7-21-2022
[2023.02.09-06.39.34:584][  0]LogRHI: Texture pool is 4193 MB (70% of 5991 MB)
[2023.02.09-06.39.34:651][  0]LogD3D11RHI: Async texture creation enabled
[2023.02.09-06.39.34:665][  0]LogRendererCore: FGlobalReadBuffer::InitRHI
[2023.02.09-06.39.34:665][  0]LogRendererCore: FGlobalReadBuffer::InitRHI
[2023.02.09-06.39.34:665][  0]LogRendererCore: FGlobalReadBuffer::InitRHI
[2023.02.09-06.39.34:673][  0]LogD3D11RHI: GPU Timing Frequency: 1000.000000 (Debug: 2 1)
[2023.02.09-06.39.34:989][  0]LogTemp: Display: Module 'AllDesktopTargetPlatform' loaded TargetPlatform 'AllDesktop'
[2023.02.09-06.39.35:002][  0]LogTemp: Display: Module 'MacClientTargetPlatform' loaded TargetPlatform 'MacClient'
[2023.02.09-06.39.35:015][  0]LogTemp: Display: Module 'MacNoEditorTargetPlatform' loaded TargetPlatform 'MacNoEditor'
[2023.02.09-06.39.35:028][  0]LogTemp: Display: Module 'MacServerTargetPlatform' loaded TargetPlatform 'MacServer'
[2023.02.09-06.39.35:041][  0]LogTemp: Display: Module 'MacTargetPlatform' loaded TargetPlatform 'Mac'
[2023.02.09-06.39.35:054][  0]LogTemp: Display: Module 'WindowsClientTargetPlatform' loaded TargetPlatform 'WindowsClient'
[2023.02.09-06.39.35:068][  0]LogTemp: Display: Module 'WindowsNoEditorTargetPlatform' loaded TargetPlatform 'WindowsNoEditor'
[2023.02.09-06.39.35:081][  0]LogTemp: Display: Module 'WindowsServerTargetPlatform' loaded TargetPlatform 'WindowsServer'
[2023.02.09-06.39.35:088][  0]LogTemp: Display: Module 'WindowsTargetPlatform' loaded TargetPlatform 'Windows'
[2023.02.09-06.39.35:164][  0]LogTemp: Display: Module 'AndroidTargetPlatform' loaded TargetPlatform 'Android'
[2023.02.09-06.39.35:164][  0]LogTemp: Display: Module 'AndroidTargetPlatform' loaded TargetPlatform 'Android_ASTC'
[2023.02.09-06.39.35:164][  0]LogTemp: Display: Module 'AndroidTargetPlatform' loaded TargetPlatform 'Android_ATC'
[2023.02.09-06.39.35:164][  0]LogTemp: Display: Module 'AndroidTargetPlatform' loaded TargetPlatform 'Android_DXT'
[2023.02.09-06.39.35:164][  0]LogTemp: Display: Module 'AndroidTargetPlatform' loaded TargetPlatform 'Android_ETC1'
[2023.02.09-06.39.35:164][  0]LogTemp: Display: Module 'AndroidTargetPlatform' loaded TargetPlatform 'Android_ETC1a'
[2023.02.09-06.39.35:164][  0]LogTemp: Display: Module 'AndroidTargetPlatform' loaded TargetPlatform 'Android_ETC2'
[2023.02.09-06.39.35:164][  0]LogTemp: Display: Module 'AndroidTargetPlatform' loaded TargetPlatform 'Android_PVRTC'
[2023.02.09-06.39.35:164][  0]LogTemp: Display: Module 'AndroidTargetPlatform' loaded TargetPlatform 'AndroidClient'
[2023.02.09-06.39.35:164][  0]LogTemp: Display: Module 'AndroidTargetPlatform' loaded TargetPlatform 'Android_ASTCClient'
[2023.02.09-06.39.35:164][  0]LogTemp: Display: Module 'AndroidTargetPlatform' loaded TargetPlatform 'Android_ATCClient'
[2023.02.09-06.39.35:164][  0]LogTemp: Display: Module 'AndroidTargetPlatform' loaded TargetPlatform 'Android_DXTClient'
[2023.02.09-06.39.35:164][  0]LogTemp: Display: Module 'AndroidTargetPlatform' loaded TargetPlatform 'Android_ETC1Client'
[2023.02.09-06.39.35:164][  0]LogTemp: Display: Module 'AndroidTargetPlatform' loaded TargetPlatform 'Android_ETC1aClient'
[2023.02.09-06.39.35:164][  0]LogTemp: Display: Module 'AndroidTargetPlatform' loaded TargetPlatform 'Android_ETC2Client'
[2023.02.09-06.39.35:164][  0]LogTemp: Display: Module 'AndroidTargetPlatform' loaded TargetPlatform 'Android_PVRTCClient'
[2023.02.09-06.39.35:164][  0]LogTemp: Display: Module 'AndroidTargetPlatform' loaded TargetPlatform 'Android_Multi'
[2023.02.09-06.39.35:164][  0]LogTemp: Display: Module 'AndroidTargetPlatform' loaded TargetPlatform 'Android_MultiClient'
[2023.02.09-06.39.35:167][  0]LogTemp: Display: Module 'HTML5TargetPlatform' loaded TargetPlatform 'HTML5'
[2023.02.09-06.39.35:215][  0]LogTemp: Display: Module 'IOSTargetPlatform' loaded TargetPlatform 'IOSClient'
[2023.02.09-06.39.35:216][  0]LogTemp: Display: Module 'IOSTargetPlatform' loaded TargetPlatform 'IOS'
[2023.02.09-06.39.35:238][  0]LogTemp: Display: Module 'TVOSTargetPlatform' loaded TargetPlatform 'TVOSClient'
[2023.02.09-06.39.35:238][  0]LogTemp: Display: Module 'TVOSTargetPlatform' loaded TargetPlatform 'TVOS'
[2023.02.09-06.39.35:251][  0]LogTemp: Display: Module 'LinuxClientTargetPlatform' loaded TargetPlatform 'LinuxClient'
[2023.02.09-06.39.35:265][  0]LogTemp: Display: Module 'LinuxNoEditorTargetPlatform' loaded TargetPlatform 'LinuxNoEditor'
[2023.02.09-06.39.35:278][  0]LogTemp: Display: Module 'LinuxServerTargetPlatform' loaded TargetPlatform 'LinuxServer'
[2023.02.09-06.39.35:293][  0]LogTemp: Display: Module 'LinuxTargetPlatform' loaded TargetPlatform 'Linux'
[2023.02.09-06.39.35:340][  0]LogTemp: Display: Module 'LuminTargetPlatform' loaded TargetPlatform 'Lumin'
[2023.02.09-06.39.35:340][  0]LogTemp: Display: Module 'LuminTargetPlatform' loaded TargetPlatform 'LuminClient'
[2023.02.09-06.39.35:340][  0]LogTargetPlatformManager: Display: Building Assets For Windows
[2023.02.09-06.39.35:394][  0]LogAudioDebug: Display: Lib vorbis DLL was dynamically loaded.
[2023.02.09-06.39.35:488][  0]LogShaderCompilers: Guid format shader working directory is 12 characters bigger than the processId version (D:/git/ArenaBattle/ArenaBattle/Intermediate/Shaders/WorkingDirectory/158564/).
[2023.02.09-06.39.35:488][  0]LogShaderCompilers: Cleaned the shader compiler working directory 'C:/Users/seo/AppData/Local/Temp/UnrealShaderWorkingDir/328B0E9D4A2D63D573238F858F01BC52/'.
[2023.02.09-06.39.35:490][  0]LogXGEController: Cleaning working directory: C:/Users/seo/AppData/Local/Temp/UnrealXGEWorkingDir/
[2023.02.09-06.39.35:490][  0]LogXGEController: Cannot use XGE Controller as Incredibuild is not installed on this machine.
[2023.02.09-06.39.35:490][  0]LogShaderCompilers: Cannot use XGE Shader Compiler as Incredibuild is not installed on this machine.
[2023.02.09-06.39.35:490][  0]LogShaderCompilers: Display: Using Local Shader Compiler.
[2023.02.09-06.39.37:256][  0]LogDerivedDataCache: Display: Max Cache Size: 512 MB
[2023.02.09-06.39.37:327][  0]LogDerivedDataCache: Loaded boot cache 0.07s 71MB C:/Users/seo/AppData/Local/UnrealEngine/4.22/DerivedDataCache/Boot.ddc.
[2023.02.09-06.39.37:327][  0]LogDerivedDataCache: Display: Loaded Boot cache: C:/Users/seo/AppData/Local/UnrealEngine/4.22/DerivedDataCache/Boot.ddc
[2023.02.09-06.39.37:327][  0]LogDerivedDataCache: FDerivedDataBackendGraph:  Pak pak cache file D:/git/ArenaBattle/ArenaBattle/DerivedDataCache/DDC.ddp not found, will not use a pak cache.
[2023.02.09-06.39.37:327][  0]LogDerivedDataCache: Unable to find inner node Pak for hierarchical cache Hierarchy.
[2023.02.09-06.39.37:327][  0]LogDerivedDataCache: FDerivedDataBackendGraph:  CompressedPak pak cache file D:/git/ArenaBattle/ArenaBattle/DerivedDataCache/Compressed.ddp not found, will not use a pak cache.
[2023.02.09-06.39.37:327][  0]LogDerivedDataCache: Unable to find inner node CompressedPak for hierarchical cache Hierarchy.
[2023.02.09-06.39.37:348][  0]LogDerivedDataCache: Display: Pak cache opened for reading ../../../Engine/DerivedDataCache/Compressed.ddp.
[2023.02.09-06.39.37:348][  0]LogDerivedDataCache: FDerivedDataBackendGraph:  EnterprisePak pak cache file ../../../Enterprise/DerivedDataCache/Compressed.ddp not found, will not use a pak cache.
[2023.02.09-06.39.37:348][  0]LogDerivedDataCache: Unable to find inner node EnterprisePak for hierarchical cache Hierarchy.
[2023.02.09-06.39.37:361][  0]LogDerivedDataCache: Using Local data cache path C:/Users/seo/AppData/Local/UnrealEngine/Common/DerivedDataCache: Writable
[2023.02.09-06.39.37:361][  0]LogDerivedDataCache: Shared data cache path not found in *engine.ini, will not use an Shared cache.
[2023.02.09-06.39.37:361][  0]LogDerivedDataCache: Unable to find inner node Shared for hierarchical cache Hierarchy.
[2023.02.09-06.39.37:380][  0]LogMaterial: Verifying Global Shaders for PCD3D_SM5
[2023.02.09-06.39.37:382][  0]LogSlate: Using FreeType 2.6.0
[2023.02.09-06.39.37:389][  0]LogSlate: SlateFontServices - WITH_FREETYPE: 1, WITH_HARFBUZZ: 1
[2023.02.09-06.39.37:522][  0]LogAssetRegistry: FAssetRegistry took 0.0338 seconds to start up
[2023.02.09-06.39.37:819][  0]LogInit: Selected Device Profile: [Windows]
[2023.02.09-06.39.37:999][  0]LogMeshReduction: Using QuadricMeshReduction for automatic static mesh reduction
[2023.02.09-06.39.37:999][  0]LogMeshReduction: Using SimplygonMeshReduction for automatic skeletal mesh reduction
[2023.02.09-06.39.37:999][  0]LogMeshReduction: Using ProxyLODMeshReduction for automatic mesh merging
[2023.02.09-06.39.37:999][  0]LogMeshReduction: No distributed automatic mesh merging module available
[2023.02.09-06.39.37:999][  0]LogMeshMerging: No distributed automatic mesh merging module available
[2023.02.09-06.39.38:026][  0]LogNetVersion: ArenaBattle 1.0.0, NetCL: 5660361, EngineNetVer: 10, GameNetVer: 0 (Checksum: 815535894)
[2023.02.09-06.39.38:794][  0]LogPackageLocalizationCache: Processed 10 localized package path(s) for 1 prioritized culture(s) in 0.025979 seconds
[2023.02.09-06.39.38:801][  0]LogUObjectArray: 42205 objects as part of root set at end of initial load.
[2023.02.09-06.39.38:801][  0]LogUObjectAllocator: 7325032 out of 0 bytes used by permanent object pool.
[2023.02.09-06.39.38:801][  0]LogUObjectArray: CloseDisregardForGC: 0/0 objects in disregard for GC pool
[2023.02.09-06.39.40:271][  0]LogTcpMessaging: Initializing TcpMessaging bridge
[2023.02.09-06.39.40:286][  0]LogUdpMessaging: Initializing bridge on interface 0.0.0.0:0 to multicast group 230.0.0.1:6666.
[2023.02.09-06.39.40:605][  0]SourceControl: 소스 컨트롤이 꺼져 있습니다.
[2023.02.09-06.39.40:605][  0]SourceControl: 소스 컨트롤이 꺼져 있습니다.
[2023.02.09-06.39.40:607][  0]SourceControl: 소스 컨트롤이 꺼져 있습니다.
[2023.02.09-06.39.40:608][  0]SourceControl: 소스 컨트롤이 꺼져 있습니다.
[2023.02.09-06.39.40:728][  0]LogAndroidPermission: UAndroidPermissionCallbackProxy::GetInstance
[2023.02.09-06.39.40:851][  0]LogOcInput: OculusInput pre-init called
[2023.02.09-06.39.41:512][  0]LogEngine: Initializing Engine...
[2023.02.09-06.39.41:513][  0]LogHMD: Failed to initialize OpenVR with code 110
[2023.02.09-06.39.41:514][  0]LogStats: UGameplayTagsManager::InitializeManager -  0.000 s
[2023.02.09-06.39.41:823][  0]LogInit: Initializing FReadOnlyCVARCache
[2023.02.09-06.39.41:834][  0]LogAIModule: Creating AISystem for world Untitled
[2023.02.09-06.39.41:869][  0]LogInit: XAudio2 using 'Headphones(High Definition Audio Device)' : 2 channels at 48 kHz using 16 bits per sample (channel mask 0x3)
[2023.02.09-06.39.41:894][  0]LogInit: FAudioDevice initialized.
[2023.02.09-06.39.41:895][  0]LogNetVersion: Set ProjectVersion to 1.0.0.0. Version Checksum will be recalculated on next use.
[2023.02.09-06.39.41:940][  0]LogDerivedDataCache: Saved boot cache 0.04s 72MB C:/Users/seo/AppData/Local/UnrealEngine/4.22/DerivedDataCache/Boot.ddc.
[2023.02.09-06.39.41:945][  0]LogInit: Texture streaming: Enabled
[2023.02.09-06.39.41:961][  0]LogEngineSessionManager: EngineSessionManager initialized
[2023.02.09-06.39.41:993][  0]LogInit: Transaction tracking system initialized
[2023.02.09-06.39.42:015][  0]BlueprintLog: New page: 에디터 로드
[2023.02.09-06.39.42:093][  0]LocalizationService: 현지화 서비스가 비활성화되었습니다.
[2023.02.09-06.39.42:576][  0]LogFileCache: Scanning file cache for directory 'D:/git/ArenaBattle/ArenaBattle/Content/' took 0.02s
[2023.02.09-06.39.42:576][  0]LogCook: Display: Max memory allowance for cook 16384mb min free memory 0mb
[2023.02.09-06.39.42:576][  0]LogCook: Display: Mobile HDR setting 1
[2023.02.09-06.39.42:832][  0]SourceControl: 소스 컨트롤이 꺼져 있습니다.
[2023.02.09-06.39.42:832][  0]Cmd: MAP LOAD FILE="D:/git/ArenaBattle/ArenaBattle/Content/Book/Maps/Step2.umap" TEMPLATE=0 SHOWPROGRESS=1 FEATURELEVEL=3
[2023.02.09-06.39.42:836][  0]LightingResults: New page: 라이팅 빌드
[2023.02.09-06.39.42:839][  0]MapCheck: New page: 맵 체크
[2023.02.09-06.39.42:839][  0]LightingResults: New page: 라이팅 빌드
[2023.02.09-06.39.42:863][  0]LogUObjectHash: Compacting FUObjectHashTables data took   1.97ms
[2023.02.09-06.39.43:055][  0]LogAIModule: Creating AISystem for world Step2
[2023.02.09-06.39.43:061][  0]LogEditorServer: Finished looking for orphan Actors (0.000 secs)
[2023.02.09-06.39.43:085][  0]LogUObjectHash: Compacting FUObjectHashTables data took   1.73ms
[2023.02.09-06.39.43:085][  0]Cmd: MAP CHECKDEP NOCLEARLOG
[2023.02.09-06.39.43:085][  0]MapCheck: 맵 체크 완료: 오류 0 회, 경고 0 회, 소요 시간 0.097ms.
[2023.02.09-06.39.43:085][  0]LogFileHelpers: Loading map 'Step2' took 0.254
[2023.02.09-06.39.43:214][  0]LogSlate: Updating window title bar state: overlay mode, drag disabled, window buttons hidden, title bar hidden
[2023.02.09-06.39.43:222][  0]LogSlate: Updating window title bar state: overlay mode, drag disabled, window buttons hidden, title bar hidden
[2023.02.09-06.39.43:228][  0]LogSlate: Updating window title bar state: overlay mode, drag disabled, window buttons hidden, title bar hidden
[2023.02.09-06.39.43:234][  0]LogSlate: Updating window title bar state: overlay mode, drag disabled, window buttons hidden, title bar hidden
[2023.02.09-06.39.43:244][  0]LogCollectionManager: Loaded 0 collections in 0.000867 seconds
[2023.02.09-06.39.43:271][  0]LogFileCache: Scanning file cache for directory 'D:/git/ArenaBattle/ArenaBattle/Saved/Collections/' took 0.01s
[2023.02.09-06.39.43:271][  0]LogFileCache: Scanning file cache for directory 'D:/git/ArenaBattle/ArenaBattle/Content/Developers/seo/Collections/' took 0.00s
[2023.02.09-06.39.43:271][  0]LogFileCache: Scanning file cache for directory 'D:/git/ArenaBattle/ArenaBattle/Content/Collections/' took 0.01s
[2023.02.09-06.39.43:271][  0]LogCollectionManager: Rebuilt the GUID cache for 0 collections in 0.000000 seconds
[2023.02.09-06.39.43:280][  0]LogContentBrowser: Native class hierarchy populated in 0.0085 seconds. Added 2737 classes and 661 folders.
[2023.02.09-06.39.43:285][  0]LogContentBrowser: Native class hierarchy updated for 'WidgetCarousel' in 0.0003 seconds. Added 0 classes and 0 folders.
[2023.02.09-06.39.43:288][  0]LogPakFile: Registered encryption key '00000000000000000000000000000000': 0 pak files mounted, 0 remain pending
[2023.02.09-06.39.43:296][  0]LogPakFile: Registered encryption key '00000000000000000000000000000000': 0 pak files mounted, 0 remain pending
[2023.02.09-06.39.43:312][  0]LogPakFile: Registered encryption key '00000000000000000000000000000000': 0 pak files mounted, 0 remain pending
[2023.02.09-06.39.43:317][  0]LogPakFile: Registered encryption key '00000000000000000000000000000000': 0 pak files mounted, 0 remain pending
[2023.02.09-06.39.43:322][  0]LogPakFile: Registered encryption key '00000000000000000000000000000000': 0 pak files mounted, 0 remain pending
[2023.02.09-06.39.43:326][  0]LogPakFile: Registered encryption key '00000000000000000000000000000000': 0 pak files mounted, 0 remain pending
[2023.02.09-06.39.43:330][  0]LogPakFile: Registered encryption key '00000000000000000000000000000000': 0 pak files mounted, 0 remain pending
[2023.02.09-06.39.43:334][  0]LogPakFile: Registered encryption key '00000000000000000000000000000000': 0 pak files mounted, 0 remain pending
[2023.02.09-06.39.43:338][  0]LogPakFile: Registered encryption key '00000000000000000000000000000000': 0 pak files mounted, 0 remain pending
[2023.02.09-06.39.43:342][  0]LogPakFile: Registered encryption key '00000000000000000000000000000000': 0 pak files mounted, 0 remain pending
[2023.02.09-06.39.43:346][  0]LogPakFile: Registered encryption key '00000000000000000000000000000000': 0 pak files mounted, 0 remain pending
[2023.02.09-06.39.43:350][  0]LogPakFile: Registered encryption key '00000000000000000000000000000000': 0 pak files mounted, 0 remain pending
[2023.02.09-06.39.43:354][  0]LogPakFile: Registered encryption key '00000000000000000000000000000000': 0 pak files mounted, 0 remain pending
[2023.02.09-06.39.43:359][  0]LogPakFile: Registered encryption key '00000000000000000000000000000000': 0 pak files mounted, 0 remain pending
[2023.02.09-06.39.43:363][  0]LogPakFile: Registered encryption key '00000000000000000000000000000000': 0 pak files mounted, 0 remain pending
[2023.02.09-06.39.43:367][  0]LogPakFile: Registered encryption key '00000000000000000000000000000000': 0 pak files mounted, 0 remain pending
[2023.02.09-06.39.43:392][  0]LogPakFile: Registered encryption key '00000000000000000000000000000000': 0 pak files mounted, 0 remain pending
[2023.02.09-06.39.43:397][  0]LogPakFile: Registered encryption key '00000000000000000000000000000000': 0 pak files mounted, 0 remain pending
[2023.02.09-06.39.43:401][  0]LogPakFile: Registered encryption key '00000000000000000000000000000000': 0 pak files mounted, 0 remain pending
[2023.02.09-06.39.43:405][  0]LogPakFile: Registered encryption key '00000000000000000000000000000000': 0 pak files mounted, 0 remain pending
[2023.02.09-06.39.43:410][  0]LogPakFile: Registered encryption key '00000000000000000000000000000000': 0 pak files mounted, 0 remain pending
[2023.02.09-06.39.43:415][  0]LogPakFile: Registered encryption key '00000000000000000000000000000000': 0 pak files mounted, 0 remain pending
[2023.02.09-06.39.43:421][  0]LogPakFile: Registered encryption key '00000000000000000000000000000000': 0 pak files mounted, 0 remain pending
[2023.02.09-06.39.43:427][  0]LogPakFile: Registered encryption key '00000000000000000000000000000000': 0 pak files mounted, 0 remain pending
[2023.02.09-06.39.43:432][  0]LogPakFile: Registered encryption key '00000000000000000000000000000000': 0 pak files mounted, 0 remain pending
[2023.02.09-06.39.43:438][  0]LogPakFile: Registered encryption key '00000000000000000000000000000000': 0 pak files mounted, 0 remain pending
[2023.02.09-06.39.43:548][  0]LogContentBrowser: Native class hierarchy updated for 'AddContentDialog' in 0.0004 seconds. Added 0 classes and 0 folders.
[2023.02.09-06.39.43:555][  0]LogContentBrowser: Native class hierarchy updated for 'SceneOutliner' in 0.0004 seconds. Added 1 classes and 2 folders.
[2023.02.09-06.39.43:621][  0]LogSlate: Took 0.005775 seconds to synchronously load lazily loaded font '../../../Engine/Content/Slate/Fonts/Roboto-Regular.ttf' (155K)
[2023.02.09-06.39.43:633][  0]LogSlate: Took 0.011386 seconds to synchronously load lazily loaded font '../../../Engine/Content/Editor/Slate/Fonts/NanumGothic.ttf' (4243K)
[2023.02.09-06.39.43:642][  0]LogSlate: Took 0.007606 seconds to synchronously load lazily loaded font '../../../Engine/Content/Editor/Slate/Fonts/NanumGothicBold.ttf' (4188K)
[2023.02.09-06.39.43:645][  0]LogSlate: Took 0.003493 seconds to synchronously load lazily loaded font '../../../Engine/Content/Slate/Fonts/Roboto-Bold.ttf' (160K)
[2023.02.09-06.39.43:653][  0]LogSlate: Took 0.004797 seconds to synchronously load lazily loaded font '../../../Engine/Content/Editor/Slate/Fonts/FontAwesome.ttf' (139K)
[2023.02.09-06.39.43:792][  0]LogRenderer: Reallocating scene render targets to support 1208x572 Format 10 NumSamples 1 (Frame:1).
[2023.02.09-06.39.43:894][  0]LogContentBrowser: Native class hierarchy updated for 'HierarchicalLODOutliner' in 0.0003 seconds. Added 0 classes and 0 folders.
[2023.02.09-06.39.43:894][  0]LogLoad: (Engine Initialization) Total time: 13.90 seconds
[2023.02.09-06.39.43:895][  0]LogLoad: (Engine Initialization) Total Blueprint compile time: 0.00 seconds
[2023.02.09-06.39.43:932][  0]LogAssetRegistry: Asset discovery search completed in 6.4326 seconds
[2023.02.09-06.39.43:934][  0]LogCollectionManager: Rebuilt the object cache for 0 collections in 0.000000 seconds (found 0 objects)
[2023.02.09-06.39.43:934][  0]LogCollectionManager: Fixed up redirectors for 0 collections in 0.000029 seconds (updated 0 objects)
[2023.02.09-06.39.43:981][  0]LogContentStreaming: Texture pool size now 1000 MB
[2023.02.09-06.39.44:005][  0]LogSlate: Took 0.000914 seconds to synchronously load lazily loaded font '../../../Engine/Content/Slate/Fonts/Roboto-Light.ttf' (167K)
[2023.02.09-06.40.05:741][804]LogSlate: FSceneViewport::OnFocusLost() reason 0
[2023.02.09-06.40.05:956][807]LogSlate: Took 0.000189 seconds to synchronously load lazily loaded font '../../../Engine/Content/Slate/Fonts/Roboto-Light.ttf' (167K)
[2023.02.09-06.40.05:965][807]LogAssetEditorManager: Opening Asset editor for AnimMontage /Game/Book/Animations/SK_Mannequin_Skeleton_Montage.SK_Mannequin_Skeleton_Montage
[2023.02.09-06.40.05:979][807]LogContentBrowser: Native class hierarchy updated for 'SkeletonEditor' in 0.0004 seconds. Added 1 classes and 2 folders.
[2023.02.09-06.40.06:199][807]LogActorComponent: RegisterComponentWithWorld: (/Engine/Transient.World_2:PersistentLevel.AnimationEditorPreviewActor_0.DebugSkelMeshComponent_0) Already registered. Aborting.
[2023.02.09-06.40.06:202][807]LogContentBrowser: Native class hierarchy updated for 'PinnedCommandList' in 0.0003 seconds. Added 1 classes and 0 folders.
[2023.02.09-06.40.06:558][807]LogContentBrowser: Verbose: The majority of assets in the view are of type: AnimSequence
[2023.02.09-06.40.13:955][675]LogSlate: Window 'SK_Mannequin_Skeleton_Montage' being destroyed
[2023.02.09-06.40.13:960][675]LogSlate: Window 'SK_Mannequin_Skeleton_Montage' being destroyed
[2023.02.09-06.40.21:620][562]LogAssetEditorManager: Opening Asset editor for AnimBlueprint /Game/Book/Animations/WarriorAnimBlueprint.WarriorAnimBlueprint
[2023.02.09-06.40.21:635][562]LogActorComponent: RegisterComponentWithWorld: (/Engine/Transient.World_6:PersistentLevel.AnimationEditorPreviewActor_0.DebugSkelMeshComponent_0) Already registered. Aborting.
[2023.02.09-06.40.21:958][562]LogContentBrowser: Native class hierarchy updated for 'BlueprintGraph' in 0.0007 seconds. Added 121 classes and 0 folders.
[2023.02.09-06.40.22:756][562]LogSlate: Took 0.004788 seconds to synchronously load lazily loaded font '../../../Engine/Content/Slate/Fonts/Roboto-BoldCondensed.ttf' (158K)
[2023.02.09-06.40.42:251][849]LogTemp: Repeating last play command: 선택된 뷰포트
[2023.02.09-06.40.42:258][849]LogBlueprintUserMessages: Early PlayInEditor Detection: Level '/Game/Book/Maps/Step2.Step2:PersistentLevel' has LevelScriptBlueprint '/Game/Book/Maps/Step2.Step2:PersistentLevel.Step2' with GeneratedClass '/Game/Book/Maps/Step2.Step2_C' with ClassGeneratedBy '/Game/Book/Maps/Step2.Step2:PersistentLevel.Step2'
[2023.02.09-06.40.42:259][849]LogPlayLevel: PlayLevel: No blueprints needed recompiling
[2023.02.09-06.40.42:262][849]PIE: New page: PIE 세션: Step2 (2023. 2. 10. 오전 12:40:42)
[2023.02.09-06.40.42:276][849]LogPlayLevel: Creating play world package: /Game/Book/Maps/UEDPIE_0_Step2
[2023.02.09-06.40.42:279][849]LogPlayLevel: PIE: StaticDuplicateObject took: (0.002804s)
[2023.02.09-06.40.42:280][849]LogAIModule: Creating AISystem for world Step2
[2023.02.09-06.40.42:281][849]LogPlayLevel: PIE: World Init took: (0.001200s)
[2023.02.09-06.40.42:281][849]LogPlayLevel: PIE: Created PIE world by copying editor world from /Game/Book/Maps/Step2.Step2 to /Game/Book/Maps/UEDPIE_0_Step2.Step2 (0.004464s)
[2023.02.09-06.40.42:316][849]LogUObjectHash: Compacting FUObjectHashTables data took   2.87ms
[2023.02.09-06.40.42:348][849]LogInit: XAudio2 using 'Headphones(High Definition Audio Device)' : 2 channels at 48 kHz using 16 bits per sample (channel mask 0x3)
[2023.02.09-06.40.42:367][849]LogInit: FAudioDevice initialized.
[2023.02.09-06.40.42:411][849]LogLoad: Game class is 'ABGameMode'
[2023.02.09-06.40.42:412][849]LogWorld: Bringing World /Game/Book/Maps/UEDPIE_0_Step2.Step2 up for play (max tick rate 0) at 2023.02.09-15.40.42
[2023.02.09-06.40.42:412][849]LogWorld: Bringing up level for play took: 0.000884
[2023.02.09-06.40.42:426][849]ArenaBattle: Warning: AABPlayerController::PostInitializeComponents(8)
[2023.02.09-06.40.42:431][849]ArenaBattle: Warning: AABGameMode::PostLogin(17) PostLogin Begin
[2023.02.09-06.40.42:434][849]LogBlueprintActionDatabase: Requesting refresh due to module change: Voice (loaded)
[2023.02.09-06.40.42:437][849]LogBlueprintActionDatabase: Requesting refresh due to module change: MovieSceneCapture (loaded)
[2023.02.09-06.40.42:437][849]LogContentBrowser: Native class hierarchy updated for 'MovieSceneCapture' in 0.0004 seconds. Added 20 classes and 0 folders.
[2023.02.09-06.40.42:439][849]ArenaBattle: Warning: AABPlayerController::OnPossess(13)
[2023.02.09-06.40.42:442][849]ArenaBattle: Warning: AABGameMode::PostLogin(19) PostLogin End
[2023.02.09-06.40.42:444][849]PIE: /Game/Book/Maps/UEDPIE_0_Step2 에 대한 에디터에서 플레이 시작 시간: 0.227
[2023.02.09-06.40.42:444][849]LogBlueprintUserMessages: Late PlayInEditor Detection: Level '/Game/Book/Maps/Step2.Step2:PersistentLevel' has LevelScriptBlueprint '/Game/Book/Maps/Step2.Step2:PersistentLevel.Step2' with GeneratedClass '/Game/Book/Maps/Step2.Step2_C' with ClassGeneratedBy '/Game/Book/Maps/Step2.Step2:PersistentLevel.Step2'
[2023.02.09-06.40.42:468][849]LogSlate: Warning: Legacy localized fallback font '../../../Engine/Content/Slate/Fonts/../../Editor/Slate/Fonts/NanumGothic.ttf' was requested. Font: '/Engine/EngineFonts/Faces/RobotoRegular.RobotoRegular', Character: '리 (U+b9ac)'
Legacy localized fallback fonts were deprecated in 4.22 and will be removed in a future version!
Please update your composite fonts to use localized sub-font families: https://docs.unrealengine.com/en-US/Engine/UMG/UserGuide/Fonts/Overview
[2023.02.09-06.40.42:470][849]LogSlate: Took 0.001725 seconds to synchronously load lazily loaded font '../../../Engine/Content/Slate/Fonts/../../Editor/Slate/Fonts/NanumGothic.ttf' (4243K)
[2023.02.09-06.40.46:528][271]LogBlueprintUserMessages: Early EndPlayMap Detection: Level '/Game/Book/Maps/Step2.Step2:PersistentLevel' has LevelScriptBlueprint '/Game/Book/Maps/Step2.Step2:PersistentLevel.Step2' with GeneratedClass '/Game/Book/Maps/Step2.Step2_C' with ClassGeneratedBy '/Game/Book/Maps/Step2.Step2:PersistentLevel.Step2'
[2023.02.09-06.40.46:529][271]LogSlate: Updating window title bar state: overlay mode, drag disabled, window buttons hidden, title bar hidden
[2023.02.09-06.40.46:560][271]LogPlayLevel: Display: Shutting down PIE online subsystems
[2023.02.09-06.40.46:560][271]LogBlueprintUserMessages: Late EndPlayMap Detection: Level '/Game/Book/Maps/Step2.Step2:PersistentLevel' has LevelScriptBlueprint '/Game/Book/Maps/Step2.Step2:PersistentLevel.Step2' with GeneratedClass '/Game/Book/Maps/Step2.Step2_C' with ClassGeneratedBy '/Game/Book/Maps/Step2.Step2:PersistentLevel.Step2'
[2023.02.09-06.40.46:593][271]LogSlate: Updating window title bar state: overlay mode, drag disabled, window buttons hidden, title bar hidden
[2023.02.09-06.40.46:618][271]LogUObjectHash: Compacting FUObjectHashTables data took   5.78ms
[2023.02.09-06.40.46:634][272]LogPlayLevel: Display: Destroying online subsystem :Context_9
[2023.02.09-06.40.48:668][510]LogSlate: FSceneViewport::OnFocusLost() reason 0
[2023.02.09-06.40.48:725][516]LogSlate: Window 'WarriorAnimBlueprint' being destroyed
[2023.02.09-06.40.48:729][516]LogSlate: Window 'WarriorAnimBlueprint' being destroyed
[2023.02.09-06.40.49:851][634]LogSlate: FSceneViewport::OnFocusLost() reason 0
[2023.02.09-06.40.49:975][643]LogUObjectHash: Compacting FUObjectHashTables data took   4.04ms
[2023.02.09-06.40.50:003][643]LogSlate: Window 'ArenaBattle - 언리얼 에디터' being destroyed
[2023.02.09-06.40.50:164][644]Cmd: QUIT_EDITOR
[2023.02.09-06.40.51:053][644]LogWindowsTextInputMethodSystem: Display: IME system now activated using TSF (Microsoft 입력기).
[2023.02.09-06.40.51:061][644]LogExit: Preparing to exit.
[2023.02.09-06.40.51:379][644]LogExit: Editor shut down
[2023.02.09-06.40.51:380][644]LogExit: Transaction tracking system shut down
[2023.02.09-06.40.51:654][644]LogExit: Object subsystem successfully closed.
[2023.02.09-06.40.51:673][644]LogShaderCompilers: Display: Shaders left to compile 0
[2023.02.09-06.40.51:675][644]LogD3D11RHI: Shutdown
[2023.02.09-06.40.51:675][644]LogD3D11RHI: CleanupD3DDevice
[2023.02.09-06.40.51:676][644]LogRendererCore: FGlobalReadBuffer::ReleaseRHI
[2023.02.09-06.40.51:676][644]LogRendererCore: FGlobalDynamicReadBuffer::Cleanup()
[2023.02.09-06.40.51:676][644]LogRendererCore: FGlobalReadBuffer::ReleaseRHI
[2023.02.09-06.40.51:676][644]LogRendererCore: FGlobalDynamicReadBuffer::Cleanup()
[2023.02.09-06.40.51:676][644]LogRendererCore: FGlobalReadBuffer::ReleaseRHI
[2023.02.09-06.40.51:676][644]LogRendererCore: FGlobalDynamicReadBuffer::Cleanup()
[2023.02.09-06.40.51:737][644]LogD3D11RHI: ~FD3D11DynamicRHI
[2023.02.09-06.40.51:762][644]LogModuleManager: Shutting down and abandoning module MovieSceneCapture (656)
[2023.02.09-06.40.51:762][644]LogModuleManager: Shutting down and abandoning module Voice (654)
[2023.02.09-06.40.51:762][644]LogModuleManager: Shutting down and abandoning module BlueprintGraph (652)
[2023.02.09-06.40.51:762][644]LogModuleManager: Shutting down and abandoning module PinnedCommandList (650)
[2023.02.09-06.40.51:762][644]LogModuleManager: Shutting down and abandoning module SkeletonEditor (648)
[2023.02.09-06.40.51:762][644]LogModuleManager: Shutting down and abandoning module AnimationEditor (646)
[2023.02.09-06.40.51:762][644]LogModuleManager: Shutting down and abandoning module HierarchicalLODOutliner (644)
[2023.02.09-06.40.51:762][644]LogModuleManager: Shutting down and abandoning module SceneOutliner (642)
[2023.02.09-06.40.51:762][644]LogModuleManager: Shutting down and abandoning module AddContentDialog (640)
[2023.02.09-06.40.51:763][644]LogModuleManager: Shutting down and abandoning module WidgetCarousel (639)
[2023.02.09-06.40.51:763][644]LogModuleManager: Shutting down and abandoning module EditorWidgets (636)
[2023.02.09-06.40.51:763][644]LogModuleManager: Shutting down and abandoning module CollectionManager (634)
[2023.02.09-06.40.51:763][644]LogModuleManager: Shutting down and abandoning module StatsViewer (632)
[2023.02.09-06.40.51:763][644]LogModuleManager: Shutting down and abandoning module FoliageEdit (630)
[2023.02.09-06.40.51:763][644]LogModuleManager: Shutting down and abandoning module LandscapeEditor (628)
[2023.02.09-06.40.51:763][644]LogModuleManager: Shutting down and abandoning module MeshPaintMode (626)
[2023.02.09-06.40.51:763][644]LogModuleManager: Shutting down and abandoning module SceneDepthPickerMode (624)
[2023.02.09-06.40.51:763][644]LogModuleManager: Shutting down and abandoning module ActorPickerMode (622)
[2023.02.09-06.40.51:763][644]LogModuleManager: Shutting down and abandoning module GeometryMode (620)
[2023.02.09-06.40.51:763][644]LogModuleManager: Shutting down and abandoning module TextureAlignMode (618)
[2023.02.09-06.40.51:763][644]LogModuleManager: Shutting down and abandoning module BspMode (616)
[2023.02.09-06.40.51:763][644]LogModuleManager: Shutting down and abandoning module PIEPreviewDeviceProfileSelector (614)
[2023.02.09-06.40.51:763][644]LogModuleManager: Shutting down and abandoning module SequenceRecorderSections (612)
[2023.02.09-06.40.51:763][644]LogModuleManager: Shutting down and abandoning module AutomationWorker (610)
[2023.02.09-06.40.51:763][644]LogModuleManager: Shutting down and abandoning module OculusMR (608)
[2023.02.09-06.40.51:763][644]LogModuleManager: Shutting down and abandoning module AudioCaptureEditor (606)
[2023.02.09-06.40.51:763][644]LogModuleManager: Shutting down and abandoning module MatineeToLevelSequence (604)
[2023.02.09-06.40.51:763][644]LogModuleManager: Shutting down and abandoning module LevelSequenceEditor (602)
[2023.02.09-06.40.51:763][644]LogModuleManager: Shutting down and abandoning module PlacementMode (601)
[2023.02.09-06.40.51:763][644]LogModuleManager: Shutting down and abandoning module MaterialEditor (600)
[2023.02.09-06.40.51:763][644]LogModuleManager: Shutting down and abandoning module ActorSequenceEditor (596)
[2023.02.09-06.40.51:763][644]LogModuleManager: Shutting down and abandoning module WmfMediaFactory (594)
[2023.02.09-06.40.51:763][644]LogModuleManager: Shutting down and abandoning module WmfMediaEditor (592)
[2023.02.09-06.40.51:763][644]LogModuleManager: Shutting down and abandoning module WebMMediaFactory (590)
[2023.02.09-06.40.51:763][644]LogModuleManager: Shutting down and abandoning module WebMMediaEditor (588)
[2023.02.09-06.40.51:763][644]LogModuleManager: Shutting down and abandoning module WebMMedia (586)
[2023.02.09-06.40.51:763][644]LogModuleManager: Shutting down and abandoning module MediaPlayerEditor (584)
[2023.02.09-06.40.51:763][644]LogModuleManager: Shutting down and abandoning module MediaCompositingEditor (582)
[2023.02.09-06.40.51:763][644]LogModuleManager: Shutting down and abandoning module SequenceRecorder (581)
[2023.02.09-06.40.51:763][644]LogModuleManager: Shutting down and abandoning module OpenExrWrapper (578)
[2023.02.09-06.40.51:763][644]LogModuleManager: Shutting down and abandoning module ImgMediaFactory (576)
[2023.02.09-06.40.51:763][644]LogModuleManager: Shutting down and abandoning module ImgMediaEditor (574)
[2023.02.09-06.40.51:763][644]LogModuleManager: Shutting down and abandoning module AvfMediaFactory (572)
[2023.02.09-06.40.51:763][644]LogModuleManager: Shutting down and abandoning module AvfMediaEditor (570)
[2023.02.09-06.40.51:763][644]LogModuleManager: Shutting down and abandoning module AndroidMediaFactory (568)
[2023.02.09-06.40.51:763][644]LogModuleManager: Shutting down and abandoning module AndroidMediaEditor (566)
[2023.02.09-06.40.51:763][644]LogModuleManager: Shutting down and abandoning module MagicLeapCameraPreviewFactory (564)
[2023.02.09-06.40.51:763][644]LogModuleManager: Shutting down and abandoning module MagicLeapMediaCodecFactory (562)
[2023.02.09-06.40.51:763][644]LogModuleManager: Shutting down and abandoning module MagicLeapMediaFactory (560)
[2023.02.09-06.40.51:763][644]LogModuleManager: Shutting down and abandoning module MagicLeapMediaEditor (558)
[2023.02.09-06.40.51:764][644]LogModuleManager: Shutting down and abandoning module CharacterAI (556)
[2023.02.09-06.40.51:764][644]LogModuleManager: Shutting down and abandoning module SmartSnapping (554)
[2023.02.09-06.40.51:764][644]LogModuleManager: Shutting down and abandoning module SessionServices (552)
[2023.02.09-06.40.51:764][644]LogModuleManager: Shutting down and abandoning module MeshPaint (550)
[2023.02.09-06.40.51:764][644]LogModuleManager: Shutting down and abandoning module ViewportSnapping (548)
[2023.02.09-06.40.51:764][644]LogModuleManager: Shutting down and abandoning module ViewportInteraction (546)
[2023.02.09-06.40.51:764][644]LogModuleManager: Shutting down and abandoning module ClothPainter (544)
[2023.02.09-06.40.51:764][644]LogModuleManager: Shutting down and abandoning module SkeletalMeshEditor (543)
[2023.02.09-06.40.51:764][644]LogModuleManager: Shutting down and abandoning module LogVisualizer (540)
[2023.02.09-06.40.51:764][644]LogModuleManager: Shutting down and abandoning module IntroTutorials (538)
[2023.02.09-06.40.51:764][644]LogModuleManager: Shutting down and abandoning module GameProjectGeneration (537)
[2023.02.09-06.40.51:764][644]LogModuleManager: Shutting down and abandoning module LuminPlatformEditor (534)
[2023.02.09-06.40.51:764][644]LogModuleManager: Shutting down and abandoning module IOSPlatformEditor (532)
[2023.02.09-06.40.51:764][644]LogModuleManager: Shutting down and abandoning module HTML5PlatformEditor (530)
[2023.02.09-06.40.51:764][644]LogModuleManager: Shutting down and abandoning module AndroidPlatformEditor (528)
[2023.02.09-06.40.51:764][644]LogModuleManager: Shutting down and abandoning module AndroidDeviceDetection (527)
[2023.02.09-06.40.52:216][644]LogModuleManager: Shutting down and abandoning module WindowsPlatformEditor (524)
[2023.02.09-06.40.52:216][644]LogModuleManager: Shutting down and abandoning module LuminRuntimeSettings (522)
[2023.02.09-06.40.52:216][644]LogModuleManager: Shutting down and abandoning module IOSRuntimeSettings (520)
[2023.02.09-06.40.52:216][644]LogModuleManager: Shutting down and abandoning module AndroidRuntimeSettings (518)
[2023.02.09-06.40.52:216][644]LogModuleManager: Shutting down and abandoning module TimeManagementEditor (516)
[2023.02.09-06.40.52:216][644]LogModuleManager: Shutting down and abandoning module InputBindingEditor (514)
[2023.02.09-06.40.52:216][644]LogModuleManager: Shutting down and abandoning module MergeActors (512)
[2023.02.09-06.40.52:216][644]LogModuleManager: Shutting down and abandoning module LocalizationDashboard (510)
[2023.02.09-06.40.52:216][644]LogModuleManager: Shutting down and abandoning module LocalizationService (509)
[2023.02.09-06.40.52:216][644]LogModuleManager: Shutting down and abandoning module HardwareTargeting (506)
[2023.02.09-06.40.52:216][644]LogModuleManager: Shutting down and abandoning module DeviceProfileEditor (504)
[2023.02.09-06.40.52:216][644]LogModuleManager: Shutting down and abandoning module UndoHistory (502)
[2023.02.09-06.40.52:216][644]LogModuleManager: Shutting down and abandoning module XmlParser (500)
[2023.02.09-06.40.52:217][644]LogModuleManager: Shutting down and abandoning module Blutility (498)
[2023.02.09-06.40.52:217][644]LogModuleManager: Shutting down and abandoning module ProjectSettingsViewer (496)
[2023.02.09-06.40.52:217][644]LogModuleManager: Shutting down and abandoning module ProjectTargetPlatformEditor (495)
[2023.02.09-06.40.52:217][644]LogModuleManager: Shutting down and abandoning module EditorSettingsViewer (492)
[2023.02.09-06.40.52:217][644]LogModuleManager: Shutting down and abandoning module SettingsEditor (490)
[2023.02.09-06.40.52:217][644]LogModuleManager: Shutting down and abandoning module ProjectLauncher (488)
[2023.02.09-06.40.52:217][644]LogModuleManager: Shutting down and abandoning module SessionFrontend (486)
[2023.02.09-06.40.52:217][644]LogModuleManager: Shutting down and abandoning module ProfilerClient (484)
[2023.02.09-06.40.52:217][644]LogModuleManager: Shutting down and abandoning module DeviceManager (482)
[2023.02.09-06.40.52:217][644]LogModuleManager: Shutting down and abandoning module TargetDeviceServices (481)
[2023.02.09-06.40.52:260][644]LogModuleManager: Shutting down and abandoning module AutomationController (478)
[2023.02.09-06.40.52:260][644]LogModuleManager: Shutting down and abandoning module AutomationWindow (476)
[2023.02.09-06.40.52:260][644]LogModuleManager: Shutting down and abandoning module Layers (474)
[2023.02.09-06.40.52:260][644]LogModuleManager: Shutting down and abandoning module ComponentVisualizers (472)
[2023.02.09-06.40.52:260][644]LogModuleManager: Shutting down and abandoning module DetailCustomizations (470)
[2023.02.09-06.40.52:260][644]LogModuleManager: Shutting down and abandoning module PackagesDialog (468)
[2023.02.09-06.40.52:260][644]LogModuleManager: Shutting down and abandoning module AnimationBlueprintEditor (466)
[2023.02.09-06.40.52:260][644]LogModuleManager: Shutting down and abandoning module Persona (464)
[2023.02.09-06.40.52:260][644]LogModuleManager: Shutting down and abandoning module AdvancedPreviewScene (463)
[2023.02.09-06.40.52:260][644]LogModuleManager: Shutting down and abandoning module AnimGraph (461)
[2023.02.09-06.40.52:260][644]LogModuleManager: Shutting down and abandoning module Kismet (458)
[2023.02.09-06.40.52:267][644]LogModuleManager: Shutting down and abandoning module GraphEditor (456)
[2023.02.09-06.40.52:267][644]LogModuleManager: Shutting down and abandoning module ClassViewer (454)
[2023.02.09-06.40.52:267][644]LogModuleManager: Shutting down and abandoning module Toolbox (452)
[2023.02.09-06.40.52:267][644]LogModuleManager: Shutting down and abandoning module DesktopPlatform (451)
[2023.02.09-06.40.52:267][644]LogModuleManager: Shutting down and abandoning module ModuleUI (448)
[2023.02.09-06.40.52:267][644]LogModuleManager: Shutting down and abandoning module MovieSceneTools (446)
[2023.02.09-06.40.52:267][644]LogModuleManager: Shutting down and abandoning module OutputLog (444)
[2023.02.09-06.40.52:267][644]LogModuleManager: Shutting down and abandoning module GammaUI (442)
[2023.02.09-06.40.52:267][644]LogModuleManager: Shutting down and abandoning module Documentation (440)
[2023.02.09-06.40.52:267][644]LogModuleManager: Shutting down and abandoning module LiveCoding (438)
[2023.02.09-06.40.52:267][644]LogModuleManager: Shutting down and abandoning module LevelSequence (436)
[2023.02.09-06.40.52:267][644]LogModuleManager: Shutting down and abandoning module MovieSceneTracks (434)
[2023.02.09-06.40.52:267][644]LogModuleManager: Shutting down and abandoning module MovieScene (432)
[2023.02.09-06.40.52:267][644]LogModuleManager: Shutting down and abandoning module StreamingPauseRendering (430)
[2023.02.09-06.40.52:267][644]LogModuleManager: Shutting down and abandoning module LauncherPlatform (428)
[2023.02.09-06.40.52:267][644]LogModuleManager: Shutting down and abandoning module AnalyticsET (426)
[2023.02.09-06.40.52:267][644]LogModuleManager: Shutting down and abandoning module PortalServices (424)
[2023.02.09-06.40.52:267][644]LogModuleManager: Shutting down and abandoning module PortalRpc (422)
[2023.02.09-06.40.52:267][644]LogModuleManager: Shutting down and abandoning module MessagingRpc (420)
[2023.02.09-06.40.52:267][644]LogModuleManager: Shutting down and abandoning module AIModule (418)
[2023.02.09-06.40.52:267][644]LogModuleManager: Shutting down and abandoning module GameplayDebugger (417)
[2023.02.09-06.40.52:267][644]LogModuleManager: Shutting down and abandoning module AITestSuite (415)
[2023.02.09-06.40.52:267][644]LogModuleManager: Shutting down and abandoning module NavigationSystem (413)
[2023.02.09-06.40.52:267][644]LogModuleManager: Shutting down and abandoning module ImageWriteQueue (410)
[2023.02.09-06.40.52:270][644]LogModuleManager: Shutting down and abandoning module ProfilerService (408)
[2023.02.09-06.40.52:477][644]LogModuleManager: Shutting down and abandoning module TaskGraph (406)
[2023.02.09-06.40.52:477][644]LogModuleManager: Shutting down and abandoning module SteamVRController (404)
[2023.02.09-06.40.52:477][644]LogModuleManager: Shutting down and abandoning module ProceduralMeshComponentEditor (402)
[2023.02.09-06.40.52:478][644]LogModuleManager: Shutting down and abandoning module ProceduralMeshComponent (400)
[2023.02.09-06.40.52:478][644]LogModuleManager: Shutting down and abandoning module OculusEditor (398)
[2023.02.09-06.40.52:478][644]LogModuleManager: Shutting down and abandoning module OculusInput (396)
[2023.02.09-06.40.52:478][644]LogModuleManager: Shutting down and abandoning module MobilePatchingUtils (394)
[2023.02.09-06.40.52:478][644]LogModuleManager: Shutting down and abandoning module EditableMesh (392)
[2023.02.09-06.40.52:478][644]LogModuleManager: Shutting down and abandoning module CustomMeshComponent (390)
[2023.02.09-06.40.52:478][644]LogModuleManager: Shutting down and abandoning module CableComponent (388)
[2023.02.09-06.40.52:478][644]LogModuleManager: Shutting down and abandoning module AudioCapture (386)
[2023.02.09-06.40.52:478][644]LogModuleManager: Shutting down and abandoning module ArchVisCharacter (384)
[2023.02.09-06.40.52:478][644]LogModuleManager: Shutting down and abandoning module AndroidPermission (382)
[2023.02.09-06.40.52:478][644]LogModuleManager: Shutting down and abandoning module NUTUnrealEngine4 (380)
[2023.02.09-06.40.52:478][644]LogModuleManager: Shutting down and abandoning module NetcodeUnitTest (378)
[2023.02.09-06.40.52:478][644]LogModuleManager: Shutting down and abandoning module MediaCompositing (376)
[2023.02.09-06.40.52:478][644]LogModuleManager: Shutting down and abandoning module LinearTimecode (374)
[2023.02.09-06.40.52:478][644]LogModuleManager: Shutting down and abandoning module ImgMedia (372)
[2023.02.09-06.40.52:478][644]LogModuleManager: Shutting down and abandoning module MagicLeapHelperVulkan (370)
[2023.02.09-06.40.52:478][644]LogModuleManager: Shutting down and abandoning module MagicLeapHelperOpenGL (368)
[2023.02.09-06.40.52:478][644]LogModuleManager: Shutting down and abandoning module MagicLeapAudio (366)
[2023.02.09-06.40.52:478][644]LogModuleManager: Shutting down and abandoning module HTML5Networking (364)
[2023.02.09-06.40.52:478][644]LogModuleManager: Shutting down and abandoning module GeometryCacheTracks (362)
[2023.02.09-06.40.52:478][644]LogModuleManager: Shutting down and abandoning module GeometryCacheSequencer (360)
[2023.02.09-06.40.52:478][644]LogModuleManager: Shutting down and abandoning module BackChannel (358)
[2023.02.09-06.40.52:478][644]LogModuleManager: Shutting down and abandoning module AppleVision (356)
[2023.02.09-06.40.52:478][644]LogModuleManager: Shutting down and abandoning module AppleImageUtilsBlueprintSupport (354)
[2023.02.09-06.40.52:478][644]LogModuleManager: Shutting down and abandoning module AppleImageUtils (352)
[2023.02.09-06.40.52:478][644]LogModuleManager: Shutting down and abandoning module AlembicImporter (350)
[2023.02.09-06.40.52:478][644]LogModuleManager: Shutting down and abandoning module AlembicLibrary (349)
[2023.02.09-06.40.52:478][644]LogModuleManager: Shutting down and abandoning module GeometryCache (348)
[2023.02.09-06.40.52:478][644]LogModuleManager: Shutting down and abandoning module GeometryCacheEd (347)
[2023.02.09-06.40.52:478][644]LogModuleManager: Shutting down and abandoning module VariantManagerContent (342)
[2023.02.09-06.40.52:478][644]LogModuleManager: Shutting down and abandoning module DatasmithContentEditor (340)
[2023.02.09-06.40.52:478][644]LogModuleManager: Shutting down and abandoning module SpeedTreeImporter (338)
[2023.02.09-06.40.52:478][644]LogModuleManager: Shutting down and abandoning module PluginBrowser (336)
[2023.02.09-06.40.52:478][644]LogModuleManager: Shutting down and abandoning module MobileLauncherProfileWizard (334)
[2023.02.09-06.40.52:478][644]LogModuleManager: Shutting down and abandoning module MaterialAnalyzer (332)
[2023.02.09-06.40.52:478][644]LogModuleManager: Shutting down and abandoning module CryptoKeysOpenSSL (330)
[2023.02.09-06.40.52:478][644]LogModuleManager: Shutting down and abandoning module CryptoKeys (328)
[2023.02.09-06.40.52:478][644]LogModuleManager: Shutting down and abandoning module VisualStudioSourceCodeAccess (326)
[2023.02.09-06.40.52:478][644]LogModuleManager: Shutting down and abandoning module VisualStudioCodeSourceCodeAccess (324)
[2023.02.09-06.40.52:478][644]LogModuleManager: Shutting down and abandoning module UObjectPlugin (322)
[2023.02.09-06.40.52:478][644]LogModuleManager: Shutting down and abandoning module SubversionSourceControl (320)
[2023.02.09-06.40.52:478][644]LogModuleManager: Shutting down and abandoning module PerforceSourceControl (318)
[2023.02.09-06.40.52:478][644]LogModuleManager: Shutting down and abandoning module GitSourceControl (316)
[2023.02.09-06.40.52:478][644]LogModuleManager: Shutting down and abandoning module SourceControl (315)
[2023.02.09-06.40.52:478][644]LogModuleManager: Shutting down and abandoning module CLionSourceCodeAccess (312)
[2023.02.09-06.40.52:478][644]LogModuleManager: Shutting down and abandoning module AnimationSharingEd (310)
[2023.02.09-06.40.52:478][644]LogModuleManager: Shutting down and abandoning module ActorLayerUtilitiesEditor (308)
[2023.02.09-06.40.52:478][644]LogModuleManager: Shutting down and abandoning module ActorLayerUtilities (306)
[2023.02.09-06.40.52:478][644]LogModuleManager: Shutting down and abandoning module LightPropagationVolumeEditor (304)
[2023.02.09-06.40.52:478][644]LogModuleManager: Shutting down and abandoning module PaperTiledImporter (302)
[2023.02.09-06.40.52:478][644]LogModuleManager: Shutting down and abandoning module PaperSpriteSheetImporter (300)
[2023.02.09-06.40.52:479][644]LogModuleManager: Shutting down and abandoning module Paper2DEditor (298)
[2023.02.09-06.40.52:479][644]LogModuleManager: Shutting down and abandoning module ArenaBattle (296)
[2023.02.09-06.40.52:479][644]LogModuleManager: Shutting down and abandoning module SignificanceManager (294)
[2023.02.09-06.40.52:479][644]LogModuleManager: Shutting down and abandoning module RuntimePhysXCooking (292)
[2023.02.09-06.40.52:479][644]LogModuleManager: Shutting down and abandoning module PhysXVehiclesEditor (290)
[2023.02.09-06.40.52:479][644]LogModuleManager: Shutting down and abandoning module PhysXVehicles (288)
[2023.02.09-06.40.52:479][644]LogModuleManager: Shutting down and abandoning module LocationServicesBPLibrary (286)
[2023.02.09-06.40.52:479][644]LogModuleManager: Shutting down and abandoning module ActorSequence (284)
[2023.02.09-06.40.52:479][644]LogModuleManager: Shutting down and abandoning module UdpMessaging (282)
[2023.02.09-06.40.52:580][644]LogModuleManager: Shutting down and abandoning module TcpMessaging (280)
[2023.02.09-06.40.52:681][644]LogModuleManager: Shutting down and abandoning module MagicLeapIdentity (278)
[2023.02.09-06.40.52:681][644]LogModuleManager: Shutting down and abandoning module MagicLeapSecureStorage (276)
[2023.02.09-06.40.52:681][644]LogModuleManager: Shutting down and abandoning module MagicLeapHandTracking (274)
[2023.02.09-06.40.52:681][644]LogModuleManager: Shutting down and abandoning module MagicLeapEyeTracker (272)
[2023.02.09-06.40.52:681][644]LogModuleManager: Shutting down and abandoning module MagicLeapController (270)
[2023.02.09-06.40.52:681][644]LogSlate: Slate User Destroyed.  User Index 0, Is Virtual User: 0
[2023.02.09-06.40.52:681][644]LogModuleManager: Shutting down and abandoning module MagicLeapAR (268)
[2023.02.09-06.40.52:681][644]LogModuleManager: Shutting down and abandoning module AugmentedReality (267)
[2023.02.09-06.40.52:681][644]LogModuleManager: Shutting down and abandoning module GameplayTagsEditor (264)
[2023.02.09-06.40.52:681][644]LogModuleManager: Shutting down and abandoning module FacialAnimationEditor (262)
[2023.02.09-06.40.52:681][644]LogModuleManager: Shutting down and abandoning module FacialAnimation (260)
[2023.02.09-06.40.52:681][644]LogModuleManager: Shutting down and abandoning module DataValidation (258)
[2023.02.09-06.40.52:681][644]LogModuleManager: Shutting down and abandoning module AssetManagerEditor (256)
[2023.02.09-06.40.52:681][644]LogModuleManager: Shutting down and abandoning module LevelEditor (255)
[2023.02.09-06.40.52:681][644]LogModuleManager: Shutting down and abandoning module PixelInspectorModule (254)
[2023.02.09-06.40.52:681][644]LogModuleManager: Shutting down and abandoning module CommonMenuExtensions (252)
[2023.02.09-06.40.52:682][644]LogModuleManager: Shutting down and abandoning module MainFrame (250)
[2023.02.09-06.40.52:682][644]LogModuleManager: Shutting down and abandoning module HotReload (249)
[2023.02.09-06.40.52:682][644]LogModuleManager: Shutting down and abandoning module ContentBrowser (245)
[2023.02.09-06.40.52:683][644]LogModuleManager: Shutting down and abandoning module TreeMap (243)
[2023.02.09-06.40.52:683][644]LogModuleManager: Shutting down and abandoning module AnimationSharing (240)
[2023.02.09-06.40.52:683][644]LogModuleManager: Shutting down and abandoning module LightPropagationVolumeRuntime (238)
[2023.02.09-06.40.52:683][644]LogModuleManager: Shutting down and abandoning module AISupportModule (236)
[2023.02.09-06.40.52:683][644]LogModuleManager: Shutting down and abandoning module Paper2D (234)
[2023.02.09-06.40.52:683][644]LogModuleManager: Shutting down and abandoning module WindowsMoviePlayer (232)
[2023.02.09-06.40.52:683][644]LogModuleManager: Shutting down and abandoning module WebMMoviePlayer (230)
[2023.02.09-06.40.52:683][644]LogModuleManager: Shutting down and abandoning module PacketHandler (228)
[2023.02.09-06.40.52:683][644]LogModuleManager: Shutting down and abandoning module ClothingSystemEditor (226)
[2023.02.09-06.40.52:683][644]LogModuleManager: Shutting down and abandoning module ClothingSystemRuntime (224)
[2023.02.09-06.40.52:683][644]LogModuleManager: Shutting down and abandoning module MediaAssets (222)
[2023.02.09-06.40.52:683][644]LogModuleManager: Shutting down and abandoning module Overlay (220)
[2023.02.09-06.40.52:683][644]LogModuleManager: Shutting down and abandoning module OverlayEditor (219)
[2023.02.09-06.40.52:683][644]LogModuleManager: Shutting down and abandoning module VREditor (216)
[2023.02.09-06.40.52:683][644]LogModuleManager: Shutting down and abandoning module StringTableEditor (214)
[2023.02.09-06.40.52:683][644]LogModuleManager: Shutting down and abandoning module GameplayTasksEditor (212)
[2023.02.09-06.40.52:683][644]LogModuleManager: Shutting down and abandoning module BehaviorTreeEditor (210)
[2023.02.09-06.40.52:683][644]LogModuleManager: Shutting down and abandoning module FunctionalTesting (208)
[2023.02.09-06.40.52:683][644]LogModuleManager: Shutting down and abandoning module CollisionAnalyzer (206)
[2023.02.09-06.40.52:683][644]LogModuleManager: Shutting down and abandoning module WorkspaceMenuStructure (205)
[2023.02.09-06.40.52:683][644]LogModuleManager: Shutting down and abandoning module UMG (202)
[2023.02.09-06.40.52:683][644]LogModuleManager: Shutting down and abandoning module UMGEditor (201)
[2023.02.09-06.40.52:683][644]LogModuleManager: Shutting down and abandoning module Sequencer (200)
[2023.02.09-06.40.52:683][644]LogModuleManager: Shutting down and abandoning module MessageLog (197)
[2023.02.09-06.40.52:683][644]LogModuleManager: Shutting down and abandoning module SlateReflector (192)
[2023.02.09-06.40.52:683][644]LogModuleManager: Shutting down and abandoning module Slate (190)
[2023.02.09-06.40.52:683][644]LogModuleManager: Shutting down and abandoning module EditorStyle (188)
[2023.02.09-06.40.52:685][644]LogModuleManager: Shutting down and abandoning module UnrealEd (186)
[2023.02.09-06.40.52:685][644]LogModuleManager: Shutting down and abandoning module MRMesh (184)
[2023.02.09-06.40.52:685][644]LogModuleManager: Shutting down and abandoning module SourceCodeAccess (182)
[2023.02.09-06.40.52:685][644]LogModuleManager: Shutting down and abandoning module HeadMountedDisplay (180)
[2023.02.09-06.40.52:685][644]LogModuleManager: Shutting down and abandoning module XAudio2 (178)
[2023.02.09-06.40.52:685][644]LogModuleManager: Shutting down and abandoning module Networking (176)
[2023.02.09-06.40.52:685][644]LogModuleManager: Shutting down and abandoning module Core (174)
[2023.02.09-06.40.52:685][644]LogModuleManager: Shutting down and abandoning module KismetCompiler (172)
[2023.02.09-06.40.52:685][644]LogModuleManager: Shutting down and abandoning module MeshUtilities (170)
[2023.02.09-06.40.52:685][644]LogModuleManager: Shutting down and abandoning module MeshMergeUtilities (169)
[2023.02.09-06.40.52:685][644]LogModuleManager: Shutting down and abandoning module MeshReductionInterface (168)
[2023.02.09-06.40.52:685][644]LogModuleManager: Shutting down and abandoning module SkeletalMeshReduction (167)
[2023.02.09-06.40.52:685][644]LogModuleManager: Shutting down and abandoning module ProxyLODMeshReduction (165)
[2023.02.09-06.40.52:685][644]LogModuleManager: Shutting down and abandoning module QuadricMeshReduction (163)
[2023.02.09-06.40.52:685][644]LogModuleManager: Shutting down and abandoning module MaterialBaking (159)
[2023.02.09-06.40.52:685][644]LogModuleManager: Shutting down and abandoning module DerivedDataCache (154)
[2023.02.09-06.40.52:931][644]LogDerivedDataCache: Shutdown
[2023.02.09-06.40.52:931][644]LogModuleManager: Shutting down and abandoning module XGEController (152)
[2023.02.09-06.40.52:931][644]LogXGEController: Cleaning working directory: C:/Users/seo/AppData/Local/Temp/UnrealXGEWorkingDir/
[2023.02.09-06.40.52:932][644]LogModuleManager: Shutting down and abandoning module TargetPlatform (150)
[2023.02.09-06.40.52:932][644]LogModuleManager: Shutting down and abandoning module VulkanShaderFormat (149)
[2023.02.09-06.40.52:932][644]LogModuleManager: Shutting down and abandoning module ShaderFormatVectorVM (147)
[2023.02.09-06.40.52:932][644]LogModuleManager: Shutting down and abandoning module ShaderFormatOpenGL (145)
[2023.02.09-06.40.52:932][644]LogModuleManager: Shutting down and abandoning module ShaderFormatD3D (143)
[2023.02.09-06.40.52:932][644]LogModuleManager: Shutting down and abandoning module MetalShaderFormat (141)
[2023.02.09-06.40.52:932][644]LogModuleManager: Shutting down and abandoning module TextureFormatUncompressed (139)
[2023.02.09-06.40.52:932][644]LogModuleManager: Shutting down and abandoning module TextureFormatPVR (137)
[2023.02.09-06.40.52:932][644]LogModuleManager: Shutting down and abandoning module TextureFormatDXT (135)
[2023.02.09-06.40.52:932][644]LogModuleManager: Shutting down and abandoning module TextureFormatIntelISPCTexComp (133)
[2023.02.09-06.40.52:932][644]LogModuleManager: Shutting down and abandoning module TextureFormatASTC (131)
[2023.02.09-06.40.52:932][644]LogModuleManager: Shutting down and abandoning module ImageWrapper (130)
[2023.02.09-06.40.52:932][644]LogModuleManager: Shutting down and abandoning module TextureFormatAndroid (127)
[2023.02.09-06.40.52:932][644]LogModuleManager: Shutting down and abandoning module AudioFormatOpus (125)
[2023.02.09-06.40.52:932][644]LogModuleManager: Shutting down and abandoning module AudioFormatOgg (123)
[2023.02.09-06.40.52:932][644]LogModuleManager: Shutting down and abandoning module AudioFormatADPCM (121)
[2023.02.09-06.40.52:932][644]LogModuleManager: Shutting down and abandoning module LuminTargetPlatform (119)
[2023.02.09-06.40.52:933][644]LogModuleManager: Shutting down and abandoning module LinuxTargetPlatform (117)
[2023.02.09-06.40.52:933][644]LogModuleManager: Shutting down and abandoning module LinuxServerTargetPlatform (115)
[2023.02.09-06.40.52:933][644]LogModuleManager: Shutting down and abandoning module LinuxNoEditorTargetPlatform (113)
[2023.02.09-06.40.52:933][644]LogModuleManager: Shutting down and abandoning module LinuxClientTargetPlatform (111)
[2023.02.09-06.40.52:933][644]LogModuleManager: Shutting down and abandoning module TVOSTargetPlatform (109)
[2023.02.09-06.40.52:933][644]LogModuleManager: Shutting down and abandoning module Messaging (107)
[2023.02.09-06.40.52:933][644]LogModuleManager: Shutting down and abandoning module IOSTargetPlatform (105)
[2023.02.09-06.40.52:934][644]LogModuleManager: Shutting down and abandoning module HTML5TargetPlatform (103)
[2023.02.09-06.40.52:934][644]LogModuleManager: Shutting down and abandoning module AndroidTargetPlatform (101)
[2023.02.09-06.40.52:940][644]LogModuleManager: Shutting down and abandoning module WindowsTargetPlatform (99)
[2023.02.09-06.40.52:940][644]LogModuleManager: Shutting down and abandoning module WindowsServerTargetPlatform (97)
[2023.02.09-06.40.52:940][644]LogModuleManager: Shutting down and abandoning module WindowsNoEditorTargetPlatform (95)
[2023.02.09-06.40.52:940][644]LogModuleManager: Shutting down and abandoning module WindowsClientTargetPlatform (93)
[2023.02.09-06.40.52:940][644]LogModuleManager: Shutting down and abandoning module MacTargetPlatform (91)
[2023.02.09-06.40.52:940][644]LogModuleManager: Shutting down and abandoning module MacServerTargetPlatform (89)
[2023.02.09-06.40.52:940][644]LogModuleManager: Shutting down and abandoning module MacNoEditorTargetPlatform (87)
[2023.02.09-06.40.52:940][644]LogModuleManager: Shutting down and abandoning module MacClientTargetPlatform (85)
[2023.02.09-06.40.52:940][644]LogModuleManager: Shutting down and abandoning module AllDesktopTargetPlatform (83)
[2023.02.09-06.40.52:940][644]LogModuleManager: Shutting down and abandoning module InputCore (80)
[2023.02.09-06.40.52:940][644]LogModuleManager: Shutting down and abandoning module Settings (78)
[2023.02.09-06.40.52:940][644]LogModuleManager: Shutting down and abandoning module DirectoryWatcher (76)
[2023.02.09-06.40.52:940][644]LogModuleManager: Shutting down and abandoning module PhysXCooking (74)
[2023.02.09-06.40.52:940][644]LogModuleManager: Shutting down and abandoning module SteamVR (72)
[2023.02.09-06.40.52:940][644]LogHMD: Freeing OpenVRDLLHandle.
[2023.02.09-06.40.52:940][644]LogModuleManager: Shutting down and abandoning module OculusHMD (70)
[2023.02.09-06.40.52:940][644]LogModuleManager: Shutting down and abandoning module ExampleDeviceProfileSelector (68)
[2023.02.09-06.40.52:940][644]LogModuleManager: Shutting down and abandoning module LauncherChunkInstaller (66)
[2023.02.09-06.40.52:940][644]LogModuleManager: Shutting down and abandoning module OnlineBlueprintSupport (64)
[2023.02.09-06.40.52:940][644]LogModuleManager: Shutting down and abandoning module OnlineSubsystem (60)
[2023.02.09-06.40.52:941][644]LogModuleManager: Shutting down and abandoning module XMPP (55)
[2023.02.09-06.40.52:941][644]LogModuleManager: Shutting down and abandoning module WebSockets (54)
[2023.02.09-06.40.52:957][644]LogModuleManager: Shutting down and abandoning module HTTP (51)
[2023.02.09-06.40.52:957][644]LogHttp: Display: Http module shutting down, but needs to wait on 1 outstanding Http requests:
[2023.02.09-06.40.52:957][644]LogHttp: Display: 	verb=[POST] url=[https://datarouter.ol.epicgames.com/datarouter/api/v1/public/data?SessionID=%7B864B0999-4E83-E4EF-5ADB-F18774F858AF%7D&AppID=UEEditor.Rocket.Release&AppVersion=4.22.3-7053642%2B%2B%2BUE4%2BRelease-4.22&UserID=94700438448f24ebef1d7f9d02b516a7%7C87bcb8c7946249bab4947cd7f1e2f8eb%7C60ae7a8c-bf08-42ea-9edd-9ce8e60b95c3&AppEnvironment=datacollector-binary&UploadType=eteventstream] status=Processing
[2023.02.09-06.40.52:984][644]LogModuleManager: Shutting down and abandoning module SSL (50)
[2023.02.09-06.40.52:985][644]LogModuleManager: Shutting down and abandoning module WmfMedia (46)
[2023.02.09-06.40.52:986][644]LogModuleManager: Shutting down and abandoning module Media (45)
[2023.02.09-06.40.52:992][644]LogModuleManager: Shutting down and abandoning module MagicLeap (42)
[2023.02.09-06.40.52:992][644]LogModuleManager: Shutting down and abandoning module DatasmithContent (40)
[2023.02.09-06.40.52:992][644]LogModuleManager: Shutting down and abandoning module AnimationModifiers (38)
[2023.02.09-06.40.52:993][644]LogModuleManager: Shutting down and abandoning module PropertyEditor (37)
[2023.02.09-06.40.52:993][644]LogModuleManager: Shutting down and abandoning module AudioEditor (34)
[2023.02.09-06.40.52:993][644]LogModuleManager: Shutting down and abandoning module TextureCompressor (32)
[2023.02.09-06.40.52:993][644]LogModuleManager: Shutting down and abandoning module RenderCore (30)
[2023.02.09-06.40.52:993][644]LogModuleManager: Shutting down and abandoning module Landscape (28)
[2023.02.09-06.40.52:993][644]LogModuleManager: Shutting down and abandoning module SlateRHIRenderer (26)
[2023.02.09-06.40.52:994][644]LogModuleManager: Shutting down and abandoning module OpenGLDrv (24)
[2023.02.09-06.40.52:994][644]LogModuleManager: Shutting down and abandoning module D3D11RHI (22)
[2023.02.09-06.40.52:994][644]LogModuleManager: Shutting down and abandoning module AnimGraphRuntime (20)
[2023.02.09-06.40.52:994][644]LogModuleManager: Shutting down and abandoning module Renderer (18)
[2023.02.09-06.40.52:994][644]LogModuleManager: Shutting down and abandoning module Engine (16)
[2023.02.09-06.40.52:994][644]LogModuleManager: Shutting down and abandoning module CoreUObject (14)
[2023.02.09-06.40.52:994][644]LogModuleManager: Shutting down and abandoning module NetworkFile (12)
[2023.02.09-06.40.52:994][644]LogModuleManager: Shutting down and abandoning module CookedIterativeFile (10)
[2023.02.09-06.40.52:994][644]LogModuleManager: Shutting down and abandoning module StreamingFile (8)
[2023.02.09-06.40.52:994][644]LogModuleManager: Shutting down and abandoning module SandboxFile (6)
[2023.02.09-06.40.52:994][644]LogModuleManager: Shutting down and abandoning module PakFile (4)
[2023.02.09-06.40.52:994][644]LogModuleManager: Shutting down and abandoning module RSA (3)
[2023.02.09-06.40.52:999][644]LogExit: Exiting.
[2023.02.09-06.40.53:026][644]Log file closed, 02/09/23 15:40:53
